[2017-12-20 00:11:28.290 GMT     1	INFO   	100000	AssemblyLoader.Client	]	Recursively searching for assemblies in C:\_git\core\src\SkunkLab\SkunkLab.Servers\Tcp\SkunkLab.Servers.Tcp\bin\Debug...	
[2017-12-20 00:11:28.560 GMT     1	INFO   	100000	AssemblyLoader.Client	]	User assembly ignored: C:\_git\core\src\SkunkLab\SkunkLab.Servers\Tcp\SkunkLab.Servers.Tcp\bin\Debug\BouncyCastle.Crypto.dll
	* Assembly contains no types assignable from Orleans.Providers.IProvider.	
[2017-12-20 00:11:28.579 GMT     1	INFO   	100000	AssemblyLoader.Client	]	User assembly ignored: C:\_git\core\src\SkunkLab\SkunkLab.Servers\Tcp\SkunkLab.Servers.Tcp\bin\Debug\Capl.dll
	* Assembly contains no types assignable from Orleans.Providers.IProvider.	
[2017-12-20 00:11:28.584 GMT     1	INFO   	100000	AssemblyLoader.Client	]	User assembly ignored: C:\_git\core\src\SkunkLab\SkunkLab.Servers\Tcp\SkunkLab.Servers.Tcp\bin\Debug\Microsoft.Azure.KeyVault.Core.dll
	* Assembly contains no types assignable from Orleans.Providers.IProvider.	
[2017-12-20 00:11:29.054 GMT     1	INFO   	100000	AssemblyLoader.Client	]	User assembly ignored: C:\_git\core\src\SkunkLab\SkunkLab.Servers\Tcp\SkunkLab.Servers.Tcp\bin\Debug\Microsoft.CodeAnalysis.CSharp.dll
	* Assembly contains no types assignable from Orleans.Providers.IProvider.	
[2017-12-20 00:11:29.189 GMT     1	INFO   	100000	AssemblyLoader.Client	]	User assembly ignored: C:\_git\core\src\SkunkLab\SkunkLab.Servers\Tcp\SkunkLab.Servers.Tcp\bin\Debug\Microsoft.CodeAnalysis.dll
	* Assembly contains no types assignable from Orleans.Providers.IProvider.	
[2017-12-20 00:11:29.220 GMT     1	INFO   	100000	AssemblyLoader.Client	]	User assembly ignored: C:\_git\core\src\SkunkLab\SkunkLab.Servers\Tcp\SkunkLab.Servers.Tcp\bin\Debug\Microsoft.Data.Edm.dll
	* Assembly contains no types assignable from Orleans.Providers.IProvider.	
[2017-12-20 00:11:29.260 GMT     1	INFO   	100000	AssemblyLoader.Client	]	User assembly ignored: C:\_git\core\src\SkunkLab\SkunkLab.Servers\Tcp\SkunkLab.Servers.Tcp\bin\Debug\Microsoft.Data.OData.dll
	* Assembly contains no types assignable from Orleans.Providers.IProvider.	
[2017-12-20 00:11:29.278 GMT     1	INFO   	100000	AssemblyLoader.Client	]	User assembly ignored: C:\_git\core\src\SkunkLab\SkunkLab.Servers\Tcp\SkunkLab.Servers.Tcp\bin\Debug\Microsoft.Data.Services.Client.dll
	* Assembly contains no types assignable from Orleans.Providers.IProvider.	
[2017-12-20 00:11:29.285 GMT     1	INFO   	100000	AssemblyLoader.Client	]	User assembly ignored: C:\_git\core\src\SkunkLab\SkunkLab.Servers\Tcp\SkunkLab.Servers.Tcp\bin\Debug\Microsoft.Extensions.DependencyInjection.Abstractions.dll
	* Assembly contains no types assignable from Orleans.Providers.IProvider.	
[2017-12-20 00:11:29.304 GMT     1	INFO   	100000	AssemblyLoader.Client	]	User assembly ignored: C:\_git\core\src\SkunkLab\SkunkLab.Servers\Tcp\SkunkLab.Servers.Tcp\bin\Debug\Microsoft.Extensions.DependencyInjection.dll
	* Assembly contains no types assignable from Orleans.Providers.IProvider.	
[2017-12-20 00:11:29.309 GMT     1	INFO   	100000	AssemblyLoader.Client	]	User assembly ignored: C:\_git\core\src\SkunkLab\SkunkLab.Servers\Tcp\SkunkLab.Servers.Tcp\bin\Debug\Microsoft.IdentityModel.Logging.dll
	* Assembly contains no types assignable from Orleans.Providers.IProvider.	
[2017-12-20 00:11:29.313 GMT     1	INFO   	100000	AssemblyLoader.Client	]	User assembly ignored: C:\_git\core\src\SkunkLab\SkunkLab.Servers\Tcp\SkunkLab.Servers.Tcp\bin\Debug\Microsoft.IdentityModel.Tokens.dll
	* Assembly contains no types assignable from Orleans.Providers.IProvider.	
[2017-12-20 00:11:29.318 GMT     1	INFO   	100000	AssemblyLoader.Client	]	User assembly ignored: C:\_git\core\src\SkunkLab\SkunkLab.Servers\Tcp\SkunkLab.Servers.Tcp\bin\Debug\Microsoft.Win32.Primitives.dll
	* Assembly contains no types assignable from Orleans.Providers.IProvider.	
[2017-12-20 00:11:29.354 GMT     1	INFO   	100000	AssemblyLoader.Client	]	User assembly ignored: C:\_git\core\src\SkunkLab\SkunkLab.Servers\Tcp\SkunkLab.Servers.Tcp\bin\Debug\Microsoft.WindowsAzure.Storage.dll
	* Assembly contains no types assignable from Orleans.Providers.IProvider.	
[2017-12-20 00:11:29.381 GMT     1	INFO   	100000	AssemblyLoader.Client	]	User assembly ignored: C:\_git\core\src\SkunkLab\SkunkLab.Servers\Tcp\SkunkLab.Servers.Tcp\bin\Debug\Newtonsoft.Json.dll
	* Assembly contains no types assignable from Orleans.Providers.IProvider.	
[2017-12-20 00:11:29.385 GMT     1	INFO   	100000	AssemblyLoader.Client	]	User assembly ignored: C:\_git\core\src\SkunkLab\SkunkLab.Servers\Tcp\SkunkLab.Servers.Tcp\bin\Debug\Orleans.dll
	* Assembly filename is excluded.	
[2017-12-20 00:11:29.388 GMT     1	INFO   	100000	AssemblyLoader.Client	]	User assembly ignored: C:\_git\core\src\SkunkLab\SkunkLab.Servers\Tcp\SkunkLab.Servers.Tcp\bin\Debug\OrleansCodeGenerator.dll
	* Assembly contains no types assignable from Orleans.Providers.IProvider.	
[2017-12-20 00:11:29.398 GMT     1	INFO   	100000	AssemblyLoader.Client	]	User assembly ignored: C:\_git\core\src\SkunkLab\SkunkLab.Servers\Tcp\SkunkLab.Servers.Tcp\bin\Debug\OrleansRuntime.dll
	* Assembly filename is excluded.	
[2017-12-20 00:11:29.403 GMT     1	INFO   	100000	AssemblyLoader.Client	]	User assembly ignored: C:\_git\core\src\SkunkLab\SkunkLab.Servers\Tcp\SkunkLab.Servers.Tcp\bin\Debug\Piraeus.Adapters.dll
	* Assembly contains no types assignable from Orleans.Providers.IProvider.	
[2017-12-20 00:11:29.408 GMT     1	INFO   	100000	AssemblyLoader.Client	]	User assembly ignored: C:\_git\core\src\SkunkLab\SkunkLab.Servers\Tcp\SkunkLab.Servers.Tcp\bin\Debug\Piraeus.Configuration.dll
	* Assembly contains no types assignable from Orleans.Providers.IProvider.	
[2017-12-20 00:11:29.412 GMT     1	INFO   	100000	AssemblyLoader.Client	]	User assembly ignored: C:\_git\core\src\SkunkLab\SkunkLab.Servers\Tcp\SkunkLab.Servers.Tcp\bin\Debug\Piraeus.Core.dll
	* Assembly contains no types assignable from Orleans.Providers.IProvider.	
[2017-12-20 00:11:29.419 GMT     1	INFO   	100000	AssemblyLoader.Client	]	User assembly ignored: C:\_git\core\src\SkunkLab\SkunkLab.Servers\Tcp\SkunkLab.Servers.Tcp\bin\Debug\Piraeus.GrainInterfaces.dll
	* Assembly contains no types assignable from Orleans.Providers.IProvider.	
[2017-12-20 00:11:29.426 GMT     1	INFO   	100000	AssemblyLoader.Client	]	User assembly ignored: C:\_git\core\src\SkunkLab\SkunkLab.Servers\Tcp\SkunkLab.Servers.Tcp\bin\Debug\Piraeus.Grains.dll
	* Assembly contains no types assignable from Orleans.Providers.IProvider.	
[2017-12-20 00:11:29.437 GMT     1	INFO   	100000	AssemblyLoader.Client	]	User assembly ignored: C:\_git\core\src\SkunkLab\SkunkLab.Servers\Tcp\SkunkLab.Servers.Tcp\bin\Debug\SkunkLab.Channels.dll
	* Assembly contains no types assignable from Orleans.Providers.IProvider.	
[2017-12-20 00:11:29.441 GMT     1	INFO   	100000	AssemblyLoader.Client	]	User assembly ignored: C:\_git\core\src\SkunkLab\SkunkLab.Servers\Tcp\SkunkLab.Servers.Tcp\bin\Debug\SkunkLab.Diagnostics.dll
	* Assembly contains no types assignable from Orleans.Providers.IProvider.	
[2017-12-20 00:11:29.449 GMT     1	INFO   	100000	AssemblyLoader.Client	]	User assembly ignored: C:\_git\core\src\SkunkLab\SkunkLab.Servers\Tcp\SkunkLab.Servers.Tcp\bin\Debug\SkunkLab.Protocols.dll
	* Assembly contains no types assignable from Orleans.Providers.IProvider.	
[2017-12-20 00:11:29.457 GMT     1	INFO   	100000	AssemblyLoader.Client	]	User assembly ignored: C:\_git\core\src\SkunkLab\SkunkLab.Servers\Tcp\SkunkLab.Servers.Tcp\bin\Debug\SkunkLab.Security.dll
	* Assembly contains no types assignable from Orleans.Providers.IProvider.	
[2017-12-20 00:11:29.461 GMT     1	INFO   	100000	AssemblyLoader.Client	]	User assembly ignored: C:\_git\core\src\SkunkLab\SkunkLab.Servers\Tcp\SkunkLab.Servers.Tcp\bin\Debug\SkunkLab.Servers.dll
	* Assembly contains no types assignable from Orleans.Providers.IProvider.	
[2017-12-20 00:11:29.484 GMT     1	INFO   	100000	AssemblyLoader.Client	]	User assembly ignored: C:\_git\core\src\SkunkLab\SkunkLab.Servers\Tcp\SkunkLab.Servers.Tcp\bin\Debug\StackExchange.Redis.dll
	* Assembly contains no types assignable from Orleans.Providers.IProvider.	
[2017-12-20 00:11:29.488 GMT     1	INFO   	100000	AssemblyLoader.Client	]	User assembly ignored: C:\_git\core\src\SkunkLab\SkunkLab.Servers\Tcp\SkunkLab.Servers.Tcp\bin\Debug\System.AppContext.dll
	* Assembly contains no types assignable from Orleans.Providers.IProvider.	
[2017-12-20 00:11:29.505 GMT     1	INFO   	100000	AssemblyLoader.Client	]	User assembly ignored: C:\_git\core\src\SkunkLab\SkunkLab.Servers\Tcp\SkunkLab.Servers.Tcp\bin\Debug\System.Collections.Immutable.dll
	* Assembly contains no types assignable from Orleans.Providers.IProvider.	
[2017-12-20 00:11:29.510 GMT     1	INFO   	100000	AssemblyLoader.Client	]	User assembly ignored: C:\_git\core\src\SkunkLab\SkunkLab.Servers\Tcp\SkunkLab.Servers.Tcp\bin\Debug\System.Console.dll
	* Assembly contains no types assignable from Orleans.Providers.IProvider.	
[2017-12-20 00:11:29.517 GMT     1	INFO   	100000	AssemblyLoader.Client	]	User assembly ignored: C:\_git\core\src\SkunkLab\SkunkLab.Servers\Tcp\SkunkLab.Servers.Tcp\bin\Debug\System.Diagnostics.DiagnosticSource.dll
	* Assembly contains no types assignable from Orleans.Providers.IProvider.	
[2017-12-20 00:11:29.520 GMT     1	INFO   	100000	AssemblyLoader.Client	]	User assembly ignored: C:\_git\core\src\SkunkLab\SkunkLab.Servers\Tcp\SkunkLab.Servers.Tcp\bin\Debug\System.Diagnostics.FileVersionInfo.dll
	* Assembly contains no types assignable from Orleans.Providers.IProvider.	
[2017-12-20 00:11:29.523 GMT     1	INFO   	100000	AssemblyLoader.Client	]	User assembly ignored: C:\_git\core\src\SkunkLab\SkunkLab.Servers\Tcp\SkunkLab.Servers.Tcp\bin\Debug\System.Diagnostics.StackTrace.dll
	* Assembly contains no types assignable from Orleans.Providers.IProvider.	
[2017-12-20 00:11:29.528 GMT     1	INFO   	100000	AssemblyLoader.Client	]	User assembly ignored: C:\_git\core\src\SkunkLab\SkunkLab.Servers\Tcp\SkunkLab.Servers.Tcp\bin\Debug\System.Globalization.Calendars.dll
	* Assembly contains no types assignable from Orleans.Providers.IProvider.	
[2017-12-20 00:11:29.534 GMT     1	INFO   	100000	AssemblyLoader.Client	]	User assembly ignored: C:\_git\core\src\SkunkLab\SkunkLab.Servers\Tcp\SkunkLab.Servers.Tcp\bin\Debug\System.IdentityModel.Tokens.Jwt.dll
	* Assembly contains no types assignable from Orleans.Providers.IProvider.	
[2017-12-20 00:11:29.540 GMT     1	INFO   	100000	AssemblyLoader.Client	]	User assembly ignored: C:\_git\core\src\SkunkLab\SkunkLab.Servers\Tcp\SkunkLab.Servers.Tcp\bin\Debug\System.IO.Compression.dll
	* Assembly contains no types assignable from Orleans.Providers.IProvider.	
[2017-12-20 00:11:29.545 GMT     1	INFO   	100000	AssemblyLoader.Client	]	User assembly ignored: C:\_git\core\src\SkunkLab\SkunkLab.Servers\Tcp\SkunkLab.Servers.Tcp\bin\Debug\System.IO.Compression.ZipFile.dll
	* Assembly contains no types assignable from Orleans.Providers.IProvider.	
[2017-12-20 00:11:29.547 GMT     1	INFO   	100000	AssemblyLoader.Client	]	User assembly ignored: C:\_git\core\src\SkunkLab\SkunkLab.Servers\Tcp\SkunkLab.Servers.Tcp\bin\Debug\System.IO.FileSystem.dll
	* Assembly contains no types assignable from Orleans.Providers.IProvider.	
[2017-12-20 00:11:29.550 GMT     1	INFO   	100000	AssemblyLoader.Client	]	User assembly ignored: C:\_git\core\src\SkunkLab\SkunkLab.Servers\Tcp\SkunkLab.Servers.Tcp\bin\Debug\System.IO.FileSystem.Primitives.dll
	* Assembly contains no types assignable from Orleans.Providers.IProvider.	
[2017-12-20 00:11:29.563 GMT     1	INFO   	100000	AssemblyLoader.Client	]	User assembly ignored: C:\_git\core\src\SkunkLab\SkunkLab.Servers\Tcp\SkunkLab.Servers.Tcp\bin\Debug\System.Net.Http.dll
	* Assembly contains no types assignable from Orleans.Providers.IProvider.	
[2017-12-20 00:11:29.572 GMT     1	INFO   	100000	AssemblyLoader.Client	]	User assembly ignored: C:\_git\core\src\SkunkLab\SkunkLab.Servers\Tcp\SkunkLab.Servers.Tcp\bin\Debug\System.Net.Http.Formatting.dll
	* Assembly contains no types assignable from Orleans.Providers.IProvider.	
[2017-12-20 00:11:29.576 GMT     1	INFO   	100000	AssemblyLoader.Client	]	User assembly ignored: C:\_git\core\src\SkunkLab\SkunkLab.Servers\Tcp\SkunkLab.Servers.Tcp\bin\Debug\System.Net.Sockets.dll
	* Assembly contains no types assignable from Orleans.Providers.IProvider.	
[2017-12-20 00:11:29.608 GMT     1	INFO   	100000	AssemblyLoader.Client	]	User assembly ignored: C:\_git\core\src\SkunkLab\SkunkLab.Servers\Tcp\SkunkLab.Servers.Tcp\bin\Debug\System.Reflection.Metadata.dll
	* Assembly contains no types assignable from Orleans.Providers.IProvider.	
[2017-12-20 00:11:29.613 GMT     1	INFO   	100000	AssemblyLoader.Client	]	User assembly ignored: C:\_git\core\src\SkunkLab\SkunkLab.Servers\Tcp\SkunkLab.Servers.Tcp\bin\Debug\System.Runtime.InteropServices.RuntimeInformation.dll
	* Assembly contains no types assignable from Orleans.Providers.IProvider.	
[2017-12-20 00:11:29.617 GMT     1	INFO   	100000	AssemblyLoader.Client	]	User assembly ignored: C:\_git\core\src\SkunkLab\SkunkLab.Servers\Tcp\SkunkLab.Servers.Tcp\bin\Debug\System.Security.Cryptography.Algorithms.dll
	* Assembly contains no types assignable from Orleans.Providers.IProvider.	
[2017-12-20 00:11:29.623 GMT     1	INFO   	100000	AssemblyLoader.Client	]	User assembly ignored: C:\_git\core\src\SkunkLab\SkunkLab.Servers\Tcp\SkunkLab.Servers.Tcp\bin\Debug\System.Security.Cryptography.Encoding.dll
	* Assembly contains no types assignable from Orleans.Providers.IProvider.	
[2017-12-20 00:11:29.627 GMT     1	INFO   	100000	AssemblyLoader.Client	]	User assembly ignored: C:\_git\core\src\SkunkLab\SkunkLab.Servers\Tcp\SkunkLab.Servers.Tcp\bin\Debug\System.Security.Cryptography.Primitives.dll
	* Assembly contains no types assignable from Orleans.Providers.IProvider.	
[2017-12-20 00:11:29.630 GMT     1	INFO   	100000	AssemblyLoader.Client	]	User assembly ignored: C:\_git\core\src\SkunkLab\SkunkLab.Servers\Tcp\SkunkLab.Servers.Tcp\bin\Debug\System.Security.Cryptography.X509Certificates.dll
	* Assembly contains no types assignable from Orleans.Providers.IProvider.	
[2017-12-20 00:11:29.640 GMT     1	INFO   	100000	AssemblyLoader.Client	]	User assembly ignored: C:\_git\core\src\SkunkLab\SkunkLab.Servers\Tcp\SkunkLab.Servers.Tcp\bin\Debug\System.Spatial.dll
	* Assembly contains no types assignable from Orleans.Providers.IProvider.	
[2017-12-20 00:11:29.646 GMT     1	INFO   	100000	AssemblyLoader.Client	]	User assembly ignored: C:\_git\core\src\SkunkLab\SkunkLab.Servers\Tcp\SkunkLab.Servers.Tcp\bin\Debug\System.Text.Encoding.CodePages.dll
	* Assembly contains no types assignable from Orleans.Providers.IProvider.	
[2017-12-20 00:11:29.649 GMT     1	INFO   	100000	AssemblyLoader.Client	]	User assembly ignored: C:\_git\core\src\SkunkLab\SkunkLab.Servers\Tcp\SkunkLab.Servers.Tcp\bin\Debug\System.Threading.Thread.dll
	* Assembly contains no types assignable from Orleans.Providers.IProvider.	
[2017-12-20 00:11:29.654 GMT     1	INFO   	100000	AssemblyLoader.Client	]	User assembly ignored: C:\_git\core\src\SkunkLab\SkunkLab.Servers\Tcp\SkunkLab.Servers.Tcp\bin\Debug\System.ValueTuple.dll
	* Assembly contains no types assignable from Orleans.Providers.IProvider.	
[2017-12-20 00:11:29.680 GMT     1	INFO   	100000	AssemblyLoader.Client	]	User assembly ignored: C:\_git\core\src\SkunkLab\SkunkLab.Servers\Tcp\SkunkLab.Servers.Tcp\bin\Debug\System.Web.Http.dll
	* Assembly contains no types assignable from Orleans.Providers.IProvider.	
[2017-12-20 00:11:29.683 GMT     1	INFO   	100000	AssemblyLoader.Client	]	User assembly ignored: C:\_git\core\src\SkunkLab\SkunkLab.Servers\Tcp\SkunkLab.Servers.Tcp\bin\Debug\System.Xml.ReaderWriter.dll
	* Assembly contains no types assignable from Orleans.Providers.IProvider.	
[2017-12-20 00:11:29.686 GMT     1	INFO   	100000	AssemblyLoader.Client	]	User assembly ignored: C:\_git\core\src\SkunkLab\SkunkLab.Servers\Tcp\SkunkLab.Servers.Tcp\bin\Debug\System.Xml.XmlDocument.dll
	* Assembly contains no types assignable from Orleans.Providers.IProvider.	
[2017-12-20 00:11:29.689 GMT     1	INFO   	100000	AssemblyLoader.Client	]	User assembly ignored: C:\_git\core\src\SkunkLab\SkunkLab.Servers\Tcp\SkunkLab.Servers.Tcp\bin\Debug\System.Xml.XPath.dll
	* Assembly contains no types assignable from Orleans.Providers.IProvider.	
[2017-12-20 00:11:29.695 GMT     1	INFO   	100000	AssemblyLoader.Client	]	User assembly ignored: C:\_git\core\src\SkunkLab\SkunkLab.Servers\Tcp\SkunkLab.Servers.Tcp\bin\Debug\System.Xml.XPath.XDocument.dll
	* Assembly contains no types assignable from Orleans.Providers.IProvider.	
[2017-12-20 00:11:29.698 GMT     1	INFO   	100000	AssemblyLoader.Client	]	Loading assembly C:\_git\core\src\SkunkLab\SkunkLab.Servers\Tcp\SkunkLab.Servers.Tcp\bin\Debug\OrleansProviders.dll...	
[2017-12-20 00:11:29.729 GMT     1	INFO   	100000	AssemblyLoader.Client	]	1 assemblies loaded.	
[2017-12-20 00:11:29.800 GMT     1	INFO   	100313	OutsideRuntimeClient	]	---------- Initializing OutsideRuntimeClient on MININT-2T87D76 at 172.19.176.1 Client Id = *cli/095bddb9 ----------	
[2017-12-20 00:11:29.817 GMT     1	INFO   	100314	OutsideRuntimeClient	]	---------- Starting OutsideRuntimeClient with runtime Version='1.5.2.0 (Release).' in AppDomain=<AppDomain.Id=1, AppDomain.FriendlyName=SkunkLab.Servers.Tcp.exe> Config= 
 Platform version info:
   Orleans version: 1.5.2.0 (Release).
   .NET version: 4.0.30319.42000
   OS version: Microsoft Windows NT 6.2.9200.0
   App config file: C:\_git\core\src\SkunkLab\SkunkLab.Servers\Tcp\SkunkLab.Servers.Tcp\bin\Debug\SkunkLab.Servers.Tcp.exe.Config
   GC Type=Client GCLatencyMode=Interactive
   Host: MININT-2T87D76
   Processor Count: 4
Client Configuration:
   Config File Name: 
   Start time: 2017-12-20 00:11:29.811 GMT
   Gateway Provider: Config
   Gateways[1]:
      127.0.0.1:40000
   Preferred Gateway Index: -1
   GatewayListRefreshPeriod: 00:01:00
   Preferred Address Family: InterNetwork
   DNS Host Name: MININT-2T87D76
   Client Name: Client
   Tracing: 
     Default Trace Level: Info
     TraceLevelOverrides: None
     Trace to Console: True
     Trace File Name: C:\_git\core\src\SkunkLab\SkunkLab.Servers\Tcp\SkunkLab.Servers.Tcp\bin\Debug\Client-2017-12-20-00.11.23.507Z.log
     LargeMessageWarningThreshold: 85000
     PropagateActivityId: False
     BulkMessageLimit: 5
   Statistics: 
     MetricsTableWriteInterval: 00:00:30
     PerfCounterWriteInterval: -00:00:00.0010000
     LogWriteInterval: 00:05:00
     WriteLogStatisticsToTable: True
     StatisticsCollectionLevel: Info
   Messaging:
       Response timeout: 00:30:00
       Maximum resend count: 0
       Resend On Timeout: False
       Maximum Socket Age: 10675199.02:48:05.4775807
       Drop Expired Messages: True
       Client Sender Buckets: 8192
       Buffer Pool Buffer Size: 4096
       Buffer Pool Max Size: 10000
       Buffer Pool Preallocation Size: 250
       Fallback serializer: 
   .NET: 
       .NET thread pool sizes - Min: Worker Threads=4 Completion Port Threads=4
       .NET thread pool sizes - Max: Worker Threads=2047 Completion Port Threads=1000
   Providers:
       No providers configured.
	
[2017-12-20 00:11:29.908 GMT     4	INFO   	101309	Messaging.GatewayManager	]	Found 1 knownGateways from Gateway listProvider [gwy.tcp://127.0.0.1:40000/0]	
[2017-12-20 00:11:29.964 GMT     4	INFO   	100908	Messaging.GatewayConnection/GatewayClientSender_gwy.tcp://127.0.0.1:40000/0	172.19.176.1:0]	Connected to gateway at address gwy.tcp://127.0.0.1:40000/0 on trial 0.	
[2017-12-20 00:11:29.982 GMT     9	INFO   	100000	Messaging.GatewayConnection/GatewayClientSender_gwy.tcp://127.0.0.1:40000/0	172.19.176.1:0]	Starting AsyncAgent Messaging.GatewayConnection/GatewayClientSender_gwy.tcp://127.0.0.1:40000/0 on managed thread 9	
[2017-12-20 00:11:29.980 GMT    10	INFO   	100000	Messaging.GatewayClientReceiver/gwy.tcp://127.0.0.1:40000/0	172.19.176.1:0]	Starting AsyncAgent Messaging.GatewayClientReceiver/gwy.tcp://127.0.0.1:40000/0 on managed thread 10	
[2017-12-20 00:11:30.145 GMT     7	INFO   	100929	OutsideRuntimeClient	172.19.176.1:0]	---------- Started OutsideRuntimeClient with Global Client ID: C172.19.176.1:0:-251424689*cli/095bddb9@caba4284, client GUID ID: *cli/095bddb9	
[2017-12-20 00:12:29.916 GMT     4	INFO   	101309	Messaging.GatewayManager	172.19.176.1:0]	Refreshed the live Gateway list. Found 1 gateways from Gateway listProvider: [gwy.tcp://127.0.0.1:40000/0]. Picked only known live out of them. Now has 1 live Gateways: [gwy.tcp://127.0.0.1:40000/0]. Previous refresh time was = 12/20/2017 12:11:29 AM	
