[2017-12-18 23:09:00.125 GMT     1	INFO   	100000	AssemblyLoader.Client	]	Recursively searching for assemblies in C:\_git\core\src\SkunkLab\SkunkLab.Servers\Tcp\SkunkLab.Servers.Tcp\bin\Debug...	
[2017-12-18 23:09:09.413 GMT     1	INFO   	100000	AssemblyLoader.Client	]	User assembly ignored: C:\_git\core\src\SkunkLab\SkunkLab.Servers\Tcp\SkunkLab.Servers.Tcp\bin\Debug\BouncyCastle.Crypto.dll
	* Assembly contains no types assignable from Orleans.Providers.IProvider.	
[2017-12-18 23:09:10.036 GMT     1	INFO   	100000	AssemblyLoader.Client	]	User assembly ignored: C:\_git\core\src\SkunkLab\SkunkLab.Servers\Tcp\SkunkLab.Servers.Tcp\bin\Debug\Capl.dll
	* Assembly contains no types assignable from Orleans.Providers.IProvider.	
[2017-12-18 23:09:10.216 GMT     1	INFO   	100000	AssemblyLoader.Client	]	User assembly ignored: C:\_git\core\src\SkunkLab\SkunkLab.Servers\Tcp\SkunkLab.Servers.Tcp\bin\Debug\Microsoft.Azure.KeyVault.Core.dll
	* Assembly contains no types assignable from Orleans.Providers.IProvider.	
[2017-12-18 23:09:11.418 GMT     1	INFO   	100000	AssemblyLoader.Client	]	User assembly ignored: C:\_git\core\src\SkunkLab\SkunkLab.Servers\Tcp\SkunkLab.Servers.Tcp\bin\Debug\Microsoft.CodeAnalysis.CSharp.dll
	* Assembly contains no types assignable from Orleans.Providers.IProvider.	
[2017-12-18 23:09:11.990 GMT     1	INFO   	100000	AssemblyLoader.Client	]	User assembly ignored: C:\_git\core\src\SkunkLab\SkunkLab.Servers\Tcp\SkunkLab.Servers.Tcp\bin\Debug\Microsoft.CodeAnalysis.dll
	* Assembly contains no types assignable from Orleans.Providers.IProvider.	
[2017-12-18 23:09:12.107 GMT     1	INFO   	100000	AssemblyLoader.Client	]	User assembly ignored: C:\_git\core\src\SkunkLab\SkunkLab.Servers\Tcp\SkunkLab.Servers.Tcp\bin\Debug\Microsoft.Data.Edm.dll
	* Assembly contains no types assignable from Orleans.Providers.IProvider.	
[2017-12-18 23:09:12.203 GMT     1	INFO   	100000	AssemblyLoader.Client	]	User assembly ignored: C:\_git\core\src\SkunkLab\SkunkLab.Servers\Tcp\SkunkLab.Servers.Tcp\bin\Debug\Microsoft.Data.OData.dll
	* Assembly contains no types assignable from Orleans.Providers.IProvider.	
[2017-12-18 23:09:12.293 GMT     1	INFO   	100000	AssemblyLoader.Client	]	User assembly ignored: C:\_git\core\src\SkunkLab\SkunkLab.Servers\Tcp\SkunkLab.Servers.Tcp\bin\Debug\Microsoft.Data.Services.Client.dll
	* Assembly contains no types assignable from Orleans.Providers.IProvider.	
[2017-12-18 23:09:12.367 GMT     1	INFO   	100000	AssemblyLoader.Client	]	User assembly ignored: C:\_git\core\src\SkunkLab\SkunkLab.Servers\Tcp\SkunkLab.Servers.Tcp\bin\Debug\Microsoft.Extensions.DependencyInjection.Abstractions.dll
	* Assembly contains no types assignable from Orleans.Providers.IProvider.	
[2017-12-18 23:09:12.477 GMT     1	INFO   	100000	AssemblyLoader.Client	]	User assembly ignored: C:\_git\core\src\SkunkLab\SkunkLab.Servers\Tcp\SkunkLab.Servers.Tcp\bin\Debug\Microsoft.Extensions.DependencyInjection.dll
	* Assembly contains no types assignable from Orleans.Providers.IProvider.	
[2017-12-18 23:09:12.543 GMT     1	INFO   	100000	AssemblyLoader.Client	]	User assembly ignored: C:\_git\core\src\SkunkLab\SkunkLab.Servers\Tcp\SkunkLab.Servers.Tcp\bin\Debug\Microsoft.IdentityModel.Logging.dll
	* Assembly contains no types assignable from Orleans.Providers.IProvider.	
[2017-12-18 23:09:12.598 GMT     1	INFO   	100000	AssemblyLoader.Client	]	User assembly ignored: C:\_git\core\src\SkunkLab\SkunkLab.Servers\Tcp\SkunkLab.Servers.Tcp\bin\Debug\Microsoft.IdentityModel.Tokens.dll
	* Assembly contains no types assignable from Orleans.Providers.IProvider.	
[2017-12-18 23:09:12.622 GMT     1	INFO   	100000	AssemblyLoader.Client	]	User assembly ignored: C:\_git\core\src\SkunkLab\SkunkLab.Servers\Tcp\SkunkLab.Servers.Tcp\bin\Debug\Microsoft.Win32.Primitives.dll
	* Assembly contains no types assignable from Orleans.Providers.IProvider.	
[2017-12-18 23:09:12.745 GMT     1	INFO   	100000	AssemblyLoader.Client	]	User assembly ignored: C:\_git\core\src\SkunkLab\SkunkLab.Servers\Tcp\SkunkLab.Servers.Tcp\bin\Debug\Microsoft.WindowsAzure.Storage.dll
	* Assembly contains no types assignable from Orleans.Providers.IProvider.	
[2017-12-18 23:09:12.838 GMT     1	INFO   	100000	AssemblyLoader.Client	]	User assembly ignored: C:\_git\core\src\SkunkLab\SkunkLab.Servers\Tcp\SkunkLab.Servers.Tcp\bin\Debug\Newtonsoft.Json.dll
	* Assembly contains no types assignable from Orleans.Providers.IProvider.	
[2017-12-18 23:09:12.905 GMT     1	INFO   	100000	AssemblyLoader.Client	]	User assembly ignored: C:\_git\core\src\SkunkLab\SkunkLab.Servers\Tcp\SkunkLab.Servers.Tcp\bin\Debug\Orleans.dll
	* Assembly filename is excluded.	
[2017-12-18 23:09:13.016 GMT     1	INFO   	100000	AssemblyLoader.Client	]	User assembly ignored: C:\_git\core\src\SkunkLab\SkunkLab.Servers\Tcp\SkunkLab.Servers.Tcp\bin\Debug\OrleansCodeGenerator.dll
	* Assembly contains no types assignable from Orleans.Providers.IProvider.	
[2017-12-18 23:09:13.057 GMT     1	INFO   	100000	AssemblyLoader.Client	]	User assembly ignored: C:\_git\core\src\SkunkLab\SkunkLab.Servers\Tcp\SkunkLab.Servers.Tcp\bin\Debug\OrleansRuntime.dll
	* Assembly filename is excluded.	
[2017-12-18 23:09:13.117 GMT     1	INFO   	100000	AssemblyLoader.Client	]	User assembly ignored: C:\_git\core\src\SkunkLab\SkunkLab.Servers\Tcp\SkunkLab.Servers.Tcp\bin\Debug\Piraeus.Adapters.dll
	* Assembly contains no types assignable from Orleans.Providers.IProvider.	
[2017-12-18 23:09:13.187 GMT     1	INFO   	100000	AssemblyLoader.Client	]	User assembly ignored: C:\_git\core\src\SkunkLab\SkunkLab.Servers\Tcp\SkunkLab.Servers.Tcp\bin\Debug\Piraeus.Configuration.dll
	* Assembly contains no types assignable from Orleans.Providers.IProvider.	
[2017-12-18 23:09:13.204 GMT     1	INFO   	100000	AssemblyLoader.Client	]	User assembly ignored: C:\_git\core\src\SkunkLab\SkunkLab.Servers\Tcp\SkunkLab.Servers.Tcp\bin\Debug\Piraeus.Core.dll
	* Assembly contains no types assignable from Orleans.Providers.IProvider.	
[2017-12-18 23:09:13.248 GMT     1	INFO   	100000	AssemblyLoader.Client	]	User assembly ignored: C:\_git\core\src\SkunkLab\SkunkLab.Servers\Tcp\SkunkLab.Servers.Tcp\bin\Debug\Piraeus.GrainInterfaces.dll
	* Assembly contains no types assignable from Orleans.Providers.IProvider.	
[2017-12-18 23:09:13.285 GMT     1	INFO   	100000	AssemblyLoader.Client	]	User assembly ignored: C:\_git\core\src\SkunkLab\SkunkLab.Servers\Tcp\SkunkLab.Servers.Tcp\bin\Debug\Piraeus.Grains.dll
	* Assembly contains no types assignable from Orleans.Providers.IProvider.	
[2017-12-18 23:09:13.332 GMT     1	INFO   	100000	AssemblyLoader.Client	]	User assembly ignored: C:\_git\core\src\SkunkLab\SkunkLab.Servers\Tcp\SkunkLab.Servers.Tcp\bin\Debug\SkunkLab.Channels.dll
	* Assembly contains no types assignable from Orleans.Providers.IProvider.	
[2017-12-18 23:09:13.366 GMT     1	INFO   	100000	AssemblyLoader.Client	]	User assembly ignored: C:\_git\core\src\SkunkLab\SkunkLab.Servers\Tcp\SkunkLab.Servers.Tcp\bin\Debug\SkunkLab.Diagnostics.dll
	* Assembly contains no types assignable from Orleans.Providers.IProvider.	
[2017-12-18 23:09:13.414 GMT     1	INFO   	100000	AssemblyLoader.Client	]	User assembly ignored: C:\_git\core\src\SkunkLab\SkunkLab.Servers\Tcp\SkunkLab.Servers.Tcp\bin\Debug\SkunkLab.Protocols.dll
	* Assembly contains no types assignable from Orleans.Providers.IProvider.	
[2017-12-18 23:09:13.464 GMT     1	INFO   	100000	AssemblyLoader.Client	]	User assembly ignored: C:\_git\core\src\SkunkLab\SkunkLab.Servers\Tcp\SkunkLab.Servers.Tcp\bin\Debug\SkunkLab.Security.dll
	* Assembly contains no types assignable from Orleans.Providers.IProvider.	
[2017-12-18 23:09:13.501 GMT     1	INFO   	100000	AssemblyLoader.Client	]	User assembly ignored: C:\_git\core\src\SkunkLab\SkunkLab.Servers\Tcp\SkunkLab.Servers.Tcp\bin\Debug\SkunkLab.Servers.dll
	* Assembly contains no types assignable from Orleans.Providers.IProvider.	
[2017-12-18 23:09:13.553 GMT     1	INFO   	100000	AssemblyLoader.Client	]	User assembly ignored: C:\_git\core\src\SkunkLab\SkunkLab.Servers\Tcp\SkunkLab.Servers.Tcp\bin\Debug\StackExchange.Redis.dll
	* Assembly contains no types assignable from Orleans.Providers.IProvider.	
[2017-12-18 23:09:13.589 GMT     1	INFO   	100000	AssemblyLoader.Client	]	User assembly ignored: C:\_git\core\src\SkunkLab\SkunkLab.Servers\Tcp\SkunkLab.Servers.Tcp\bin\Debug\System.AppContext.dll
	* Assembly contains no types assignable from Orleans.Providers.IProvider.	
[2017-12-18 23:09:13.644 GMT     1	INFO   	100000	AssemblyLoader.Client	]	User assembly ignored: C:\_git\core\src\SkunkLab\SkunkLab.Servers\Tcp\SkunkLab.Servers.Tcp\bin\Debug\System.Collections.Immutable.dll
	* Assembly contains no types assignable from Orleans.Providers.IProvider.	
[2017-12-18 23:09:13.660 GMT     1	INFO   	100000	AssemblyLoader.Client	]	User assembly ignored: C:\_git\core\src\SkunkLab\SkunkLab.Servers\Tcp\SkunkLab.Servers.Tcp\bin\Debug\System.Console.dll
	* Assembly contains no types assignable from Orleans.Providers.IProvider.	
[2017-12-18 23:09:13.744 GMT     1	INFO   	100000	AssemblyLoader.Client	]	User assembly ignored: C:\_git\core\src\SkunkLab\SkunkLab.Servers\Tcp\SkunkLab.Servers.Tcp\bin\Debug\System.Diagnostics.DiagnosticSource.dll
	* Assembly contains no types assignable from Orleans.Providers.IProvider.	
[2017-12-18 23:09:13.773 GMT     1	INFO   	100000	AssemblyLoader.Client	]	User assembly ignored: C:\_git\core\src\SkunkLab\SkunkLab.Servers\Tcp\SkunkLab.Servers.Tcp\bin\Debug\System.Diagnostics.FileVersionInfo.dll
	* Assembly contains no types assignable from Orleans.Providers.IProvider.	
[2017-12-18 23:09:13.793 GMT     1	INFO   	100000	AssemblyLoader.Client	]	User assembly ignored: C:\_git\core\src\SkunkLab\SkunkLab.Servers\Tcp\SkunkLab.Servers.Tcp\bin\Debug\System.Diagnostics.StackTrace.dll
	* Assembly contains no types assignable from Orleans.Providers.IProvider.	
[2017-12-18 23:09:13.813 GMT     1	INFO   	100000	AssemblyLoader.Client	]	User assembly ignored: C:\_git\core\src\SkunkLab\SkunkLab.Servers\Tcp\SkunkLab.Servers.Tcp\bin\Debug\System.Globalization.Calendars.dll
	* Assembly contains no types assignable from Orleans.Providers.IProvider.	
[2017-12-18 23:09:13.850 GMT     1	INFO   	100000	AssemblyLoader.Client	]	User assembly ignored: C:\_git\core\src\SkunkLab\SkunkLab.Servers\Tcp\SkunkLab.Servers.Tcp\bin\Debug\System.IdentityModel.Tokens.Jwt.dll
	* Assembly contains no types assignable from Orleans.Providers.IProvider.	
[2017-12-18 23:09:13.878 GMT     1	INFO   	100000	AssemblyLoader.Client	]	User assembly ignored: C:\_git\core\src\SkunkLab\SkunkLab.Servers\Tcp\SkunkLab.Servers.Tcp\bin\Debug\System.IO.Compression.dll
	* Assembly contains no types assignable from Orleans.Providers.IProvider.	
[2017-12-18 23:09:13.911 GMT     1	INFO   	100000	AssemblyLoader.Client	]	User assembly ignored: C:\_git\core\src\SkunkLab\SkunkLab.Servers\Tcp\SkunkLab.Servers.Tcp\bin\Debug\System.IO.Compression.ZipFile.dll
	* Assembly contains no types assignable from Orleans.Providers.IProvider.	
[2017-12-18 23:09:13.961 GMT     1	INFO   	100000	AssemblyLoader.Client	]	User assembly ignored: C:\_git\core\src\SkunkLab\SkunkLab.Servers\Tcp\SkunkLab.Servers.Tcp\bin\Debug\System.IO.FileSystem.dll
	* Assembly contains no types assignable from Orleans.Providers.IProvider.	
[2017-12-18 23:09:14.003 GMT     1	INFO   	100000	AssemblyLoader.Client	]	User assembly ignored: C:\_git\core\src\SkunkLab\SkunkLab.Servers\Tcp\SkunkLab.Servers.Tcp\bin\Debug\System.IO.FileSystem.Primitives.dll
	* Assembly contains no types assignable from Orleans.Providers.IProvider.	
[2017-12-18 23:09:14.052 GMT     1	INFO   	100000	AssemblyLoader.Client	]	User assembly ignored: C:\_git\core\src\SkunkLab\SkunkLab.Servers\Tcp\SkunkLab.Servers.Tcp\bin\Debug\System.Net.Http.dll
	* Assembly contains no types assignable from Orleans.Providers.IProvider.	
[2017-12-18 23:09:14.175 GMT     1	INFO   	100000	AssemblyLoader.Client	]	User assembly ignored: C:\_git\core\src\SkunkLab\SkunkLab.Servers\Tcp\SkunkLab.Servers.Tcp\bin\Debug\System.Net.Http.Formatting.dll
	* Assembly contains no types assignable from Orleans.Providers.IProvider.	
[2017-12-18 23:09:14.252 GMT     1	INFO   	100000	AssemblyLoader.Client	]	User assembly ignored: C:\_git\core\src\SkunkLab\SkunkLab.Servers\Tcp\SkunkLab.Servers.Tcp\bin\Debug\System.Net.Sockets.dll
	* Assembly contains no types assignable from Orleans.Providers.IProvider.	
[2017-12-18 23:09:14.418 GMT     1	INFO   	100000	AssemblyLoader.Client	]	User assembly ignored: C:\_git\core\src\SkunkLab\SkunkLab.Servers\Tcp\SkunkLab.Servers.Tcp\bin\Debug\System.Reflection.Metadata.dll
	* Assembly contains no types assignable from Orleans.Providers.IProvider.	
[2017-12-18 23:09:14.470 GMT     1	INFO   	100000	AssemblyLoader.Client	]	User assembly ignored: C:\_git\core\src\SkunkLab\SkunkLab.Servers\Tcp\SkunkLab.Servers.Tcp\bin\Debug\System.Runtime.InteropServices.RuntimeInformation.dll
	* Assembly contains no types assignable from Orleans.Providers.IProvider.	
[2017-12-18 23:09:14.550 GMT     1	INFO   	100000	AssemblyLoader.Client	]	User assembly ignored: C:\_git\core\src\SkunkLab\SkunkLab.Servers\Tcp\SkunkLab.Servers.Tcp\bin\Debug\System.Security.Cryptography.Algorithms.dll
	* Assembly contains no types assignable from Orleans.Providers.IProvider.	
[2017-12-18 23:09:14.598 GMT     1	INFO   	100000	AssemblyLoader.Client	]	User assembly ignored: C:\_git\core\src\SkunkLab\SkunkLab.Servers\Tcp\SkunkLab.Servers.Tcp\bin\Debug\System.Security.Cryptography.Encoding.dll
	* Assembly contains no types assignable from Orleans.Providers.IProvider.	
[2017-12-18 23:09:14.654 GMT     1	INFO   	100000	AssemblyLoader.Client	]	User assembly ignored: C:\_git\core\src\SkunkLab\SkunkLab.Servers\Tcp\SkunkLab.Servers.Tcp\bin\Debug\System.Security.Cryptography.Primitives.dll
	* Assembly contains no types assignable from Orleans.Providers.IProvider.	
[2017-12-18 23:09:14.689 GMT     1	INFO   	100000	AssemblyLoader.Client	]	User assembly ignored: C:\_git\core\src\SkunkLab\SkunkLab.Servers\Tcp\SkunkLab.Servers.Tcp\bin\Debug\System.Security.Cryptography.X509Certificates.dll
	* Assembly contains no types assignable from Orleans.Providers.IProvider.	
[2017-12-18 23:09:14.741 GMT     1	INFO   	100000	AssemblyLoader.Client	]	User assembly ignored: C:\_git\core\src\SkunkLab\SkunkLab.Servers\Tcp\SkunkLab.Servers.Tcp\bin\Debug\System.Spatial.dll
	* Assembly contains no types assignable from Orleans.Providers.IProvider.	
[2017-12-18 23:09:14.800 GMT     1	INFO   	100000	AssemblyLoader.Client	]	User assembly ignored: C:\_git\core\src\SkunkLab\SkunkLab.Servers\Tcp\SkunkLab.Servers.Tcp\bin\Debug\System.Text.Encoding.CodePages.dll
	* Assembly contains no types assignable from Orleans.Providers.IProvider.	
[2017-12-18 23:09:14.829 GMT     1	INFO   	100000	AssemblyLoader.Client	]	User assembly ignored: C:\_git\core\src\SkunkLab\SkunkLab.Servers\Tcp\SkunkLab.Servers.Tcp\bin\Debug\System.Threading.Thread.dll
	* Assembly contains no types assignable from Orleans.Providers.IProvider.	
[2017-12-18 23:09:14.883 GMT     1	INFO   	100000	AssemblyLoader.Client	]	User assembly ignored: C:\_git\core\src\SkunkLab\SkunkLab.Servers\Tcp\SkunkLab.Servers.Tcp\bin\Debug\System.ValueTuple.dll
	* Assembly contains no types assignable from Orleans.Providers.IProvider.	
[2017-12-18 23:09:15.053 GMT     1	INFO   	100000	AssemblyLoader.Client	]	User assembly ignored: C:\_git\core\src\SkunkLab\SkunkLab.Servers\Tcp\SkunkLab.Servers.Tcp\bin\Debug\System.Web.Http.dll
	* Assembly contains no types assignable from Orleans.Providers.IProvider.	
[2017-12-18 23:09:15.287 GMT     1	INFO   	100000	AssemblyLoader.Client	]	User assembly ignored: C:\_git\core\src\SkunkLab\SkunkLab.Servers\Tcp\SkunkLab.Servers.Tcp\bin\Debug\System.Xml.ReaderWriter.dll
	* Assembly contains no types assignable from Orleans.Providers.IProvider.	
[2017-12-18 23:09:15.299 GMT     1	INFO   	100000	AssemblyLoader.Client	]	User assembly ignored: C:\_git\core\src\SkunkLab\SkunkLab.Servers\Tcp\SkunkLab.Servers.Tcp\bin\Debug\System.Xml.XmlDocument.dll
	* Assembly contains no types assignable from Orleans.Providers.IProvider.	
[2017-12-18 23:09:15.314 GMT     1	INFO   	100000	AssemblyLoader.Client	]	User assembly ignored: C:\_git\core\src\SkunkLab\SkunkLab.Servers\Tcp\SkunkLab.Servers.Tcp\bin\Debug\System.Xml.XPath.dll
	* Assembly contains no types assignable from Orleans.Providers.IProvider.	
[2017-12-18 23:09:15.326 GMT     1	INFO   	100000	AssemblyLoader.Client	]	User assembly ignored: C:\_git\core\src\SkunkLab\SkunkLab.Servers\Tcp\SkunkLab.Servers.Tcp\bin\Debug\System.Xml.XPath.XDocument.dll
	* Assembly contains no types assignable from Orleans.Providers.IProvider.	
[2017-12-18 23:09:15.381 GMT     1	INFO   	100000	AssemblyLoader.Client	]	Loading assembly C:\_git\core\src\SkunkLab\SkunkLab.Servers\Tcp\SkunkLab.Servers.Tcp\bin\Debug\OrleansProviders.dll...	
[2017-12-18 23:09:15.540 GMT     1	INFO   	100000	AssemblyLoader.Client	]	1 assemblies loaded.	
[2017-12-18 23:09:15.647 GMT     1	INFO   	100313	OutsideRuntimeClient	]	---------- Initializing OutsideRuntimeClient on MININT-2T87D76 at 172.19.176.1 Client Id = *cli/50192cb5 ----------	
[2017-12-18 23:09:15.671 GMT     1	INFO   	100314	OutsideRuntimeClient	]	---------- Starting OutsideRuntimeClient with runtime Version='1.5.2.0 (Release).' in AppDomain=<AppDomain.Id=1, AppDomain.FriendlyName=SkunkLab.Servers.Tcp.exe> Config= 
 Platform version info:
   Orleans version: 1.5.2.0 (Release).
   .NET version: 4.0.30319.42000
   OS version: Microsoft Windows NT 6.2.9200.0
   App config file: C:\_git\core\src\SkunkLab\SkunkLab.Servers\Tcp\SkunkLab.Servers.Tcp\bin\Debug\SkunkLab.Servers.Tcp.exe.Config
   GC Type=Client GCLatencyMode=Interactive
   Host: MININT-2T87D76
   Processor Count: 4
Client Configuration:
   Config File Name: 
   Start time: 2017-12-18 23:09:15.662 GMT
   Gateway Provider: Config
   Gateways[1]:
      127.0.0.1:40000
   Preferred Gateway Index: -1
   GatewayListRefreshPeriod: 00:01:00
   Preferred Address Family: InterNetwork
   DNS Host Name: MININT-2T87D76
   Client Name: Client
   Tracing: 
     Default Trace Level: Info
     TraceLevelOverrides: None
     Trace to Console: True
     Trace File Name: C:\_git\core\src\SkunkLab\SkunkLab.Servers\Tcp\SkunkLab.Servers.Tcp\bin\Debug\Client-2017-12-18-23.08.53.229Z.log
     LargeMessageWarningThreshold: 85000
     PropagateActivityId: False
     BulkMessageLimit: 5
   Statistics: 
     MetricsTableWriteInterval: 00:00:30
     PerfCounterWriteInterval: -00:00:00.0010000
     LogWriteInterval: 00:05:00
     WriteLogStatisticsToTable: True
     StatisticsCollectionLevel: Info
   Messaging:
       Response timeout: 00:30:00
       Maximum resend count: 0
       Resend On Timeout: False
       Maximum Socket Age: 10675199.02:48:05.4775807
       Drop Expired Messages: True
       Client Sender Buckets: 8192
       Buffer Pool Buffer Size: 4096
       Buffer Pool Max Size: 10000
       Buffer Pool Preallocation Size: 250
       Fallback serializer: 
   .NET: 
       .NET thread pool sizes - Min: Worker Threads=4 Completion Port Threads=4
       .NET thread pool sizes - Max: Worker Threads=2047 Completion Port Threads=1000
   Providers:
       No providers configured.
	
[2017-12-18 23:09:15.767 GMT     4	INFO   	101309	Messaging.GatewayManager	]	Found 1 knownGateways from Gateway listProvider [gwy.tcp://127.0.0.1:40000/0]	
[2017-12-18 23:09:15.815 GMT     4	INFO   	100908	Messaging.GatewayConnection/GatewayClientSender_gwy.tcp://127.0.0.1:40000/0	172.19.176.1:0]	Connected to gateway at address gwy.tcp://127.0.0.1:40000/0 on trial 0.	
[2017-12-18 23:09:15.830 GMT    10	INFO   	100000	Messaging.GatewayClientReceiver/gwy.tcp://127.0.0.1:40000/0	172.19.176.1:0]	Starting AsyncAgent Messaging.GatewayClientReceiver/gwy.tcp://127.0.0.1:40000/0 on managed thread 10	
[2017-12-18 23:09:15.830 GMT     9	INFO   	100000	Messaging.GatewayConnection/GatewayClientSender_gwy.tcp://127.0.0.1:40000/0	172.19.176.1:0]	Starting AsyncAgent Messaging.GatewayConnection/GatewayClientSender_gwy.tcp://127.0.0.1:40000/0 on managed thread 9	
[2017-12-18 23:09:15.986 GMT     4	INFO   	100929	OutsideRuntimeClient	172.19.176.1:0]	---------- Started OutsideRuntimeClient with Global Client ID: C172.19.176.1:0:-251334555*cli/50192cb5@2338eca2, client GUID ID: *cli/50192cb5	
