[2017-12-23 22:42:37.221 GMT     1	INFO   	100000	AssemblyLoader.Client	]	Recursively searching for assemblies in C:\_git\core\src\Samples\Clients\Assets\LocalTcpServer\bin\Debug...	
[2017-12-23 22:42:37.837 GMT     1	INFO   	100000	AssemblyLoader.Client	]	User assembly ignored: C:\_git\core\src\Samples\Clients\Assets\LocalTcpServer\bin\Debug\BouncyCastle.Crypto.dll
	* Assembly contains no types assignable from Orleans.Providers.IProvider.	
[2017-12-23 22:42:37.884 GMT     1	INFO   	100000	AssemblyLoader.Client	]	User assembly ignored: C:\_git\core\src\Samples\Clients\Assets\LocalTcpServer\bin\Debug\Capl.dll
	* Assembly contains no types assignable from Orleans.Providers.IProvider.	
[2017-12-23 22:42:37.889 GMT     1	INFO   	100000	AssemblyLoader.Client	]	User assembly ignored: C:\_git\core\src\Samples\Clients\Assets\LocalTcpServer\bin\Debug\Microsoft.Azure.KeyVault.Core.dll
	* Assembly contains no types assignable from Orleans.Providers.IProvider.	
[2017-12-23 22:42:38.417 GMT     1	INFO   	100000	AssemblyLoader.Client	]	User assembly ignored: C:\_git\core\src\Samples\Clients\Assets\LocalTcpServer\bin\Debug\Microsoft.CodeAnalysis.CSharp.dll
	* Assembly contains no types assignable from Orleans.Providers.IProvider.	
[2017-12-23 22:42:38.702 GMT     1	INFO   	100000	AssemblyLoader.Client	]	User assembly ignored: C:\_git\core\src\Samples\Clients\Assets\LocalTcpServer\bin\Debug\Microsoft.CodeAnalysis.dll
	* Assembly contains no types assignable from Orleans.Providers.IProvider.	
[2017-12-23 22:42:38.787 GMT     1	INFO   	100000	AssemblyLoader.Client	]	User assembly ignored: C:\_git\core\src\Samples\Clients\Assets\LocalTcpServer\bin\Debug\Microsoft.Data.Edm.dll
	* Assembly contains no types assignable from Orleans.Providers.IProvider.	
[2017-12-23 22:42:38.909 GMT     1	INFO   	100000	AssemblyLoader.Client	]	User assembly ignored: C:\_git\core\src\Samples\Clients\Assets\LocalTcpServer\bin\Debug\Microsoft.Data.OData.dll
	* Assembly contains no types assignable from Orleans.Providers.IProvider.	
[2017-12-23 22:42:38.976 GMT     1	INFO   	100000	AssemblyLoader.Client	]	User assembly ignored: C:\_git\core\src\Samples\Clients\Assets\LocalTcpServer\bin\Debug\Microsoft.Data.Services.Client.dll
	* Assembly contains no types assignable from Orleans.Providers.IProvider.	
[2017-12-23 22:42:38.992 GMT     1	INFO   	100000	AssemblyLoader.Client	]	User assembly ignored: C:\_git\core\src\Samples\Clients\Assets\LocalTcpServer\bin\Debug\Microsoft.Extensions.DependencyInjection.Abstractions.dll
	* Assembly contains no types assignable from Orleans.Providers.IProvider.	
[2017-12-23 22:42:39.145 GMT     1	INFO   	100000	AssemblyLoader.Client	]	User assembly ignored: C:\_git\core\src\Samples\Clients\Assets\LocalTcpServer\bin\Debug\Microsoft.Extensions.DependencyInjection.dll
	* Assembly contains no types assignable from Orleans.Providers.IProvider.	
[2017-12-23 22:42:39.187 GMT     1	INFO   	100000	AssemblyLoader.Client	]	User assembly ignored: C:\_git\core\src\Samples\Clients\Assets\LocalTcpServer\bin\Debug\Microsoft.IdentityModel.Logging.dll
	* Assembly contains no types assignable from Orleans.Providers.IProvider.	
[2017-12-23 22:42:39.235 GMT     1	INFO   	100000	AssemblyLoader.Client	]	User assembly ignored: C:\_git\core\src\Samples\Clients\Assets\LocalTcpServer\bin\Debug\Microsoft.IdentityModel.Tokens.dll
	* Assembly contains no types assignable from Orleans.Providers.IProvider.	
[2017-12-23 22:42:39.264 GMT     1	INFO   	100000	AssemblyLoader.Client	]	User assembly ignored: C:\_git\core\src\Samples\Clients\Assets\LocalTcpServer\bin\Debug\Microsoft.Win32.Primitives.dll
	* Assembly contains no types assignable from Orleans.Providers.IProvider.	
[2017-12-23 22:42:39.322 GMT     1	INFO   	100000	AssemblyLoader.Client	]	User assembly ignored: C:\_git\core\src\Samples\Clients\Assets\LocalTcpServer\bin\Debug\Microsoft.WindowsAzure.Storage.dll
	* Assembly contains no types assignable from Orleans.Providers.IProvider.	
[2017-12-23 22:42:39.372 GMT     1	INFO   	100000	AssemblyLoader.Client	]	User assembly ignored: C:\_git\core\src\Samples\Clients\Assets\LocalTcpServer\bin\Debug\Newtonsoft.Json.dll
	* Assembly contains no types assignable from Orleans.Providers.IProvider.	
[2017-12-23 22:42:39.383 GMT     1	INFO   	100000	AssemblyLoader.Client	]	User assembly ignored: C:\_git\core\src\Samples\Clients\Assets\LocalTcpServer\bin\Debug\Orleans.dll
	* Assembly filename is excluded.	
[2017-12-23 22:42:39.390 GMT     1	INFO   	100000	AssemblyLoader.Client	]	User assembly ignored: C:\_git\core\src\Samples\Clients\Assets\LocalTcpServer\bin\Debug\OrleansCodeGenerator.dll
	* Assembly contains no types assignable from Orleans.Providers.IProvider.	
[2017-12-23 22:42:39.408 GMT     1	INFO   	100000	AssemblyLoader.Client	]	User assembly ignored: C:\_git\core\src\Samples\Clients\Assets\LocalTcpServer\bin\Debug\OrleansRuntime.dll
	* Assembly filename is excluded.	
[2017-12-23 22:42:39.433 GMT     1	INFO   	100000	AssemblyLoader.Client	]	User assembly ignored: C:\_git\core\src\Samples\Clients\Assets\LocalTcpServer\bin\Debug\Piraeus.Adapters.dll
	* Assembly contains no types assignable from Orleans.Providers.IProvider.	
[2017-12-23 22:42:39.440 GMT     1	INFO   	100000	AssemblyLoader.Client	]	User assembly ignored: C:\_git\core\src\Samples\Clients\Assets\LocalTcpServer\bin\Debug\Piraeus.Configuration.dll
	* Assembly contains no types assignable from Orleans.Providers.IProvider.	
[2017-12-23 22:42:39.449 GMT     1	INFO   	100000	AssemblyLoader.Client	]	User assembly ignored: C:\_git\core\src\Samples\Clients\Assets\LocalTcpServer\bin\Debug\Piraeus.Core.dll
	* Assembly contains no types assignable from Orleans.Providers.IProvider.	
[2017-12-23 22:42:39.455 GMT     1	INFO   	100000	AssemblyLoader.Client	]	User assembly ignored: C:\_git\core\src\Samples\Clients\Assets\LocalTcpServer\bin\Debug\Piraeus.GrainInterfaces.dll
	* Assembly contains no types assignable from Orleans.Providers.IProvider.	
[2017-12-23 22:42:39.469 GMT     1	INFO   	100000	AssemblyLoader.Client	]	User assembly ignored: C:\_git\core\src\Samples\Clients\Assets\LocalTcpServer\bin\Debug\Piraeus.Grains.dll
	* Assembly contains no types assignable from Orleans.Providers.IProvider.	
[2017-12-23 22:42:39.494 GMT     1	INFO   	100000	AssemblyLoader.Client	]	User assembly ignored: C:\_git\core\src\Samples\Clients\Assets\LocalTcpServer\bin\Debug\SkunkLab.Channels.dll
	* Assembly contains no types assignable from Orleans.Providers.IProvider.	
[2017-12-23 22:42:39.507 GMT     1	INFO   	100000	AssemblyLoader.Client	]	User assembly ignored: C:\_git\core\src\Samples\Clients\Assets\LocalTcpServer\bin\Debug\SkunkLab.Diagnostics.dll
	* Assembly contains no types assignable from Orleans.Providers.IProvider.	
[2017-12-23 22:42:39.527 GMT     1	INFO   	100000	AssemblyLoader.Client	]	User assembly ignored: C:\_git\core\src\Samples\Clients\Assets\LocalTcpServer\bin\Debug\SkunkLab.Protocols.dll
	* Assembly contains no types assignable from Orleans.Providers.IProvider.	
[2017-12-23 22:42:39.546 GMT     1	INFO   	100000	AssemblyLoader.Client	]	User assembly ignored: C:\_git\core\src\Samples\Clients\Assets\LocalTcpServer\bin\Debug\SkunkLab.Security.dll
	* Assembly contains no types assignable from Orleans.Providers.IProvider.	
[2017-12-23 22:42:39.552 GMT     1	INFO   	100000	AssemblyLoader.Client	]	User assembly ignored: C:\_git\core\src\Samples\Clients\Assets\LocalTcpServer\bin\Debug\SkunkLab.Servers.dll
	* Assembly contains no types assignable from Orleans.Providers.IProvider.	
[2017-12-23 22:42:39.594 GMT     1	INFO   	100000	AssemblyLoader.Client	]	User assembly ignored: C:\_git\core\src\Samples\Clients\Assets\LocalTcpServer\bin\Debug\StackExchange.Redis.dll
	* Assembly contains no types assignable from Orleans.Providers.IProvider.	
[2017-12-23 22:42:39.602 GMT     1	INFO   	100000	AssemblyLoader.Client	]	User assembly ignored: C:\_git\core\src\Samples\Clients\Assets\LocalTcpServer\bin\Debug\System.AppContext.dll
	* Assembly contains no types assignable from Orleans.Providers.IProvider.	
[2017-12-23 22:42:39.638 GMT     1	INFO   	100000	AssemblyLoader.Client	]	User assembly ignored: C:\_git\core\src\Samples\Clients\Assets\LocalTcpServer\bin\Debug\System.Collections.Immutable.dll
	* Assembly contains no types assignable from Orleans.Providers.IProvider.	
[2017-12-23 22:42:39.645 GMT     1	INFO   	100000	AssemblyLoader.Client	]	User assembly ignored: C:\_git\core\src\Samples\Clients\Assets\LocalTcpServer\bin\Debug\System.Console.dll
	* Assembly contains no types assignable from Orleans.Providers.IProvider.	
[2017-12-23 22:42:39.657 GMT     1	INFO   	100000	AssemblyLoader.Client	]	User assembly ignored: C:\_git\core\src\Samples\Clients\Assets\LocalTcpServer\bin\Debug\System.Diagnostics.DiagnosticSource.dll
	* Assembly contains no types assignable from Orleans.Providers.IProvider.	
[2017-12-23 22:42:39.665 GMT     1	INFO   	100000	AssemblyLoader.Client	]	User assembly ignored: C:\_git\core\src\Samples\Clients\Assets\LocalTcpServer\bin\Debug\System.Diagnostics.FileVersionInfo.dll
	* Assembly contains no types assignable from Orleans.Providers.IProvider.	
[2017-12-23 22:42:39.671 GMT     1	INFO   	100000	AssemblyLoader.Client	]	User assembly ignored: C:\_git\core\src\Samples\Clients\Assets\LocalTcpServer\bin\Debug\System.Diagnostics.StackTrace.dll
	* Assembly contains no types assignable from Orleans.Providers.IProvider.	
[2017-12-23 22:42:39.680 GMT     1	INFO   	100000	AssemblyLoader.Client	]	User assembly ignored: C:\_git\core\src\Samples\Clients\Assets\LocalTcpServer\bin\Debug\System.Globalization.Calendars.dll
	* Assembly contains no types assignable from Orleans.Providers.IProvider.	
[2017-12-23 22:42:39.690 GMT     1	INFO   	100000	AssemblyLoader.Client	]	User assembly ignored: C:\_git\core\src\Samples\Clients\Assets\LocalTcpServer\bin\Debug\System.IdentityModel.Tokens.Jwt.dll
	* Assembly contains no types assignable from Orleans.Providers.IProvider.	
[2017-12-23 22:42:39.704 GMT     1	INFO   	100000	AssemblyLoader.Client	]	User assembly ignored: C:\_git\core\src\Samples\Clients\Assets\LocalTcpServer\bin\Debug\System.IO.Compression.dll
	* Assembly contains no types assignable from Orleans.Providers.IProvider.	
[2017-12-23 22:42:39.721 GMT     1	INFO   	100000	AssemblyLoader.Client	]	User assembly ignored: C:\_git\core\src\Samples\Clients\Assets\LocalTcpServer\bin\Debug\System.IO.Compression.ZipFile.dll
	* Assembly contains no types assignable from Orleans.Providers.IProvider.	
[2017-12-23 22:42:39.727 GMT     1	INFO   	100000	AssemblyLoader.Client	]	User assembly ignored: C:\_git\core\src\Samples\Clients\Assets\LocalTcpServer\bin\Debug\System.IO.FileSystem.dll
	* Assembly contains no types assignable from Orleans.Providers.IProvider.	
[2017-12-23 22:42:39.758 GMT     1	INFO   	100000	AssemblyLoader.Client	]	User assembly ignored: C:\_git\core\src\Samples\Clients\Assets\LocalTcpServer\bin\Debug\System.IO.FileSystem.Primitives.dll
	* Assembly contains no types assignable from Orleans.Providers.IProvider.	
[2017-12-23 22:42:39.775 GMT     1	INFO   	100000	AssemblyLoader.Client	]	User assembly ignored: C:\_git\core\src\Samples\Clients\Assets\LocalTcpServer\bin\Debug\System.Net.Http.dll
	* Assembly contains no types assignable from Orleans.Providers.IProvider.	
[2017-12-23 22:42:39.793 GMT     1	INFO   	100000	AssemblyLoader.Client	]	User assembly ignored: C:\_git\core\src\Samples\Clients\Assets\LocalTcpServer\bin\Debug\System.Net.Http.Formatting.dll
	* Assembly contains no types assignable from Orleans.Providers.IProvider.	
[2017-12-23 22:42:39.799 GMT     1	INFO   	100000	AssemblyLoader.Client	]	User assembly ignored: C:\_git\core\src\Samples\Clients\Assets\LocalTcpServer\bin\Debug\System.Net.Sockets.dll
	* Assembly contains no types assignable from Orleans.Providers.IProvider.	
[2017-12-23 22:42:39.861 GMT     1	INFO   	100000	AssemblyLoader.Client	]	User assembly ignored: C:\_git\core\src\Samples\Clients\Assets\LocalTcpServer\bin\Debug\System.Reflection.Metadata.dll
	* Assembly contains no types assignable from Orleans.Providers.IProvider.	
[2017-12-23 22:42:39.878 GMT     1	INFO   	100000	AssemblyLoader.Client	]	User assembly ignored: C:\_git\core\src\Samples\Clients\Assets\LocalTcpServer\bin\Debug\System.Runtime.InteropServices.RuntimeInformation.dll
	* Assembly contains no types assignable from Orleans.Providers.IProvider.	
[2017-12-23 22:42:39.917 GMT     1	INFO   	100000	AssemblyLoader.Client	]	User assembly ignored: C:\_git\core\src\Samples\Clients\Assets\LocalTcpServer\bin\Debug\System.Security.Cryptography.Algorithms.dll
	* Assembly contains no types assignable from Orleans.Providers.IProvider.	
[2017-12-23 22:42:39.938 GMT     1	INFO   	100000	AssemblyLoader.Client	]	User assembly ignored: C:\_git\core\src\Samples\Clients\Assets\LocalTcpServer\bin\Debug\System.Security.Cryptography.Encoding.dll
	* Assembly contains no types assignable from Orleans.Providers.IProvider.	
[2017-12-23 22:42:39.971 GMT     1	INFO   	100000	AssemblyLoader.Client	]	User assembly ignored: C:\_git\core\src\Samples\Clients\Assets\LocalTcpServer\bin\Debug\System.Security.Cryptography.Primitives.dll
	* Assembly contains no types assignable from Orleans.Providers.IProvider.	
[2017-12-23 22:42:40.006 GMT     1	INFO   	100000	AssemblyLoader.Client	]	User assembly ignored: C:\_git\core\src\Samples\Clients\Assets\LocalTcpServer\bin\Debug\System.Security.Cryptography.X509Certificates.dll
	* Assembly contains no types assignable from Orleans.Providers.IProvider.	
[2017-12-23 22:42:40.044 GMT     1	INFO   	100000	AssemblyLoader.Client	]	User assembly ignored: C:\_git\core\src\Samples\Clients\Assets\LocalTcpServer\bin\Debug\System.Spatial.dll
	* Assembly contains no types assignable from Orleans.Providers.IProvider.	
[2017-12-23 22:42:40.066 GMT     1	INFO   	100000	AssemblyLoader.Client	]	User assembly ignored: C:\_git\core\src\Samples\Clients\Assets\LocalTcpServer\bin\Debug\System.Text.Encoding.CodePages.dll
	* Assembly contains no types assignable from Orleans.Providers.IProvider.	
[2017-12-23 22:42:40.102 GMT     1	INFO   	100000	AssemblyLoader.Client	]	User assembly ignored: C:\_git\core\src\Samples\Clients\Assets\LocalTcpServer\bin\Debug\System.Threading.Thread.dll
	* Assembly contains no types assignable from Orleans.Providers.IProvider.	
[2017-12-23 22:42:40.166 GMT     1	INFO   	100000	AssemblyLoader.Client	]	User assembly ignored: C:\_git\core\src\Samples\Clients\Assets\LocalTcpServer\bin\Debug\System.ValueTuple.dll
	* Assembly contains no types assignable from Orleans.Providers.IProvider.	
[2017-12-23 22:42:40.220 GMT     1	INFO   	100000	AssemblyLoader.Client	]	User assembly ignored: C:\_git\core\src\Samples\Clients\Assets\LocalTcpServer\bin\Debug\System.Web.Http.dll
	* Assembly contains no types assignable from Orleans.Providers.IProvider.	
[2017-12-23 22:42:40.251 GMT     1	INFO   	100000	AssemblyLoader.Client	]	User assembly ignored: C:\_git\core\src\Samples\Clients\Assets\LocalTcpServer\bin\Debug\System.Web.Http.WebHost.dll
	* Assembly contains no types assignable from Orleans.Providers.IProvider.	
[2017-12-23 22:42:40.257 GMT     1	INFO   	100000	AssemblyLoader.Client	]	User assembly ignored: C:\_git\core\src\Samples\Clients\Assets\LocalTcpServer\bin\Debug\System.Xml.ReaderWriter.dll
	* Assembly contains no types assignable from Orleans.Providers.IProvider.	
[2017-12-23 22:42:40.262 GMT     1	INFO   	100000	AssemblyLoader.Client	]	User assembly ignored: C:\_git\core\src\Samples\Clients\Assets\LocalTcpServer\bin\Debug\System.Xml.XmlDocument.dll
	* Assembly contains no types assignable from Orleans.Providers.IProvider.	
[2017-12-23 22:42:40.269 GMT     1	INFO   	100000	AssemblyLoader.Client	]	User assembly ignored: C:\_git\core\src\Samples\Clients\Assets\LocalTcpServer\bin\Debug\System.Xml.XPath.dll
	* Assembly contains no types assignable from Orleans.Providers.IProvider.	
[2017-12-23 22:42:40.277 GMT     1	INFO   	100000	AssemblyLoader.Client	]	User assembly ignored: C:\_git\core\src\Samples\Clients\Assets\LocalTcpServer\bin\Debug\System.Xml.XPath.XDocument.dll
	* Assembly contains no types assignable from Orleans.Providers.IProvider.	
[2017-12-23 22:42:40.289 GMT     1	INFO   	100000	AssemblyLoader.Client	]	Loading assembly C:\_git\core\src\Samples\Clients\Assets\LocalTcpServer\bin\Debug\OrleansProviders.dll...	
[2017-12-23 22:42:40.363 GMT     1	INFO   	100000	AssemblyLoader.Client	]	1 assemblies loaded.	
[2017-12-23 22:42:40.619 GMT     1	INFO   	100313	OutsideRuntimeClient	]	---------- Initializing OutsideRuntimeClient on MININT-2T87D76 at 172.19.114.29 Client Id = *cli/918474a5 ----------	
[2017-12-23 22:42:40.674 GMT     1	INFO   	100314	OutsideRuntimeClient	]	---------- Starting OutsideRuntimeClient with runtime Version='1.5.2.0 (Release).' in AppDomain=<AppDomain.Id=1, AppDomain.FriendlyName=LocalTcpServer.exe> Config= 
 Platform version info:
   Orleans version: 1.5.2.0 (Release).
   .NET version: 4.0.30319.42000
   OS version: Microsoft Windows NT 6.2.9200.0
   App config file: C:\_git\core\src\Samples\Clients\Assets\LocalTcpServer\bin\Debug\LocalTcpServer.exe.Config
   GC Type=Client GCLatencyMode=Interactive
   Host: MININT-2T87D76
   Processor Count: 4
Client Configuration:
   Config File Name: 
   Start time: 2017-12-23 22:42:40.665 GMT
   Gateway Provider: Config
   Gateways[1]:
      127.0.0.1:40000
   Preferred Gateway Index: -1
   GatewayListRefreshPeriod: 00:01:00
   Preferred Address Family: InterNetwork
   DNS Host Name: MININT-2T87D76
   Client Name: Client
   Tracing: 
     Default Trace Level: Info
     TraceLevelOverrides: None
     Trace to Console: True
     Trace File Name: C:\_git\core\src\Samples\Clients\Assets\LocalTcpServer\bin\Debug\Client-2017-12-23-22.42.31.728Z.log
     LargeMessageWarningThreshold: 85000
     PropagateActivityId: False
     BulkMessageLimit: 5
   Statistics: 
     MetricsTableWriteInterval: 00:00:30
     PerfCounterWriteInterval: -00:00:00.0010000
     LogWriteInterval: 00:05:00
     WriteLogStatisticsToTable: True
     StatisticsCollectionLevel: Info
   Messaging:
       Response timeout: 00:30:00
       Maximum resend count: 0
       Resend On Timeout: False
       Maximum Socket Age: 10675199.02:48:05.4775807
       Drop Expired Messages: True
       Client Sender Buckets: 8192
       Buffer Pool Buffer Size: 4096
       Buffer Pool Max Size: 10000
       Buffer Pool Preallocation Size: 250
       Fallback serializer: 
   .NET: 
       .NET thread pool sizes - Min: Worker Threads=4 Completion Port Threads=4
       .NET thread pool sizes - Max: Worker Threads=2047 Completion Port Threads=1000
   Providers:
       No providers configured.
	
[2017-12-23 22:42:40.856 GMT     4	INFO   	101309	Messaging.GatewayManager	]	Found 1 knownGateways from Gateway listProvider [gwy.tcp://127.0.0.1:40000/0]	
[2017-12-23 22:42:40.929 GMT     4	INFO   	100908	Messaging.GatewayConnection/GatewayClientSender_gwy.tcp://127.0.0.1:40000/0	172.19.114.29:0]	Connected to gateway at address gwy.tcp://127.0.0.1:40000/0 on trial 0.	
[2017-12-23 22:42:40.969 GMT     9	INFO   	100000	Messaging.GatewayConnection/GatewayClientSender_gwy.tcp://127.0.0.1:40000/0	172.19.114.29:0]	Starting AsyncAgent Messaging.GatewayConnection/GatewayClientSender_gwy.tcp://127.0.0.1:40000/0 on managed thread 9	
[2017-12-23 22:42:40.964 GMT    10	INFO   	100000	Messaging.GatewayClientReceiver/gwy.tcp://127.0.0.1:40000/0	172.19.114.29:0]	Starting AsyncAgent Messaging.GatewayClientReceiver/gwy.tcp://127.0.0.1:40000/0 on managed thread 10	
[2017-12-23 22:42:41.187 GMT     7	INFO   	100929	OutsideRuntimeClient	172.19.114.29:0]	---------- Started OutsideRuntimeClient with Global Client ID: C172.19.114.29:0:-251764960*cli/918474a5@cdb0fe8d, client GUID ID: *cli/918474a5	
[2017-12-23 22:43:40.869 GMT     5	INFO   	101309	Messaging.GatewayManager	172.19.114.29:0]	Refreshed the live Gateway list. Found 1 gateways from Gateway listProvider: [gwy.tcp://127.0.0.1:40000/0]. Picked only known live out of them. Now has 1 live Gateways: [gwy.tcp://127.0.0.1:40000/0]. Previous refresh time was = 12/23/2017 10:42:40 PM	
[2017-12-23 22:43:51.497 GMT     5	ERROR  	100927	OutsideRuntimeClient	172.19.114.29:0]	!!!!!!!!!! Exception during invocation of notification method -1372484765, interface -1543216846. Ignoring exception because this is a one way request.	
Exc level 0: System.NullReferenceException: Object reference not set to an instance of an object.
   at SkunkLab.Protocols.Mqtt.MqttQuarantineTimer.NewId() in C:\_git\core\src\SkunkLab\SkunkLab.Protocols\SkunkLab.Protocols\Mqtt\MqttQuarantineTimer.cs:line 34
   at Piraeus.Adapters.ProtocolTransition.ConvertToMqtt(MqttSession session, EventMessage message) in C:\_git\core\src\Piraeus\Piraeus.Adapters\ProtocolTransition.cs:line 38
   at Piraeus.Adapters.MqttProtocolAdapter.Adapter_OnObserve(Object sender, ObserveMessageEventArgs e) in C:\_git\core\src\Piraeus\Piraeus.Adapters\MqttProtocolAdapter.cs:line 95
   at Piraeus.Adapters.OrleansAdapter.Observer_OnNotify(Object sender, MessageNotificationArgs e) in C:\_git\core\src\Piraeus\Piraeus.Adapters\OrleansAdapter.cs:line 273
   at Piraeus.Grains.MessageObserver.Notify(EventMessage message) in C:\_git\core\src\Piraeus\Piraeus.Grains\MessageObserver.cs:line 17
   at Piraeus.GrainInterfaces.OrleansCodeGenMessageObserverMethodInvoker.Invoke(IAddressable grain, InvokeMethodRequest request) in C:\_git\core\src\Piraeus\Piraeus.GrainInterfaces\obj\Release\Piraeus.GrainInterfaces.orleans.g.cs:line 478
   at Orleans.OutsideRuntimeClient.<LocalObjectMessagePumpAsync>d__69.MoveNext()
[2017-12-23 22:43:51.571 GMT     5	ERROR  	100927	OutsideRuntimeClient	172.19.114.29:0]	!!!!!!!!!! Exception during invocation of notification method -1372484765, interface -1543216846. Ignoring exception because this is a one way request.	
Exc level 0: System.NullReferenceException: Object reference not set to an instance of an object.
   at SkunkLab.Protocols.Mqtt.MqttQuarantineTimer.NewId() in C:\_git\core\src\SkunkLab\SkunkLab.Protocols\SkunkLab.Protocols\Mqtt\MqttQuarantineTimer.cs:line 34
   at Piraeus.Adapters.ProtocolTransition.ConvertToMqtt(MqttSession session, EventMessage message) in C:\_git\core\src\Piraeus\Piraeus.Adapters\ProtocolTransition.cs:line 38
   at Piraeus.Adapters.MqttProtocolAdapter.Adapter_OnObserve(Object sender, ObserveMessageEventArgs e) in C:\_git\core\src\Piraeus\Piraeus.Adapters\MqttProtocolAdapter.cs:line 95
   at Piraeus.Adapters.OrleansAdapter.Observer_OnNotify(Object sender, MessageNotificationArgs e) in C:\_git\core\src\Piraeus\Piraeus.Adapters\OrleansAdapter.cs:line 273
   at Piraeus.Grains.MessageObserver.Notify(EventMessage message) in C:\_git\core\src\Piraeus\Piraeus.Grains\MessageObserver.cs:line 17
   at Piraeus.GrainInterfaces.OrleansCodeGenMessageObserverMethodInvoker.Invoke(IAddressable grain, InvokeMethodRequest request) in C:\_git\core\src\Piraeus\Piraeus.GrainInterfaces\obj\Release\Piraeus.GrainInterfaces.orleans.g.cs:line 478
   at Orleans.OutsideRuntimeClient.<LocalObjectMessagePumpAsync>d__69.MoveNext()
[2017-12-23 22:43:51.606 GMT     5	ERROR  	100927	OutsideRuntimeClient	172.19.114.29:0]	!!!!!!!!!! Exception during invocation of notification method -1372484765, interface -1543216846. Ignoring exception because this is a one way request.	
Exc level 0: System.NullReferenceException: Object reference not set to an instance of an object.
   at SkunkLab.Protocols.Mqtt.MqttQuarantineTimer.NewId() in C:\_git\core\src\SkunkLab\SkunkLab.Protocols\SkunkLab.Protocols\Mqtt\MqttQuarantineTimer.cs:line 34
   at Piraeus.Adapters.ProtocolTransition.ConvertToMqtt(MqttSession session, EventMessage message) in C:\_git\core\src\Piraeus\Piraeus.Adapters\ProtocolTransition.cs:line 38
   at Piraeus.Adapters.MqttProtocolAdapter.Adapter_OnObserve(Object sender, ObserveMessageEventArgs e) in C:\_git\core\src\Piraeus\Piraeus.Adapters\MqttProtocolAdapter.cs:line 95
   at Piraeus.Adapters.OrleansAdapter.Observer_OnNotify(Object sender, MessageNotificationArgs e) in C:\_git\core\src\Piraeus\Piraeus.Adapters\OrleansAdapter.cs:line 273
   at Piraeus.Grains.MessageObserver.Notify(EventMessage message) in C:\_git\core\src\Piraeus\Piraeus.Grains\MessageObserver.cs:line 17
   at Piraeus.GrainInterfaces.OrleansCodeGenMessageObserverMethodInvoker.Invoke(IAddressable grain, InvokeMethodRequest request) in C:\_git\core\src\Piraeus\Piraeus.GrainInterfaces\obj\Release\Piraeus.GrainInterfaces.orleans.g.cs:line 478
   at Orleans.OutsideRuntimeClient.<LocalObjectMessagePumpAsync>d__69.MoveNext()
[2017-12-23 22:43:51.643 GMT     5	ERROR  	100927	OutsideRuntimeClient	172.19.114.29:0]	!!!!!!!!!! Exception during invocation of notification method -1372484765, interface -1543216846. Ignoring exception because this is a one way request.	
Exc level 0: System.NullReferenceException: Object reference not set to an instance of an object.
   at SkunkLab.Protocols.Mqtt.MqttQuarantineTimer.NewId() in C:\_git\core\src\SkunkLab\SkunkLab.Protocols\SkunkLab.Protocols\Mqtt\MqttQuarantineTimer.cs:line 34
   at Piraeus.Adapters.ProtocolTransition.ConvertToMqtt(MqttSession session, EventMessage message) in C:\_git\core\src\Piraeus\Piraeus.Adapters\ProtocolTransition.cs:line 38
   at Piraeus.Adapters.MqttProtocolAdapter.Adapter_OnObserve(Object sender, ObserveMessageEventArgs e) in C:\_git\core\src\Piraeus\Piraeus.Adapters\MqttProtocolAdapter.cs:line 95
   at Piraeus.Adapters.OrleansAdapter.Observer_OnNotify(Object sender, MessageNotificationArgs e) in C:\_git\core\src\Piraeus\Piraeus.Adapters\OrleansAdapter.cs:line 273
   at Piraeus.Grains.MessageObserver.Notify(EventMessage message) in C:\_git\core\src\Piraeus\Piraeus.Grains\MessageObserver.cs:line 17
   at Piraeus.GrainInterfaces.OrleansCodeGenMessageObserverMethodInvoker.Invoke(IAddressable grain, InvokeMethodRequest request) in C:\_git\core\src\Piraeus\Piraeus.GrainInterfaces\obj\Release\Piraeus.GrainInterfaces.orleans.g.cs:line 478
   at Orleans.OutsideRuntimeClient.<LocalObjectMessagePumpAsync>d__69.MoveNext()
[2017-12-23 22:43:51.667 GMT     5	ERROR  	100927	OutsideRuntimeClient	172.19.114.29:0]	!!!!!!!!!! Exception during invocation of notification method -1372484765, interface -1543216846. Ignoring exception because this is a one way request.	
Exc level 0: System.NullReferenceException: Object reference not set to an instance of an object.
   at SkunkLab.Protocols.Mqtt.MqttQuarantineTimer.NewId() in C:\_git\core\src\SkunkLab\SkunkLab.Protocols\SkunkLab.Protocols\Mqtt\MqttQuarantineTimer.cs:line 34
   at Piraeus.Adapters.ProtocolTransition.ConvertToMqtt(MqttSession session, EventMessage message) in C:\_git\core\src\Piraeus\Piraeus.Adapters\ProtocolTransition.cs:line 38
   at Piraeus.Adapters.MqttProtocolAdapter.Adapter_OnObserve(Object sender, ObserveMessageEventArgs e) in C:\_git\core\src\Piraeus\Piraeus.Adapters\MqttProtocolAdapter.cs:line 95
   at Piraeus.Adapters.OrleansAdapter.Observer_OnNotify(Object sender, MessageNotificationArgs e) in C:\_git\core\src\Piraeus\Piraeus.Adapters\OrleansAdapter.cs:line 273
   at Piraeus.Grains.MessageObserver.Notify(EventMessage message) in C:\_git\core\src\Piraeus\Piraeus.Grains\MessageObserver.cs:line 17
   at Piraeus.GrainInterfaces.OrleansCodeGenMessageObserverMethodInvoker.Invoke(IAddressable grain, InvokeMethodRequest request) in C:\_git\core\src\Piraeus\Piraeus.GrainInterfaces\obj\Release\Piraeus.GrainInterfaces.orleans.g.cs:line 478
   at Orleans.OutsideRuntimeClient.<LocalObjectMessagePumpAsync>d__69.MoveNext()
[2017-12-23 22:44:40.889 GMT     4	INFO   	101309	Messaging.GatewayManager	172.19.114.29:0]	Refreshed the live Gateway list. Found 1 gateways from Gateway listProvider: [gwy.tcp://127.0.0.1:40000/0]. Picked only known live out of them. Now has 1 live Gateways: [gwy.tcp://127.0.0.1:40000/0]. Previous refresh time was = 12/23/2017 10:43:40 PM	
[2017-12-23 22:45:40.915 GMT     4	INFO   	101309	Messaging.GatewayManager	172.19.114.29:0]	Refreshed the live Gateway list. Found 1 gateways from Gateway listProvider: [gwy.tcp://127.0.0.1:40000/0]. Picked only known live out of them. Now has 1 live Gateways: [gwy.tcp://127.0.0.1:40000/0]. Previous refresh time was = 12/23/2017 10:44:40 PM	
