[2017-12-21 13:00:05.560 GMT     1	INFO   	100000	AssemblyLoader.Client	]	Recursively searching for assemblies in C:\_git\core\src\Samples\Clients\Assets\LocalTcpServer\bin\Debug...	
[2017-12-21 13:00:05.979 GMT     1	INFO   	100000	AssemblyLoader.Client	]	User assembly ignored: C:\_git\core\src\Samples\Clients\Assets\LocalTcpServer\bin\Debug\BouncyCastle.Crypto.dll
	* Assembly contains no types assignable from Orleans.Providers.IProvider.	
[2017-12-21 13:00:06.011 GMT     1	INFO   	100000	AssemblyLoader.Client	]	User assembly ignored: C:\_git\core\src\Samples\Clients\Assets\LocalTcpServer\bin\Debug\Capl.dll
	* Assembly contains no types assignable from Orleans.Providers.IProvider.	
[2017-12-21 13:00:06.014 GMT     1	INFO   	100000	AssemblyLoader.Client	]	User assembly ignored: C:\_git\core\src\Samples\Clients\Assets\LocalTcpServer\bin\Debug\Microsoft.Azure.KeyVault.Core.dll
	* Assembly contains no types assignable from Orleans.Providers.IProvider.	
[2017-12-21 13:00:06.670 GMT     1	INFO   	100000	AssemblyLoader.Client	]	User assembly ignored: C:\_git\core\src\Samples\Clients\Assets\LocalTcpServer\bin\Debug\Microsoft.CodeAnalysis.CSharp.dll
	* Assembly contains no types assignable from Orleans.Providers.IProvider.	
[2017-12-21 13:00:08.455 GMT     1	INFO   	100000	AssemblyLoader.Client	]	User assembly ignored: C:\_git\core\src\Samples\Clients\Assets\LocalTcpServer\bin\Debug\Microsoft.CodeAnalysis.dll
	* Assembly contains no types assignable from Orleans.Providers.IProvider.	
[2017-12-21 13:00:09.110 GMT     1	INFO   	100000	AssemblyLoader.Client	]	User assembly ignored: C:\_git\core\src\Samples\Clients\Assets\LocalTcpServer\bin\Debug\Microsoft.Data.Edm.dll
	* Assembly contains no types assignable from Orleans.Providers.IProvider.	
[2017-12-21 13:00:09.704 GMT     1	INFO   	100000	AssemblyLoader.Client	]	User assembly ignored: C:\_git\core\src\Samples\Clients\Assets\LocalTcpServer\bin\Debug\Microsoft.Data.OData.dll
	* Assembly contains no types assignable from Orleans.Providers.IProvider.	
[2017-12-21 13:00:10.116 GMT     1	INFO   	100000	AssemblyLoader.Client	]	User assembly ignored: C:\_git\core\src\Samples\Clients\Assets\LocalTcpServer\bin\Debug\Microsoft.Data.Services.Client.dll
	* Assembly contains no types assignable from Orleans.Providers.IProvider.	
[2017-12-21 13:00:10.443 GMT     1	INFO   	100000	AssemblyLoader.Client	]	User assembly ignored: C:\_git\core\src\Samples\Clients\Assets\LocalTcpServer\bin\Debug\Microsoft.Extensions.DependencyInjection.Abstractions.dll
	* Assembly contains no types assignable from Orleans.Providers.IProvider.	
[2017-12-21 13:00:11.571 GMT     1	INFO   	100000	AssemblyLoader.Client	]	User assembly ignored: C:\_git\core\src\Samples\Clients\Assets\LocalTcpServer\bin\Debug\Microsoft.Extensions.DependencyInjection.dll
	* Assembly contains no types assignable from Orleans.Providers.IProvider.	
[2017-12-21 13:00:12.013 GMT     1	INFO   	100000	AssemblyLoader.Client	]	User assembly ignored: C:\_git\core\src\Samples\Clients\Assets\LocalTcpServer\bin\Debug\Microsoft.IdentityModel.Logging.dll
	* Assembly contains no types assignable from Orleans.Providers.IProvider.	
[2017-12-21 13:00:12.438 GMT     1	INFO   	100000	AssemblyLoader.Client	]	User assembly ignored: C:\_git\core\src\Samples\Clients\Assets\LocalTcpServer\bin\Debug\Microsoft.IdentityModel.Tokens.dll
	* Assembly contains no types assignable from Orleans.Providers.IProvider.	
[2017-12-21 13:00:12.910 GMT     1	INFO   	100000	AssemblyLoader.Client	]	User assembly ignored: C:\_git\core\src\Samples\Clients\Assets\LocalTcpServer\bin\Debug\Microsoft.Win32.Primitives.dll
	* Assembly contains no types assignable from Orleans.Providers.IProvider.	
[2017-12-21 13:00:13.381 GMT     1	INFO   	100000	AssemblyLoader.Client	]	User assembly ignored: C:\_git\core\src\Samples\Clients\Assets\LocalTcpServer\bin\Debug\Microsoft.WindowsAzure.Storage.dll
	* Assembly contains no types assignable from Orleans.Providers.IProvider.	
[2017-12-21 13:00:13.807 GMT     1	INFO   	100000	AssemblyLoader.Client	]	User assembly ignored: C:\_git\core\src\Samples\Clients\Assets\LocalTcpServer\bin\Debug\Newtonsoft.Json.dll
	* Assembly contains no types assignable from Orleans.Providers.IProvider.	
[2017-12-21 13:00:14.055 GMT     1	INFO   	100000	AssemblyLoader.Client	]	User assembly ignored: C:\_git\core\src\Samples\Clients\Assets\LocalTcpServer\bin\Debug\Orleans.dll
	* Assembly filename is excluded.	
[2017-12-21 13:00:14.154 GMT     1	INFO   	100000	AssemblyLoader.Client	]	User assembly ignored: C:\_git\core\src\Samples\Clients\Assets\LocalTcpServer\bin\Debug\OrleansCodeGenerator.dll
	* Assembly contains no types assignable from Orleans.Providers.IProvider.	
[2017-12-21 13:00:14.241 GMT     1	INFO   	100000	AssemblyLoader.Client	]	User assembly ignored: C:\_git\core\src\Samples\Clients\Assets\LocalTcpServer\bin\Debug\OrleansRuntime.dll
	* Assembly filename is excluded.	
[2017-12-21 13:00:14.300 GMT     1	INFO   	100000	AssemblyLoader.Client	]	User assembly ignored: C:\_git\core\src\Samples\Clients\Assets\LocalTcpServer\bin\Debug\Piraeus.Adapters.dll
	* Assembly contains no types assignable from Orleans.Providers.IProvider.	
[2017-12-21 13:00:14.404 GMT     1	INFO   	100000	AssemblyLoader.Client	]	User assembly ignored: C:\_git\core\src\Samples\Clients\Assets\LocalTcpServer\bin\Debug\Piraeus.Configuration.dll
	* Assembly contains no types assignable from Orleans.Providers.IProvider.	
[2017-12-21 13:00:14.493 GMT     1	INFO   	100000	AssemblyLoader.Client	]	User assembly ignored: C:\_git\core\src\Samples\Clients\Assets\LocalTcpServer\bin\Debug\Piraeus.Core.dll
	* Assembly contains no types assignable from Orleans.Providers.IProvider.	
[2017-12-21 13:00:14.566 GMT     1	INFO   	100000	AssemblyLoader.Client	]	User assembly ignored: C:\_git\core\src\Samples\Clients\Assets\LocalTcpServer\bin\Debug\Piraeus.GrainInterfaces.dll
	* Assembly contains no types assignable from Orleans.Providers.IProvider.	
[2017-12-21 13:00:14.644 GMT     1	INFO   	100000	AssemblyLoader.Client	]	User assembly ignored: C:\_git\core\src\Samples\Clients\Assets\LocalTcpServer\bin\Debug\Piraeus.Grains.dll
	* Assembly contains no types assignable from Orleans.Providers.IProvider.	
[2017-12-21 13:00:14.746 GMT     1	INFO   	100000	AssemblyLoader.Client	]	User assembly ignored: C:\_git\core\src\Samples\Clients\Assets\LocalTcpServer\bin\Debug\SkunkLab.Channels.dll
	* Assembly contains no types assignable from Orleans.Providers.IProvider.	
[2017-12-21 13:00:14.824 GMT     1	INFO   	100000	AssemblyLoader.Client	]	User assembly ignored: C:\_git\core\src\Samples\Clients\Assets\LocalTcpServer\bin\Debug\SkunkLab.Diagnostics.dll
	* Assembly contains no types assignable from Orleans.Providers.IProvider.	
[2017-12-21 13:00:14.901 GMT     1	INFO   	100000	AssemblyLoader.Client	]	User assembly ignored: C:\_git\core\src\Samples\Clients\Assets\LocalTcpServer\bin\Debug\SkunkLab.Protocols.dll
	* Assembly contains no types assignable from Orleans.Providers.IProvider.	
[2017-12-21 13:00:15.059 GMT     1	INFO   	100000	AssemblyLoader.Client	]	User assembly ignored: C:\_git\core\src\Samples\Clients\Assets\LocalTcpServer\bin\Debug\SkunkLab.Security.dll
	* Assembly contains no types assignable from Orleans.Providers.IProvider.	
[2017-12-21 13:00:15.162 GMT     1	INFO   	100000	AssemblyLoader.Client	]	User assembly ignored: C:\_git\core\src\Samples\Clients\Assets\LocalTcpServer\bin\Debug\SkunkLab.Servers.dll
	* Assembly contains no types assignable from Orleans.Providers.IProvider.	
[2017-12-21 13:00:15.276 GMT     1	INFO   	100000	AssemblyLoader.Client	]	User assembly ignored: C:\_git\core\src\Samples\Clients\Assets\LocalTcpServer\bin\Debug\StackExchange.Redis.dll
	* Assembly contains no types assignable from Orleans.Providers.IProvider.	
[2017-12-21 13:00:15.363 GMT     1	INFO   	100000	AssemblyLoader.Client	]	User assembly ignored: C:\_git\core\src\Samples\Clients\Assets\LocalTcpServer\bin\Debug\System.AppContext.dll
	* Assembly contains no types assignable from Orleans.Providers.IProvider.	
[2017-12-21 13:00:15.527 GMT     1	INFO   	100000	AssemblyLoader.Client	]	User assembly ignored: C:\_git\core\src\Samples\Clients\Assets\LocalTcpServer\bin\Debug\System.Collections.Immutable.dll
	* Assembly contains no types assignable from Orleans.Providers.IProvider.	
[2017-12-21 13:00:15.599 GMT     1	INFO   	100000	AssemblyLoader.Client	]	User assembly ignored: C:\_git\core\src\Samples\Clients\Assets\LocalTcpServer\bin\Debug\System.Console.dll
	* Assembly contains no types assignable from Orleans.Providers.IProvider.	
[2017-12-21 13:00:15.756 GMT     1	INFO   	100000	AssemblyLoader.Client	]	User assembly ignored: C:\_git\core\src\Samples\Clients\Assets\LocalTcpServer\bin\Debug\System.Diagnostics.DiagnosticSource.dll
	* Assembly contains no types assignable from Orleans.Providers.IProvider.	
[2017-12-21 13:00:15.799 GMT     1	INFO   	100000	AssemblyLoader.Client	]	User assembly ignored: C:\_git\core\src\Samples\Clients\Assets\LocalTcpServer\bin\Debug\System.Diagnostics.FileVersionInfo.dll
	* Assembly contains no types assignable from Orleans.Providers.IProvider.	
[2017-12-21 13:00:15.906 GMT     1	INFO   	100000	AssemblyLoader.Client	]	User assembly ignored: C:\_git\core\src\Samples\Clients\Assets\LocalTcpServer\bin\Debug\System.Diagnostics.StackTrace.dll
	* Assembly contains no types assignable from Orleans.Providers.IProvider.	
[2017-12-21 13:00:16.026 GMT     1	INFO   	100000	AssemblyLoader.Client	]	User assembly ignored: C:\_git\core\src\Samples\Clients\Assets\LocalTcpServer\bin\Debug\System.Globalization.Calendars.dll
	* Assembly contains no types assignable from Orleans.Providers.IProvider.	
[2017-12-21 13:00:16.105 GMT     1	INFO   	100000	AssemblyLoader.Client	]	User assembly ignored: C:\_git\core\src\Samples\Clients\Assets\LocalTcpServer\bin\Debug\System.IdentityModel.Tokens.Jwt.dll
	* Assembly contains no types assignable from Orleans.Providers.IProvider.	
[2017-12-21 13:00:16.180 GMT     1	INFO   	100000	AssemblyLoader.Client	]	User assembly ignored: C:\_git\core\src\Samples\Clients\Assets\LocalTcpServer\bin\Debug\System.IO.Compression.dll
	* Assembly contains no types assignable from Orleans.Providers.IProvider.	
[2017-12-21 13:00:16.252 GMT     1	INFO   	100000	AssemblyLoader.Client	]	User assembly ignored: C:\_git\core\src\Samples\Clients\Assets\LocalTcpServer\bin\Debug\System.IO.Compression.ZipFile.dll
	* Assembly contains no types assignable from Orleans.Providers.IProvider.	
[2017-12-21 13:00:16.328 GMT     1	INFO   	100000	AssemblyLoader.Client	]	User assembly ignored: C:\_git\core\src\Samples\Clients\Assets\LocalTcpServer\bin\Debug\System.IO.FileSystem.dll
	* Assembly contains no types assignable from Orleans.Providers.IProvider.	
[2017-12-21 13:00:16.425 GMT     1	INFO   	100000	AssemblyLoader.Client	]	User assembly ignored: C:\_git\core\src\Samples\Clients\Assets\LocalTcpServer\bin\Debug\System.IO.FileSystem.Primitives.dll
	* Assembly contains no types assignable from Orleans.Providers.IProvider.	
[2017-12-21 13:00:16.507 GMT     1	INFO   	100000	AssemblyLoader.Client	]	User assembly ignored: C:\_git\core\src\Samples\Clients\Assets\LocalTcpServer\bin\Debug\System.Net.Http.dll
	* Assembly contains no types assignable from Orleans.Providers.IProvider.	
[2017-12-21 13:00:16.653 GMT     1	INFO   	100000	AssemblyLoader.Client	]	User assembly ignored: C:\_git\core\src\Samples\Clients\Assets\LocalTcpServer\bin\Debug\System.Net.Http.Formatting.dll
	* Assembly contains no types assignable from Orleans.Providers.IProvider.	
[2017-12-21 13:00:16.706 GMT     1	INFO   	100000	AssemblyLoader.Client	]	User assembly ignored: C:\_git\core\src\Samples\Clients\Assets\LocalTcpServer\bin\Debug\System.Net.Sockets.dll
	* Assembly contains no types assignable from Orleans.Providers.IProvider.	
[2017-12-21 13:00:16.814 GMT     1	INFO   	100000	AssemblyLoader.Client	]	User assembly ignored: C:\_git\core\src\Samples\Clients\Assets\LocalTcpServer\bin\Debug\System.Reflection.Metadata.dll
	* Assembly contains no types assignable from Orleans.Providers.IProvider.	
[2017-12-21 13:00:16.887 GMT     1	INFO   	100000	AssemblyLoader.Client	]	User assembly ignored: C:\_git\core\src\Samples\Clients\Assets\LocalTcpServer\bin\Debug\System.Runtime.InteropServices.RuntimeInformation.dll
	* Assembly contains no types assignable from Orleans.Providers.IProvider.	
[2017-12-21 13:00:17.006 GMT     1	INFO   	100000	AssemblyLoader.Client	]	User assembly ignored: C:\_git\core\src\Samples\Clients\Assets\LocalTcpServer\bin\Debug\System.Security.Cryptography.Algorithms.dll
	* Assembly contains no types assignable from Orleans.Providers.IProvider.	
[2017-12-21 13:00:17.082 GMT     1	INFO   	100000	AssemblyLoader.Client	]	User assembly ignored: C:\_git\core\src\Samples\Clients\Assets\LocalTcpServer\bin\Debug\System.Security.Cryptography.Encoding.dll
	* Assembly contains no types assignable from Orleans.Providers.IProvider.	
[2017-12-21 13:00:17.163 GMT     1	INFO   	100000	AssemblyLoader.Client	]	User assembly ignored: C:\_git\core\src\Samples\Clients\Assets\LocalTcpServer\bin\Debug\System.Security.Cryptography.Primitives.dll
	* Assembly contains no types assignable from Orleans.Providers.IProvider.	
[2017-12-21 13:00:17.263 GMT     1	INFO   	100000	AssemblyLoader.Client	]	User assembly ignored: C:\_git\core\src\Samples\Clients\Assets\LocalTcpServer\bin\Debug\System.Security.Cryptography.X509Certificates.dll
	* Assembly contains no types assignable from Orleans.Providers.IProvider.	
[2017-12-21 13:00:17.361 GMT     1	INFO   	100000	AssemblyLoader.Client	]	User assembly ignored: C:\_git\core\src\Samples\Clients\Assets\LocalTcpServer\bin\Debug\System.Spatial.dll
	* Assembly contains no types assignable from Orleans.Providers.IProvider.	
[2017-12-21 13:00:17.437 GMT     1	INFO   	100000	AssemblyLoader.Client	]	User assembly ignored: C:\_git\core\src\Samples\Clients\Assets\LocalTcpServer\bin\Debug\System.Text.Encoding.CodePages.dll
	* Assembly contains no types assignable from Orleans.Providers.IProvider.	
[2017-12-21 13:00:17.518 GMT     1	INFO   	100000	AssemblyLoader.Client	]	User assembly ignored: C:\_git\core\src\Samples\Clients\Assets\LocalTcpServer\bin\Debug\System.Threading.Thread.dll
	* Assembly contains no types assignable from Orleans.Providers.IProvider.	
[2017-12-21 13:00:17.614 GMT     1	INFO   	100000	AssemblyLoader.Client	]	User assembly ignored: C:\_git\core\src\Samples\Clients\Assets\LocalTcpServer\bin\Debug\System.ValueTuple.dll
	* Assembly contains no types assignable from Orleans.Providers.IProvider.	
[2017-12-21 13:00:17.792 GMT     1	INFO   	100000	AssemblyLoader.Client	]	User assembly ignored: C:\_git\core\src\Samples\Clients\Assets\LocalTcpServer\bin\Debug\System.Web.Http.dll
	* Assembly contains no types assignable from Orleans.Providers.IProvider.	
[2017-12-21 13:00:17.862 GMT     1	INFO   	100000	AssemblyLoader.Client	]	User assembly ignored: C:\_git\core\src\Samples\Clients\Assets\LocalTcpServer\bin\Debug\System.Xml.ReaderWriter.dll
	* Assembly contains no types assignable from Orleans.Providers.IProvider.	
[2017-12-21 13:00:17.945 GMT     1	INFO   	100000	AssemblyLoader.Client	]	User assembly ignored: C:\_git\core\src\Samples\Clients\Assets\LocalTcpServer\bin\Debug\System.Xml.XmlDocument.dll
	* Assembly contains no types assignable from Orleans.Providers.IProvider.	
[2017-12-21 13:00:18.013 GMT     1	INFO   	100000	AssemblyLoader.Client	]	User assembly ignored: C:\_git\core\src\Samples\Clients\Assets\LocalTcpServer\bin\Debug\System.Xml.XPath.dll
	* Assembly contains no types assignable from Orleans.Providers.IProvider.	
[2017-12-21 13:00:18.094 GMT     1	INFO   	100000	AssemblyLoader.Client	]	User assembly ignored: C:\_git\core\src\Samples\Clients\Assets\LocalTcpServer\bin\Debug\System.Xml.XPath.XDocument.dll
	* Assembly contains no types assignable from Orleans.Providers.IProvider.	
[2017-12-21 13:00:18.218 GMT     1	INFO   	100000	AssemblyLoader.Client	]	Loading assembly C:\_git\core\src\Samples\Clients\Assets\LocalTcpServer\bin\Debug\OrleansProviders.dll...	
[2017-12-21 13:00:18.481 GMT     1	INFO   	100000	AssemblyLoader.Client	]	1 assemblies loaded.	
[2017-12-21 13:00:19.223 GMT     1	INFO   	100313	OutsideRuntimeClient	]	---------- Initializing OutsideRuntimeClient on MININT-2T87D76 at 172.19.176.1 Client Id = *cli/e985b49d ----------	
[2017-12-21 13:00:19.323 GMT     1	INFO   	100314	OutsideRuntimeClient	]	---------- Starting OutsideRuntimeClient with runtime Version='1.5.2.0 (Release).' in AppDomain=<AppDomain.Id=1, AppDomain.FriendlyName=LocalTcpServer.exe> Config= 
 Platform version info:
   Orleans version: 1.5.2.0 (Release).
   .NET version: 4.0.30319.42000
   OS version: Microsoft Windows NT 6.2.9200.0
   App config file: C:\_git\core\src\Samples\Clients\Assets\LocalTcpServer\bin\Debug\LocalTcpServer.exe.Config
   GC Type=Client GCLatencyMode=Interactive
   Host: MININT-2T87D76
   Processor Count: 4
Client Configuration:
   Config File Name: 
   Start time: 2017-12-21 13:00:19.315 GMT
   Gateway Provider: Config
   Gateways[1]:
      127.0.0.1:40000
   Preferred Gateway Index: -1
   GatewayListRefreshPeriod: 00:01:00
   Preferred Address Family: InterNetwork
   DNS Host Name: MININT-2T87D76
   Client Name: Client
   Tracing: 
     Default Trace Level: Info
     TraceLevelOverrides: None
     Trace to Console: True
     Trace File Name: C:\_git\core\src\Samples\Clients\Assets\LocalTcpServer\bin\Debug\Client-2017-12-21-12.59.54.939Z.log
     LargeMessageWarningThreshold: 85000
     PropagateActivityId: False
     BulkMessageLimit: 5
   Statistics: 
     MetricsTableWriteInterval: 00:00:30
     PerfCounterWriteInterval: -00:00:00.0010000
     LogWriteInterval: 00:05:00
     WriteLogStatisticsToTable: True
     StatisticsCollectionLevel: Info
   Messaging:
       Response timeout: 00:30:00
       Maximum resend count: 0
       Resend On Timeout: False
       Maximum Socket Age: 10675199.02:48:05.4775807
       Drop Expired Messages: True
       Client Sender Buckets: 8192
       Buffer Pool Buffer Size: 4096
       Buffer Pool Max Size: 10000
       Buffer Pool Preallocation Size: 250
       Fallback serializer: 
   .NET: 
       .NET thread pool sizes - Min: Worker Threads=4 Completion Port Threads=4
       .NET thread pool sizes - Max: Worker Threads=2047 Completion Port Threads=1000
   Providers:
       No providers configured.
	
[2017-12-21 13:00:19.974 GMT     4	INFO   	101309	Messaging.GatewayManager	]	Found 1 knownGateways from Gateway listProvider [gwy.tcp://127.0.0.1:40000/0]	
[2017-12-21 13:00:20.324 GMT     4	INFO   	100908	Messaging.GatewayConnection/GatewayClientSender_gwy.tcp://127.0.0.1:40000/0	172.19.176.1:0]	Connected to gateway at address gwy.tcp://127.0.0.1:40000/0 on trial 0.	
[2017-12-21 13:00:20.579 GMT    10	INFO   	100000	Messaging.GatewayConnection/GatewayClientSender_gwy.tcp://127.0.0.1:40000/0	172.19.176.1:0]	Starting AsyncAgent Messaging.GatewayConnection/GatewayClientSender_gwy.tcp://127.0.0.1:40000/0 on managed thread 10	
[2017-12-21 13:00:20.542 GMT    11	INFO   	100000	Messaging.GatewayClientReceiver/gwy.tcp://127.0.0.1:40000/0	172.19.176.1:0]	Starting AsyncAgent Messaging.GatewayClientReceiver/gwy.tcp://127.0.0.1:40000/0 on managed thread 11	
[2017-12-21 13:00:21.235 GMT     9	INFO   	100929	OutsideRuntimeClient	172.19.176.1:0]	---------- Started OutsideRuntimeClient with Global Client ID: C172.19.176.1:0:-251557219*cli/e985b49d@0c4982a0, client GUID ID: *cli/e985b49d	
[2017-12-21 13:01:20.158 GMT     7	INFO   	101309	Messaging.GatewayManager	172.19.176.1:0]	Refreshed the live Gateway list. Found 1 gateways from Gateway listProvider: [gwy.tcp://127.0.0.1:40000/0]. Picked only known live out of them. Now has 1 live Gateways: [gwy.tcp://127.0.0.1:40000/0]. Previous refresh time was = 12/21/2017 1:00:20 PM	
