[2017-12-22 23:16:00.514 GMT     1	INFO   	100000	AssemblyLoader.Client	]	Recursively searching for assemblies in C:\_git\core\src\Samples\Clients\Assets\LocalTcpServer\bin\Debug...	
[2017-12-22 23:16:02.368 GMT     1	INFO   	100000	AssemblyLoader.Client	]	User assembly ignored: C:\_git\core\src\Samples\Clients\Assets\LocalTcpServer\bin\Debug\BouncyCastle.Crypto.dll
	* Assembly contains no types assignable from Orleans.Providers.IProvider.	
[2017-12-22 23:16:02.448 GMT     1	INFO   	100000	AssemblyLoader.Client	]	User assembly ignored: C:\_git\core\src\Samples\Clients\Assets\LocalTcpServer\bin\Debug\Capl.dll
	* Assembly contains no types assignable from Orleans.Providers.IProvider.	
[2017-12-22 23:16:02.469 GMT     1	INFO   	100000	AssemblyLoader.Client	]	User assembly ignored: C:\_git\core\src\Samples\Clients\Assets\LocalTcpServer\bin\Debug\Microsoft.Azure.KeyVault.Core.dll
	* Assembly contains no types assignable from Orleans.Providers.IProvider.	
[2017-12-22 23:16:03.189 GMT     1	INFO   	100000	AssemblyLoader.Client	]	User assembly ignored: C:\_git\core\src\Samples\Clients\Assets\LocalTcpServer\bin\Debug\Microsoft.CodeAnalysis.CSharp.dll
	* Assembly contains no types assignable from Orleans.Providers.IProvider.	
[2017-12-22 23:16:03.505 GMT     1	INFO   	100000	AssemblyLoader.Client	]	User assembly ignored: C:\_git\core\src\Samples\Clients\Assets\LocalTcpServer\bin\Debug\Microsoft.CodeAnalysis.dll
	* Assembly contains no types assignable from Orleans.Providers.IProvider.	
[2017-12-22 23:16:03.602 GMT     1	INFO   	100000	AssemblyLoader.Client	]	User assembly ignored: C:\_git\core\src\Samples\Clients\Assets\LocalTcpServer\bin\Debug\Microsoft.Data.Edm.dll
	* Assembly contains no types assignable from Orleans.Providers.IProvider.	
[2017-12-22 23:16:03.665 GMT     1	INFO   	100000	AssemblyLoader.Client	]	User assembly ignored: C:\_git\core\src\Samples\Clients\Assets\LocalTcpServer\bin\Debug\Microsoft.Data.OData.dll
	* Assembly contains no types assignable from Orleans.Providers.IProvider.	
[2017-12-22 23:16:03.692 GMT     1	INFO   	100000	AssemblyLoader.Client	]	User assembly ignored: C:\_git\core\src\Samples\Clients\Assets\LocalTcpServer\bin\Debug\Microsoft.Data.Services.Client.dll
	* Assembly contains no types assignable from Orleans.Providers.IProvider.	
[2017-12-22 23:16:03.701 GMT     1	INFO   	100000	AssemblyLoader.Client	]	User assembly ignored: C:\_git\core\src\Samples\Clients\Assets\LocalTcpServer\bin\Debug\Microsoft.Extensions.DependencyInjection.Abstractions.dll
	* Assembly contains no types assignable from Orleans.Providers.IProvider.	
[2017-12-22 23:16:03.730 GMT     1	INFO   	100000	AssemblyLoader.Client	]	User assembly ignored: C:\_git\core\src\Samples\Clients\Assets\LocalTcpServer\bin\Debug\Microsoft.Extensions.DependencyInjection.dll
	* Assembly contains no types assignable from Orleans.Providers.IProvider.	
[2017-12-22 23:16:03.741 GMT     1	INFO   	100000	AssemblyLoader.Client	]	User assembly ignored: C:\_git\core\src\Samples\Clients\Assets\LocalTcpServer\bin\Debug\Microsoft.IdentityModel.Logging.dll
	* Assembly contains no types assignable from Orleans.Providers.IProvider.	
[2017-12-22 23:16:03.777 GMT     1	INFO   	100000	AssemblyLoader.Client	]	User assembly ignored: C:\_git\core\src\Samples\Clients\Assets\LocalTcpServer\bin\Debug\Microsoft.IdentityModel.Tokens.dll
	* Assembly contains no types assignable from Orleans.Providers.IProvider.	
[2017-12-22 23:16:03.802 GMT     1	INFO   	100000	AssemblyLoader.Client	]	User assembly ignored: C:\_git\core\src\Samples\Clients\Assets\LocalTcpServer\bin\Debug\Microsoft.Win32.Primitives.dll
	* Assembly contains no types assignable from Orleans.Providers.IProvider.	
[2017-12-22 23:16:03.890 GMT     1	INFO   	100000	AssemblyLoader.Client	]	User assembly ignored: C:\_git\core\src\Samples\Clients\Assets\LocalTcpServer\bin\Debug\Microsoft.WindowsAzure.Storage.dll
	* Assembly contains no types assignable from Orleans.Providers.IProvider.	
[2017-12-22 23:16:03.935 GMT     1	INFO   	100000	AssemblyLoader.Client	]	User assembly ignored: C:\_git\core\src\Samples\Clients\Assets\LocalTcpServer\bin\Debug\Newtonsoft.Json.dll
	* Assembly contains no types assignable from Orleans.Providers.IProvider.	
[2017-12-22 23:16:03.958 GMT     1	INFO   	100000	AssemblyLoader.Client	]	User assembly ignored: C:\_git\core\src\Samples\Clients\Assets\LocalTcpServer\bin\Debug\Orleans.dll
	* Assembly filename is excluded.	
[2017-12-22 23:16:03.965 GMT     1	INFO   	100000	AssemblyLoader.Client	]	User assembly ignored: C:\_git\core\src\Samples\Clients\Assets\LocalTcpServer\bin\Debug\OrleansCodeGenerator.dll
	* Assembly contains no types assignable from Orleans.Providers.IProvider.	
[2017-12-22 23:16:03.986 GMT     1	INFO   	100000	AssemblyLoader.Client	]	User assembly ignored: C:\_git\core\src\Samples\Clients\Assets\LocalTcpServer\bin\Debug\OrleansRuntime.dll
	* Assembly filename is excluded.	
[2017-12-22 23:16:03.999 GMT     1	INFO   	100000	AssemblyLoader.Client	]	User assembly ignored: C:\_git\core\src\Samples\Clients\Assets\LocalTcpServer\bin\Debug\Piraeus.Adapters.dll
	* Assembly contains no types assignable from Orleans.Providers.IProvider.	
[2017-12-22 23:16:04.006 GMT     1	INFO   	100000	AssemblyLoader.Client	]	User assembly ignored: C:\_git\core\src\Samples\Clients\Assets\LocalTcpServer\bin\Debug\Piraeus.Configuration.dll
	* Assembly contains no types assignable from Orleans.Providers.IProvider.	
[2017-12-22 23:16:04.015 GMT     1	INFO   	100000	AssemblyLoader.Client	]	User assembly ignored: C:\_git\core\src\Samples\Clients\Assets\LocalTcpServer\bin\Debug\Piraeus.Core.dll
	* Assembly contains no types assignable from Orleans.Providers.IProvider.	
[2017-12-22 23:16:04.023 GMT     1	INFO   	100000	AssemblyLoader.Client	]	User assembly ignored: C:\_git\core\src\Samples\Clients\Assets\LocalTcpServer\bin\Debug\Piraeus.GrainInterfaces.dll
	* Assembly contains no types assignable from Orleans.Providers.IProvider.	
[2017-12-22 23:16:04.035 GMT     1	INFO   	100000	AssemblyLoader.Client	]	User assembly ignored: C:\_git\core\src\Samples\Clients\Assets\LocalTcpServer\bin\Debug\Piraeus.Grains.dll
	* Assembly contains no types assignable from Orleans.Providers.IProvider.	
[2017-12-22 23:16:04.064 GMT     1	INFO   	100000	AssemblyLoader.Client	]	User assembly ignored: C:\_git\core\src\Samples\Clients\Assets\LocalTcpServer\bin\Debug\SkunkLab.Channels.dll
	* Assembly contains no types assignable from Orleans.Providers.IProvider.	
[2017-12-22 23:16:04.098 GMT     1	INFO   	100000	AssemblyLoader.Client	]	User assembly ignored: C:\_git\core\src\Samples\Clients\Assets\LocalTcpServer\bin\Debug\SkunkLab.Diagnostics.dll
	* Assembly contains no types assignable from Orleans.Providers.IProvider.	
[2017-12-22 23:16:04.124 GMT     1	INFO   	100000	AssemblyLoader.Client	]	User assembly ignored: C:\_git\core\src\Samples\Clients\Assets\LocalTcpServer\bin\Debug\SkunkLab.Protocols.dll
	* Assembly contains no types assignable from Orleans.Providers.IProvider.	
[2017-12-22 23:16:04.151 GMT     1	INFO   	100000	AssemblyLoader.Client	]	User assembly ignored: C:\_git\core\src\Samples\Clients\Assets\LocalTcpServer\bin\Debug\SkunkLab.Security.dll
	* Assembly contains no types assignable from Orleans.Providers.IProvider.	
[2017-12-22 23:16:04.156 GMT     1	INFO   	100000	AssemblyLoader.Client	]	User assembly ignored: C:\_git\core\src\Samples\Clients\Assets\LocalTcpServer\bin\Debug\SkunkLab.Servers.dll
	* Assembly contains no types assignable from Orleans.Providers.IProvider.	
[2017-12-22 23:16:04.202 GMT     1	INFO   	100000	AssemblyLoader.Client	]	User assembly ignored: C:\_git\core\src\Samples\Clients\Assets\LocalTcpServer\bin\Debug\StackExchange.Redis.dll
	* Assembly contains no types assignable from Orleans.Providers.IProvider.	
[2017-12-22 23:16:04.209 GMT     1	INFO   	100000	AssemblyLoader.Client	]	User assembly ignored: C:\_git\core\src\Samples\Clients\Assets\LocalTcpServer\bin\Debug\System.AppContext.dll
	* Assembly contains no types assignable from Orleans.Providers.IProvider.	
[2017-12-22 23:16:04.239 GMT     1	INFO   	100000	AssemblyLoader.Client	]	User assembly ignored: C:\_git\core\src\Samples\Clients\Assets\LocalTcpServer\bin\Debug\System.Collections.Immutable.dll
	* Assembly contains no types assignable from Orleans.Providers.IProvider.	
[2017-12-22 23:16:04.244 GMT     1	INFO   	100000	AssemblyLoader.Client	]	User assembly ignored: C:\_git\core\src\Samples\Clients\Assets\LocalTcpServer\bin\Debug\System.Console.dll
	* Assembly contains no types assignable from Orleans.Providers.IProvider.	
[2017-12-22 23:16:04.261 GMT     1	INFO   	100000	AssemblyLoader.Client	]	User assembly ignored: C:\_git\core\src\Samples\Clients\Assets\LocalTcpServer\bin\Debug\System.Diagnostics.DiagnosticSource.dll
	* Assembly contains no types assignable from Orleans.Providers.IProvider.	
[2017-12-22 23:16:04.267 GMT     1	INFO   	100000	AssemblyLoader.Client	]	User assembly ignored: C:\_git\core\src\Samples\Clients\Assets\LocalTcpServer\bin\Debug\System.Diagnostics.FileVersionInfo.dll
	* Assembly contains no types assignable from Orleans.Providers.IProvider.	
[2017-12-22 23:16:04.272 GMT     1	INFO   	100000	AssemblyLoader.Client	]	User assembly ignored: C:\_git\core\src\Samples\Clients\Assets\LocalTcpServer\bin\Debug\System.Diagnostics.StackTrace.dll
	* Assembly contains no types assignable from Orleans.Providers.IProvider.	
[2017-12-22 23:16:04.284 GMT     1	INFO   	100000	AssemblyLoader.Client	]	User assembly ignored: C:\_git\core\src\Samples\Clients\Assets\LocalTcpServer\bin\Debug\System.Globalization.Calendars.dll
	* Assembly contains no types assignable from Orleans.Providers.IProvider.	
[2017-12-22 23:16:04.300 GMT     1	INFO   	100000	AssemblyLoader.Client	]	User assembly ignored: C:\_git\core\src\Samples\Clients\Assets\LocalTcpServer\bin\Debug\System.IdentityModel.Tokens.Jwt.dll
	* Assembly contains no types assignable from Orleans.Providers.IProvider.	
[2017-12-22 23:16:04.335 GMT     1	INFO   	100000	AssemblyLoader.Client	]	User assembly ignored: C:\_git\core\src\Samples\Clients\Assets\LocalTcpServer\bin\Debug\System.IO.Compression.dll
	* Assembly contains no types assignable from Orleans.Providers.IProvider.	
[2017-12-22 23:16:04.343 GMT     1	INFO   	100000	AssemblyLoader.Client	]	User assembly ignored: C:\_git\core\src\Samples\Clients\Assets\LocalTcpServer\bin\Debug\System.IO.Compression.ZipFile.dll
	* Assembly contains no types assignable from Orleans.Providers.IProvider.	
[2017-12-22 23:16:04.350 GMT     1	INFO   	100000	AssemblyLoader.Client	]	User assembly ignored: C:\_git\core\src\Samples\Clients\Assets\LocalTcpServer\bin\Debug\System.IO.FileSystem.dll
	* Assembly contains no types assignable from Orleans.Providers.IProvider.	
[2017-12-22 23:16:04.359 GMT     1	INFO   	100000	AssemblyLoader.Client	]	User assembly ignored: C:\_git\core\src\Samples\Clients\Assets\LocalTcpServer\bin\Debug\System.IO.FileSystem.Primitives.dll
	* Assembly contains no types assignable from Orleans.Providers.IProvider.	
[2017-12-22 23:16:04.378 GMT     1	INFO   	100000	AssemblyLoader.Client	]	User assembly ignored: C:\_git\core\src\Samples\Clients\Assets\LocalTcpServer\bin\Debug\System.Net.Http.dll
	* Assembly contains no types assignable from Orleans.Providers.IProvider.	
[2017-12-22 23:16:04.395 GMT     1	INFO   	100000	AssemblyLoader.Client	]	User assembly ignored: C:\_git\core\src\Samples\Clients\Assets\LocalTcpServer\bin\Debug\System.Net.Http.Formatting.dll
	* Assembly contains no types assignable from Orleans.Providers.IProvider.	
[2017-12-22 23:16:04.418 GMT     1	INFO   	100000	AssemblyLoader.Client	]	User assembly ignored: C:\_git\core\src\Samples\Clients\Assets\LocalTcpServer\bin\Debug\System.Net.Sockets.dll
	* Assembly contains no types assignable from Orleans.Providers.IProvider.	
[2017-12-22 23:16:04.467 GMT     1	INFO   	100000	AssemblyLoader.Client	]	User assembly ignored: C:\_git\core\src\Samples\Clients\Assets\LocalTcpServer\bin\Debug\System.Reflection.Metadata.dll
	* Assembly contains no types assignable from Orleans.Providers.IProvider.	
[2017-12-22 23:16:04.473 GMT     1	INFO   	100000	AssemblyLoader.Client	]	User assembly ignored: C:\_git\core\src\Samples\Clients\Assets\LocalTcpServer\bin\Debug\System.Runtime.InteropServices.RuntimeInformation.dll
	* Assembly contains no types assignable from Orleans.Providers.IProvider.	
[2017-12-22 23:16:04.483 GMT     1	INFO   	100000	AssemblyLoader.Client	]	User assembly ignored: C:\_git\core\src\Samples\Clients\Assets\LocalTcpServer\bin\Debug\System.Security.Cryptography.Algorithms.dll
	* Assembly contains no types assignable from Orleans.Providers.IProvider.	
[2017-12-22 23:16:04.488 GMT     1	INFO   	100000	AssemblyLoader.Client	]	User assembly ignored: C:\_git\core\src\Samples\Clients\Assets\LocalTcpServer\bin\Debug\System.Security.Cryptography.Encoding.dll
	* Assembly contains no types assignable from Orleans.Providers.IProvider.	
[2017-12-22 23:16:04.495 GMT     1	INFO   	100000	AssemblyLoader.Client	]	User assembly ignored: C:\_git\core\src\Samples\Clients\Assets\LocalTcpServer\bin\Debug\System.Security.Cryptography.Primitives.dll
	* Assembly contains no types assignable from Orleans.Providers.IProvider.	
[2017-12-22 23:16:04.503 GMT     1	INFO   	100000	AssemblyLoader.Client	]	User assembly ignored: C:\_git\core\src\Samples\Clients\Assets\LocalTcpServer\bin\Debug\System.Security.Cryptography.X509Certificates.dll
	* Assembly contains no types assignable from Orleans.Providers.IProvider.	
[2017-12-22 23:16:04.521 GMT     1	INFO   	100000	AssemblyLoader.Client	]	User assembly ignored: C:\_git\core\src\Samples\Clients\Assets\LocalTcpServer\bin\Debug\System.Spatial.dll
	* Assembly contains no types assignable from Orleans.Providers.IProvider.	
[2017-12-22 23:16:04.531 GMT     1	INFO   	100000	AssemblyLoader.Client	]	User assembly ignored: C:\_git\core\src\Samples\Clients\Assets\LocalTcpServer\bin\Debug\System.Text.Encoding.CodePages.dll
	* Assembly contains no types assignable from Orleans.Providers.IProvider.	
[2017-12-22 23:16:04.540 GMT     1	INFO   	100000	AssemblyLoader.Client	]	User assembly ignored: C:\_git\core\src\Samples\Clients\Assets\LocalTcpServer\bin\Debug\System.Threading.Thread.dll
	* Assembly contains no types assignable from Orleans.Providers.IProvider.	
[2017-12-22 23:16:04.554 GMT     1	INFO   	100000	AssemblyLoader.Client	]	User assembly ignored: C:\_git\core\src\Samples\Clients\Assets\LocalTcpServer\bin\Debug\System.ValueTuple.dll
	* Assembly contains no types assignable from Orleans.Providers.IProvider.	
[2017-12-22 23:16:04.623 GMT     1	INFO   	100000	AssemblyLoader.Client	]	User assembly ignored: C:\_git\core\src\Samples\Clients\Assets\LocalTcpServer\bin\Debug\System.Web.Http.dll
	* Assembly contains no types assignable from Orleans.Providers.IProvider.	
[2017-12-22 23:16:04.654 GMT     1	INFO   	100000	AssemblyLoader.Client	]	User assembly ignored: C:\_git\core\src\Samples\Clients\Assets\LocalTcpServer\bin\Debug\System.Web.Http.WebHost.dll
	* Assembly contains no types assignable from Orleans.Providers.IProvider.	
[2017-12-22 23:16:04.660 GMT     1	INFO   	100000	AssemblyLoader.Client	]	User assembly ignored: C:\_git\core\src\Samples\Clients\Assets\LocalTcpServer\bin\Debug\System.Xml.ReaderWriter.dll
	* Assembly contains no types assignable from Orleans.Providers.IProvider.	
[2017-12-22 23:16:04.671 GMT     1	INFO   	100000	AssemblyLoader.Client	]	User assembly ignored: C:\_git\core\src\Samples\Clients\Assets\LocalTcpServer\bin\Debug\System.Xml.XmlDocument.dll
	* Assembly contains no types assignable from Orleans.Providers.IProvider.	
[2017-12-22 23:16:04.681 GMT     1	INFO   	100000	AssemblyLoader.Client	]	User assembly ignored: C:\_git\core\src\Samples\Clients\Assets\LocalTcpServer\bin\Debug\System.Xml.XPath.dll
	* Assembly contains no types assignable from Orleans.Providers.IProvider.	
[2017-12-22 23:16:04.686 GMT     1	INFO   	100000	AssemblyLoader.Client	]	User assembly ignored: C:\_git\core\src\Samples\Clients\Assets\LocalTcpServer\bin\Debug\System.Xml.XPath.XDocument.dll
	* Assembly contains no types assignable from Orleans.Providers.IProvider.	
[2017-12-22 23:16:04.694 GMT     1	INFO   	100000	AssemblyLoader.Client	]	Loading assembly C:\_git\core\src\Samples\Clients\Assets\LocalTcpServer\bin\Debug\OrleansProviders.dll...	
[2017-12-22 23:16:04.781 GMT     1	INFO   	100000	AssemblyLoader.Client	]	1 assemblies loaded.	
[2017-12-22 23:16:05.004 GMT     1	INFO   	100313	OutsideRuntimeClient	]	---------- Initializing OutsideRuntimeClient on MININT-2T87D76 at 172.19.91.11 Client Id = *cli/03e6afba ----------	
[2017-12-22 23:16:05.028 GMT     1	INFO   	100314	OutsideRuntimeClient	]	---------- Starting OutsideRuntimeClient with runtime Version='1.5.2.0 (Release).' in AppDomain=<AppDomain.Id=1, AppDomain.FriendlyName=LocalTcpServer.exe> Config= 
 Platform version info:
   Orleans version: 1.5.2.0 (Release).
   .NET version: 4.0.30319.42000
   OS version: Microsoft Windows NT 6.2.9200.0
   App config file: C:\_git\core\src\Samples\Clients\Assets\LocalTcpServer\bin\Debug\LocalTcpServer.exe.Config
   GC Type=Client GCLatencyMode=Interactive
   Host: MININT-2T87D76
   Processor Count: 4
Client Configuration:
   Config File Name: 
   Start time: 2017-12-22 23:16:05.019 GMT
   Gateway Provider: Config
   Gateways[1]:
      127.0.0.1:40000
   Preferred Gateway Index: -1
   GatewayListRefreshPeriod: 00:01:00
   Preferred Address Family: InterNetwork
   DNS Host Name: MININT-2T87D76
   Client Name: Client
   Tracing: 
     Default Trace Level: Info
     TraceLevelOverrides: None
     Trace to Console: True
     Trace File Name: C:\_git\core\src\Samples\Clients\Assets\LocalTcpServer\bin\Debug\Client-2017-12-22-23.15.54.958Z.log
     LargeMessageWarningThreshold: 85000
     PropagateActivityId: False
     BulkMessageLimit: 5
   Statistics: 
     MetricsTableWriteInterval: 00:00:30
     PerfCounterWriteInterval: -00:00:00.0010000
     LogWriteInterval: 00:05:00
     WriteLogStatisticsToTable: True
     StatisticsCollectionLevel: Info
   Messaging:
       Response timeout: 00:30:00
       Maximum resend count: 0
       Resend On Timeout: False
       Maximum Socket Age: 10675199.02:48:05.4775807
       Drop Expired Messages: True
       Client Sender Buckets: 8192
       Buffer Pool Buffer Size: 4096
       Buffer Pool Max Size: 10000
       Buffer Pool Preallocation Size: 250
       Fallback serializer: 
   .NET: 
       .NET thread pool sizes - Min: Worker Threads=4 Completion Port Threads=4
       .NET thread pool sizes - Max: Worker Threads=2047 Completion Port Threads=1000
   Providers:
       No providers configured.
	
[2017-12-22 23:16:05.293 GMT     4	INFO   	101309	Messaging.GatewayManager	]	Found 1 knownGateways from Gateway listProvider [gwy.tcp://127.0.0.1:40000/0]	
[2017-12-22 23:16:05.370 GMT     4	INFO   	100908	Messaging.GatewayConnection/GatewayClientSender_gwy.tcp://127.0.0.1:40000/0	172.19.91.11:0]	Connected to gateway at address gwy.tcp://127.0.0.1:40000/0 on trial 0.	
[2017-12-22 23:16:05.410 GMT     9	INFO   	100000	Messaging.GatewayConnection/GatewayClientSender_gwy.tcp://127.0.0.1:40000/0	172.19.91.11:0]	Starting AsyncAgent Messaging.GatewayConnection/GatewayClientSender_gwy.tcp://127.0.0.1:40000/0 on managed thread 9	
[2017-12-22 23:16:05.402 GMT    10	INFO   	100000	Messaging.GatewayClientReceiver/gwy.tcp://127.0.0.1:40000/0	172.19.91.11:0]	Starting AsyncAgent Messaging.GatewayClientReceiver/gwy.tcp://127.0.0.1:40000/0 on managed thread 10	
[2017-12-22 23:16:05.626 GMT     5	INFO   	100929	OutsideRuntimeClient	172.19.91.11:0]	---------- Started OutsideRuntimeClient with Global Client ID: C172.19.91.11:0:-251680565*cli/03e6afba@6dde839a, client GUID ID: *cli/03e6afba	
[2017-12-22 23:17:05.314 GMT    11	INFO   	101309	Messaging.GatewayManager	172.19.91.11:0]	Refreshed the live Gateway list. Found 1 gateways from Gateway listProvider: [gwy.tcp://127.0.0.1:40000/0]. Picked only known live out of them. Now has 1 live Gateways: [gwy.tcp://127.0.0.1:40000/0]. Previous refresh time was = 12/22/2017 11:16:05 PM	
[2017-12-22 23:18:05.363 GMT     5	INFO   	101309	Messaging.GatewayManager	172.19.91.11:0]	Refreshed the live Gateway list. Found 1 gateways from Gateway listProvider: [gwy.tcp://127.0.0.1:40000/0]. Picked only known live out of them. Now has 1 live Gateways: [gwy.tcp://127.0.0.1:40000/0]. Previous refresh time was = 12/22/2017 11:17:05 PM	
[2017-12-22 23:19:05.384 GMT    11	INFO   	101309	Messaging.GatewayManager	172.19.91.11:0]	Refreshed the live Gateway list. Found 1 gateways from Gateway listProvider: [gwy.tcp://127.0.0.1:40000/0]. Picked only known live out of them. Now has 1 live Gateways: [gwy.tcp://127.0.0.1:40000/0]. Previous refresh time was = 12/22/2017 11:18:05 PM	
[2017-12-22 23:20:05.402 GMT    14	INFO   	101309	Messaging.GatewayManager	172.19.91.11:0]	Refreshed the live Gateway list. Found 1 gateways from Gateway listProvider: [gwy.tcp://127.0.0.1:40000/0]. Picked only known live out of them. Now has 1 live Gateways: [gwy.tcp://127.0.0.1:40000/0]. Previous refresh time was = 12/22/2017 11:19:05 PM	
[2017-12-22 23:21:05.424 GMT    11	INFO   	101309	Messaging.GatewayManager	172.19.91.11:0]	Refreshed the live Gateway list. Found 1 gateways from Gateway listProvider: [gwy.tcp://127.0.0.1:40000/0]. Picked only known live out of them. Now has 1 live Gateways: [gwy.tcp://127.0.0.1:40000/0]. Previous refresh time was = 12/22/2017 11:20:05 PM	
[2017-12-22 23:21:05.752 GMT     5	INFO   	100704	ClientLogStatistics	172.19.91.11:0]	Statistics: ^^^
Client.ConnectedGatewayCount=1
Messaging.Expired.AtDispatch.Current=0
Messaging.Expired.AtInvoke.Current=0
Messaging.Expired.AtReceive.Current=0
Messaging.Expired.AtRespond.Current=0
Messaging.Expired.AtSend.Current=0
Messaging.Received.BatchSize.PerSocketDirection.ClientToGateway=0.000
Messaging.Received.BatchSizeBytesHistogram.Bytes.PerSocketDirection.ClientToGateway=
Messaging.Received.Bytes.Header.Current=9273054
Messaging.Received.Bytes.Total.Current=12489048
Messaging.Received.Direction.OneWay.Current=20
Messaging.Received.Direction.Request.Current=0
Messaging.Received.Direction.Response.Current=31134
Messaging.Received.Messages.From.S127.0.0.1:40000:0.Current=31154
Messaging.Received.Messages.Total.Current=31154
Messaging.Received.MessageSizeHistogram.Bytes=[128:255]=150, [256:511]=30833, [512:1023]=20, [1024:2047]=150, [2048:4095]=1, 
Messaging.Rerouted.OneWay.Current=0
Messaging.Rerouted.Request.Current=0
Messaging.Rerouted.Response.Current=0
Messaging.Sent.BatchSize.PerSocketDirection.ClientToGateway=0.000
Messaging.Sent.BatchSizeBytesHistogram.Bytes.PerSocketDirection.ClientToGateway=
Messaging.Sent.Bytes.Header.Current=8395418
Messaging.Sent.Bytes.Total.Current=9944472
Messaging.Sent.Direction.OneWay.Current=0
Messaging.Sent.Direction.Request.Current=31134
Messaging.Sent.Direction.Response.Current=0
Messaging.Sent.Messages.To.S127.0.0.1:40000:0.Current=31134
Messaging.Sent.Messages.Total.Current=31134
Messaging.Sent.MessageSizeHistogram.Bytes=[128:255]=300, [256:511]=30834, 
Networking.Sockets.ClientToGateway.Duplex.Closed.Current=0
Networking.Sockets.ClientToGateway.Duplex.Opened.Current=1
Runtime.CpuUsage=88.864
Runtime.DOT.NET.ThreadPool.InUse.CompletionPortThreads=0
Runtime.DOT.NET.ThreadPool.InUse.WorkerThreads=3
Runtime.GC.AllocatedBytesInKbPerSec=0.000
Runtime.GC.GenCollectonCount=gen0=182, gen1=22, gen2=4
Runtime.GC.GenSizesKb=gen0=2048.00, gen1=114.36, gen2=6571.48
Runtime.GC.LargeObjectHeapSizeKb=5535.984
Runtime.GC.NumberOfInducedGCs=0.000
Runtime.GC.PercentOfTimeInGC=0.020
Runtime.GC.PromotedFinalizationMemoryFromGen0Kb=0.000
Runtime.GC.PromotedMemoryFromGen1Kb=0.000
Runtime.GC.TotalMemoryKb=10233
Runtime.Memory.AvailableMemoryMb=6729
Runtime.Memory.TotalPhysicalMemoryMb=16384
Runtime.Threads.AsynchAgent.Messaging.GatewayClientReceiver.Current=1
Runtime.Threads.AsynchAgent.Messaging.GatewayConnection.Current=1
Runtime.Threads.AsynchAgent.TotalThreadsCreated.Current=2
Serialization.BufferPool.AllocatedBuffers.Current=250
Serialization.BufferPool.BuffersInPool=217
Serialization.BufferPool.CheckedInBuffers.Current=155999
Serialization.BufferPool.CheckedOutBuffers.Current=156032
Serialization.BufferPool.DroppedBuffers.Current=0
Serialization.BufferPool.DroppedTooLargeBuffers.Current=0
Serialization.BufferPool.InUse.AllocatedAndNotInPool_Buffers=33
Serialization.BufferPool.InUse.CheckedOutAndNotCheckedIn_Buffers=33
	
[2017-12-22 23:22:05.529 GMT     4	INFO   	101309	Messaging.GatewayManager	172.19.91.11:0]	Refreshed the live Gateway list. Found 1 gateways from Gateway listProvider: [gwy.tcp://127.0.0.1:40000/0]. Picked only known live out of them. Now has 1 live Gateways: [gwy.tcp://127.0.0.1:40000/0]. Previous refresh time was = 12/22/2017 11:21:05 PM	
[2017-12-22 23:22:52.170 GMT     4	ERROR  	100927	OutsideRuntimeClient	172.19.91.11:0]	!!!!!!!!!! Exception during invocation of notification method -1372484765, interface -1543216846. Ignoring exception because this is a one way request.	
Exc level 0: System.NullReferenceException: Object reference not set to an instance of an object.
   at SkunkLab.Protocols.Mqtt.MqttQuarantineTimer.NewId() in C:\_git\core\src\SkunkLab\SkunkLab.Protocols\SkunkLab.Protocols\Mqtt\MqttQuarantineTimer.cs:line 34
   at Piraeus.Adapters.ProtocolTransition.ConvertToMqtt(MqttSession session, EventMessage message) in C:\_git\core\src\Piraeus\Piraeus.Adapters\ProtocolTransition.cs:line 38
   at Piraeus.Adapters.MqttProtocolAdapter.Adapter_OnObserve(Object sender, ObserveMessageEventArgs e) in C:\_git\core\src\Piraeus\Piraeus.Adapters\MqttProtocolAdapter.cs:line 90
   at Piraeus.Adapters.OrleansAdapter.Observer_OnNotify(Object sender, MessageNotificationArgs e) in C:\_git\core\src\Piraeus\Piraeus.Adapters\OrleansAdapter.cs:line 273
   at Piraeus.Grains.MessageObserver.Notify(EventMessage message) in C:\_git\core\src\Piraeus\Piraeus.Grains\MessageObserver.cs:line 17
   at Piraeus.GrainInterfaces.OrleansCodeGenMessageObserverMethodInvoker.Invoke(IAddressable grain, InvokeMethodRequest request) in C:\_git\core\src\Piraeus\Piraeus.GrainInterfaces\obj\Release\Piraeus.GrainInterfaces.orleans.g.cs:line 478
   at Orleans.OutsideRuntimeClient.<LocalObjectMessagePumpAsync>d__69.MoveNext()
[2017-12-22 23:22:52.264 GMT     4	ERROR  	100927	OutsideRuntimeClient	172.19.91.11:0]	!!!!!!!!!! Exception during invocation of notification method -1372484765, interface -1543216846. Ignoring exception because this is a one way request.	
Exc level 0: System.NullReferenceException: Object reference not set to an instance of an object.
   at SkunkLab.Protocols.Mqtt.MqttQuarantineTimer.NewId() in C:\_git\core\src\SkunkLab\SkunkLab.Protocols\SkunkLab.Protocols\Mqtt\MqttQuarantineTimer.cs:line 34
   at Piraeus.Adapters.ProtocolTransition.ConvertToMqtt(MqttSession session, EventMessage message) in C:\_git\core\src\Piraeus\Piraeus.Adapters\ProtocolTransition.cs:line 38
   at Piraeus.Adapters.MqttProtocolAdapter.Adapter_OnObserve(Object sender, ObserveMessageEventArgs e) in C:\_git\core\src\Piraeus\Piraeus.Adapters\MqttProtocolAdapter.cs:line 90
   at Piraeus.Adapters.OrleansAdapter.Observer_OnNotify(Object sender, MessageNotificationArgs e) in C:\_git\core\src\Piraeus\Piraeus.Adapters\OrleansAdapter.cs:line 273
   at Piraeus.Grains.MessageObserver.Notify(EventMessage message) in C:\_git\core\src\Piraeus\Piraeus.Grains\MessageObserver.cs:line 17
   at Piraeus.GrainInterfaces.OrleansCodeGenMessageObserverMethodInvoker.Invoke(IAddressable grain, InvokeMethodRequest request) in C:\_git\core\src\Piraeus\Piraeus.GrainInterfaces\obj\Release\Piraeus.GrainInterfaces.orleans.g.cs:line 478
   at Orleans.OutsideRuntimeClient.<LocalObjectMessagePumpAsync>d__69.MoveNext()
[2017-12-22 23:22:52.275 GMT     4	ERROR  	100927	OutsideRuntimeClient	172.19.91.11:0]	!!!!!!!!!! Exception during invocation of notification method -1372484765, interface -1543216846. Ignoring exception because this is a one way request.	
Exc level 0: System.NullReferenceException: Object reference not set to an instance of an object.
   at SkunkLab.Protocols.Mqtt.MqttQuarantineTimer.NewId() in C:\_git\core\src\SkunkLab\SkunkLab.Protocols\SkunkLab.Protocols\Mqtt\MqttQuarantineTimer.cs:line 34
   at Piraeus.Adapters.ProtocolTransition.ConvertToMqtt(MqttSession session, EventMessage message) in C:\_git\core\src\Piraeus\Piraeus.Adapters\ProtocolTransition.cs:line 38
   at Piraeus.Adapters.MqttProtocolAdapter.Adapter_OnObserve(Object sender, ObserveMessageEventArgs e) in C:\_git\core\src\Piraeus\Piraeus.Adapters\MqttProtocolAdapter.cs:line 90
   at Piraeus.Adapters.OrleansAdapter.Observer_OnNotify(Object sender, MessageNotificationArgs e) in C:\_git\core\src\Piraeus\Piraeus.Adapters\OrleansAdapter.cs:line 273
   at Piraeus.Grains.MessageObserver.Notify(EventMessage message) in C:\_git\core\src\Piraeus\Piraeus.Grains\MessageObserver.cs:line 17
   at Piraeus.GrainInterfaces.OrleansCodeGenMessageObserverMethodInvoker.Invoke(IAddressable grain, InvokeMethodRequest request) in C:\_git\core\src\Piraeus\Piraeus.GrainInterfaces\obj\Release\Piraeus.GrainInterfaces.orleans.g.cs:line 478
   at Orleans.OutsideRuntimeClient.<LocalObjectMessagePumpAsync>d__69.MoveNext()
[2017-12-22 23:22:52.284 GMT     4	ERROR  	100927	OutsideRuntimeClient	172.19.91.11:0]	!!!!!!!!!! Exception during invocation of notification method -1372484765, interface -1543216846. Ignoring exception because this is a one way request.	
Exc level 0: System.NullReferenceException: Object reference not set to an instance of an object.
   at SkunkLab.Protocols.Mqtt.MqttQuarantineTimer.NewId() in C:\_git\core\src\SkunkLab\SkunkLab.Protocols\SkunkLab.Protocols\Mqtt\MqttQuarantineTimer.cs:line 34
   at Piraeus.Adapters.ProtocolTransition.ConvertToMqtt(MqttSession session, EventMessage message) in C:\_git\core\src\Piraeus\Piraeus.Adapters\ProtocolTransition.cs:line 38
   at Piraeus.Adapters.MqttProtocolAdapter.Adapter_OnObserve(Object sender, ObserveMessageEventArgs e) in C:\_git\core\src\Piraeus\Piraeus.Adapters\MqttProtocolAdapter.cs:line 90
   at Piraeus.Adapters.OrleansAdapter.Observer_OnNotify(Object sender, MessageNotificationArgs e) in C:\_git\core\src\Piraeus\Piraeus.Adapters\OrleansAdapter.cs:line 273
   at Piraeus.Grains.MessageObserver.Notify(EventMessage message) in C:\_git\core\src\Piraeus\Piraeus.Grains\MessageObserver.cs:line 17
   at Piraeus.GrainInterfaces.OrleansCodeGenMessageObserverMethodInvoker.Invoke(IAddressable grain, InvokeMethodRequest request) in C:\_git\core\src\Piraeus\Piraeus.GrainInterfaces\obj\Release\Piraeus.GrainInterfaces.orleans.g.cs:line 478
   at Orleans.OutsideRuntimeClient.<LocalObjectMessagePumpAsync>d__69.MoveNext()
[2017-12-22 23:22:52.298 GMT     4	ERROR  	100927	OutsideRuntimeClient	172.19.91.11:0]	!!!!!!!!!! Exception during invocation of notification method -1372484765, interface -1543216846. Ignoring exception because this is a one way request.	
Exc level 0: System.NullReferenceException: Object reference not set to an instance of an object.
   at SkunkLab.Protocols.Mqtt.MqttQuarantineTimer.NewId() in C:\_git\core\src\SkunkLab\SkunkLab.Protocols\SkunkLab.Protocols\Mqtt\MqttQuarantineTimer.cs:line 34
   at Piraeus.Adapters.ProtocolTransition.ConvertToMqtt(MqttSession session, EventMessage message) in C:\_git\core\src\Piraeus\Piraeus.Adapters\ProtocolTransition.cs:line 38
   at Piraeus.Adapters.MqttProtocolAdapter.Adapter_OnObserve(Object sender, ObserveMessageEventArgs e) in C:\_git\core\src\Piraeus\Piraeus.Adapters\MqttProtocolAdapter.cs:line 90
   at Piraeus.Adapters.OrleansAdapter.Observer_OnNotify(Object sender, MessageNotificationArgs e) in C:\_git\core\src\Piraeus\Piraeus.Adapters\OrleansAdapter.cs:line 273
   at Piraeus.Grains.MessageObserver.Notify(EventMessage message) in C:\_git\core\src\Piraeus\Piraeus.Grains\MessageObserver.cs:line 17
   at Piraeus.GrainInterfaces.OrleansCodeGenMessageObserverMethodInvoker.Invoke(IAddressable grain, InvokeMethodRequest request) in C:\_git\core\src\Piraeus\Piraeus.GrainInterfaces\obj\Release\Piraeus.GrainInterfaces.orleans.g.cs:line 478
   at Orleans.OutsideRuntimeClient.<LocalObjectMessagePumpAsync>d__69.MoveNext()
[2017-12-22 23:23:05.552 GMT     4	INFO   	101309	Messaging.GatewayManager	172.19.91.11:0]	Refreshed the live Gateway list. Found 1 gateways from Gateway listProvider: [gwy.tcp://127.0.0.1:40000/0]. Picked only known live out of them. Now has 1 live Gateways: [gwy.tcp://127.0.0.1:40000/0]. Previous refresh time was = 12/22/2017 11:22:05 PM	
[2017-12-22 23:23:53.037 GMT     4	INFO   	600927	OutsideRuntimeClient	172.19.91.11:0]	Log code 100927 occurred 15 additional times in the previous 00:01:00.8666883	
[2017-12-22 23:23:53.094 GMT     4	ERROR  	100927	OutsideRuntimeClient	172.19.91.11:0]	!!!!!!!!!! Exception during invocation of notification method -1372484765, interface -1543216846. Ignoring exception because this is a one way request.	
Exc level 0: System.NullReferenceException: Object reference not set to an instance of an object.
   at SkunkLab.Protocols.Mqtt.MqttQuarantineTimer.NewId() in C:\_git\core\src\SkunkLab\SkunkLab.Protocols\SkunkLab.Protocols\Mqtt\MqttQuarantineTimer.cs:line 34
   at Piraeus.Adapters.ProtocolTransition.ConvertToMqtt(MqttSession session, EventMessage message) in C:\_git\core\src\Piraeus\Piraeus.Adapters\ProtocolTransition.cs:line 38
   at Piraeus.Adapters.MqttProtocolAdapter.Adapter_OnObserve(Object sender, ObserveMessageEventArgs e) in C:\_git\core\src\Piraeus\Piraeus.Adapters\MqttProtocolAdapter.cs:line 90
   at Piraeus.Adapters.OrleansAdapter.Observer_OnNotify(Object sender, MessageNotificationArgs e) in C:\_git\core\src\Piraeus\Piraeus.Adapters\OrleansAdapter.cs:line 273
   at Piraeus.Grains.MessageObserver.Notify(EventMessage message) in C:\_git\core\src\Piraeus\Piraeus.Grains\MessageObserver.cs:line 17
   at Piraeus.GrainInterfaces.OrleansCodeGenMessageObserverMethodInvoker.Invoke(IAddressable grain, InvokeMethodRequest request) in C:\_git\core\src\Piraeus\Piraeus.GrainInterfaces\obj\Release\Piraeus.GrainInterfaces.orleans.g.cs:line 478
   at Orleans.OutsideRuntimeClient.<LocalObjectMessagePumpAsync>d__69.MoveNext()
[2017-12-22 23:23:53.151 GMT     4	ERROR  	100927	OutsideRuntimeClient	172.19.91.11:0]	!!!!!!!!!! Exception during invocation of notification method -1372484765, interface -1543216846. Ignoring exception because this is a one way request.	
Exc level 0: System.NullReferenceException: Object reference not set to an instance of an object.
   at SkunkLab.Protocols.Mqtt.MqttQuarantineTimer.NewId() in C:\_git\core\src\SkunkLab\SkunkLab.Protocols\SkunkLab.Protocols\Mqtt\MqttQuarantineTimer.cs:line 34
   at Piraeus.Adapters.ProtocolTransition.ConvertToMqtt(MqttSession session, EventMessage message) in C:\_git\core\src\Piraeus\Piraeus.Adapters\ProtocolTransition.cs:line 38
   at Piraeus.Adapters.MqttProtocolAdapter.Adapter_OnObserve(Object sender, ObserveMessageEventArgs e) in C:\_git\core\src\Piraeus\Piraeus.Adapters\MqttProtocolAdapter.cs:line 90
   at Piraeus.Adapters.OrleansAdapter.Observer_OnNotify(Object sender, MessageNotificationArgs e) in C:\_git\core\src\Piraeus\Piraeus.Adapters\OrleansAdapter.cs:line 273
   at Piraeus.Grains.MessageObserver.Notify(EventMessage message) in C:\_git\core\src\Piraeus\Piraeus.Grains\MessageObserver.cs:line 17
   at Piraeus.GrainInterfaces.OrleansCodeGenMessageObserverMethodInvoker.Invoke(IAddressable grain, InvokeMethodRequest request) in C:\_git\core\src\Piraeus\Piraeus.GrainInterfaces\obj\Release\Piraeus.GrainInterfaces.orleans.g.cs:line 478
   at Orleans.OutsideRuntimeClient.<LocalObjectMessagePumpAsync>d__69.MoveNext()
[2017-12-22 23:23:53.181 GMT     4	ERROR  	100927	OutsideRuntimeClient	172.19.91.11:0]	!!!!!!!!!! Exception during invocation of notification method -1372484765, interface -1543216846. Ignoring exception because this is a one way request.	
Exc level 0: System.NullReferenceException: Object reference not set to an instance of an object.
   at SkunkLab.Protocols.Mqtt.MqttQuarantineTimer.NewId() in C:\_git\core\src\SkunkLab\SkunkLab.Protocols\SkunkLab.Protocols\Mqtt\MqttQuarantineTimer.cs:line 34
   at Piraeus.Adapters.ProtocolTransition.ConvertToMqtt(MqttSession session, EventMessage message) in C:\_git\core\src\Piraeus\Piraeus.Adapters\ProtocolTransition.cs:line 38
   at Piraeus.Adapters.MqttProtocolAdapter.Adapter_OnObserve(Object sender, ObserveMessageEventArgs e) in C:\_git\core\src\Piraeus\Piraeus.Adapters\MqttProtocolAdapter.cs:line 90
   at Piraeus.Adapters.OrleansAdapter.Observer_OnNotify(Object sender, MessageNotificationArgs e) in C:\_git\core\src\Piraeus\Piraeus.Adapters\OrleansAdapter.cs:line 273
   at Piraeus.Grains.MessageObserver.Notify(EventMessage message) in C:\_git\core\src\Piraeus\Piraeus.Grains\MessageObserver.cs:line 17
   at Piraeus.GrainInterfaces.OrleansCodeGenMessageObserverMethodInvoker.Invoke(IAddressable grain, InvokeMethodRequest request) in C:\_git\core\src\Piraeus\Piraeus.GrainInterfaces\obj\Release\Piraeus.GrainInterfaces.orleans.g.cs:line 478
   at Orleans.OutsideRuntimeClient.<LocalObjectMessagePumpAsync>d__69.MoveNext()
[2017-12-22 23:23:53.208 GMT     4	ERROR  	100927	OutsideRuntimeClient	172.19.91.11:0]	!!!!!!!!!! Exception during invocation of notification method -1372484765, interface -1543216846. Ignoring exception because this is a one way request.	
Exc level 0: System.NullReferenceException: Object reference not set to an instance of an object.
   at SkunkLab.Protocols.Mqtt.MqttQuarantineTimer.NewId() in C:\_git\core\src\SkunkLab\SkunkLab.Protocols\SkunkLab.Protocols\Mqtt\MqttQuarantineTimer.cs:line 34
   at Piraeus.Adapters.ProtocolTransition.ConvertToMqtt(MqttSession session, EventMessage message) in C:\_git\core\src\Piraeus\Piraeus.Adapters\ProtocolTransition.cs:line 38
   at Piraeus.Adapters.MqttProtocolAdapter.Adapter_OnObserve(Object sender, ObserveMessageEventArgs e) in C:\_git\core\src\Piraeus\Piraeus.Adapters\MqttProtocolAdapter.cs:line 90
   at Piraeus.Adapters.OrleansAdapter.Observer_OnNotify(Object sender, MessageNotificationArgs e) in C:\_git\core\src\Piraeus\Piraeus.Adapters\OrleansAdapter.cs:line 273
   at Piraeus.Grains.MessageObserver.Notify(EventMessage message) in C:\_git\core\src\Piraeus\Piraeus.Grains\MessageObserver.cs:line 17
   at Piraeus.GrainInterfaces.OrleansCodeGenMessageObserverMethodInvoker.Invoke(IAddressable grain, InvokeMethodRequest request) in C:\_git\core\src\Piraeus\Piraeus.GrainInterfaces\obj\Release\Piraeus.GrainInterfaces.orleans.g.cs:line 478
   at Orleans.OutsideRuntimeClient.<LocalObjectMessagePumpAsync>d__69.MoveNext()
[2017-12-22 23:23:53.223 GMT     4	ERROR  	100927	OutsideRuntimeClient	172.19.91.11:0]	!!!!!!!!!! Exception during invocation of notification method -1372484765, interface -1543216846. Ignoring exception because this is a one way request.	
Exc level 0: System.NullReferenceException: Object reference not set to an instance of an object.
   at SkunkLab.Protocols.Mqtt.MqttQuarantineTimer.NewId() in C:\_git\core\src\SkunkLab\SkunkLab.Protocols\SkunkLab.Protocols\Mqtt\MqttQuarantineTimer.cs:line 34
   at Piraeus.Adapters.ProtocolTransition.ConvertToMqtt(MqttSession session, EventMessage message) in C:\_git\core\src\Piraeus\Piraeus.Adapters\ProtocolTransition.cs:line 38
   at Piraeus.Adapters.MqttProtocolAdapter.Adapter_OnObserve(Object sender, ObserveMessageEventArgs e) in C:\_git\core\src\Piraeus\Piraeus.Adapters\MqttProtocolAdapter.cs:line 90
   at Piraeus.Adapters.OrleansAdapter.Observer_OnNotify(Object sender, MessageNotificationArgs e) in C:\_git\core\src\Piraeus\Piraeus.Adapters\OrleansAdapter.cs:line 273
   at Piraeus.Grains.MessageObserver.Notify(EventMessage message) in C:\_git\core\src\Piraeus\Piraeus.Grains\MessageObserver.cs:line 17
   at Piraeus.GrainInterfaces.OrleansCodeGenMessageObserverMethodInvoker.Invoke(IAddressable grain, InvokeMethodRequest request) in C:\_git\core\src\Piraeus\Piraeus.GrainInterfaces\obj\Release\Piraeus.GrainInterfaces.orleans.g.cs:line 478
   at Orleans.OutsideRuntimeClient.<LocalObjectMessagePumpAsync>d__69.MoveNext()
[2017-12-22 23:24:05.564 GMT    31	INFO   	101309	Messaging.GatewayManager	172.19.91.11:0]	Refreshed the live Gateway list. Found 1 gateways from Gateway listProvider: [gwy.tcp://127.0.0.1:40000/0]. Picked only known live out of them. Now has 1 live Gateways: [gwy.tcp://127.0.0.1:40000/0]. Previous refresh time was = 12/22/2017 11:23:05 PM	
[2017-12-22 23:24:28.940 GMT     7	WARNING	100162	OutsideRuntimeClient	172.19.91.11:0]	Object associated with Observer ID 79c956bd-45d8-49cb-9f10-1d7d2f525059 has been garbage collected. Deleting object reference and unregistering it. Message = OneWay S127.0.0.1:40000:0*grn/91DCB108/00000000+http://www.skunklab.io/resourceb/ce536fea-c3ba-4e17-a4ce-af942dd36bd5@6a3162a5->*cli/03e6afba@3db3963079c956bd-45d8-49cb-9f10-1d7d2f525059 #2125: global::Piraeus.GrainInterfaces.IMessageObserver:Notify()	
[2017-12-22 23:24:28.967 GMT     7	ERROR  	100924	OutsideRuntimeClient	172.19.91.11:0]	!!!!!!!!!! Unexpected target grain in request: *cli/03e6afba. Message=OneWay S127.0.0.1:40000:0*grn/91DCB108/00000000+http://www.skunklab.io/resourceb/ce536fea-c3ba-4e17-a4ce-af942dd36bd5@6a3162a5->*cli/03e6afba@3db3963079c956bd-45d8-49cb-9f10-1d7d2f525059 #2129: global::Piraeus.GrainInterfaces.IMessageObserver:Notify()	
[2017-12-22 23:24:29.065 GMT     7	ERROR  	100924	OutsideRuntimeClient	172.19.91.11:0]	!!!!!!!!!! Unexpected target grain in request: *cli/03e6afba. Message=OneWay S127.0.0.1:40000:0*grn/91DCB108/00000000+http://www.skunklab.io/resourceb/ce536fea-c3ba-4e17-a4ce-af942dd36bd5@6a3162a5->*cli/03e6afba@3db3963079c956bd-45d8-49cb-9f10-1d7d2f525059 #2133: global::Piraeus.GrainInterfaces.IMessageObserver:Notify()	
[2017-12-22 23:24:29.112 GMT     7	ERROR  	100924	OutsideRuntimeClient	172.19.91.11:0]	!!!!!!!!!! Unexpected target grain in request: *cli/03e6afba. Message=OneWay S127.0.0.1:40000:0*grn/91DCB108/00000000+http://www.skunklab.io/resourceb/ce536fea-c3ba-4e17-a4ce-af942dd36bd5@6a3162a5->*cli/03e6afba@3db3963079c956bd-45d8-49cb-9f10-1d7d2f525059 #2137: global::Piraeus.GrainInterfaces.IMessageObserver:Notify()	
[2017-12-22 23:24:29.163 GMT     7	ERROR  	100924	OutsideRuntimeClient	172.19.91.11:0]	!!!!!!!!!! Unexpected target grain in request: *cli/03e6afba. Message=OneWay S127.0.0.1:40000:0*grn/91DCB108/00000000+http://www.skunklab.io/resourceb/ce536fea-c3ba-4e17-a4ce-af942dd36bd5@6a3162a5->*cli/03e6afba@3db3963079c956bd-45d8-49cb-9f10-1d7d2f525059 #2141: global::Piraeus.GrainInterfaces.IMessageObserver:Notify()	
[2017-12-22 23:24:29.168 GMT     7	ERROR  	100924	OutsideRuntimeClient	172.19.91.11:0]	!!!!!!!!!! Unexpected target grain in request: *cli/03e6afba. Message=OneWay S127.0.0.1:40000:0*grn/91DCB108/00000000+http://www.skunklab.io/resourceb/ce536fea-c3ba-4e17-a4ce-af942dd36bd5@6a3162a5->*cli/03e6afba@3db3963079c956bd-45d8-49cb-9f10-1d7d2f525059 #2145: global::Piraeus.GrainInterfaces.IMessageObserver:Notify()	
[2017-12-22 23:25:05.576 GMT    30	INFO   	101309	Messaging.GatewayManager	172.19.91.11:0]	Refreshed the live Gateway list. Found 1 gateways from Gateway listProvider: [gwy.tcp://127.0.0.1:40000/0]. Picked only known live out of them. Now has 1 live Gateways: [gwy.tcp://127.0.0.1:40000/0]. Previous refresh time was = 12/22/2017 11:24:05 PM	
[2017-12-22 23:25:10.633 GMT    10	WARNING	100158	Messaging.GatewayClientReceiver/gwy.tcp://127.0.0.1:40000/0	172.19.91.11:0]	Exception receiving from gateway gwy.tcp://127.0.0.1:40000/0: An existing connection was forcibly closed by the remote host	
[2017-12-22 23:25:10.682 GMT    10	WARNING	100913	Messaging.GatewayConnection/GatewayClientSender_gwy.tcp://127.0.0.1:40000/0	172.19.91.11:0]	Marking gateway at address gwy.tcp://127.0.0.1:40000/0 as Disconnected	
[2017-12-22 23:25:10.702 GMT     4	INFO   	101309	Messaging.GatewayManager	172.19.91.11:0]	Refreshed the live Gateway list. Found 1 gateways from Gateway listProvider: [gwy.tcp://127.0.0.1:40000/0]. Picked only known live out of them. Now has 1 live Gateways: [gwy.tcp://127.0.0.1:40000/0]. Previous refresh time was = 12/22/2017 11:25:05 PM	
[2017-12-22 23:25:11.721 GMT    10	WARNING	100178	Messaging.GatewayConnection/GatewayClientSender_gwy.tcp://127.0.0.1:40000/0	172.19.91.11:0]	Unable to connect to gateway at address gwy.tcp://127.0.0.1:40000/0 on trial 0 (Exception: Could not connect to 127.0.0.1:40000: ConnectionRefused)	
[2017-12-22 23:25:14.637 GMT    10	WARNING	100913	Messaging.GatewayConnection/GatewayClientSender_gwy.tcp://127.0.0.1:40000/0	172.19.91.11:0]	Marking gateway at address gwy.tcp://127.0.0.1:40000/0 as Disconnected	
[2017-12-22 23:25:16.829 GMT    30	INFO   	101309	Messaging.GatewayManager	172.19.91.11:0]	Refreshed the live Gateway list. Found 1 gateways from Gateway listProvider: [gwy.tcp://127.0.0.1:40000/0]. Picked only known live out of them. Now has 1 live Gateways: [gwy.tcp://127.0.0.1:40000/0]. Previous refresh time was = 12/22/2017 11:25:10 PM	
[2017-12-22 23:25:18.038 GMT    10	WARNING	100178	Messaging.GatewayConnection/GatewayClientSender_gwy.tcp://127.0.0.1:40000/0	172.19.91.11:0]	Unable to connect to gateway at address gwy.tcp://127.0.0.1:40000/0 on trial 1 (Exception: Could not connect to 127.0.0.1:40000: ConnectionRefused)	
[2017-12-22 23:25:18.042 GMT    10	WARNING	100913	Messaging.GatewayConnection/GatewayClientSender_gwy.tcp://127.0.0.1:40000/0	172.19.91.11:0]	Marking gateway at address gwy.tcp://127.0.0.1:40000/0 as Disconnected	
[2017-12-22 23:25:18.044 GMT     4	INFO   	101309	Messaging.GatewayManager	172.19.91.11:0]	Refreshed the live Gateway list. Found 1 gateways from Gateway listProvider: [gwy.tcp://127.0.0.1:40000/0]. Picked only known live out of them. Now has 1 live Gateways: [gwy.tcp://127.0.0.1:40000/0]. Previous refresh time was = 12/22/2017 11:25:16 PM	
[2017-12-22 23:25:18.059 GMT    10	WARNING	100912	Messaging.GatewayConnection/GatewayClientSender_gwy.tcp://127.0.0.1:40000/0	172.19.91.11:0]	Marking gateway at address gwy.tcp://127.0.0.1:40000/0 as Dead in my client local gateway list.	
[2017-12-22 23:25:18.083 GMT    10	INFO   	100328	Messaging.GatewayClientReceiver/gwy.tcp://127.0.0.1:40000/0	172.19.91.11:0]	Stopping AsyncAgent Messaging.GatewayClientReceiver/gwy.tcp://127.0.0.1:40000/0 that runs on managed thread 10	
[2017-12-22 23:25:18.085 GMT     9	INFO   	100312	Messaging.GatewayConnection/GatewayClientSender_gwy.tcp://127.0.0.1:40000/0	172.19.91.11:0]	Stop request processed	
[2017-12-22 23:25:18.114 GMT     9	INFO   	100328	Messaging.GatewayConnection/GatewayClientSender_gwy.tcp://127.0.0.1:40000/0	172.19.91.11:0]	Stopping AsyncAgent Messaging.GatewayConnection/GatewayClientSender_gwy.tcp://127.0.0.1:40000/0 that runs on managed thread 9	
