[2017-12-22 18:16:33.111 GMT     1	INFO   	100000	AssemblyLoader.Client	]	Recursively searching for assemblies in C:\_git\core\src\Samples\Clients\Assets\LocalTcpServer\bin\Debug...	
[2017-12-22 18:16:34.497 GMT     1	INFO   	100000	AssemblyLoader.Client	]	User assembly ignored: C:\_git\core\src\Samples\Clients\Assets\LocalTcpServer\bin\Debug\BouncyCastle.Crypto.dll
	* Assembly contains no types assignable from Orleans.Providers.IProvider.	
[2017-12-22 18:16:34.526 GMT     1	INFO   	100000	AssemblyLoader.Client	]	User assembly ignored: C:\_git\core\src\Samples\Clients\Assets\LocalTcpServer\bin\Debug\Capl.dll
	* Assembly contains no types assignable from Orleans.Providers.IProvider.	
[2017-12-22 18:16:34.568 GMT     1	INFO   	100000	AssemblyLoader.Client	]	User assembly ignored: C:\_git\core\src\Samples\Clients\Assets\LocalTcpServer\bin\Debug\Microsoft.Azure.KeyVault.Core.dll
	* Assembly contains no types assignable from Orleans.Providers.IProvider.	
[2017-12-22 18:16:35.236 GMT     1	INFO   	100000	AssemblyLoader.Client	]	User assembly ignored: C:\_git\core\src\Samples\Clients\Assets\LocalTcpServer\bin\Debug\Microsoft.CodeAnalysis.CSharp.dll
	* Assembly contains no types assignable from Orleans.Providers.IProvider.	
[2017-12-22 18:16:35.564 GMT     1	INFO   	100000	AssemblyLoader.Client	]	User assembly ignored: C:\_git\core\src\Samples\Clients\Assets\LocalTcpServer\bin\Debug\Microsoft.CodeAnalysis.dll
	* Assembly contains no types assignable from Orleans.Providers.IProvider.	
[2017-12-22 18:16:35.601 GMT     1	INFO   	100000	AssemblyLoader.Client	]	User assembly ignored: C:\_git\core\src\Samples\Clients\Assets\LocalTcpServer\bin\Debug\Microsoft.Data.Edm.dll
	* Assembly contains no types assignable from Orleans.Providers.IProvider.	
[2017-12-22 18:16:35.652 GMT     1	INFO   	100000	AssemblyLoader.Client	]	User assembly ignored: C:\_git\core\src\Samples\Clients\Assets\LocalTcpServer\bin\Debug\Microsoft.Data.OData.dll
	* Assembly contains no types assignable from Orleans.Providers.IProvider.	
[2017-12-22 18:16:35.692 GMT     1	INFO   	100000	AssemblyLoader.Client	]	User assembly ignored: C:\_git\core\src\Samples\Clients\Assets\LocalTcpServer\bin\Debug\Microsoft.Data.Services.Client.dll
	* Assembly contains no types assignable from Orleans.Providers.IProvider.	
[2017-12-22 18:16:35.699 GMT     1	INFO   	100000	AssemblyLoader.Client	]	User assembly ignored: C:\_git\core\src\Samples\Clients\Assets\LocalTcpServer\bin\Debug\Microsoft.Extensions.DependencyInjection.Abstractions.dll
	* Assembly contains no types assignable from Orleans.Providers.IProvider.	
[2017-12-22 18:16:35.719 GMT     1	INFO   	100000	AssemblyLoader.Client	]	User assembly ignored: C:\_git\core\src\Samples\Clients\Assets\LocalTcpServer\bin\Debug\Microsoft.Extensions.DependencyInjection.dll
	* Assembly contains no types assignable from Orleans.Providers.IProvider.	
[2017-12-22 18:16:35.727 GMT     1	INFO   	100000	AssemblyLoader.Client	]	User assembly ignored: C:\_git\core\src\Samples\Clients\Assets\LocalTcpServer\bin\Debug\Microsoft.IdentityModel.Logging.dll
	* Assembly contains no types assignable from Orleans.Providers.IProvider.	
[2017-12-22 18:16:35.736 GMT     1	INFO   	100000	AssemblyLoader.Client	]	User assembly ignored: C:\_git\core\src\Samples\Clients\Assets\LocalTcpServer\bin\Debug\Microsoft.IdentityModel.Tokens.dll
	* Assembly contains no types assignable from Orleans.Providers.IProvider.	
[2017-12-22 18:16:35.763 GMT     1	INFO   	100000	AssemblyLoader.Client	]	User assembly ignored: C:\_git\core\src\Samples\Clients\Assets\LocalTcpServer\bin\Debug\Microsoft.Win32.Primitives.dll
	* Assembly contains no types assignable from Orleans.Providers.IProvider.	
[2017-12-22 18:16:35.854 GMT     1	INFO   	100000	AssemblyLoader.Client	]	User assembly ignored: C:\_git\core\src\Samples\Clients\Assets\LocalTcpServer\bin\Debug\Microsoft.WindowsAzure.Storage.dll
	* Assembly contains no types assignable from Orleans.Providers.IProvider.	
[2017-12-22 18:16:35.908 GMT     1	INFO   	100000	AssemblyLoader.Client	]	User assembly ignored: C:\_git\core\src\Samples\Clients\Assets\LocalTcpServer\bin\Debug\Newtonsoft.Json.dll
	* Assembly contains no types assignable from Orleans.Providers.IProvider.	
[2017-12-22 18:16:35.936 GMT     1	INFO   	100000	AssemblyLoader.Client	]	User assembly ignored: C:\_git\core\src\Samples\Clients\Assets\LocalTcpServer\bin\Debug\Orleans.dll
	* Assembly filename is excluded.	
[2017-12-22 18:16:35.979 GMT     1	INFO   	100000	AssemblyLoader.Client	]	User assembly ignored: C:\_git\core\src\Samples\Clients\Assets\LocalTcpServer\bin\Debug\OrleansCodeGenerator.dll
	* Assembly contains no types assignable from Orleans.Providers.IProvider.	
[2017-12-22 18:16:36.006 GMT     1	INFO   	100000	AssemblyLoader.Client	]	User assembly ignored: C:\_git\core\src\Samples\Clients\Assets\LocalTcpServer\bin\Debug\OrleansRuntime.dll
	* Assembly filename is excluded.	
[2017-12-22 18:16:36.049 GMT     1	INFO   	100000	AssemblyLoader.Client	]	User assembly ignored: C:\_git\core\src\Samples\Clients\Assets\LocalTcpServer\bin\Debug\Piraeus.Adapters.dll
	* Assembly contains no types assignable from Orleans.Providers.IProvider.	
[2017-12-22 18:16:36.075 GMT     1	INFO   	100000	AssemblyLoader.Client	]	User assembly ignored: C:\_git\core\src\Samples\Clients\Assets\LocalTcpServer\bin\Debug\Piraeus.Configuration.dll
	* Assembly contains no types assignable from Orleans.Providers.IProvider.	
[2017-12-22 18:16:36.091 GMT     1	INFO   	100000	AssemblyLoader.Client	]	User assembly ignored: C:\_git\core\src\Samples\Clients\Assets\LocalTcpServer\bin\Debug\Piraeus.Core.dll
	* Assembly contains no types assignable from Orleans.Providers.IProvider.	
[2017-12-22 18:16:36.126 GMT     1	INFO   	100000	AssemblyLoader.Client	]	User assembly ignored: C:\_git\core\src\Samples\Clients\Assets\LocalTcpServer\bin\Debug\Piraeus.GrainInterfaces.dll
	* Assembly contains no types assignable from Orleans.Providers.IProvider.	
[2017-12-22 18:16:36.169 GMT     1	INFO   	100000	AssemblyLoader.Client	]	User assembly ignored: C:\_git\core\src\Samples\Clients\Assets\LocalTcpServer\bin\Debug\Piraeus.Grains.dll
	* Assembly contains no types assignable from Orleans.Providers.IProvider.	
[2017-12-22 18:16:36.188 GMT     1	INFO   	100000	AssemblyLoader.Client	]	User assembly ignored: C:\_git\core\src\Samples\Clients\Assets\LocalTcpServer\bin\Debug\SkunkLab.Channels.dll
	* Assembly contains no types assignable from Orleans.Providers.IProvider.	
[2017-12-22 18:16:36.195 GMT     1	INFO   	100000	AssemblyLoader.Client	]	User assembly ignored: C:\_git\core\src\Samples\Clients\Assets\LocalTcpServer\bin\Debug\SkunkLab.Diagnostics.dll
	* Assembly contains no types assignable from Orleans.Providers.IProvider.	
[2017-12-22 18:16:36.207 GMT     1	INFO   	100000	AssemblyLoader.Client	]	User assembly ignored: C:\_git\core\src\Samples\Clients\Assets\LocalTcpServer\bin\Debug\SkunkLab.Protocols.dll
	* Assembly contains no types assignable from Orleans.Providers.IProvider.	
[2017-12-22 18:16:36.227 GMT     1	INFO   	100000	AssemblyLoader.Client	]	User assembly ignored: C:\_git\core\src\Samples\Clients\Assets\LocalTcpServer\bin\Debug\SkunkLab.Security.dll
	* Assembly contains no types assignable from Orleans.Providers.IProvider.	
[2017-12-22 18:16:36.241 GMT     1	INFO   	100000	AssemblyLoader.Client	]	User assembly ignored: C:\_git\core\src\Samples\Clients\Assets\LocalTcpServer\bin\Debug\SkunkLab.Servers.dll
	* Assembly contains no types assignable from Orleans.Providers.IProvider.	
[2017-12-22 18:16:36.277 GMT     1	INFO   	100000	AssemblyLoader.Client	]	User assembly ignored: C:\_git\core\src\Samples\Clients\Assets\LocalTcpServer\bin\Debug\StackExchange.Redis.dll
	* Assembly contains no types assignable from Orleans.Providers.IProvider.	
[2017-12-22 18:16:36.292 GMT     1	INFO   	100000	AssemblyLoader.Client	]	User assembly ignored: C:\_git\core\src\Samples\Clients\Assets\LocalTcpServer\bin\Debug\System.AppContext.dll
	* Assembly contains no types assignable from Orleans.Providers.IProvider.	
[2017-12-22 18:16:36.318 GMT     1	INFO   	100000	AssemblyLoader.Client	]	User assembly ignored: C:\_git\core\src\Samples\Clients\Assets\LocalTcpServer\bin\Debug\System.Collections.Immutable.dll
	* Assembly contains no types assignable from Orleans.Providers.IProvider.	
[2017-12-22 18:16:36.334 GMT     1	INFO   	100000	AssemblyLoader.Client	]	User assembly ignored: C:\_git\core\src\Samples\Clients\Assets\LocalTcpServer\bin\Debug\System.Console.dll
	* Assembly contains no types assignable from Orleans.Providers.IProvider.	
[2017-12-22 18:16:36.347 GMT     1	INFO   	100000	AssemblyLoader.Client	]	User assembly ignored: C:\_git\core\src\Samples\Clients\Assets\LocalTcpServer\bin\Debug\System.Diagnostics.DiagnosticSource.dll
	* Assembly contains no types assignable from Orleans.Providers.IProvider.	
[2017-12-22 18:16:36.354 GMT     1	INFO   	100000	AssemblyLoader.Client	]	User assembly ignored: C:\_git\core\src\Samples\Clients\Assets\LocalTcpServer\bin\Debug\System.Diagnostics.FileVersionInfo.dll
	* Assembly contains no types assignable from Orleans.Providers.IProvider.	
[2017-12-22 18:16:36.363 GMT     1	INFO   	100000	AssemblyLoader.Client	]	User assembly ignored: C:\_git\core\src\Samples\Clients\Assets\LocalTcpServer\bin\Debug\System.Diagnostics.StackTrace.dll
	* Assembly contains no types assignable from Orleans.Providers.IProvider.	
[2017-12-22 18:16:36.368 GMT     1	INFO   	100000	AssemblyLoader.Client	]	User assembly ignored: C:\_git\core\src\Samples\Clients\Assets\LocalTcpServer\bin\Debug\System.Globalization.Calendars.dll
	* Assembly contains no types assignable from Orleans.Providers.IProvider.	
[2017-12-22 18:16:36.379 GMT     1	INFO   	100000	AssemblyLoader.Client	]	User assembly ignored: C:\_git\core\src\Samples\Clients\Assets\LocalTcpServer\bin\Debug\System.IdentityModel.Tokens.Jwt.dll
	* Assembly contains no types assignable from Orleans.Providers.IProvider.	
[2017-12-22 18:16:36.386 GMT     1	INFO   	100000	AssemblyLoader.Client	]	User assembly ignored: C:\_git\core\src\Samples\Clients\Assets\LocalTcpServer\bin\Debug\System.IO.Compression.dll
	* Assembly contains no types assignable from Orleans.Providers.IProvider.	
[2017-12-22 18:16:36.393 GMT     1	INFO   	100000	AssemblyLoader.Client	]	User assembly ignored: C:\_git\core\src\Samples\Clients\Assets\LocalTcpServer\bin\Debug\System.IO.Compression.ZipFile.dll
	* Assembly contains no types assignable from Orleans.Providers.IProvider.	
[2017-12-22 18:16:36.400 GMT     1	INFO   	100000	AssemblyLoader.Client	]	User assembly ignored: C:\_git\core\src\Samples\Clients\Assets\LocalTcpServer\bin\Debug\System.IO.FileSystem.dll
	* Assembly contains no types assignable from Orleans.Providers.IProvider.	
[2017-12-22 18:16:36.408 GMT     1	INFO   	100000	AssemblyLoader.Client	]	User assembly ignored: C:\_git\core\src\Samples\Clients\Assets\LocalTcpServer\bin\Debug\System.IO.FileSystem.Primitives.dll
	* Assembly contains no types assignable from Orleans.Providers.IProvider.	
[2017-12-22 18:16:36.425 GMT     1	INFO   	100000	AssemblyLoader.Client	]	User assembly ignored: C:\_git\core\src\Samples\Clients\Assets\LocalTcpServer\bin\Debug\System.Net.Http.dll
	* Assembly contains no types assignable from Orleans.Providers.IProvider.	
[2017-12-22 18:16:36.442 GMT     1	INFO   	100000	AssemblyLoader.Client	]	User assembly ignored: C:\_git\core\src\Samples\Clients\Assets\LocalTcpServer\bin\Debug\System.Net.Http.Formatting.dll
	* Assembly contains no types assignable from Orleans.Providers.IProvider.	
[2017-12-22 18:16:36.470 GMT     1	INFO   	100000	AssemblyLoader.Client	]	User assembly ignored: C:\_git\core\src\Samples\Clients\Assets\LocalTcpServer\bin\Debug\System.Net.Sockets.dll
	* Assembly contains no types assignable from Orleans.Providers.IProvider.	
[2017-12-22 18:16:36.561 GMT     1	INFO   	100000	AssemblyLoader.Client	]	User assembly ignored: C:\_git\core\src\Samples\Clients\Assets\LocalTcpServer\bin\Debug\System.Reflection.Metadata.dll
	* Assembly contains no types assignable from Orleans.Providers.IProvider.	
[2017-12-22 18:16:36.573 GMT     1	INFO   	100000	AssemblyLoader.Client	]	User assembly ignored: C:\_git\core\src\Samples\Clients\Assets\LocalTcpServer\bin\Debug\System.Runtime.InteropServices.RuntimeInformation.dll
	* Assembly contains no types assignable from Orleans.Providers.IProvider.	
[2017-12-22 18:16:36.579 GMT     1	INFO   	100000	AssemblyLoader.Client	]	User assembly ignored: C:\_git\core\src\Samples\Clients\Assets\LocalTcpServer\bin\Debug\System.Security.Cryptography.Algorithms.dll
	* Assembly contains no types assignable from Orleans.Providers.IProvider.	
[2017-12-22 18:16:36.592 GMT     1	INFO   	100000	AssemblyLoader.Client	]	User assembly ignored: C:\_git\core\src\Samples\Clients\Assets\LocalTcpServer\bin\Debug\System.Security.Cryptography.Encoding.dll
	* Assembly contains no types assignable from Orleans.Providers.IProvider.	
[2017-12-22 18:16:36.598 GMT     1	INFO   	100000	AssemblyLoader.Client	]	User assembly ignored: C:\_git\core\src\Samples\Clients\Assets\LocalTcpServer\bin\Debug\System.Security.Cryptography.Primitives.dll
	* Assembly contains no types assignable from Orleans.Providers.IProvider.	
[2017-12-22 18:16:36.609 GMT     1	INFO   	100000	AssemblyLoader.Client	]	User assembly ignored: C:\_git\core\src\Samples\Clients\Assets\LocalTcpServer\bin\Debug\System.Security.Cryptography.X509Certificates.dll
	* Assembly contains no types assignable from Orleans.Providers.IProvider.	
[2017-12-22 18:16:36.627 GMT     1	INFO   	100000	AssemblyLoader.Client	]	User assembly ignored: C:\_git\core\src\Samples\Clients\Assets\LocalTcpServer\bin\Debug\System.Spatial.dll
	* Assembly contains no types assignable from Orleans.Providers.IProvider.	
[2017-12-22 18:16:36.687 GMT     1	INFO   	100000	AssemblyLoader.Client	]	User assembly ignored: C:\_git\core\src\Samples\Clients\Assets\LocalTcpServer\bin\Debug\System.Text.Encoding.CodePages.dll
	* Assembly contains no types assignable from Orleans.Providers.IProvider.	
[2017-12-22 18:16:36.696 GMT     1	INFO   	100000	AssemblyLoader.Client	]	User assembly ignored: C:\_git\core\src\Samples\Clients\Assets\LocalTcpServer\bin\Debug\System.Threading.Thread.dll
	* Assembly contains no types assignable from Orleans.Providers.IProvider.	
[2017-12-22 18:16:36.720 GMT     1	INFO   	100000	AssemblyLoader.Client	]	User assembly ignored: C:\_git\core\src\Samples\Clients\Assets\LocalTcpServer\bin\Debug\System.ValueTuple.dll
	* Assembly contains no types assignable from Orleans.Providers.IProvider.	
[2017-12-22 18:16:36.776 GMT     1	INFO   	100000	AssemblyLoader.Client	]	User assembly ignored: C:\_git\core\src\Samples\Clients\Assets\LocalTcpServer\bin\Debug\System.Web.Http.dll
	* Assembly contains no types assignable from Orleans.Providers.IProvider.	
[2017-12-22 18:16:36.828 GMT     1	INFO   	100000	AssemblyLoader.Client	]	User assembly ignored: C:\_git\core\src\Samples\Clients\Assets\LocalTcpServer\bin\Debug\System.Web.Http.WebHost.dll
	* Assembly contains no types assignable from Orleans.Providers.IProvider.	
[2017-12-22 18:16:36.833 GMT     1	INFO   	100000	AssemblyLoader.Client	]	User assembly ignored: C:\_git\core\src\Samples\Clients\Assets\LocalTcpServer\bin\Debug\System.Xml.ReaderWriter.dll
	* Assembly contains no types assignable from Orleans.Providers.IProvider.	
[2017-12-22 18:16:36.837 GMT     1	INFO   	100000	AssemblyLoader.Client	]	User assembly ignored: C:\_git\core\src\Samples\Clients\Assets\LocalTcpServer\bin\Debug\System.Xml.XmlDocument.dll
	* Assembly contains no types assignable from Orleans.Providers.IProvider.	
[2017-12-22 18:16:36.847 GMT     1	INFO   	100000	AssemblyLoader.Client	]	User assembly ignored: C:\_git\core\src\Samples\Clients\Assets\LocalTcpServer\bin\Debug\System.Xml.XPath.dll
	* Assembly contains no types assignable from Orleans.Providers.IProvider.	
[2017-12-22 18:16:36.854 GMT     1	INFO   	100000	AssemblyLoader.Client	]	User assembly ignored: C:\_git\core\src\Samples\Clients\Assets\LocalTcpServer\bin\Debug\System.Xml.XPath.XDocument.dll
	* Assembly contains no types assignable from Orleans.Providers.IProvider.	
[2017-12-22 18:16:36.865 GMT     1	INFO   	100000	AssemblyLoader.Client	]	Loading assembly C:\_git\core\src\Samples\Clients\Assets\LocalTcpServer\bin\Debug\OrleansProviders.dll...	
[2017-12-22 18:16:36.912 GMT     1	INFO   	100000	AssemblyLoader.Client	]	1 assemblies loaded.	
[2017-12-22 18:16:37.065 GMT     1	INFO   	100313	OutsideRuntimeClient	]	---------- Initializing OutsideRuntimeClient on MININT-2T87D76 at 172.19.91.11 Client Id = *cli/61c78eaa ----------	
[2017-12-22 18:16:37.084 GMT     1	INFO   	100314	OutsideRuntimeClient	]	---------- Starting OutsideRuntimeClient with runtime Version='1.5.2.0 (Release).' in AppDomain=<AppDomain.Id=1, AppDomain.FriendlyName=LocalTcpServer.exe> Config= 
 Platform version info:
   Orleans version: 1.5.2.0 (Release).
   .NET version: 4.0.30319.42000
   OS version: Microsoft Windows NT 6.2.9200.0
   App config file: C:\_git\core\src\Samples\Clients\Assets\LocalTcpServer\bin\Debug\LocalTcpServer.exe.Config
   GC Type=Client GCLatencyMode=Interactive
   Host: MININT-2T87D76
   Processor Count: 4
Client Configuration:
   Config File Name: 
   Start time: 2017-12-22 18:16:37.077 GMT
   Gateway Provider: Config
   Gateways[1]:
      127.0.0.1:40000
   Preferred Gateway Index: -1
   GatewayListRefreshPeriod: 00:01:00
   Preferred Address Family: InterNetwork
   DNS Host Name: MININT-2T87D76
   Client Name: Client
   Tracing: 
     Default Trace Level: Info
     TraceLevelOverrides: None
     Trace to Console: True
     Trace File Name: C:\_git\core\src\Samples\Clients\Assets\LocalTcpServer\bin\Debug\Client-2017-12-22-18.16.26.862Z.log
     LargeMessageWarningThreshold: 85000
     PropagateActivityId: False
     BulkMessageLimit: 5
   Statistics: 
     MetricsTableWriteInterval: 00:00:30
     PerfCounterWriteInterval: -00:00:00.0010000
     LogWriteInterval: 00:05:00
     WriteLogStatisticsToTable: True
     StatisticsCollectionLevel: Info
   Messaging:
       Response timeout: 00:30:00
       Maximum resend count: 0
       Resend On Timeout: False
       Maximum Socket Age: 10675199.02:48:05.4775807
       Drop Expired Messages: True
       Client Sender Buckets: 8192
       Buffer Pool Buffer Size: 4096
       Buffer Pool Max Size: 10000
       Buffer Pool Preallocation Size: 250
       Fallback serializer: 
   .NET: 
       .NET thread pool sizes - Min: Worker Threads=4 Completion Port Threads=4
       .NET thread pool sizes - Max: Worker Threads=2047 Completion Port Threads=1000
   Providers:
       No providers configured.
	
[2017-12-22 18:16:37.256 GMT     4	INFO   	101309	Messaging.GatewayManager	]	Found 1 knownGateways from Gateway listProvider [gwy.tcp://127.0.0.1:40000/0]	
[2017-12-22 18:16:37.326 GMT     4	INFO   	100908	Messaging.GatewayConnection/GatewayClientSender_gwy.tcp://127.0.0.1:40000/0	172.19.91.11:0]	Connected to gateway at address gwy.tcp://127.0.0.1:40000/0 on trial 0.	
[2017-12-22 18:16:37.353 GMT     9	INFO   	100000	Messaging.GatewayConnection/GatewayClientSender_gwy.tcp://127.0.0.1:40000/0	172.19.91.11:0]	Starting AsyncAgent Messaging.GatewayConnection/GatewayClientSender_gwy.tcp://127.0.0.1:40000/0 on managed thread 9	
[2017-12-22 18:16:37.352 GMT    10	INFO   	100000	Messaging.GatewayClientReceiver/gwy.tcp://127.0.0.1:40000/0	172.19.91.11:0]	Starting AsyncAgent Messaging.GatewayClientReceiver/gwy.tcp://127.0.0.1:40000/0 on managed thread 10	
[2017-12-22 18:16:37.535 GMT     7	INFO   	100929	OutsideRuntimeClient	172.19.91.11:0]	---------- Started OutsideRuntimeClient with Global Client ID: C172.19.91.11:0:-251662597*cli/61c78eaa@e266a0a9, client GUID ID: *cli/61c78eaa	
[2017-12-22 18:17:37.550 GMT    14	INFO   	101309	Messaging.GatewayManager	172.19.91.11:0]	Refreshed the live Gateway list. Found 1 gateways from Gateway listProvider: [gwy.tcp://127.0.0.1:40000/0]. Picked only known live out of them. Now has 1 live Gateways: [gwy.tcp://127.0.0.1:40000/0]. Previous refresh time was = 12/22/2017 6:16:37 PM	
[2017-12-22 18:18:38.319 GMT    11	INFO   	101309	Messaging.GatewayManager	172.19.91.11:0]	Refreshed the live Gateway list. Found 1 gateways from Gateway listProvider: [gwy.tcp://127.0.0.1:40000/0]. Picked only known live out of them. Now has 1 live Gateways: [gwy.tcp://127.0.0.1:40000/0]. Previous refresh time was = 12/22/2017 6:17:37 PM	
[2017-12-22 18:19:38.353 GMT     4	INFO   	101309	Messaging.GatewayManager	172.19.91.11:0]	Refreshed the live Gateway list. Found 1 gateways from Gateway listProvider: [gwy.tcp://127.0.0.1:40000/0]. Picked only known live out of them. Now has 1 live Gateways: [gwy.tcp://127.0.0.1:40000/0]. Previous refresh time was = 12/22/2017 6:18:38 PM	
[2017-12-22 18:20:38.393 GMT     6	INFO   	101309	Messaging.GatewayManager	172.19.91.11:0]	Refreshed the live Gateway list. Found 1 gateways from Gateway listProvider: [gwy.tcp://127.0.0.1:40000/0]. Picked only known live out of them. Now has 1 live Gateways: [gwy.tcp://127.0.0.1:40000/0]. Previous refresh time was = 12/22/2017 6:19:38 PM	
[2017-12-22 18:21:37.606 GMT    16	INFO   	100704	ClientLogStatistics	172.19.91.11:0]	Statistics: ^^^
Client.ConnectedGatewayCount=1
Messaging.Expired.AtDispatch.Current=0
Messaging.Expired.AtInvoke.Current=0
Messaging.Expired.AtReceive.Current=0
Messaging.Expired.AtRespond.Current=0
Messaging.Expired.AtSend.Current=0
Messaging.Received.BatchSize.PerSocketDirection.ClientToGateway=0.000
Messaging.Received.BatchSizeBytesHistogram.Bytes.PerSocketDirection.ClientToGateway=
Messaging.Received.Bytes.Header.Current=8784984
Messaging.Received.Bytes.Total.Current=11760100
Messaging.Received.Direction.OneWay.Current=70
Messaging.Received.Direction.Request.Current=0
Messaging.Received.Direction.Response.Current=29397
Messaging.Received.Messages.From.S127.0.0.1:40000:0.Current=29467
Messaging.Received.Messages.Total.Current=29467
Messaging.Received.MessageSizeHistogram.Bytes=[128:255]=61, [256:511]=29274, [512:1023]=70, [1024:2047]=61, [2048:4095]=1, 
Messaging.Rerouted.OneWay.Current=0
Messaging.Rerouted.Request.Current=0
Messaging.Rerouted.Response.Current=0
Messaging.Sent.BatchSize.PerSocketDirection.ClientToGateway=0.000
Messaging.Sent.BatchSizeBytesHistogram.Bytes.PerSocketDirection.ClientToGateway=
Messaging.Sent.Bytes.Header.Current=7941134
Messaging.Sent.Bytes.Total.Current=9391214
Messaging.Sent.Direction.OneWay.Current=0
Messaging.Sent.Direction.Request.Current=29397
Messaging.Sent.Direction.Response.Current=0
Messaging.Sent.Messages.To.S127.0.0.1:40000:0.Current=29397
Messaging.Sent.Messages.Total.Current=29397
Messaging.Sent.MessageSizeHistogram.Bytes=[128:255]=122, [256:511]=29275, 
Networking.Sockets.ClientToGateway.Duplex.Closed.Current=0
Networking.Sockets.ClientToGateway.Duplex.Opened.Current=1
Runtime.CpuUsage=26.747
Runtime.DOT.NET.ThreadPool.InUse.CompletionPortThreads=0
Runtime.DOT.NET.ThreadPool.InUse.WorkerThreads=2
Runtime.GC.AllocatedBytesInKbPerSec=0.000
Runtime.GC.GenCollectonCount=gen0=172, gen1=22, gen2=4
Runtime.GC.GenSizesKb=gen0=2048.00, gen1=34.51, gen2=7016.06
Runtime.GC.LargeObjectHeapSizeKb=4622.016
Runtime.GC.NumberOfInducedGCs=0.000
Runtime.GC.PercentOfTimeInGC=0.008
Runtime.GC.PromotedFinalizationMemoryFromGen0Kb=0.000
Runtime.GC.PromotedMemoryFromGen1Kb=0.000
Runtime.GC.TotalMemoryKb=9487
Runtime.Memory.AvailableMemoryMb=7219
Runtime.Memory.TotalPhysicalMemoryMb=16384
Runtime.Threads.AsynchAgent.Messaging.GatewayClientReceiver.Current=1
Runtime.Threads.AsynchAgent.Messaging.GatewayConnection.Current=1
Runtime.Threads.AsynchAgent.TotalThreadsCreated.Current=2
Serialization.BufferPool.AllocatedBuffers.Current=250
Serialization.BufferPool.BuffersInPool=217
Serialization.BufferPool.CheckedInBuffers.Current=147373
Serialization.BufferPool.CheckedOutBuffers.Current=147406
Serialization.BufferPool.DroppedBuffers.Current=0
Serialization.BufferPool.DroppedTooLargeBuffers.Current=0
Serialization.BufferPool.InUse.AllocatedAndNotInPool_Buffers=33
Serialization.BufferPool.InUse.CheckedOutAndNotCheckedIn_Buffers=33
	
[2017-12-22 18:21:38.415 GMT     6	INFO   	101309	Messaging.GatewayManager	172.19.91.11:0]	Refreshed the live Gateway list. Found 1 gateways from Gateway listProvider: [gwy.tcp://127.0.0.1:40000/0]. Picked only known live out of them. Now has 1 live Gateways: [gwy.tcp://127.0.0.1:40000/0]. Previous refresh time was = 12/22/2017 6:20:38 PM	
[2017-12-22 18:22:33.129 GMT    14	ERROR  	100927	OutsideRuntimeClient	172.19.91.11:0]	!!!!!!!!!! Exception during invocation of notification method -1372484765, interface -1543216846. Ignoring exception because this is a one way request.	
Exc level 0: System.NullReferenceException: Object reference not set to an instance of an object.
   at SkunkLab.Protocols.Mqtt.MqttSession.GetQoS(String topic) in C:\_git\core\src\SkunkLab\SkunkLab.Protocols\SkunkLab.Protocols\Mqtt\MqttSession.cs:line 111
   at Piraeus.Adapters.ProtocolTransition.ConvertToMqtt(MqttSession session, EventMessage message) in C:\_git\core\src\Piraeus\Piraeus.Adapters\ProtocolTransition.cs:line 24
   at Piraeus.Adapters.MqttProtocolAdapter.Adapter_OnObserve(Object sender, ObserveMessageEventArgs e) in C:\_git\core\src\Piraeus\Piraeus.Adapters\MqttProtocolAdapter.cs:line 90
   at Piraeus.Adapters.OrleansAdapter.Observer_OnNotify(Object sender, MessageNotificationArgs e) in C:\_git\core\src\Piraeus\Piraeus.Adapters\OrleansAdapter.cs:line 273
   at Piraeus.Grains.MessageObserver.Notify(EventMessage message) in C:\_git\core\src\Piraeus\Piraeus.Grains\MessageObserver.cs:line 17
   at Piraeus.GrainInterfaces.OrleansCodeGenMessageObserverMethodInvoker.Invoke(IAddressable grain, InvokeMethodRequest request) in C:\_git\core\src\Piraeus\Piraeus.GrainInterfaces\obj\Release\Piraeus.GrainInterfaces.orleans.g.cs:line 478
   at Orleans.OutsideRuntimeClient.<LocalObjectMessagePumpAsync>d__69.MoveNext()
[2017-12-22 18:22:33.188 GMT    14	ERROR  	100927	OutsideRuntimeClient	172.19.91.11:0]	!!!!!!!!!! Exception during invocation of notification method -1372484765, interface -1543216846. Ignoring exception because this is a one way request.	
Exc level 0: System.NullReferenceException: Object reference not set to an instance of an object.
   at SkunkLab.Protocols.Mqtt.MqttSession.GetQoS(String topic) in C:\_git\core\src\SkunkLab\SkunkLab.Protocols\SkunkLab.Protocols\Mqtt\MqttSession.cs:line 111
   at Piraeus.Adapters.ProtocolTransition.ConvertToMqtt(MqttSession session, EventMessage message) in C:\_git\core\src\Piraeus\Piraeus.Adapters\ProtocolTransition.cs:line 24
   at Piraeus.Adapters.MqttProtocolAdapter.Adapter_OnObserve(Object sender, ObserveMessageEventArgs e) in C:\_git\core\src\Piraeus\Piraeus.Adapters\MqttProtocolAdapter.cs:line 90
   at Piraeus.Adapters.OrleansAdapter.Observer_OnNotify(Object sender, MessageNotificationArgs e) in C:\_git\core\src\Piraeus\Piraeus.Adapters\OrleansAdapter.cs:line 273
   at Piraeus.Grains.MessageObserver.Notify(EventMessage message) in C:\_git\core\src\Piraeus\Piraeus.Grains\MessageObserver.cs:line 17
   at Piraeus.GrainInterfaces.OrleansCodeGenMessageObserverMethodInvoker.Invoke(IAddressable grain, InvokeMethodRequest request) in C:\_git\core\src\Piraeus\Piraeus.GrainInterfaces\obj\Release\Piraeus.GrainInterfaces.orleans.g.cs:line 478
   at Orleans.OutsideRuntimeClient.<LocalObjectMessagePumpAsync>d__69.MoveNext()
[2017-12-22 18:22:33.200 GMT    14	ERROR  	100927	OutsideRuntimeClient	172.19.91.11:0]	!!!!!!!!!! Exception during invocation of notification method -1372484765, interface -1543216846. Ignoring exception because this is a one way request.	
Exc level 0: System.NullReferenceException: Object reference not set to an instance of an object.
   at SkunkLab.Protocols.Mqtt.MqttSession.GetQoS(String topic) in C:\_git\core\src\SkunkLab\SkunkLab.Protocols\SkunkLab.Protocols\Mqtt\MqttSession.cs:line 111
   at Piraeus.Adapters.ProtocolTransition.ConvertToMqtt(MqttSession session, EventMessage message) in C:\_git\core\src\Piraeus\Piraeus.Adapters\ProtocolTransition.cs:line 24
   at Piraeus.Adapters.MqttProtocolAdapter.Adapter_OnObserve(Object sender, ObserveMessageEventArgs e) in C:\_git\core\src\Piraeus\Piraeus.Adapters\MqttProtocolAdapter.cs:line 90
   at Piraeus.Adapters.OrleansAdapter.Observer_OnNotify(Object sender, MessageNotificationArgs e) in C:\_git\core\src\Piraeus\Piraeus.Adapters\OrleansAdapter.cs:line 273
   at Piraeus.Grains.MessageObserver.Notify(EventMessage message) in C:\_git\core\src\Piraeus\Piraeus.Grains\MessageObserver.cs:line 17
   at Piraeus.GrainInterfaces.OrleansCodeGenMessageObserverMethodInvoker.Invoke(IAddressable grain, InvokeMethodRequest request) in C:\_git\core\src\Piraeus\Piraeus.GrainInterfaces\obj\Release\Piraeus.GrainInterfaces.orleans.g.cs:line 478
   at Orleans.OutsideRuntimeClient.<LocalObjectMessagePumpAsync>d__69.MoveNext()
[2017-12-22 18:22:33.213 GMT    14	ERROR  	100927	OutsideRuntimeClient	172.19.91.11:0]	!!!!!!!!!! Exception during invocation of notification method -1372484765, interface -1543216846. Ignoring exception because this is a one way request.	
Exc level 0: System.NullReferenceException: Object reference not set to an instance of an object.
   at SkunkLab.Protocols.Mqtt.MqttSession.GetQoS(String topic) in C:\_git\core\src\SkunkLab\SkunkLab.Protocols\SkunkLab.Protocols\Mqtt\MqttSession.cs:line 111
   at Piraeus.Adapters.ProtocolTransition.ConvertToMqtt(MqttSession session, EventMessage message) in C:\_git\core\src\Piraeus\Piraeus.Adapters\ProtocolTransition.cs:line 24
   at Piraeus.Adapters.MqttProtocolAdapter.Adapter_OnObserve(Object sender, ObserveMessageEventArgs e) in C:\_git\core\src\Piraeus\Piraeus.Adapters\MqttProtocolAdapter.cs:line 90
   at Piraeus.Adapters.OrleansAdapter.Observer_OnNotify(Object sender, MessageNotificationArgs e) in C:\_git\core\src\Piraeus\Piraeus.Adapters\OrleansAdapter.cs:line 273
   at Piraeus.Grains.MessageObserver.Notify(EventMessage message) in C:\_git\core\src\Piraeus\Piraeus.Grains\MessageObserver.cs:line 17
   at Piraeus.GrainInterfaces.OrleansCodeGenMessageObserverMethodInvoker.Invoke(IAddressable grain, InvokeMethodRequest request) in C:\_git\core\src\Piraeus\Piraeus.GrainInterfaces\obj\Release\Piraeus.GrainInterfaces.orleans.g.cs:line 478
   at Orleans.OutsideRuntimeClient.<LocalObjectMessagePumpAsync>d__69.MoveNext()
[2017-12-22 18:22:33.227 GMT    14	ERROR  	100927	OutsideRuntimeClient	172.19.91.11:0]	!!!!!!!!!! Exception during invocation of notification method -1372484765, interface -1543216846. Ignoring exception because this is a one way request.	
Exc level 0: System.NullReferenceException: Object reference not set to an instance of an object.
   at SkunkLab.Protocols.Mqtt.MqttSession.GetQoS(String topic) in C:\_git\core\src\SkunkLab\SkunkLab.Protocols\SkunkLab.Protocols\Mqtt\MqttSession.cs:line 111
   at Piraeus.Adapters.ProtocolTransition.ConvertToMqtt(MqttSession session, EventMessage message) in C:\_git\core\src\Piraeus\Piraeus.Adapters\ProtocolTransition.cs:line 24
   at Piraeus.Adapters.MqttProtocolAdapter.Adapter_OnObserve(Object sender, ObserveMessageEventArgs e) in C:\_git\core\src\Piraeus\Piraeus.Adapters\MqttProtocolAdapter.cs:line 90
   at Piraeus.Adapters.OrleansAdapter.Observer_OnNotify(Object sender, MessageNotificationArgs e) in C:\_git\core\src\Piraeus\Piraeus.Adapters\OrleansAdapter.cs:line 273
   at Piraeus.Grains.MessageObserver.Notify(EventMessage message) in C:\_git\core\src\Piraeus\Piraeus.Grains\MessageObserver.cs:line 17
   at Piraeus.GrainInterfaces.OrleansCodeGenMessageObserverMethodInvoker.Invoke(IAddressable grain, InvokeMethodRequest request) in C:\_git\core\src\Piraeus\Piraeus.GrainInterfaces\obj\Release\Piraeus.GrainInterfaces.orleans.g.cs:line 478
   at Orleans.OutsideRuntimeClient.<LocalObjectMessagePumpAsync>d__69.MoveNext()
[2017-12-22 18:22:38.426 GMT     6	INFO   	101309	Messaging.GatewayManager	172.19.91.11:0]	Refreshed the live Gateway list. Found 1 gateways from Gateway listProvider: [gwy.tcp://127.0.0.1:40000/0]. Picked only known live out of them. Now has 1 live Gateways: [gwy.tcp://127.0.0.1:40000/0]. Previous refresh time was = 12/22/2017 6:21:38 PM	
