[2017-12-22 15:46:57.500 GMT     1	INFO   	100000	AssemblyLoader.Client	]	Recursively searching for assemblies in C:\_git\core\src\Samples\Clients\Assets\LocalTcpServer\bin\Debug...	
[2017-12-22 15:47:02.103 GMT     1	INFO   	100000	AssemblyLoader.Client	]	User assembly ignored: C:\_git\core\src\Samples\Clients\Assets\LocalTcpServer\bin\Debug\BouncyCastle.Crypto.dll
	* Assembly contains no types assignable from Orleans.Providers.IProvider.	
[2017-12-22 15:47:02.187 GMT     1	INFO   	100000	AssemblyLoader.Client	]	User assembly ignored: C:\_git\core\src\Samples\Clients\Assets\LocalTcpServer\bin\Debug\Capl.dll
	* Assembly contains no types assignable from Orleans.Providers.IProvider.	
[2017-12-22 15:47:02.192 GMT     1	INFO   	100000	AssemblyLoader.Client	]	User assembly ignored: C:\_git\core\src\Samples\Clients\Assets\LocalTcpServer\bin\Debug\Microsoft.Azure.KeyVault.Core.dll
	* Assembly contains no types assignable from Orleans.Providers.IProvider.	
[2017-12-22 15:47:02.744 GMT     1	INFO   	100000	AssemblyLoader.Client	]	User assembly ignored: C:\_git\core\src\Samples\Clients\Assets\LocalTcpServer\bin\Debug\Microsoft.CodeAnalysis.CSharp.dll
	* Assembly contains no types assignable from Orleans.Providers.IProvider.	
[2017-12-22 15:47:02.972 GMT     1	INFO   	100000	AssemblyLoader.Client	]	User assembly ignored: C:\_git\core\src\Samples\Clients\Assets\LocalTcpServer\bin\Debug\Microsoft.CodeAnalysis.dll
	* Assembly contains no types assignable from Orleans.Providers.IProvider.	
[2017-12-22 15:47:03.021 GMT     1	INFO   	100000	AssemblyLoader.Client	]	User assembly ignored: C:\_git\core\src\Samples\Clients\Assets\LocalTcpServer\bin\Debug\Microsoft.Data.Edm.dll
	* Assembly contains no types assignable from Orleans.Providers.IProvider.	
[2017-12-22 15:47:03.065 GMT     1	INFO   	100000	AssemblyLoader.Client	]	User assembly ignored: C:\_git\core\src\Samples\Clients\Assets\LocalTcpServer\bin\Debug\Microsoft.Data.OData.dll
	* Assembly contains no types assignable from Orleans.Providers.IProvider.	
[2017-12-22 15:47:03.092 GMT     1	INFO   	100000	AssemblyLoader.Client	]	User assembly ignored: C:\_git\core\src\Samples\Clients\Assets\LocalTcpServer\bin\Debug\Microsoft.Data.Services.Client.dll
	* Assembly contains no types assignable from Orleans.Providers.IProvider.	
[2017-12-22 15:47:03.109 GMT     1	INFO   	100000	AssemblyLoader.Client	]	User assembly ignored: C:\_git\core\src\Samples\Clients\Assets\LocalTcpServer\bin\Debug\Microsoft.Extensions.DependencyInjection.Abstractions.dll
	* Assembly contains no types assignable from Orleans.Providers.IProvider.	
[2017-12-22 15:47:03.134 GMT     1	INFO   	100000	AssemblyLoader.Client	]	User assembly ignored: C:\_git\core\src\Samples\Clients\Assets\LocalTcpServer\bin\Debug\Microsoft.Extensions.DependencyInjection.dll
	* Assembly contains no types assignable from Orleans.Providers.IProvider.	
[2017-12-22 15:47:03.159 GMT     1	INFO   	100000	AssemblyLoader.Client	]	User assembly ignored: C:\_git\core\src\Samples\Clients\Assets\LocalTcpServer\bin\Debug\Microsoft.IdentityModel.Logging.dll
	* Assembly contains no types assignable from Orleans.Providers.IProvider.	
[2017-12-22 15:47:03.166 GMT     1	INFO   	100000	AssemblyLoader.Client	]	User assembly ignored: C:\_git\core\src\Samples\Clients\Assets\LocalTcpServer\bin\Debug\Microsoft.IdentityModel.Tokens.dll
	* Assembly contains no types assignable from Orleans.Providers.IProvider.	
[2017-12-22 15:47:03.172 GMT     1	INFO   	100000	AssemblyLoader.Client	]	User assembly ignored: C:\_git\core\src\Samples\Clients\Assets\LocalTcpServer\bin\Debug\Microsoft.Win32.Primitives.dll
	* Assembly contains no types assignable from Orleans.Providers.IProvider.	
[2017-12-22 15:47:03.225 GMT     1	INFO   	100000	AssemblyLoader.Client	]	User assembly ignored: C:\_git\core\src\Samples\Clients\Assets\LocalTcpServer\bin\Debug\Microsoft.WindowsAzure.Storage.dll
	* Assembly contains no types assignable from Orleans.Providers.IProvider.	
[2017-12-22 15:47:03.275 GMT     1	INFO   	100000	AssemblyLoader.Client	]	User assembly ignored: C:\_git\core\src\Samples\Clients\Assets\LocalTcpServer\bin\Debug\Newtonsoft.Json.dll
	* Assembly contains no types assignable from Orleans.Providers.IProvider.	
[2017-12-22 15:47:03.286 GMT     1	INFO   	100000	AssemblyLoader.Client	]	User assembly ignored: C:\_git\core\src\Samples\Clients\Assets\LocalTcpServer\bin\Debug\Orleans.dll
	* Assembly filename is excluded.	
[2017-12-22 15:47:03.291 GMT     1	INFO   	100000	AssemblyLoader.Client	]	User assembly ignored: C:\_git\core\src\Samples\Clients\Assets\LocalTcpServer\bin\Debug\OrleansCodeGenerator.dll
	* Assembly contains no types assignable from Orleans.Providers.IProvider.	
[2017-12-22 15:47:03.308 GMT     1	INFO   	100000	AssemblyLoader.Client	]	User assembly ignored: C:\_git\core\src\Samples\Clients\Assets\LocalTcpServer\bin\Debug\OrleansRuntime.dll
	* Assembly filename is excluded.	
[2017-12-22 15:47:03.324 GMT     1	INFO   	100000	AssemblyLoader.Client	]	User assembly ignored: C:\_git\core\src\Samples\Clients\Assets\LocalTcpServer\bin\Debug\Piraeus.Adapters.dll
	* Assembly contains no types assignable from Orleans.Providers.IProvider.	
[2017-12-22 15:47:03.338 GMT     1	INFO   	100000	AssemblyLoader.Client	]	User assembly ignored: C:\_git\core\src\Samples\Clients\Assets\LocalTcpServer\bin\Debug\Piraeus.Configuration.dll
	* Assembly contains no types assignable from Orleans.Providers.IProvider.	
[2017-12-22 15:47:03.358 GMT     1	INFO   	100000	AssemblyLoader.Client	]	User assembly ignored: C:\_git\core\src\Samples\Clients\Assets\LocalTcpServer\bin\Debug\Piraeus.Core.dll
	* Assembly contains no types assignable from Orleans.Providers.IProvider.	
[2017-12-22 15:47:03.365 GMT     1	INFO   	100000	AssemblyLoader.Client	]	User assembly ignored: C:\_git\core\src\Samples\Clients\Assets\LocalTcpServer\bin\Debug\Piraeus.GrainInterfaces.dll
	* Assembly contains no types assignable from Orleans.Providers.IProvider.	
[2017-12-22 15:47:03.376 GMT     1	INFO   	100000	AssemblyLoader.Client	]	User assembly ignored: C:\_git\core\src\Samples\Clients\Assets\LocalTcpServer\bin\Debug\Piraeus.Grains.dll
	* Assembly contains no types assignable from Orleans.Providers.IProvider.	
[2017-12-22 15:47:03.390 GMT     1	INFO   	100000	AssemblyLoader.Client	]	User assembly ignored: C:\_git\core\src\Samples\Clients\Assets\LocalTcpServer\bin\Debug\SkunkLab.Channels.dll
	* Assembly contains no types assignable from Orleans.Providers.IProvider.	
[2017-12-22 15:47:03.395 GMT     1	INFO   	100000	AssemblyLoader.Client	]	User assembly ignored: C:\_git\core\src\Samples\Clients\Assets\LocalTcpServer\bin\Debug\SkunkLab.Diagnostics.dll
	* Assembly contains no types assignable from Orleans.Providers.IProvider.	
[2017-12-22 15:47:03.413 GMT     1	INFO   	100000	AssemblyLoader.Client	]	User assembly ignored: C:\_git\core\src\Samples\Clients\Assets\LocalTcpServer\bin\Debug\SkunkLab.Protocols.dll
	* Assembly contains no types assignable from Orleans.Providers.IProvider.	
[2017-12-22 15:47:03.435 GMT     1	INFO   	100000	AssemblyLoader.Client	]	User assembly ignored: C:\_git\core\src\Samples\Clients\Assets\LocalTcpServer\bin\Debug\SkunkLab.Security.dll
	* Assembly contains no types assignable from Orleans.Providers.IProvider.	
[2017-12-22 15:47:03.441 GMT     1	INFO   	100000	AssemblyLoader.Client	]	User assembly ignored: C:\_git\core\src\Samples\Clients\Assets\LocalTcpServer\bin\Debug\SkunkLab.Servers.dll
	* Assembly contains no types assignable from Orleans.Providers.IProvider.	
[2017-12-22 15:47:03.477 GMT     1	INFO   	100000	AssemblyLoader.Client	]	User assembly ignored: C:\_git\core\src\Samples\Clients\Assets\LocalTcpServer\bin\Debug\StackExchange.Redis.dll
	* Assembly contains no types assignable from Orleans.Providers.IProvider.	
[2017-12-22 15:47:03.488 GMT     1	INFO   	100000	AssemblyLoader.Client	]	User assembly ignored: C:\_git\core\src\Samples\Clients\Assets\LocalTcpServer\bin\Debug\System.AppContext.dll
	* Assembly contains no types assignable from Orleans.Providers.IProvider.	
[2017-12-22 15:47:03.512 GMT     1	INFO   	100000	AssemblyLoader.Client	]	User assembly ignored: C:\_git\core\src\Samples\Clients\Assets\LocalTcpServer\bin\Debug\System.Collections.Immutable.dll
	* Assembly contains no types assignable from Orleans.Providers.IProvider.	
[2017-12-22 15:47:03.523 GMT     1	INFO   	100000	AssemblyLoader.Client	]	User assembly ignored: C:\_git\core\src\Samples\Clients\Assets\LocalTcpServer\bin\Debug\System.Console.dll
	* Assembly contains no types assignable from Orleans.Providers.IProvider.	
[2017-12-22 15:47:03.536 GMT     1	INFO   	100000	AssemblyLoader.Client	]	User assembly ignored: C:\_git\core\src\Samples\Clients\Assets\LocalTcpServer\bin\Debug\System.Diagnostics.DiagnosticSource.dll
	* Assembly contains no types assignable from Orleans.Providers.IProvider.	
[2017-12-22 15:47:03.549 GMT     1	INFO   	100000	AssemblyLoader.Client	]	User assembly ignored: C:\_git\core\src\Samples\Clients\Assets\LocalTcpServer\bin\Debug\System.Diagnostics.FileVersionInfo.dll
	* Assembly contains no types assignable from Orleans.Providers.IProvider.	
[2017-12-22 15:47:03.554 GMT     1	INFO   	100000	AssemblyLoader.Client	]	User assembly ignored: C:\_git\core\src\Samples\Clients\Assets\LocalTcpServer\bin\Debug\System.Diagnostics.StackTrace.dll
	* Assembly contains no types assignable from Orleans.Providers.IProvider.	
[2017-12-22 15:47:03.560 GMT     1	INFO   	100000	AssemblyLoader.Client	]	User assembly ignored: C:\_git\core\src\Samples\Clients\Assets\LocalTcpServer\bin\Debug\System.Globalization.Calendars.dll
	* Assembly contains no types assignable from Orleans.Providers.IProvider.	
[2017-12-22 15:47:03.576 GMT     1	INFO   	100000	AssemblyLoader.Client	]	User assembly ignored: C:\_git\core\src\Samples\Clients\Assets\LocalTcpServer\bin\Debug\System.IdentityModel.Tokens.Jwt.dll
	* Assembly contains no types assignable from Orleans.Providers.IProvider.	
[2017-12-22 15:47:03.591 GMT     1	INFO   	100000	AssemblyLoader.Client	]	User assembly ignored: C:\_git\core\src\Samples\Clients\Assets\LocalTcpServer\bin\Debug\System.IO.Compression.dll
	* Assembly contains no types assignable from Orleans.Providers.IProvider.	
[2017-12-22 15:47:03.603 GMT     1	INFO   	100000	AssemblyLoader.Client	]	User assembly ignored: C:\_git\core\src\Samples\Clients\Assets\LocalTcpServer\bin\Debug\System.IO.Compression.ZipFile.dll
	* Assembly contains no types assignable from Orleans.Providers.IProvider.	
[2017-12-22 15:47:03.610 GMT     1	INFO   	100000	AssemblyLoader.Client	]	User assembly ignored: C:\_git\core\src\Samples\Clients\Assets\LocalTcpServer\bin\Debug\System.IO.FileSystem.dll
	* Assembly contains no types assignable from Orleans.Providers.IProvider.	
[2017-12-22 15:47:03.627 GMT     1	INFO   	100000	AssemblyLoader.Client	]	User assembly ignored: C:\_git\core\src\Samples\Clients\Assets\LocalTcpServer\bin\Debug\System.IO.FileSystem.Primitives.dll
	* Assembly contains no types assignable from Orleans.Providers.IProvider.	
[2017-12-22 15:47:03.642 GMT     1	INFO   	100000	AssemblyLoader.Client	]	User assembly ignored: C:\_git\core\src\Samples\Clients\Assets\LocalTcpServer\bin\Debug\System.Net.Http.dll
	* Assembly contains no types assignable from Orleans.Providers.IProvider.	
[2017-12-22 15:47:03.658 GMT     1	INFO   	100000	AssemblyLoader.Client	]	User assembly ignored: C:\_git\core\src\Samples\Clients\Assets\LocalTcpServer\bin\Debug\System.Net.Http.Formatting.dll
	* Assembly contains no types assignable from Orleans.Providers.IProvider.	
[2017-12-22 15:47:03.690 GMT     1	INFO   	100000	AssemblyLoader.Client	]	User assembly ignored: C:\_git\core\src\Samples\Clients\Assets\LocalTcpServer\bin\Debug\System.Net.Sockets.dll
	* Assembly contains no types assignable from Orleans.Providers.IProvider.	
[2017-12-22 15:47:03.750 GMT     1	INFO   	100000	AssemblyLoader.Client	]	User assembly ignored: C:\_git\core\src\Samples\Clients\Assets\LocalTcpServer\bin\Debug\System.Reflection.Metadata.dll
	* Assembly contains no types assignable from Orleans.Providers.IProvider.	
[2017-12-22 15:47:03.771 GMT     1	INFO   	100000	AssemblyLoader.Client	]	User assembly ignored: C:\_git\core\src\Samples\Clients\Assets\LocalTcpServer\bin\Debug\System.Runtime.InteropServices.RuntimeInformation.dll
	* Assembly contains no types assignable from Orleans.Providers.IProvider.	
[2017-12-22 15:47:03.794 GMT     1	INFO   	100000	AssemblyLoader.Client	]	User assembly ignored: C:\_git\core\src\Samples\Clients\Assets\LocalTcpServer\bin\Debug\System.Security.Cryptography.Algorithms.dll
	* Assembly contains no types assignable from Orleans.Providers.IProvider.	
[2017-12-22 15:47:03.818 GMT     1	INFO   	100000	AssemblyLoader.Client	]	User assembly ignored: C:\_git\core\src\Samples\Clients\Assets\LocalTcpServer\bin\Debug\System.Security.Cryptography.Encoding.dll
	* Assembly contains no types assignable from Orleans.Providers.IProvider.	
[2017-12-22 15:47:03.822 GMT     1	INFO   	100000	AssemblyLoader.Client	]	User assembly ignored: C:\_git\core\src\Samples\Clients\Assets\LocalTcpServer\bin\Debug\System.Security.Cryptography.Primitives.dll
	* Assembly contains no types assignable from Orleans.Providers.IProvider.	
[2017-12-22 15:47:03.829 GMT     1	INFO   	100000	AssemblyLoader.Client	]	User assembly ignored: C:\_git\core\src\Samples\Clients\Assets\LocalTcpServer\bin\Debug\System.Security.Cryptography.X509Certificates.dll
	* Assembly contains no types assignable from Orleans.Providers.IProvider.	
[2017-12-22 15:47:03.840 GMT     1	INFO   	100000	AssemblyLoader.Client	]	User assembly ignored: C:\_git\core\src\Samples\Clients\Assets\LocalTcpServer\bin\Debug\System.Spatial.dll
	* Assembly contains no types assignable from Orleans.Providers.IProvider.	
[2017-12-22 15:47:03.847 GMT     1	INFO   	100000	AssemblyLoader.Client	]	User assembly ignored: C:\_git\core\src\Samples\Clients\Assets\LocalTcpServer\bin\Debug\System.Text.Encoding.CodePages.dll
	* Assembly contains no types assignable from Orleans.Providers.IProvider.	
[2017-12-22 15:47:03.853 GMT     1	INFO   	100000	AssemblyLoader.Client	]	User assembly ignored: C:\_git\core\src\Samples\Clients\Assets\LocalTcpServer\bin\Debug\System.Threading.Thread.dll
	* Assembly contains no types assignable from Orleans.Providers.IProvider.	
[2017-12-22 15:47:03.862 GMT     1	INFO   	100000	AssemblyLoader.Client	]	User assembly ignored: C:\_git\core\src\Samples\Clients\Assets\LocalTcpServer\bin\Debug\System.ValueTuple.dll
	* Assembly contains no types assignable from Orleans.Providers.IProvider.	
[2017-12-22 15:47:03.903 GMT     1	INFO   	100000	AssemblyLoader.Client	]	User assembly ignored: C:\_git\core\src\Samples\Clients\Assets\LocalTcpServer\bin\Debug\System.Web.Http.dll
	* Assembly contains no types assignable from Orleans.Providers.IProvider.	
[2017-12-22 15:47:03.928 GMT     1	INFO   	100000	AssemblyLoader.Client	]	User assembly ignored: C:\_git\core\src\Samples\Clients\Assets\LocalTcpServer\bin\Debug\System.Web.Http.WebHost.dll
	* Assembly contains no types assignable from Orleans.Providers.IProvider.	
[2017-12-22 15:47:03.941 GMT     1	INFO   	100000	AssemblyLoader.Client	]	User assembly ignored: C:\_git\core\src\Samples\Clients\Assets\LocalTcpServer\bin\Debug\System.Xml.ReaderWriter.dll
	* Assembly contains no types assignable from Orleans.Providers.IProvider.	
[2017-12-22 15:47:03.946 GMT     1	INFO   	100000	AssemblyLoader.Client	]	User assembly ignored: C:\_git\core\src\Samples\Clients\Assets\LocalTcpServer\bin\Debug\System.Xml.XmlDocument.dll
	* Assembly contains no types assignable from Orleans.Providers.IProvider.	
[2017-12-22 15:47:03.966 GMT     1	INFO   	100000	AssemblyLoader.Client	]	User assembly ignored: C:\_git\core\src\Samples\Clients\Assets\LocalTcpServer\bin\Debug\System.Xml.XPath.dll
	* Assembly contains no types assignable from Orleans.Providers.IProvider.	
[2017-12-22 15:47:03.971 GMT     1	INFO   	100000	AssemblyLoader.Client	]	User assembly ignored: C:\_git\core\src\Samples\Clients\Assets\LocalTcpServer\bin\Debug\System.Xml.XPath.XDocument.dll
	* Assembly contains no types assignable from Orleans.Providers.IProvider.	
[2017-12-22 15:47:03.984 GMT     1	INFO   	100000	AssemblyLoader.Client	]	Loading assembly C:\_git\core\src\Samples\Clients\Assets\LocalTcpServer\bin\Debug\OrleansProviders.dll...	
[2017-12-22 15:47:04.046 GMT     1	INFO   	100000	AssemblyLoader.Client	]	1 assemblies loaded.	
[2017-12-22 15:47:04.226 GMT     1	INFO   	100313	OutsideRuntimeClient	]	---------- Initializing OutsideRuntimeClient on MININT-2T87D76 at 172.19.91.11 Client Id = *cli/a4736a81 ----------	
[2017-12-22 15:47:04.288 GMT     1	INFO   	100314	OutsideRuntimeClient	]	---------- Starting OutsideRuntimeClient with runtime Version='1.5.2.0 (Release).' in AppDomain=<AppDomain.Id=1, AppDomain.FriendlyName=LocalTcpServer.exe> Config= 
 Platform version info:
   Orleans version: 1.5.2.0 (Release).
   .NET version: 4.0.30319.42000
   OS version: Microsoft Windows NT 6.2.9200.0
   App config file: C:\_git\core\src\Samples\Clients\Assets\LocalTcpServer\bin\Debug\LocalTcpServer.exe.Config
   GC Type=Client GCLatencyMode=Interactive
   Host: MININT-2T87D76
   Processor Count: 4
Client Configuration:
   Config File Name: 
   Start time: 2017-12-22 15:47:04.280 GMT
   Gateway Provider: Config
   Gateways[1]:
      127.0.0.1:40000
   Preferred Gateway Index: -1
   GatewayListRefreshPeriod: 00:01:00
   Preferred Address Family: InterNetwork
   DNS Host Name: MININT-2T87D76
   Client Name: Client
   Tracing: 
     Default Trace Level: Info
     TraceLevelOverrides: None
     Trace to Console: True
     Trace File Name: C:\_git\core\src\Samples\Clients\Assets\LocalTcpServer\bin\Debug\Client-2017-12-22-15.46.52.809Z.log
     LargeMessageWarningThreshold: 85000
     PropagateActivityId: False
     BulkMessageLimit: 5
   Statistics: 
     MetricsTableWriteInterval: 00:00:30
     PerfCounterWriteInterval: -00:00:00.0010000
     LogWriteInterval: 00:05:00
     WriteLogStatisticsToTable: True
     StatisticsCollectionLevel: Info
   Messaging:
       Response timeout: 00:30:00
       Maximum resend count: 0
       Resend On Timeout: False
       Maximum Socket Age: 10675199.02:48:05.4775807
       Drop Expired Messages: True
       Client Sender Buckets: 8192
       Buffer Pool Buffer Size: 4096
       Buffer Pool Max Size: 10000
       Buffer Pool Preallocation Size: 250
       Fallback serializer: 
   .NET: 
       .NET thread pool sizes - Min: Worker Threads=4 Completion Port Threads=4
       .NET thread pool sizes - Max: Worker Threads=2047 Completion Port Threads=1000
   Providers:
       No providers configured.
	
[2017-12-22 15:47:04.543 GMT     4	INFO   	101309	Messaging.GatewayManager	]	Found 1 knownGateways from Gateway listProvider [gwy.tcp://127.0.0.1:40000/0]	
[2017-12-22 15:47:04.625 GMT     4	INFO   	100908	Messaging.GatewayConnection/GatewayClientSender_gwy.tcp://127.0.0.1:40000/0	172.19.91.11:0]	Connected to gateway at address gwy.tcp://127.0.0.1:40000/0 on trial 0.	
[2017-12-22 15:47:04.672 GMT     9	INFO   	100000	Messaging.GatewayConnection/GatewayClientSender_gwy.tcp://127.0.0.1:40000/0	172.19.91.11:0]	Starting AsyncAgent Messaging.GatewayConnection/GatewayClientSender_gwy.tcp://127.0.0.1:40000/0 on managed thread 9	
[2017-12-22 15:47:04.662 GMT    10	INFO   	100000	Messaging.GatewayClientReceiver/gwy.tcp://127.0.0.1:40000/0	172.19.91.11:0]	Starting AsyncAgent Messaging.GatewayClientReceiver/gwy.tcp://127.0.0.1:40000/0 on managed thread 10	
[2017-12-22 15:47:04.866 GMT     6	INFO   	100929	OutsideRuntimeClient	172.19.91.11:0]	---------- Started OutsideRuntimeClient with Global Client ID: C172.19.91.11:0:-251653624*cli/a4736a81@f8fbd6b2, client GUID ID: *cli/a4736a81	
