[2017-12-22 15:52:43.733 GMT     1	INFO   	100000	AssemblyLoader.Client	]	Recursively searching for assemblies in C:\_git\core\src\Samples\Clients\Assets\LocalTcpServer\bin\Debug...	
[2017-12-22 15:52:44.132 GMT     1	INFO   	100000	AssemblyLoader.Client	]	User assembly ignored: C:\_git\core\src\Samples\Clients\Assets\LocalTcpServer\bin\Debug\BouncyCastle.Crypto.dll
	* Assembly contains no types assignable from Orleans.Providers.IProvider.	
[2017-12-22 15:52:44.180 GMT     1	INFO   	100000	AssemblyLoader.Client	]	User assembly ignored: C:\_git\core\src\Samples\Clients\Assets\LocalTcpServer\bin\Debug\Capl.dll
	* Assembly contains no types assignable from Orleans.Providers.IProvider.	
[2017-12-22 15:52:44.186 GMT     1	INFO   	100000	AssemblyLoader.Client	]	User assembly ignored: C:\_git\core\src\Samples\Clients\Assets\LocalTcpServer\bin\Debug\Microsoft.Azure.KeyVault.Core.dll
	* Assembly contains no types assignable from Orleans.Providers.IProvider.	
[2017-12-22 15:52:44.749 GMT     1	INFO   	100000	AssemblyLoader.Client	]	User assembly ignored: C:\_git\core\src\Samples\Clients\Assets\LocalTcpServer\bin\Debug\Microsoft.CodeAnalysis.CSharp.dll
	* Assembly contains no types assignable from Orleans.Providers.IProvider.	
[2017-12-22 15:52:45.054 GMT     1	INFO   	100000	AssemblyLoader.Client	]	User assembly ignored: C:\_git\core\src\Samples\Clients\Assets\LocalTcpServer\bin\Debug\Microsoft.CodeAnalysis.dll
	* Assembly contains no types assignable from Orleans.Providers.IProvider.	
[2017-12-22 15:52:45.138 GMT     1	INFO   	100000	AssemblyLoader.Client	]	User assembly ignored: C:\_git\core\src\Samples\Clients\Assets\LocalTcpServer\bin\Debug\Microsoft.Data.Edm.dll
	* Assembly contains no types assignable from Orleans.Providers.IProvider.	
[2017-12-22 15:52:45.203 GMT     1	INFO   	100000	AssemblyLoader.Client	]	User assembly ignored: C:\_git\core\src\Samples\Clients\Assets\LocalTcpServer\bin\Debug\Microsoft.Data.OData.dll
	* Assembly contains no types assignable from Orleans.Providers.IProvider.	
[2017-12-22 15:52:45.236 GMT     1	INFO   	100000	AssemblyLoader.Client	]	User assembly ignored: C:\_git\core\src\Samples\Clients\Assets\LocalTcpServer\bin\Debug\Microsoft.Data.Services.Client.dll
	* Assembly contains no types assignable from Orleans.Providers.IProvider.	
[2017-12-22 15:52:45.245 GMT     1	INFO   	100000	AssemblyLoader.Client	]	User assembly ignored: C:\_git\core\src\Samples\Clients\Assets\LocalTcpServer\bin\Debug\Microsoft.Extensions.DependencyInjection.Abstractions.dll
	* Assembly contains no types assignable from Orleans.Providers.IProvider.	
[2017-12-22 15:52:45.261 GMT     1	INFO   	100000	AssemblyLoader.Client	]	User assembly ignored: C:\_git\core\src\Samples\Clients\Assets\LocalTcpServer\bin\Debug\Microsoft.Extensions.DependencyInjection.dll
	* Assembly contains no types assignable from Orleans.Providers.IProvider.	
[2017-12-22 15:52:45.267 GMT     1	INFO   	100000	AssemblyLoader.Client	]	User assembly ignored: C:\_git\core\src\Samples\Clients\Assets\LocalTcpServer\bin\Debug\Microsoft.IdentityModel.Logging.dll
	* Assembly contains no types assignable from Orleans.Providers.IProvider.	
[2017-12-22 15:52:45.276 GMT     1	INFO   	100000	AssemblyLoader.Client	]	User assembly ignored: C:\_git\core\src\Samples\Clients\Assets\LocalTcpServer\bin\Debug\Microsoft.IdentityModel.Tokens.dll
	* Assembly contains no types assignable from Orleans.Providers.IProvider.	
[2017-12-22 15:52:45.282 GMT     1	INFO   	100000	AssemblyLoader.Client	]	User assembly ignored: C:\_git\core\src\Samples\Clients\Assets\LocalTcpServer\bin\Debug\Microsoft.Win32.Primitives.dll
	* Assembly contains no types assignable from Orleans.Providers.IProvider.	
[2017-12-22 15:52:45.345 GMT     1	INFO   	100000	AssemblyLoader.Client	]	User assembly ignored: C:\_git\core\src\Samples\Clients\Assets\LocalTcpServer\bin\Debug\Microsoft.WindowsAzure.Storage.dll
	* Assembly contains no types assignable from Orleans.Providers.IProvider.	
[2017-12-22 15:52:45.416 GMT     1	INFO   	100000	AssemblyLoader.Client	]	User assembly ignored: C:\_git\core\src\Samples\Clients\Assets\LocalTcpServer\bin\Debug\Newtonsoft.Json.dll
	* Assembly contains no types assignable from Orleans.Providers.IProvider.	
[2017-12-22 15:52:45.421 GMT     1	INFO   	100000	AssemblyLoader.Client	]	User assembly ignored: C:\_git\core\src\Samples\Clients\Assets\LocalTcpServer\bin\Debug\Orleans.dll
	* Assembly filename is excluded.	
[2017-12-22 15:52:45.427 GMT     1	INFO   	100000	AssemblyLoader.Client	]	User assembly ignored: C:\_git\core\src\Samples\Clients\Assets\LocalTcpServer\bin\Debug\OrleansCodeGenerator.dll
	* Assembly contains no types assignable from Orleans.Providers.IProvider.	
[2017-12-22 15:52:45.443 GMT     1	INFO   	100000	AssemblyLoader.Client	]	User assembly ignored: C:\_git\core\src\Samples\Clients\Assets\LocalTcpServer\bin\Debug\OrleansRuntime.dll
	* Assembly filename is excluded.	
[2017-12-22 15:52:45.452 GMT     1	INFO   	100000	AssemblyLoader.Client	]	User assembly ignored: C:\_git\core\src\Samples\Clients\Assets\LocalTcpServer\bin\Debug\Piraeus.Adapters.dll
	* Assembly contains no types assignable from Orleans.Providers.IProvider.	
[2017-12-22 15:52:45.460 GMT     1	INFO   	100000	AssemblyLoader.Client	]	User assembly ignored: C:\_git\core\src\Samples\Clients\Assets\LocalTcpServer\bin\Debug\Piraeus.Configuration.dll
	* Assembly contains no types assignable from Orleans.Providers.IProvider.	
[2017-12-22 15:52:45.467 GMT     1	INFO   	100000	AssemblyLoader.Client	]	User assembly ignored: C:\_git\core\src\Samples\Clients\Assets\LocalTcpServer\bin\Debug\Piraeus.Core.dll
	* Assembly contains no types assignable from Orleans.Providers.IProvider.	
[2017-12-22 15:52:45.475 GMT     1	INFO   	100000	AssemblyLoader.Client	]	User assembly ignored: C:\_git\core\src\Samples\Clients\Assets\LocalTcpServer\bin\Debug\Piraeus.GrainInterfaces.dll
	* Assembly contains no types assignable from Orleans.Providers.IProvider.	
[2017-12-22 15:52:45.485 GMT     1	INFO   	100000	AssemblyLoader.Client	]	User assembly ignored: C:\_git\core\src\Samples\Clients\Assets\LocalTcpServer\bin\Debug\Piraeus.Grains.dll
	* Assembly contains no types assignable from Orleans.Providers.IProvider.	
[2017-12-22 15:52:45.501 GMT     1	INFO   	100000	AssemblyLoader.Client	]	User assembly ignored: C:\_git\core\src\Samples\Clients\Assets\LocalTcpServer\bin\Debug\SkunkLab.Channels.dll
	* Assembly contains no types assignable from Orleans.Providers.IProvider.	
[2017-12-22 15:52:45.525 GMT     1	INFO   	100000	AssemblyLoader.Client	]	User assembly ignored: C:\_git\core\src\Samples\Clients\Assets\LocalTcpServer\bin\Debug\SkunkLab.Diagnostics.dll
	* Assembly contains no types assignable from Orleans.Providers.IProvider.	
[2017-12-22 15:52:45.538 GMT     1	INFO   	100000	AssemblyLoader.Client	]	User assembly ignored: C:\_git\core\src\Samples\Clients\Assets\LocalTcpServer\bin\Debug\SkunkLab.Protocols.dll
	* Assembly contains no types assignable from Orleans.Providers.IProvider.	
[2017-12-22 15:52:45.564 GMT     1	INFO   	100000	AssemblyLoader.Client	]	User assembly ignored: C:\_git\core\src\Samples\Clients\Assets\LocalTcpServer\bin\Debug\SkunkLab.Security.dll
	* Assembly contains no types assignable from Orleans.Providers.IProvider.	
[2017-12-22 15:52:45.573 GMT     1	INFO   	100000	AssemblyLoader.Client	]	User assembly ignored: C:\_git\core\src\Samples\Clients\Assets\LocalTcpServer\bin\Debug\SkunkLab.Servers.dll
	* Assembly contains no types assignable from Orleans.Providers.IProvider.	
[2017-12-22 15:52:45.609 GMT     1	INFO   	100000	AssemblyLoader.Client	]	User assembly ignored: C:\_git\core\src\Samples\Clients\Assets\LocalTcpServer\bin\Debug\StackExchange.Redis.dll
	* Assembly contains no types assignable from Orleans.Providers.IProvider.	
[2017-12-22 15:52:45.620 GMT     1	INFO   	100000	AssemblyLoader.Client	]	User assembly ignored: C:\_git\core\src\Samples\Clients\Assets\LocalTcpServer\bin\Debug\System.AppContext.dll
	* Assembly contains no types assignable from Orleans.Providers.IProvider.	
[2017-12-22 15:52:45.661 GMT     1	INFO   	100000	AssemblyLoader.Client	]	User assembly ignored: C:\_git\core\src\Samples\Clients\Assets\LocalTcpServer\bin\Debug\System.Collections.Immutable.dll
	* Assembly contains no types assignable from Orleans.Providers.IProvider.	
[2017-12-22 15:52:45.667 GMT     1	INFO   	100000	AssemblyLoader.Client	]	User assembly ignored: C:\_git\core\src\Samples\Clients\Assets\LocalTcpServer\bin\Debug\System.Console.dll
	* Assembly contains no types assignable from Orleans.Providers.IProvider.	
[2017-12-22 15:52:45.679 GMT     1	INFO   	100000	AssemblyLoader.Client	]	User assembly ignored: C:\_git\core\src\Samples\Clients\Assets\LocalTcpServer\bin\Debug\System.Diagnostics.DiagnosticSource.dll
	* Assembly contains no types assignable from Orleans.Providers.IProvider.	
[2017-12-22 15:52:45.683 GMT     1	INFO   	100000	AssemblyLoader.Client	]	User assembly ignored: C:\_git\core\src\Samples\Clients\Assets\LocalTcpServer\bin\Debug\System.Diagnostics.FileVersionInfo.dll
	* Assembly contains no types assignable from Orleans.Providers.IProvider.	
[2017-12-22 15:52:45.691 GMT     1	INFO   	100000	AssemblyLoader.Client	]	User assembly ignored: C:\_git\core\src\Samples\Clients\Assets\LocalTcpServer\bin\Debug\System.Diagnostics.StackTrace.dll
	* Assembly contains no types assignable from Orleans.Providers.IProvider.	
[2017-12-22 15:52:45.695 GMT     1	INFO   	100000	AssemblyLoader.Client	]	User assembly ignored: C:\_git\core\src\Samples\Clients\Assets\LocalTcpServer\bin\Debug\System.Globalization.Calendars.dll
	* Assembly contains no types assignable from Orleans.Providers.IProvider.	
[2017-12-22 15:52:45.704 GMT     1	INFO   	100000	AssemblyLoader.Client	]	User assembly ignored: C:\_git\core\src\Samples\Clients\Assets\LocalTcpServer\bin\Debug\System.IdentityModel.Tokens.Jwt.dll
	* Assembly contains no types assignable from Orleans.Providers.IProvider.	
[2017-12-22 15:52:45.713 GMT     1	INFO   	100000	AssemblyLoader.Client	]	User assembly ignored: C:\_git\core\src\Samples\Clients\Assets\LocalTcpServer\bin\Debug\System.IO.Compression.dll
	* Assembly contains no types assignable from Orleans.Providers.IProvider.	
[2017-12-22 15:52:45.719 GMT     1	INFO   	100000	AssemblyLoader.Client	]	User assembly ignored: C:\_git\core\src\Samples\Clients\Assets\LocalTcpServer\bin\Debug\System.IO.Compression.ZipFile.dll
	* Assembly contains no types assignable from Orleans.Providers.IProvider.	
[2017-12-22 15:52:45.738 GMT     1	INFO   	100000	AssemblyLoader.Client	]	User assembly ignored: C:\_git\core\src\Samples\Clients\Assets\LocalTcpServer\bin\Debug\System.IO.FileSystem.dll
	* Assembly contains no types assignable from Orleans.Providers.IProvider.	
[2017-12-22 15:52:45.744 GMT     1	INFO   	100000	AssemblyLoader.Client	]	User assembly ignored: C:\_git\core\src\Samples\Clients\Assets\LocalTcpServer\bin\Debug\System.IO.FileSystem.Primitives.dll
	* Assembly contains no types assignable from Orleans.Providers.IProvider.	
[2017-12-22 15:52:45.760 GMT     1	INFO   	100000	AssemblyLoader.Client	]	User assembly ignored: C:\_git\core\src\Samples\Clients\Assets\LocalTcpServer\bin\Debug\System.Net.Http.dll
	* Assembly contains no types assignable from Orleans.Providers.IProvider.	
[2017-12-22 15:52:45.774 GMT     1	INFO   	100000	AssemblyLoader.Client	]	User assembly ignored: C:\_git\core\src\Samples\Clients\Assets\LocalTcpServer\bin\Debug\System.Net.Http.Formatting.dll
	* Assembly contains no types assignable from Orleans.Providers.IProvider.	
[2017-12-22 15:52:45.782 GMT     1	INFO   	100000	AssemblyLoader.Client	]	User assembly ignored: C:\_git\core\src\Samples\Clients\Assets\LocalTcpServer\bin\Debug\System.Net.Sockets.dll
	* Assembly contains no types assignable from Orleans.Providers.IProvider.	
[2017-12-22 15:52:45.825 GMT     1	INFO   	100000	AssemblyLoader.Client	]	User assembly ignored: C:\_git\core\src\Samples\Clients\Assets\LocalTcpServer\bin\Debug\System.Reflection.Metadata.dll
	* Assembly contains no types assignable from Orleans.Providers.IProvider.	
[2017-12-22 15:52:45.839 GMT     1	INFO   	100000	AssemblyLoader.Client	]	User assembly ignored: C:\_git\core\src\Samples\Clients\Assets\LocalTcpServer\bin\Debug\System.Runtime.InteropServices.RuntimeInformation.dll
	* Assembly contains no types assignable from Orleans.Providers.IProvider.	
[2017-12-22 15:52:45.858 GMT     1	INFO   	100000	AssemblyLoader.Client	]	User assembly ignored: C:\_git\core\src\Samples\Clients\Assets\LocalTcpServer\bin\Debug\System.Security.Cryptography.Algorithms.dll
	* Assembly contains no types assignable from Orleans.Providers.IProvider.	
[2017-12-22 15:52:45.863 GMT     1	INFO   	100000	AssemblyLoader.Client	]	User assembly ignored: C:\_git\core\src\Samples\Clients\Assets\LocalTcpServer\bin\Debug\System.Security.Cryptography.Encoding.dll
	* Assembly contains no types assignable from Orleans.Providers.IProvider.	
[2017-12-22 15:52:45.887 GMT     1	INFO   	100000	AssemblyLoader.Client	]	User assembly ignored: C:\_git\core\src\Samples\Clients\Assets\LocalTcpServer\bin\Debug\System.Security.Cryptography.Primitives.dll
	* Assembly contains no types assignable from Orleans.Providers.IProvider.	
[2017-12-22 15:52:45.892 GMT     1	INFO   	100000	AssemblyLoader.Client	]	User assembly ignored: C:\_git\core\src\Samples\Clients\Assets\LocalTcpServer\bin\Debug\System.Security.Cryptography.X509Certificates.dll
	* Assembly contains no types assignable from Orleans.Providers.IProvider.	
[2017-12-22 15:52:45.905 GMT     1	INFO   	100000	AssemblyLoader.Client	]	User assembly ignored: C:\_git\core\src\Samples\Clients\Assets\LocalTcpServer\bin\Debug\System.Spatial.dll
	* Assembly contains no types assignable from Orleans.Providers.IProvider.	
[2017-12-22 15:52:45.914 GMT     1	INFO   	100000	AssemblyLoader.Client	]	User assembly ignored: C:\_git\core\src\Samples\Clients\Assets\LocalTcpServer\bin\Debug\System.Text.Encoding.CodePages.dll
	* Assembly contains no types assignable from Orleans.Providers.IProvider.	
[2017-12-22 15:52:45.922 GMT     1	INFO   	100000	AssemblyLoader.Client	]	User assembly ignored: C:\_git\core\src\Samples\Clients\Assets\LocalTcpServer\bin\Debug\System.Threading.Thread.dll
	* Assembly contains no types assignable from Orleans.Providers.IProvider.	
[2017-12-22 15:52:45.931 GMT     1	INFO   	100000	AssemblyLoader.Client	]	User assembly ignored: C:\_git\core\src\Samples\Clients\Assets\LocalTcpServer\bin\Debug\System.ValueTuple.dll
	* Assembly contains no types assignable from Orleans.Providers.IProvider.	
[2017-12-22 15:52:45.992 GMT     1	INFO   	100000	AssemblyLoader.Client	]	User assembly ignored: C:\_git\core\src\Samples\Clients\Assets\LocalTcpServer\bin\Debug\System.Web.Http.dll
	* Assembly contains no types assignable from Orleans.Providers.IProvider.	
[2017-12-22 15:52:46.016 GMT     1	INFO   	100000	AssemblyLoader.Client	]	User assembly ignored: C:\_git\core\src\Samples\Clients\Assets\LocalTcpServer\bin\Debug\System.Web.Http.WebHost.dll
	* Assembly contains no types assignable from Orleans.Providers.IProvider.	
[2017-12-22 15:52:46.022 GMT     1	INFO   	100000	AssemblyLoader.Client	]	User assembly ignored: C:\_git\core\src\Samples\Clients\Assets\LocalTcpServer\bin\Debug\System.Xml.ReaderWriter.dll
	* Assembly contains no types assignable from Orleans.Providers.IProvider.	
[2017-12-22 15:52:46.026 GMT     1	INFO   	100000	AssemblyLoader.Client	]	User assembly ignored: C:\_git\core\src\Samples\Clients\Assets\LocalTcpServer\bin\Debug\System.Xml.XmlDocument.dll
	* Assembly contains no types assignable from Orleans.Providers.IProvider.	
[2017-12-22 15:52:46.034 GMT     1	INFO   	100000	AssemblyLoader.Client	]	User assembly ignored: C:\_git\core\src\Samples\Clients\Assets\LocalTcpServer\bin\Debug\System.Xml.XPath.dll
	* Assembly contains no types assignable from Orleans.Providers.IProvider.	
[2017-12-22 15:52:46.042 GMT     1	INFO   	100000	AssemblyLoader.Client	]	User assembly ignored: C:\_git\core\src\Samples\Clients\Assets\LocalTcpServer\bin\Debug\System.Xml.XPath.XDocument.dll
	* Assembly contains no types assignable from Orleans.Providers.IProvider.	
[2017-12-22 15:52:46.060 GMT     1	INFO   	100000	AssemblyLoader.Client	]	Loading assembly C:\_git\core\src\Samples\Clients\Assets\LocalTcpServer\bin\Debug\OrleansProviders.dll...	
[2017-12-22 15:52:46.115 GMT     1	INFO   	100000	AssemblyLoader.Client	]	1 assemblies loaded.	
[2017-12-22 15:52:46.271 GMT     1	INFO   	100313	OutsideRuntimeClient	]	---------- Initializing OutsideRuntimeClient on MININT-2T87D76 at 172.19.91.11 Client Id = *cli/1eb270a9 ----------	
[2017-12-22 15:52:46.302 GMT     1	INFO   	100314	OutsideRuntimeClient	]	---------- Starting OutsideRuntimeClient with runtime Version='1.5.2.0 (Release).' in AppDomain=<AppDomain.Id=1, AppDomain.FriendlyName=LocalTcpServer.exe> Config= 
 Platform version info:
   Orleans version: 1.5.2.0 (Release).
   .NET version: 4.0.30319.42000
   OS version: Microsoft Windows NT 6.2.9200.0
   App config file: C:\_git\core\src\Samples\Clients\Assets\LocalTcpServer\bin\Debug\LocalTcpServer.exe.Config
   GC Type=Client GCLatencyMode=Interactive
   Host: MININT-2T87D76
   Processor Count: 4
Client Configuration:
   Config File Name: 
   Start time: 2017-12-22 15:52:46.294 GMT
   Gateway Provider: Config
   Gateways[1]:
      127.0.0.1:40000
   Preferred Gateway Index: -1
   GatewayListRefreshPeriod: 00:01:00
   Preferred Address Family: InterNetwork
   DNS Host Name: MININT-2T87D76
   Client Name: Client
   Tracing: 
     Default Trace Level: Info
     TraceLevelOverrides: None
     Trace to Console: True
     Trace File Name: C:\_git\core\src\Samples\Clients\Assets\LocalTcpServer\bin\Debug\Client-2017-12-22-15.52.34.506Z.log
     LargeMessageWarningThreshold: 85000
     PropagateActivityId: False
     BulkMessageLimit: 5
   Statistics: 
     MetricsTableWriteInterval: 00:00:30
     PerfCounterWriteInterval: -00:00:00.0010000
     LogWriteInterval: 00:05:00
     WriteLogStatisticsToTable: True
     StatisticsCollectionLevel: Info
   Messaging:
       Response timeout: 00:30:00
       Maximum resend count: 0
       Resend On Timeout: False
       Maximum Socket Age: 10675199.02:48:05.4775807
       Drop Expired Messages: True
       Client Sender Buckets: 8192
       Buffer Pool Buffer Size: 4096
       Buffer Pool Max Size: 10000
       Buffer Pool Preallocation Size: 250
       Fallback serializer: 
   .NET: 
       .NET thread pool sizes - Min: Worker Threads=4 Completion Port Threads=4
       .NET thread pool sizes - Max: Worker Threads=2047 Completion Port Threads=1000
   Providers:
       No providers configured.
	
[2017-12-22 15:52:46.516 GMT     4	INFO   	101309	Messaging.GatewayManager	]	Found 1 knownGateways from Gateway listProvider [gwy.tcp://127.0.0.1:40000/0]	
[2017-12-22 15:52:46.633 GMT     4	INFO   	100908	Messaging.GatewayConnection/GatewayClientSender_gwy.tcp://127.0.0.1:40000/0	172.19.91.11:0]	Connected to gateway at address gwy.tcp://127.0.0.1:40000/0 on trial 0.	
[2017-12-22 15:52:46.671 GMT     9	INFO   	100000	Messaging.GatewayConnection/GatewayClientSender_gwy.tcp://127.0.0.1:40000/0	172.19.91.11:0]	Starting AsyncAgent Messaging.GatewayConnection/GatewayClientSender_gwy.tcp://127.0.0.1:40000/0 on managed thread 9	
[2017-12-22 15:52:46.660 GMT    10	INFO   	100000	Messaging.GatewayClientReceiver/gwy.tcp://127.0.0.1:40000/0	172.19.91.11:0]	Starting AsyncAgent Messaging.GatewayClientReceiver/gwy.tcp://127.0.0.1:40000/0 on managed thread 10	
[2017-12-22 15:52:46.853 GMT     4	INFO   	100929	OutsideRuntimeClient	172.19.91.11:0]	---------- Started OutsideRuntimeClient with Global Client ID: C172.19.91.11:0:-251653966*cli/1eb270a9@39bf849c, client GUID ID: *cli/1eb270a9	
