[2017-12-20 23:25:18.943 GMT     1	INFO   	100000	AssemblyLoader.Client	]	Recursively searching for assemblies in C:\_git\core\src\Samples\Clients\Assets\LocalTcpServer\bin\Debug...	
[2017-12-20 23:25:21.057 GMT     1	INFO   	100000	AssemblyLoader.Client	]	User assembly ignored: C:\_git\core\src\Samples\Clients\Assets\LocalTcpServer\bin\Debug\BouncyCastle.Crypto.dll
	* Assembly contains no types assignable from Orleans.Providers.IProvider.	
[2017-12-20 23:25:21.077 GMT     1	INFO   	100000	AssemblyLoader.Client	]	User assembly ignored: C:\_git\core\src\Samples\Clients\Assets\LocalTcpServer\bin\Debug\Capl.dll
	* Assembly contains no types assignable from Orleans.Providers.IProvider.	
[2017-12-20 23:25:21.079 GMT     1	INFO   	100000	AssemblyLoader.Client	]	User assembly ignored: C:\_git\core\src\Samples\Clients\Assets\LocalTcpServer\bin\Debug\Microsoft.Azure.KeyVault.Core.dll
	* Assembly contains no types assignable from Orleans.Providers.IProvider.	
[2017-12-20 23:25:21.523 GMT     1	INFO   	100000	AssemblyLoader.Client	]	User assembly ignored: C:\_git\core\src\Samples\Clients\Assets\LocalTcpServer\bin\Debug\Microsoft.CodeAnalysis.CSharp.dll
	* Assembly contains no types assignable from Orleans.Providers.IProvider.	
[2017-12-20 23:25:21.727 GMT     1	INFO   	100000	AssemblyLoader.Client	]	User assembly ignored: C:\_git\core\src\Samples\Clients\Assets\LocalTcpServer\bin\Debug\Microsoft.CodeAnalysis.dll
	* Assembly contains no types assignable from Orleans.Providers.IProvider.	
[2017-12-20 23:25:21.765 GMT     1	INFO   	100000	AssemblyLoader.Client	]	User assembly ignored: C:\_git\core\src\Samples\Clients\Assets\LocalTcpServer\bin\Debug\Microsoft.Data.Edm.dll
	* Assembly contains no types assignable from Orleans.Providers.IProvider.	
[2017-12-20 23:25:21.809 GMT     1	INFO   	100000	AssemblyLoader.Client	]	User assembly ignored: C:\_git\core\src\Samples\Clients\Assets\LocalTcpServer\bin\Debug\Microsoft.Data.OData.dll
	* Assembly contains no types assignable from Orleans.Providers.IProvider.	
[2017-12-20 23:25:21.839 GMT     1	INFO   	100000	AssemblyLoader.Client	]	User assembly ignored: C:\_git\core\src\Samples\Clients\Assets\LocalTcpServer\bin\Debug\Microsoft.Data.Services.Client.dll
	* Assembly contains no types assignable from Orleans.Providers.IProvider.	
[2017-12-20 23:25:21.844 GMT     1	INFO   	100000	AssemblyLoader.Client	]	User assembly ignored: C:\_git\core\src\Samples\Clients\Assets\LocalTcpServer\bin\Debug\Microsoft.Extensions.DependencyInjection.Abstractions.dll
	* Assembly contains no types assignable from Orleans.Providers.IProvider.	
[2017-12-20 23:25:21.854 GMT     1	INFO   	100000	AssemblyLoader.Client	]	User assembly ignored: C:\_git\core\src\Samples\Clients\Assets\LocalTcpServer\bin\Debug\Microsoft.Extensions.DependencyInjection.dll
	* Assembly contains no types assignable from Orleans.Providers.IProvider.	
[2017-12-20 23:25:21.866 GMT     1	INFO   	100000	AssemblyLoader.Client	]	User assembly ignored: C:\_git\core\src\Samples\Clients\Assets\LocalTcpServer\bin\Debug\Microsoft.IdentityModel.Logging.dll
	* Assembly contains no types assignable from Orleans.Providers.IProvider.	
[2017-12-20 23:25:21.874 GMT     1	INFO   	100000	AssemblyLoader.Client	]	User assembly ignored: C:\_git\core\src\Samples\Clients\Assets\LocalTcpServer\bin\Debug\Microsoft.IdentityModel.Tokens.dll
	* Assembly contains no types assignable from Orleans.Providers.IProvider.	
[2017-12-20 23:25:21.878 GMT     1	INFO   	100000	AssemblyLoader.Client	]	User assembly ignored: C:\_git\core\src\Samples\Clients\Assets\LocalTcpServer\bin\Debug\Microsoft.Win32.Primitives.dll
	* Assembly contains no types assignable from Orleans.Providers.IProvider.	
[2017-12-20 23:25:21.933 GMT     1	INFO   	100000	AssemblyLoader.Client	]	User assembly ignored: C:\_git\core\src\Samples\Clients\Assets\LocalTcpServer\bin\Debug\Microsoft.WindowsAzure.Storage.dll
	* Assembly contains no types assignable from Orleans.Providers.IProvider.	
[2017-12-20 23:25:21.979 GMT     1	INFO   	100000	AssemblyLoader.Client	]	User assembly ignored: C:\_git\core\src\Samples\Clients\Assets\LocalTcpServer\bin\Debug\Newtonsoft.Json.dll
	* Assembly contains no types assignable from Orleans.Providers.IProvider.	
[2017-12-20 23:25:21.986 GMT     1	INFO   	100000	AssemblyLoader.Client	]	User assembly ignored: C:\_git\core\src\Samples\Clients\Assets\LocalTcpServer\bin\Debug\Orleans.dll
	* Assembly filename is excluded.	
[2017-12-20 23:25:21.989 GMT     1	INFO   	100000	AssemblyLoader.Client	]	User assembly ignored: C:\_git\core\src\Samples\Clients\Assets\LocalTcpServer\bin\Debug\OrleansCodeGenerator.dll
	* Assembly contains no types assignable from Orleans.Providers.IProvider.	
[2017-12-20 23:25:22.005 GMT     1	INFO   	100000	AssemblyLoader.Client	]	User assembly ignored: C:\_git\core\src\Samples\Clients\Assets\LocalTcpServer\bin\Debug\OrleansRuntime.dll
	* Assembly filename is excluded.	
[2017-12-20 23:25:22.015 GMT     1	INFO   	100000	AssemblyLoader.Client	]	User assembly ignored: C:\_git\core\src\Samples\Clients\Assets\LocalTcpServer\bin\Debug\Piraeus.Adapters.dll
	* Assembly contains no types assignable from Orleans.Providers.IProvider.	
[2017-12-20 23:25:22.020 GMT     1	INFO   	100000	AssemblyLoader.Client	]	User assembly ignored: C:\_git\core\src\Samples\Clients\Assets\LocalTcpServer\bin\Debug\Piraeus.Configuration.dll
	* Assembly contains no types assignable from Orleans.Providers.IProvider.	
[2017-12-20 23:25:22.024 GMT     1	INFO   	100000	AssemblyLoader.Client	]	User assembly ignored: C:\_git\core\src\Samples\Clients\Assets\LocalTcpServer\bin\Debug\Piraeus.Core.dll
	* Assembly contains no types assignable from Orleans.Providers.IProvider.	
[2017-12-20 23:25:22.032 GMT     1	INFO   	100000	AssemblyLoader.Client	]	User assembly ignored: C:\_git\core\src\Samples\Clients\Assets\LocalTcpServer\bin\Debug\Piraeus.GrainInterfaces.dll
	* Assembly contains no types assignable from Orleans.Providers.IProvider.	
[2017-12-20 23:25:22.040 GMT     1	INFO   	100000	AssemblyLoader.Client	]	User assembly ignored: C:\_git\core\src\Samples\Clients\Assets\LocalTcpServer\bin\Debug\Piraeus.Grains.dll
	* Assembly contains no types assignable from Orleans.Providers.IProvider.	
[2017-12-20 23:25:22.053 GMT     1	INFO   	100000	AssemblyLoader.Client	]	User assembly ignored: C:\_git\core\src\Samples\Clients\Assets\LocalTcpServer\bin\Debug\SkunkLab.Channels.dll
	* Assembly contains no types assignable from Orleans.Providers.IProvider.	
[2017-12-20 23:25:22.057 GMT     1	INFO   	100000	AssemblyLoader.Client	]	User assembly ignored: C:\_git\core\src\Samples\Clients\Assets\LocalTcpServer\bin\Debug\SkunkLab.Diagnostics.dll
	* Assembly contains no types assignable from Orleans.Providers.IProvider.	
[2017-12-20 23:25:22.068 GMT     1	INFO   	100000	AssemblyLoader.Client	]	User assembly ignored: C:\_git\core\src\Samples\Clients\Assets\LocalTcpServer\bin\Debug\SkunkLab.Protocols.dll
	* Assembly contains no types assignable from Orleans.Providers.IProvider.	
[2017-12-20 23:25:22.078 GMT     1	INFO   	100000	AssemblyLoader.Client	]	User assembly ignored: C:\_git\core\src\Samples\Clients\Assets\LocalTcpServer\bin\Debug\SkunkLab.Security.dll
	* Assembly contains no types assignable from Orleans.Providers.IProvider.	
[2017-12-20 23:25:22.081 GMT     1	INFO   	100000	AssemblyLoader.Client	]	User assembly ignored: C:\_git\core\src\Samples\Clients\Assets\LocalTcpServer\bin\Debug\SkunkLab.Servers.dll
	* Assembly contains no types assignable from Orleans.Providers.IProvider.	
[2017-12-20 23:25:22.120 GMT     1	INFO   	100000	AssemblyLoader.Client	]	User assembly ignored: C:\_git\core\src\Samples\Clients\Assets\LocalTcpServer\bin\Debug\StackExchange.Redis.dll
	* Assembly contains no types assignable from Orleans.Providers.IProvider.	
[2017-12-20 23:25:22.124 GMT     1	INFO   	100000	AssemblyLoader.Client	]	User assembly ignored: C:\_git\core\src\Samples\Clients\Assets\LocalTcpServer\bin\Debug\System.AppContext.dll
	* Assembly contains no types assignable from Orleans.Providers.IProvider.	
[2017-12-20 23:25:22.147 GMT     1	INFO   	100000	AssemblyLoader.Client	]	User assembly ignored: C:\_git\core\src\Samples\Clients\Assets\LocalTcpServer\bin\Debug\System.Collections.Immutable.dll
	* Assembly contains no types assignable from Orleans.Providers.IProvider.	
[2017-12-20 23:25:22.151 GMT     1	INFO   	100000	AssemblyLoader.Client	]	User assembly ignored: C:\_git\core\src\Samples\Clients\Assets\LocalTcpServer\bin\Debug\System.Console.dll
	* Assembly contains no types assignable from Orleans.Providers.IProvider.	
[2017-12-20 23:25:22.157 GMT     1	INFO   	100000	AssemblyLoader.Client	]	User assembly ignored: C:\_git\core\src\Samples\Clients\Assets\LocalTcpServer\bin\Debug\System.Diagnostics.DiagnosticSource.dll
	* Assembly contains no types assignable from Orleans.Providers.IProvider.	
[2017-12-20 23:25:22.162 GMT     1	INFO   	100000	AssemblyLoader.Client	]	User assembly ignored: C:\_git\core\src\Samples\Clients\Assets\LocalTcpServer\bin\Debug\System.Diagnostics.FileVersionInfo.dll
	* Assembly contains no types assignable from Orleans.Providers.IProvider.	
[2017-12-20 23:25:22.164 GMT     1	INFO   	100000	AssemblyLoader.Client	]	User assembly ignored: C:\_git\core\src\Samples\Clients\Assets\LocalTcpServer\bin\Debug\System.Diagnostics.StackTrace.dll
	* Assembly contains no types assignable from Orleans.Providers.IProvider.	
[2017-12-20 23:25:22.167 GMT     1	INFO   	100000	AssemblyLoader.Client	]	User assembly ignored: C:\_git\core\src\Samples\Clients\Assets\LocalTcpServer\bin\Debug\System.Globalization.Calendars.dll
	* Assembly contains no types assignable from Orleans.Providers.IProvider.	
[2017-12-20 23:25:22.175 GMT     1	INFO   	100000	AssemblyLoader.Client	]	User assembly ignored: C:\_git\core\src\Samples\Clients\Assets\LocalTcpServer\bin\Debug\System.IdentityModel.Tokens.Jwt.dll
	* Assembly contains no types assignable from Orleans.Providers.IProvider.	
[2017-12-20 23:25:22.181 GMT     1	INFO   	100000	AssemblyLoader.Client	]	User assembly ignored: C:\_git\core\src\Samples\Clients\Assets\LocalTcpServer\bin\Debug\System.IO.Compression.dll
	* Assembly contains no types assignable from Orleans.Providers.IProvider.	
[2017-12-20 23:25:22.190 GMT     1	INFO   	100000	AssemblyLoader.Client	]	User assembly ignored: C:\_git\core\src\Samples\Clients\Assets\LocalTcpServer\bin\Debug\System.IO.Compression.ZipFile.dll
	* Assembly contains no types assignable from Orleans.Providers.IProvider.	
[2017-12-20 23:25:22.197 GMT     1	INFO   	100000	AssemblyLoader.Client	]	User assembly ignored: C:\_git\core\src\Samples\Clients\Assets\LocalTcpServer\bin\Debug\System.IO.FileSystem.dll
	* Assembly contains no types assignable from Orleans.Providers.IProvider.	
[2017-12-20 23:25:22.199 GMT     1	INFO   	100000	AssemblyLoader.Client	]	User assembly ignored: C:\_git\core\src\Samples\Clients\Assets\LocalTcpServer\bin\Debug\System.IO.FileSystem.Primitives.dll
	* Assembly contains no types assignable from Orleans.Providers.IProvider.	
[2017-12-20 23:25:22.216 GMT     1	INFO   	100000	AssemblyLoader.Client	]	User assembly ignored: C:\_git\core\src\Samples\Clients\Assets\LocalTcpServer\bin\Debug\System.Net.Http.dll
	* Assembly contains no types assignable from Orleans.Providers.IProvider.	
[2017-12-20 23:25:22.231 GMT     1	INFO   	100000	AssemblyLoader.Client	]	User assembly ignored: C:\_git\core\src\Samples\Clients\Assets\LocalTcpServer\bin\Debug\System.Net.Http.Formatting.dll
	* Assembly contains no types assignable from Orleans.Providers.IProvider.	
[2017-12-20 23:25:22.234 GMT     1	INFO   	100000	AssemblyLoader.Client	]	User assembly ignored: C:\_git\core\src\Samples\Clients\Assets\LocalTcpServer\bin\Debug\System.Net.Sockets.dll
	* Assembly contains no types assignable from Orleans.Providers.IProvider.	
[2017-12-20 23:25:22.277 GMT     1	INFO   	100000	AssemblyLoader.Client	]	User assembly ignored: C:\_git\core\src\Samples\Clients\Assets\LocalTcpServer\bin\Debug\System.Reflection.Metadata.dll
	* Assembly contains no types assignable from Orleans.Providers.IProvider.	
[2017-12-20 23:25:22.282 GMT     1	INFO   	100000	AssemblyLoader.Client	]	User assembly ignored: C:\_git\core\src\Samples\Clients\Assets\LocalTcpServer\bin\Debug\System.Runtime.InteropServices.RuntimeInformation.dll
	* Assembly contains no types assignable from Orleans.Providers.IProvider.	
[2017-12-20 23:25:22.285 GMT     1	INFO   	100000	AssemblyLoader.Client	]	User assembly ignored: C:\_git\core\src\Samples\Clients\Assets\LocalTcpServer\bin\Debug\System.Security.Cryptography.Algorithms.dll
	* Assembly contains no types assignable from Orleans.Providers.IProvider.	
[2017-12-20 23:25:22.287 GMT     1	INFO   	100000	AssemblyLoader.Client	]	User assembly ignored: C:\_git\core\src\Samples\Clients\Assets\LocalTcpServer\bin\Debug\System.Security.Cryptography.Encoding.dll
	* Assembly contains no types assignable from Orleans.Providers.IProvider.	
[2017-12-20 23:25:22.288 GMT     1	INFO   	100000	AssemblyLoader.Client	]	User assembly ignored: C:\_git\core\src\Samples\Clients\Assets\LocalTcpServer\bin\Debug\System.Security.Cryptography.Primitives.dll
	* Assembly contains no types assignable from Orleans.Providers.IProvider.	
[2017-12-20 23:25:22.295 GMT     1	INFO   	100000	AssemblyLoader.Client	]	User assembly ignored: C:\_git\core\src\Samples\Clients\Assets\LocalTcpServer\bin\Debug\System.Security.Cryptography.X509Certificates.dll
	* Assembly contains no types assignable from Orleans.Providers.IProvider.	
[2017-12-20 23:25:22.303 GMT     1	INFO   	100000	AssemblyLoader.Client	]	User assembly ignored: C:\_git\core\src\Samples\Clients\Assets\LocalTcpServer\bin\Debug\System.Spatial.dll
	* Assembly contains no types assignable from Orleans.Providers.IProvider.	
[2017-12-20 23:25:22.308 GMT     1	INFO   	100000	AssemblyLoader.Client	]	User assembly ignored: C:\_git\core\src\Samples\Clients\Assets\LocalTcpServer\bin\Debug\System.Text.Encoding.CodePages.dll
	* Assembly contains no types assignable from Orleans.Providers.IProvider.	
[2017-12-20 23:25:22.311 GMT     1	INFO   	100000	AssemblyLoader.Client	]	User assembly ignored: C:\_git\core\src\Samples\Clients\Assets\LocalTcpServer\bin\Debug\System.Threading.Thread.dll
	* Assembly contains no types assignable from Orleans.Providers.IProvider.	
[2017-12-20 23:25:22.318 GMT     1	INFO   	100000	AssemblyLoader.Client	]	User assembly ignored: C:\_git\core\src\Samples\Clients\Assets\LocalTcpServer\bin\Debug\System.ValueTuple.dll
	* Assembly contains no types assignable from Orleans.Providers.IProvider.	
[2017-12-20 23:25:22.354 GMT     1	INFO   	100000	AssemblyLoader.Client	]	User assembly ignored: C:\_git\core\src\Samples\Clients\Assets\LocalTcpServer\bin\Debug\System.Web.Http.dll
	* Assembly contains no types assignable from Orleans.Providers.IProvider.	
[2017-12-20 23:25:22.358 GMT     1	INFO   	100000	AssemblyLoader.Client	]	User assembly ignored: C:\_git\core\src\Samples\Clients\Assets\LocalTcpServer\bin\Debug\System.Xml.ReaderWriter.dll
	* Assembly contains no types assignable from Orleans.Providers.IProvider.	
[2017-12-20 23:25:22.361 GMT     1	INFO   	100000	AssemblyLoader.Client	]	User assembly ignored: C:\_git\core\src\Samples\Clients\Assets\LocalTcpServer\bin\Debug\System.Xml.XmlDocument.dll
	* Assembly contains no types assignable from Orleans.Providers.IProvider.	
[2017-12-20 23:25:22.363 GMT     1	INFO   	100000	AssemblyLoader.Client	]	User assembly ignored: C:\_git\core\src\Samples\Clients\Assets\LocalTcpServer\bin\Debug\System.Xml.XPath.dll
	* Assembly contains no types assignable from Orleans.Providers.IProvider.	
[2017-12-20 23:25:22.367 GMT     1	INFO   	100000	AssemblyLoader.Client	]	User assembly ignored: C:\_git\core\src\Samples\Clients\Assets\LocalTcpServer\bin\Debug\System.Xml.XPath.XDocument.dll
	* Assembly contains no types assignable from Orleans.Providers.IProvider.	
[2017-12-20 23:25:22.371 GMT     1	INFO   	100000	AssemblyLoader.Client	]	Loading assembly C:\_git\core\src\Samples\Clients\Assets\LocalTcpServer\bin\Debug\OrleansProviders.dll...	
[2017-12-20 23:25:22.408 GMT     1	INFO   	100000	AssemblyLoader.Client	]	1 assemblies loaded.	
[2017-12-20 23:25:22.510 GMT     1	INFO   	100313	OutsideRuntimeClient	]	---------- Initializing OutsideRuntimeClient on MININT-2T87D76 at 172.19.176.1 Client Id = *cli/47bb82b1 ----------	
[2017-12-20 23:25:22.530 GMT     1	INFO   	100314	OutsideRuntimeClient	]	---------- Starting OutsideRuntimeClient with runtime Version='1.5.2.0 (Release).' in AppDomain=<AppDomain.Id=1, AppDomain.FriendlyName=LocalTcpServer.exe> Config= 
 Platform version info:
   Orleans version: 1.5.2.0 (Release).
   .NET version: 4.0.30319.42000
   OS version: Microsoft Windows NT 6.2.9200.0
   App config file: C:\_git\core\src\Samples\Clients\Assets\LocalTcpServer\bin\Debug\LocalTcpServer.exe.Config
   GC Type=Client GCLatencyMode=Interactive
   Host: MININT-2T87D76
   Processor Count: 4
Client Configuration:
   Config File Name: 
   Start time: 2017-12-20 23:25:22.522 GMT
   Gateway Provider: Config
   Gateways[1]:
      127.0.0.1:40000
   Preferred Gateway Index: -1
   GatewayListRefreshPeriod: 00:01:00
   Preferred Address Family: InterNetwork
   DNS Host Name: MININT-2T87D76
   Client Name: Client
   Tracing: 
     Default Trace Level: Info
     TraceLevelOverrides: None
     Trace to Console: True
     Trace File Name: C:\_git\core\src\Samples\Clients\Assets\LocalTcpServer\bin\Debug\Client-2017-12-20-23.25.12.791Z.log
     LargeMessageWarningThreshold: 85000
     PropagateActivityId: False
     BulkMessageLimit: 5
   Statistics: 
     MetricsTableWriteInterval: 00:00:30
     PerfCounterWriteInterval: -00:00:00.0010000
     LogWriteInterval: 00:05:00
     WriteLogStatisticsToTable: True
     StatisticsCollectionLevel: Info
   Messaging:
       Response timeout: 00:00:30
       Maximum resend count: 0
       Resend On Timeout: False
       Maximum Socket Age: 10675199.02:48:05.4775807
       Drop Expired Messages: True
       Client Sender Buckets: 8192
       Buffer Pool Buffer Size: 4096
       Buffer Pool Max Size: 10000
       Buffer Pool Preallocation Size: 250
       Fallback serializer: 
   .NET: 
       .NET thread pool sizes - Min: Worker Threads=4 Completion Port Threads=4
       .NET thread pool sizes - Max: Worker Threads=2047 Completion Port Threads=1000
   Providers:
       No providers configured.
	
[2017-12-20 23:25:22.647 GMT     5	INFO   	101309	Messaging.GatewayManager	]	Found 1 knownGateways from Gateway listProvider [gwy.tcp://127.0.0.1:40000/0]	
[2017-12-20 23:25:22.708 GMT     5	INFO   	100908	Messaging.GatewayConnection/GatewayClientSender_gwy.tcp://127.0.0.1:40000/0	172.19.176.1:0]	Connected to gateway at address gwy.tcp://127.0.0.1:40000/0 on trial 0.	
[2017-12-20 23:25:22.715 GMT    10	INFO   	100000	Messaging.GatewayClientReceiver/gwy.tcp://127.0.0.1:40000/0	172.19.176.1:0]	Starting AsyncAgent Messaging.GatewayClientReceiver/gwy.tcp://127.0.0.1:40000/0 on managed thread 10	
[2017-12-20 23:25:22.715 GMT     9	INFO   	100000	Messaging.GatewayConnection/GatewayClientSender_gwy.tcp://127.0.0.1:40000/0	172.19.176.1:0]	Starting AsyncAgent Messaging.GatewayConnection/GatewayClientSender_gwy.tcp://127.0.0.1:40000/0 on managed thread 9	
[2017-12-20 23:25:22.947 GMT     5	INFO   	100929	OutsideRuntimeClient	172.19.176.1:0]	---------- Started OutsideRuntimeClient with Global Client ID: C172.19.176.1:0:-251508322*cli/47bb82b1@a749259d, client GUID ID: *cli/47bb82b1	
[2017-12-20 23:26:22.658 GMT     8	INFO   	101309	Messaging.GatewayManager	172.19.176.1:0]	Refreshed the live Gateway list. Found 1 gateways from Gateway listProvider: [gwy.tcp://127.0.0.1:40000/0]. Picked only known live out of them. Now has 1 live Gateways: [gwy.tcp://127.0.0.1:40000/0]. Previous refresh time was = 12/20/2017 11:25:22 PM	
[2017-12-20 23:27:22.661 GMT     7	INFO   	101309	Messaging.GatewayManager	172.19.176.1:0]	Refreshed the live Gateway list. Found 1 gateways from Gateway listProvider: [gwy.tcp://127.0.0.1:40000/0]. Picked only known live out of them. Now has 1 live Gateways: [gwy.tcp://127.0.0.1:40000/0]. Previous refresh time was = 12/20/2017 11:26:22 PM	
[2017-12-20 23:28:22.667 GMT     5	INFO   	101309	Messaging.GatewayManager	172.19.176.1:0]	Refreshed the live Gateway list. Found 1 gateways from Gateway listProvider: [gwy.tcp://127.0.0.1:40000/0]. Picked only known live out of them. Now has 1 live Gateways: [gwy.tcp://127.0.0.1:40000/0]. Previous refresh time was = 12/20/2017 11:27:22 PM	
[2017-12-20 23:29:22.711 GMT     8	INFO   	101309	Messaging.GatewayManager	172.19.176.1:0]	Refreshed the live Gateway list. Found 1 gateways from Gateway listProvider: [gwy.tcp://127.0.0.1:40000/0]. Picked only known live out of them. Now has 1 live Gateways: [gwy.tcp://127.0.0.1:40000/0]. Previous refresh time was = 12/20/2017 11:28:22 PM	
[2017-12-20 23:30:23.022 GMT     5	INFO   	100704	ClientLogStatistics	172.19.176.1:0]	Statistics: ^^^
Client.ConnectedGatewayCount=1
Messaging.Expired.AtDispatch.Current=0
Messaging.Expired.AtInvoke.Current=0
Messaging.Expired.AtReceive.Current=0
Messaging.Expired.AtRespond.Current=0
Messaging.Expired.AtSend.Current=0
Messaging.Received.BatchSize.PerSocketDirection.ClientToGateway=0.000
Messaging.Received.BatchSizeBytesHistogram.Bytes.PerSocketDirection.ClientToGateway=
Messaging.Received.Bytes.Header.Current=453
Messaging.Received.Bytes.Total.Current=3298
Messaging.Received.Direction.OneWay.Current=0
Messaging.Received.Direction.Request.Current=0
Messaging.Received.Direction.Response.Current=2
Messaging.Received.Messages.From.S127.0.0.1:40000:0.Current=2
Messaging.Received.Messages.Total.Current=2
Messaging.Received.MessageSizeHistogram.Bytes=[256:511]=1, [2048:4095]=1, 
Messaging.Rerouted.OneWay.Current=0
Messaging.Rerouted.Request.Current=0
Messaging.Rerouted.Response.Current=0
Messaging.Sent.BatchSize.PerSocketDirection.ClientToGateway=0.000
Messaging.Sent.BatchSizeBytesHistogram.Bytes.PerSocketDirection.ClientToGateway=
Messaging.Sent.Bytes.Header.Current=453
Messaging.Sent.Bytes.Total.Current=526
Messaging.Sent.Direction.OneWay.Current=0
Messaging.Sent.Direction.Request.Current=2
Messaging.Sent.Direction.Response.Current=0
Messaging.Sent.Messages.To.S127.0.0.1:40000:0.Current=2
Messaging.Sent.Messages.Total.Current=2
Messaging.Sent.MessageSizeHistogram.Bytes=[128:255]=1, [256:511]=1, 
Networking.Sockets.ClientToGateway.Duplex.Closed.Current=0
Networking.Sockets.ClientToGateway.Duplex.Opened.Current=1
Runtime.CpuUsage=51.516
Runtime.DOT.NET.ThreadPool.InUse.CompletionPortThreads=0
Runtime.DOT.NET.ThreadPool.InUse.WorkerThreads=2
Runtime.GC.AllocatedBytesInKbPerSec=0.000
Runtime.GC.GenCollectonCount=gen0=17, gen1=7, gen2=3
Runtime.GC.GenSizesKb=gen0=2098.16, gen1=63.80, gen2=5912.63
Runtime.GC.LargeObjectHeapSizeKb=4545.930
Runtime.GC.NumberOfInducedGCs=0.000
Runtime.GC.PercentOfTimeInGC=0.003
Runtime.GC.PromotedFinalizationMemoryFromGen0Kb=0.098
Runtime.GC.PromotedMemoryFromGen1Kb=730.430
Runtime.GC.TotalMemoryKb=9652
Runtime.Memory.AvailableMemoryMb=8271
Runtime.Memory.TotalPhysicalMemoryMb=16384
Runtime.Threads.AsynchAgent.Messaging.GatewayClientReceiver.Current=1
Runtime.Threads.AsynchAgent.Messaging.GatewayConnection.Current=1
Runtime.Threads.AsynchAgent.TotalThreadsCreated.Current=2
Serialization.BufferPool.AllocatedBuffers.Current=250
Serialization.BufferPool.BuffersInPool=217
Serialization.BufferPool.CheckedInBuffers.Current=257
Serialization.BufferPool.CheckedOutBuffers.Current=290
Serialization.BufferPool.DroppedBuffers.Current=0
Serialization.BufferPool.DroppedTooLargeBuffers.Current=0
Serialization.BufferPool.InUse.AllocatedAndNotInPool_Buffers=33
Serialization.BufferPool.InUse.CheckedOutAndNotCheckedIn_Buffers=33
	
[2017-12-20 23:30:23.074 GMT     5	INFO   	101309	Messaging.GatewayManager	172.19.176.1:0]	Refreshed the live Gateway list. Found 1 gateways from Gateway listProvider: [gwy.tcp://127.0.0.1:40000/0]. Picked only known live out of them. Now has 1 live Gateways: [gwy.tcp://127.0.0.1:40000/0]. Previous refresh time was = 12/20/2017 11:29:22 PM	
[2017-12-20 23:31:23.089 GMT    14	INFO   	101309	Messaging.GatewayManager	172.19.176.1:0]	Refreshed the live Gateway list. Found 1 gateways from Gateway listProvider: [gwy.tcp://127.0.0.1:40000/0]. Picked only known live out of them. Now has 1 live Gateways: [gwy.tcp://127.0.0.1:40000/0]. Previous refresh time was = 12/20/2017 11:30:23 PM	
[2017-12-20 23:31:56.760 GMT     2	ERROR  	100007	OutsideRuntimeClient	172.19.176.1:0]	!!!!!!!!!! OutsideRuntimeClient caught an UnobservedException.	
Exc level 0: System.NullReferenceException: Object reference not set to an instance of an object.
   at Piraeus.Adapters.OrleansAdapter.<RemoveEphemeralObserversAsync>d__21.MoveNext() in C:\_git\core\src\Piraeus\Piraeus.Adapters\OrleansAdapter.cs:line 415
[2017-12-20 23:31:56.768 GMT     2	ERROR  	100005	UnobservedExceptionHandler	172.19.176.1:0]	!!!!!!!!!! UnobservedExceptionsHandlerClass Caught an UnobservedTaskException event sent by [Id=95594, Status=Faulted]. Exception = 
Exc level 0: System.AggregateException: A Task's exception(s) were not observed either by Waiting on the Task or accessing its Exception property. As a result, the unobserved exception was rethrown by the finalizer thread.
Exc level 1: System.NullReferenceException: Object reference not set to an instance of an object.
   at Piraeus.Adapters.OrleansAdapter.<RemoveEphemeralObserversAsync>d__21.MoveNext() in C:\_git\core\src\Piraeus\Piraeus.Adapters\OrleansAdapter.cs:line 415	
[2017-12-20 23:31:56.769 GMT     2	ERROR  	100006	UnobservedExceptionHandler	172.19.176.1:0]	!!!!!!!!!! Exception remained UnObserved!!! The subsequent behavior depends on the ThrowUnobservedTaskExceptions setting in app config and .NET version.	
[2017-12-20 23:32:18.472 GMT     2	ERROR  	100007	OutsideRuntimeClient	172.19.176.1:0]	!!!!!!!!!! OutsideRuntimeClient caught an UnobservedException.	
Exc level 0: System.NullReferenceException: Object reference not set to an instance of an object.
   at Piraeus.Adapters.OrleansAdapter.<RemoveEphemeralObserversAsync>d__21.MoveNext() in C:\_git\core\src\Piraeus\Piraeus.Adapters\OrleansAdapter.cs:line 415
[2017-12-20 23:32:18.474 GMT     2	ERROR  	100005	UnobservedExceptionHandler	172.19.176.1:0]	!!!!!!!!!! UnobservedExceptionsHandlerClass Caught an UnobservedTaskException event sent by [Id=98998, Status=Faulted]. Exception = 
Exc level 0: System.AggregateException: A Task's exception(s) were not observed either by Waiting on the Task or accessing its Exception property. As a result, the unobserved exception was rethrown by the finalizer thread.
Exc level 1: System.NullReferenceException: Object reference not set to an instance of an object.
   at Piraeus.Adapters.OrleansAdapter.<RemoveEphemeralObserversAsync>d__21.MoveNext() in C:\_git\core\src\Piraeus\Piraeus.Adapters\OrleansAdapter.cs:line 415	
[2017-12-20 23:32:18.475 GMT     2	ERROR  	100006	UnobservedExceptionHandler	172.19.176.1:0]	!!!!!!!!!! Exception remained UnObserved!!! The subsequent behavior depends on the ThrowUnobservedTaskExceptions setting in app config and .NET version.	
[2017-12-20 23:32:23.101 GMT     5	INFO   	101309	Messaging.GatewayManager	172.19.176.1:0]	Refreshed the live Gateway list. Found 1 gateways from Gateway listProvider: [gwy.tcp://127.0.0.1:40000/0]. Picked only known live out of them. Now has 1 live Gateways: [gwy.tcp://127.0.0.1:40000/0]. Previous refresh time was = 12/20/2017 11:31:23 PM	
[2017-12-20 23:32:43.897 GMT    14	ERROR  	100927	OutsideRuntimeClient	172.19.176.1:0]	!!!!!!!!!! Exception during invocation of notification method -1372484765, interface -1543216846. Ignoring exception because this is a one way request.	
Exc level 0: System.NullReferenceException: Object reference not set to an instance of an object.
   at SkunkLab.Protocols.Mqtt.MqttSession.GetQoS(String topic) in C:\_git\core\src\SkunkLab\SkunkLab.Protocols\SkunkLab.Protocols\Mqtt\MqttSession.cs:line 111
   at Piraeus.Adapters.ProtocolTransition.MqttConversion(MqttSession session, Byte[] message, String contentType) in C:\_git\core\src\Piraeus\Piraeus.Adapters\ProtocolTransition.cs:line 120
   at Piraeus.Adapters.ProtocolTransition.ConvertToMqtt(MqttSession session, EventMessage message) in C:\_git\core\src\Piraeus\Piraeus.Adapters\ProtocolTransition.cs:line 17
   at Piraeus.Adapters.MqttProtocolAdapter.Adapter_OnObserve(Object sender, ObserveMessageEventArgs e) in C:\_git\core\src\Piraeus\Piraeus.Adapters\MqttProtocolAdapter.cs:line 90
   at Piraeus.Adapters.OrleansAdapter.Observer_OnNotify(Object sender, MessageNotificationArgs e) in C:\_git\core\src\Piraeus\Piraeus.Adapters\OrleansAdapter.cs:line 280
   at Piraeus.Grains.MessageObserver.Notify(EventMessage message) in C:\_git\core\src\Piraeus\Piraeus.Grains\MessageObserver.cs:line 17
   at Piraeus.GrainInterfaces.OrleansCodeGenMessageObserverMethodInvoker.Invoke(IAddressable grain, InvokeMethodRequest request) in C:\_git\core\src\Piraeus\Piraeus.GrainInterfaces\obj\Release\Piraeus.GrainInterfaces.orleans.g.cs:line 478
   at Orleans.OutsideRuntimeClient.<LocalObjectMessagePumpAsync>d__69.MoveNext()
[2017-12-20 23:32:44.000 GMT    19	ERROR  	100927	OutsideRuntimeClient	172.19.176.1:0]	!!!!!!!!!! Exception during invocation of notification method -1372484765, interface -1543216846. Ignoring exception because this is a one way request.	
Exc level 0: System.NullReferenceException: Object reference not set to an instance of an object.
   at SkunkLab.Protocols.Mqtt.MqttSession.GetQoS(String topic) in C:\_git\core\src\SkunkLab\SkunkLab.Protocols\SkunkLab.Protocols\Mqtt\MqttSession.cs:line 111
   at Piraeus.Adapters.ProtocolTransition.MqttConversion(MqttSession session, Byte[] message, String contentType) in C:\_git\core\src\Piraeus\Piraeus.Adapters\ProtocolTransition.cs:line 120
   at Piraeus.Adapters.ProtocolTransition.ConvertToMqtt(MqttSession session, EventMessage message) in C:\_git\core\src\Piraeus\Piraeus.Adapters\ProtocolTransition.cs:line 17
   at Piraeus.Adapters.MqttProtocolAdapter.Adapter_OnObserve(Object sender, ObserveMessageEventArgs e) in C:\_git\core\src\Piraeus\Piraeus.Adapters\MqttProtocolAdapter.cs:line 90
   at Piraeus.Adapters.OrleansAdapter.Observer_OnNotify(Object sender, MessageNotificationArgs e) in C:\_git\core\src\Piraeus\Piraeus.Adapters\OrleansAdapter.cs:line 280
   at Piraeus.Grains.MessageObserver.Notify(EventMessage message) in C:\_git\core\src\Piraeus\Piraeus.Grains\MessageObserver.cs:line 17
   at Piraeus.GrainInterfaces.OrleansCodeGenMessageObserverMethodInvoker.Invoke(IAddressable grain, InvokeMethodRequest request) in C:\_git\core\src\Piraeus\Piraeus.GrainInterfaces\obj\Release\Piraeus.GrainInterfaces.orleans.g.cs:line 478
   at Orleans.OutsideRuntimeClient.<LocalObjectMessagePumpAsync>d__69.MoveNext()
[2017-12-20 23:32:44.117 GMT    14	ERROR  	100927	OutsideRuntimeClient	172.19.176.1:0]	!!!!!!!!!! Exception during invocation of notification method -1372484765, interface -1543216846. Ignoring exception because this is a one way request.	
Exc level 0: System.NullReferenceException: Object reference not set to an instance of an object.
   at SkunkLab.Protocols.Mqtt.MqttSession.GetQoS(String topic) in C:\_git\core\src\SkunkLab\SkunkLab.Protocols\SkunkLab.Protocols\Mqtt\MqttSession.cs:line 111
   at Piraeus.Adapters.ProtocolTransition.MqttConversion(MqttSession session, Byte[] message, String contentType) in C:\_git\core\src\Piraeus\Piraeus.Adapters\ProtocolTransition.cs:line 120
   at Piraeus.Adapters.ProtocolTransition.ConvertToMqtt(MqttSession session, EventMessage message) in C:\_git\core\src\Piraeus\Piraeus.Adapters\ProtocolTransition.cs:line 17
   at Piraeus.Adapters.MqttProtocolAdapter.Adapter_OnObserve(Object sender, ObserveMessageEventArgs e) in C:\_git\core\src\Piraeus\Piraeus.Adapters\MqttProtocolAdapter.cs:line 90
   at Piraeus.Adapters.OrleansAdapter.Observer_OnNotify(Object sender, MessageNotificationArgs e) in C:\_git\core\src\Piraeus\Piraeus.Adapters\OrleansAdapter.cs:line 280
   at Piraeus.Grains.MessageObserver.Notify(EventMessage message) in C:\_git\core\src\Piraeus\Piraeus.Grains\MessageObserver.cs:line 17
   at Piraeus.GrainInterfaces.OrleansCodeGenMessageObserverMethodInvoker.Invoke(IAddressable grain, InvokeMethodRequest request) in C:\_git\core\src\Piraeus\Piraeus.GrainInterfaces\obj\Release\Piraeus.GrainInterfaces.orleans.g.cs:line 478
   at Orleans.OutsideRuntimeClient.<LocalObjectMessagePumpAsync>d__69.MoveNext()
[2017-12-20 23:32:44.247 GMT    19	ERROR  	100927	OutsideRuntimeClient	172.19.176.1:0]	!!!!!!!!!! Exception during invocation of notification method -1372484765, interface -1543216846. Ignoring exception because this is a one way request.	
Exc level 0: System.NullReferenceException: Object reference not set to an instance of an object.
   at SkunkLab.Protocols.Mqtt.MqttSession.GetQoS(String topic) in C:\_git\core\src\SkunkLab\SkunkLab.Protocols\SkunkLab.Protocols\Mqtt\MqttSession.cs:line 111
   at Piraeus.Adapters.ProtocolTransition.MqttConversion(MqttSession session, Byte[] message, String contentType) in C:\_git\core\src\Piraeus\Piraeus.Adapters\ProtocolTransition.cs:line 120
   at Piraeus.Adapters.ProtocolTransition.ConvertToMqtt(MqttSession session, EventMessage message) in C:\_git\core\src\Piraeus\Piraeus.Adapters\ProtocolTransition.cs:line 17
   at Piraeus.Adapters.MqttProtocolAdapter.Adapter_OnObserve(Object sender, ObserveMessageEventArgs e) in C:\_git\core\src\Piraeus\Piraeus.Adapters\MqttProtocolAdapter.cs:line 90
   at Piraeus.Adapters.OrleansAdapter.Observer_OnNotify(Object sender, MessageNotificationArgs e) in C:\_git\core\src\Piraeus\Piraeus.Adapters\OrleansAdapter.cs:line 280
   at Piraeus.Grains.MessageObserver.Notify(EventMessage message) in C:\_git\core\src\Piraeus\Piraeus.Grains\MessageObserver.cs:line 17
   at Piraeus.GrainInterfaces.OrleansCodeGenMessageObserverMethodInvoker.Invoke(IAddressable grain, InvokeMethodRequest request) in C:\_git\core\src\Piraeus\Piraeus.GrainInterfaces\obj\Release\Piraeus.GrainInterfaces.orleans.g.cs:line 478
   at Orleans.OutsideRuntimeClient.<LocalObjectMessagePumpAsync>d__69.MoveNext()
[2017-12-20 23:32:44.335 GMT    19	ERROR  	100927	OutsideRuntimeClient	172.19.176.1:0]	!!!!!!!!!! Exception during invocation of notification method -1372484765, interface -1543216846. Ignoring exception because this is a one way request.	
Exc level 0: System.NullReferenceException: Object reference not set to an instance of an object.
   at SkunkLab.Protocols.Mqtt.MqttSession.GetQoS(String topic) in C:\_git\core\src\SkunkLab\SkunkLab.Protocols\SkunkLab.Protocols\Mqtt\MqttSession.cs:line 111
   at Piraeus.Adapters.ProtocolTransition.MqttConversion(MqttSession session, Byte[] message, String contentType) in C:\_git\core\src\Piraeus\Piraeus.Adapters\ProtocolTransition.cs:line 120
   at Piraeus.Adapters.ProtocolTransition.ConvertToMqtt(MqttSession session, EventMessage message) in C:\_git\core\src\Piraeus\Piraeus.Adapters\ProtocolTransition.cs:line 17
   at Piraeus.Adapters.MqttProtocolAdapter.Adapter_OnObserve(Object sender, ObserveMessageEventArgs e) in C:\_git\core\src\Piraeus\Piraeus.Adapters\MqttProtocolAdapter.cs:line 90
   at Piraeus.Adapters.OrleansAdapter.Observer_OnNotify(Object sender, MessageNotificationArgs e) in C:\_git\core\src\Piraeus\Piraeus.Adapters\OrleansAdapter.cs:line 280
   at Piraeus.Grains.MessageObserver.Notify(EventMessage message) in C:\_git\core\src\Piraeus\Piraeus.Grains\MessageObserver.cs:line 17
   at Piraeus.GrainInterfaces.OrleansCodeGenMessageObserverMethodInvoker.Invoke(IAddressable grain, InvokeMethodRequest request) in C:\_git\core\src\Piraeus\Piraeus.GrainInterfaces\obj\Release\Piraeus.GrainInterfaces.orleans.g.cs:line 478
   at Orleans.OutsideRuntimeClient.<LocalObjectMessagePumpAsync>d__69.MoveNext()
[2017-12-20 23:32:57.445 GMT    26	INFO   	600927	OutsideRuntimeClient	172.19.176.1:0]	Log code 100927 occurred 10 additional times in the previous 00:01:00.6845560	
[2017-12-20 23:32:57.446 GMT    26	ERROR  	100927	OutsideRuntimeClient	172.19.176.1:0]	!!!!!!!!!! Exception during invocation of notification method -1372484765, interface -1543216846. Ignoring exception because this is a one way request.	
Exc level 0: System.NullReferenceException: Object reference not set to an instance of an object.
   at SkunkLab.Protocols.Mqtt.MqttSession.GetQoS(String topic) in C:\_git\core\src\SkunkLab\SkunkLab.Protocols\SkunkLab.Protocols\Mqtt\MqttSession.cs:line 111
   at Piraeus.Adapters.ProtocolTransition.ConvertToMqtt(MqttSession session, EventMessage message) in C:\_git\core\src\Piraeus\Piraeus.Adapters\ProtocolTransition.cs:line 24
   at Piraeus.Adapters.MqttProtocolAdapter.Adapter_OnObserve(Object sender, ObserveMessageEventArgs e) in C:\_git\core\src\Piraeus\Piraeus.Adapters\MqttProtocolAdapter.cs:line 90
   at Piraeus.Adapters.OrleansAdapter.Observer_OnNotify(Object sender, MessageNotificationArgs e) in C:\_git\core\src\Piraeus\Piraeus.Adapters\OrleansAdapter.cs:line 280
   at Piraeus.Grains.MessageObserver.Notify(EventMessage message) in C:\_git\core\src\Piraeus\Piraeus.Grains\MessageObserver.cs:line 17
   at Piraeus.GrainInterfaces.OrleansCodeGenMessageObserverMethodInvoker.Invoke(IAddressable grain, InvokeMethodRequest request) in C:\_git\core\src\Piraeus\Piraeus.GrainInterfaces\obj\Release\Piraeus.GrainInterfaces.orleans.g.cs:line 478
   at Orleans.OutsideRuntimeClient.<LocalObjectMessagePumpAsync>d__69.MoveNext()
[2017-12-20 23:32:57.464 GMT    26	ERROR  	100927	OutsideRuntimeClient	172.19.176.1:0]	!!!!!!!!!! Exception during invocation of notification method -1372484765, interface -1543216846. Ignoring exception because this is a one way request.	
Exc level 0: System.NullReferenceException: Object reference not set to an instance of an object.
   at SkunkLab.Protocols.Mqtt.MqttSession.GetQoS(String topic) in C:\_git\core\src\SkunkLab\SkunkLab.Protocols\SkunkLab.Protocols\Mqtt\MqttSession.cs:line 111
   at Piraeus.Adapters.ProtocolTransition.ConvertToMqtt(MqttSession session, EventMessage message) in C:\_git\core\src\Piraeus\Piraeus.Adapters\ProtocolTransition.cs:line 24
   at Piraeus.Adapters.MqttProtocolAdapter.Adapter_OnObserve(Object sender, ObserveMessageEventArgs e) in C:\_git\core\src\Piraeus\Piraeus.Adapters\MqttProtocolAdapter.cs:line 90
   at Piraeus.Adapters.OrleansAdapter.Observer_OnNotify(Object sender, MessageNotificationArgs e) in C:\_git\core\src\Piraeus\Piraeus.Adapters\OrleansAdapter.cs:line 280
   at Piraeus.Grains.MessageObserver.Notify(EventMessage message) in C:\_git\core\src\Piraeus\Piraeus.Grains\MessageObserver.cs:line 17
   at Piraeus.GrainInterfaces.OrleansCodeGenMessageObserverMethodInvoker.Invoke(IAddressable grain, InvokeMethodRequest request) in C:\_git\core\src\Piraeus\Piraeus.GrainInterfaces\obj\Release\Piraeus.GrainInterfaces.orleans.g.cs:line 478
   at Orleans.OutsideRuntimeClient.<LocalObjectMessagePumpAsync>d__69.MoveNext()
[2017-12-20 23:32:57.478 GMT    26	ERROR  	100927	OutsideRuntimeClient	172.19.176.1:0]	!!!!!!!!!! Exception during invocation of notification method -1372484765, interface -1543216846. Ignoring exception because this is a one way request.	
Exc level 0: System.NullReferenceException: Object reference not set to an instance of an object.
   at SkunkLab.Protocols.Mqtt.MqttSession.GetQoS(String topic) in C:\_git\core\src\SkunkLab\SkunkLab.Protocols\SkunkLab.Protocols\Mqtt\MqttSession.cs:line 111
   at Piraeus.Adapters.ProtocolTransition.ConvertToMqtt(MqttSession session, EventMessage message) in C:\_git\core\src\Piraeus\Piraeus.Adapters\ProtocolTransition.cs:line 24
   at Piraeus.Adapters.MqttProtocolAdapter.Adapter_OnObserve(Object sender, ObserveMessageEventArgs e) in C:\_git\core\src\Piraeus\Piraeus.Adapters\MqttProtocolAdapter.cs:line 90
   at Piraeus.Adapters.OrleansAdapter.Observer_OnNotify(Object sender, MessageNotificationArgs e) in C:\_git\core\src\Piraeus\Piraeus.Adapters\OrleansAdapter.cs:line 280
   at Piraeus.Grains.MessageObserver.Notify(EventMessage message) in C:\_git\core\src\Piraeus\Piraeus.Grains\MessageObserver.cs:line 17
   at Piraeus.GrainInterfaces.OrleansCodeGenMessageObserverMethodInvoker.Invoke(IAddressable grain, InvokeMethodRequest request) in C:\_git\core\src\Piraeus\Piraeus.GrainInterfaces\obj\Release\Piraeus.GrainInterfaces.orleans.g.cs:line 478
   at Orleans.OutsideRuntimeClient.<LocalObjectMessagePumpAsync>d__69.MoveNext()
[2017-12-20 23:32:57.487 GMT    26	ERROR  	100927	OutsideRuntimeClient	172.19.176.1:0]	!!!!!!!!!! Exception during invocation of notification method -1372484765, interface -1543216846. Ignoring exception because this is a one way request.	
Exc level 0: System.NullReferenceException: Object reference not set to an instance of an object.
   at SkunkLab.Protocols.Mqtt.MqttSession.GetQoS(String topic) in C:\_git\core\src\SkunkLab\SkunkLab.Protocols\SkunkLab.Protocols\Mqtt\MqttSession.cs:line 111
   at Piraeus.Adapters.ProtocolTransition.ConvertToMqtt(MqttSession session, EventMessage message) in C:\_git\core\src\Piraeus\Piraeus.Adapters\ProtocolTransition.cs:line 24
   at Piraeus.Adapters.MqttProtocolAdapter.Adapter_OnObserve(Object sender, ObserveMessageEventArgs e) in C:\_git\core\src\Piraeus\Piraeus.Adapters\MqttProtocolAdapter.cs:line 90
   at Piraeus.Adapters.OrleansAdapter.Observer_OnNotify(Object sender, MessageNotificationArgs e) in C:\_git\core\src\Piraeus\Piraeus.Adapters\OrleansAdapter.cs:line 280
   at Piraeus.Grains.MessageObserver.Notify(EventMessage message) in C:\_git\core\src\Piraeus\Piraeus.Grains\MessageObserver.cs:line 17
   at Piraeus.GrainInterfaces.OrleansCodeGenMessageObserverMethodInvoker.Invoke(IAddressable grain, InvokeMethodRequest request) in C:\_git\core\src\Piraeus\Piraeus.GrainInterfaces\obj\Release\Piraeus.GrainInterfaces.orleans.g.cs:line 478
   at Orleans.OutsideRuntimeClient.<LocalObjectMessagePumpAsync>d__69.MoveNext()
[2017-12-20 23:32:57.495 GMT    26	ERROR  	100927	OutsideRuntimeClient	172.19.176.1:0]	!!!!!!!!!! Exception during invocation of notification method -1372484765, interface -1543216846. Ignoring exception because this is a one way request.	
Exc level 0: System.NullReferenceException: Object reference not set to an instance of an object.
   at SkunkLab.Protocols.Mqtt.MqttSession.GetQoS(String topic) in C:\_git\core\src\SkunkLab\SkunkLab.Protocols\SkunkLab.Protocols\Mqtt\MqttSession.cs:line 111
   at Piraeus.Adapters.ProtocolTransition.ConvertToMqtt(MqttSession session, EventMessage message) in C:\_git\core\src\Piraeus\Piraeus.Adapters\ProtocolTransition.cs:line 24
   at Piraeus.Adapters.MqttProtocolAdapter.Adapter_OnObserve(Object sender, ObserveMessageEventArgs e) in C:\_git\core\src\Piraeus\Piraeus.Adapters\MqttProtocolAdapter.cs:line 90
   at Piraeus.Adapters.OrleansAdapter.Observer_OnNotify(Object sender, MessageNotificationArgs e) in C:\_git\core\src\Piraeus\Piraeus.Adapters\OrleansAdapter.cs:line 280
   at Piraeus.Grains.MessageObserver.Notify(EventMessage message) in C:\_git\core\src\Piraeus\Piraeus.Grains\MessageObserver.cs:line 17
   at Piraeus.GrainInterfaces.OrleansCodeGenMessageObserverMethodInvoker.Invoke(IAddressable grain, InvokeMethodRequest request) in C:\_git\core\src\Piraeus\Piraeus.GrainInterfaces\obj\Release\Piraeus.GrainInterfaces.orleans.g.cs:line 478
   at Orleans.OutsideRuntimeClient.<LocalObjectMessagePumpAsync>d__69.MoveNext()
[2017-12-20 23:33:11.291 GMT     4	WARNING	100162	OutsideRuntimeClient	172.19.176.1:0]	Object associated with Observer ID 288d683f-51e2-48b1-a6f8-646b92e3aafb has been garbage collected. Deleting object reference and unregistering it. Message = OneWay S127.0.0.1:40000:0*grn/91DCB108/00000000+http://www.skunklab.io/resourcea/b9a87f6d-dd78-413c-aab9-ab60399f0d92@6cf5539c->*cli/47bb82b1@be446a48288d683f-51e2-48b1-a6f8-646b92e3aafb #796: global::Piraeus.GrainInterfaces.IMessageObserver:Notify()	
[2017-12-20 23:33:11.298 GMT     4	ERROR  	100924	OutsideRuntimeClient	172.19.176.1:0]	!!!!!!!!!! Unexpected target grain in request: *cli/47bb82b1. Message=OneWay S127.0.0.1:40000:0*grn/91DCB108/00000000+http://www.skunklab.io/resourcea/b9a87f6d-dd78-413c-aab9-ab60399f0d92@6cf5539c->*cli/47bb82b1@be446a48288d683f-51e2-48b1-a6f8-646b92e3aafb #800: global::Piraeus.GrainInterfaces.IMessageObserver:Notify()	
[2017-12-20 23:33:11.316 GMT     4	ERROR  	100924	OutsideRuntimeClient	172.19.176.1:0]	!!!!!!!!!! Unexpected target grain in request: *cli/47bb82b1. Message=OneWay S127.0.0.1:40000:0*grn/91DCB108/00000000+http://www.skunklab.io/resourcea/b9a87f6d-dd78-413c-aab9-ab60399f0d92@6cf5539c->*cli/47bb82b1@be446a48288d683f-51e2-48b1-a6f8-646b92e3aafb #804: global::Piraeus.GrainInterfaces.IMessageObserver:Notify()	
[2017-12-20 23:33:11.327 GMT     4	ERROR  	100924	OutsideRuntimeClient	172.19.176.1:0]	!!!!!!!!!! Unexpected target grain in request: *cli/47bb82b1. Message=OneWay S127.0.0.1:40000:0*grn/91DCB108/00000000+http://www.skunklab.io/resourcea/b9a87f6d-dd78-413c-aab9-ab60399f0d92@6cf5539c->*cli/47bb82b1@be446a48288d683f-51e2-48b1-a6f8-646b92e3aafb #808: global::Piraeus.GrainInterfaces.IMessageObserver:Notify()	
[2017-12-20 23:33:11.368 GMT     4	ERROR  	100924	OutsideRuntimeClient	172.19.176.1:0]	!!!!!!!!!! Unexpected target grain in request: *cli/47bb82b1. Message=OneWay S127.0.0.1:40000:0*grn/91DCB108/00000000+http://www.skunklab.io/resourcea/b9a87f6d-dd78-413c-aab9-ab60399f0d92@6cf5539c->*cli/47bb82b1@be446a48288d683f-51e2-48b1-a6f8-646b92e3aafb #812: global::Piraeus.GrainInterfaces.IMessageObserver:Notify()	
[2017-12-20 23:33:11.373 GMT     4	ERROR  	100924	OutsideRuntimeClient	172.19.176.1:0]	!!!!!!!!!! Unexpected target grain in request: *cli/47bb82b1. Message=OneWay S127.0.0.1:40000:0*grn/91DCB108/00000000+http://www.skunklab.io/resourcea/b9a87f6d-dd78-413c-aab9-ab60399f0d92@6cf5539c->*cli/47bb82b1@be446a48288d683f-51e2-48b1-a6f8-646b92e3aafb #817: global::Piraeus.GrainInterfaces.IMessageObserver:Notify()	
[2017-12-20 23:33:21.501 GMT     4	WARNING	100162	OutsideRuntimeClient	172.19.176.1:0]	Object associated with Observer ID 096f1a83-1ac5-4e42-a7d3-ff06ea95eff9 has been garbage collected. Deleting object reference and unregistering it. Message = OneWay S127.0.0.1:40000:0*grn/91DCB108/00000000+http://www.skunklab.io/resourceb/4ccde1a0-aa0d-45c6-b015-f0d1a04597db@1a8812a0->*cli/47bb82b1@be446a48096f1a83-1ac5-4e42-a7d3-ff06ea95eff9 #877: global::Piraeus.GrainInterfaces.IMessageObserver:Notify()	
[2017-12-20 23:33:23.122 GMT    24	INFO   	101309	Messaging.GatewayManager	172.19.176.1:0]	Refreshed the live Gateway list. Found 1 gateways from Gateway listProvider: [gwy.tcp://127.0.0.1:40000/0]. Picked only known live out of them. Now has 1 live Gateways: [gwy.tcp://127.0.0.1:40000/0]. Previous refresh time was = 12/20/2017 11:32:23 PM	
[2017-12-20 23:34:00.097 GMT     4	INFO   	600927	OutsideRuntimeClient	172.19.176.1:0]	Log code 100927 occurred 25 additional times in the previous 00:01:02.6522388	
[2017-12-20 23:34:00.099 GMT     4	INFO   	600924	OutsideRuntimeClient	172.19.176.1:0]	Log code 100924 occurred 133 additional times in the previous 00:01:02.6522388	
[2017-12-20 23:34:00.102 GMT     4	ERROR  	100924	OutsideRuntimeClient	172.19.176.1:0]	!!!!!!!!!! Unexpected target grain in request: *cli/47bb82b1. Message=OneWay S127.0.0.1:40000:0*grn/91DCB108/00000000+http://www.skunklab.io/resourceb/4ccde1a0-aa0d-45c6-b015-f0d1a04597db@1a8812a0->*cli/47bb82b1@be446a48096f1a83-1ac5-4e42-a7d3-ff06ea95eff9 #1436: global::Piraeus.GrainInterfaces.IMessageObserver:Notify()	
[2017-12-20 23:34:00.103 GMT     4	ERROR  	100924	OutsideRuntimeClient	172.19.176.1:0]	!!!!!!!!!! Unexpected target grain in request: *cli/47bb82b1. Message=OneWay S127.0.0.1:40000:0*grn/91DCB108/00000000+http://www.skunklab.io/resourceb/4ccde1a0-aa0d-45c6-b015-f0d1a04597db@1a8812a0->*cli/47bb82b1@be446a48096f1a83-1ac5-4e42-a7d3-ff06ea95eff9 #1440: global::Piraeus.GrainInterfaces.IMessageObserver:Notify()	
[2017-12-20 23:34:00.103 GMT     4	ERROR  	100924	OutsideRuntimeClient	172.19.176.1:0]	!!!!!!!!!! Unexpected target grain in request: *cli/47bb82b1. Message=OneWay S127.0.0.1:40000:0*grn/91DCB108/00000000+http://www.skunklab.io/resourceb/4ccde1a0-aa0d-45c6-b015-f0d1a04597db@1a8812a0->*cli/47bb82b1@be446a48096f1a83-1ac5-4e42-a7d3-ff06ea95eff9 #1444: global::Piraeus.GrainInterfaces.IMessageObserver:Notify()	
[2017-12-20 23:34:00.104 GMT     4	ERROR  	100924	OutsideRuntimeClient	172.19.176.1:0]	!!!!!!!!!! Unexpected target grain in request: *cli/47bb82b1. Message=OneWay S127.0.0.1:40000:0*grn/91DCB108/00000000+http://www.skunklab.io/resourceb/4ccde1a0-aa0d-45c6-b015-f0d1a04597db@1a8812a0->*cli/47bb82b1@be446a48096f1a83-1ac5-4e42-a7d3-ff06ea95eff9 #1448: global::Piraeus.GrainInterfaces.IMessageObserver:Notify()	
[2017-12-20 23:34:00.116 GMT     4	ERROR  	100924	OutsideRuntimeClient	172.19.176.1:0]	!!!!!!!!!! Unexpected target grain in request: *cli/47bb82b1. Message=OneWay S127.0.0.1:40000:0*grn/91DCB108/00000000+http://www.skunklab.io/resourceb/4ccde1a0-aa0d-45c6-b015-f0d1a04597db@1a8812a0->*cli/47bb82b1@be446a48096f1a83-1ac5-4e42-a7d3-ff06ea95eff9 #1452: global::Piraeus.GrainInterfaces.IMessageObserver:Notify()	
[2017-12-20 23:34:23.139 GMT    17	INFO   	101309	Messaging.GatewayManager	172.19.176.1:0]	Refreshed the live Gateway list. Found 1 gateways from Gateway listProvider: [gwy.tcp://127.0.0.1:40000/0]. Picked only known live out of them. Now has 1 live Gateways: [gwy.tcp://127.0.0.1:40000/0]. Previous refresh time was = 12/20/2017 11:33:23 PM	
[2017-12-20 23:35:23.109 GMT    25	INFO   	100704	ClientLogStatistics	172.19.176.1:0]	Statistics: ^^^
Client.ConnectedGatewayCount=1
Messaging.Expired.AtDispatch.Current=0
Messaging.Expired.AtInvoke.Current=0
Messaging.Expired.AtReceive.Current=0
Messaging.Expired.AtRespond.Current=0
Messaging.Expired.AtSend.Current=0
Messaging.Received.BatchSize.PerSocketDirection.ClientToGateway=0.000
Messaging.Received.BatchSizeBytesHistogram.Bytes.PerSocketDirection.ClientToGateway=
Messaging.Received.Bytes.Header.Current=10910484,      Delta=10910031
Messaging.Received.Bytes.Total.Current=14705672,      Delta=14702374
Messaging.Received.Direction.OneWay.Current=297,      Delta=297
Messaging.Received.Direction.Request.Current=0
Messaging.Received.Direction.Response.Current=36338,      Delta=36336
Messaging.Received.Messages.From.S127.0.0.1:40000:0.Current=36635,      Delta=36633
Messaging.Received.Messages.Total.Current=36635,      Delta=36633
Messaging.Received.MessageSizeHistogram.Bytes=[128:255]=140, [256:511]=36057, [512:1023]=297, [1024:2047]=140, [2048:4095]=1, 
Messaging.Rerouted.OneWay.Current=0
Messaging.Rerouted.Request.Current=0
Messaging.Rerouted.Response.Current=0
Messaging.Sent.BatchSize.PerSocketDirection.ClientToGateway=0.000
Messaging.Sent.BatchSizeBytesHistogram.Bytes.PerSocketDirection.ClientToGateway=
Messaging.Sent.Bytes.Header.Current=9805134,      Delta=9804681
Messaging.Sent.Bytes.Total.Current=11608057,      Delta=11607531
Messaging.Sent.Direction.OneWay.Current=0
Messaging.Sent.Direction.Request.Current=36339,      Delta=36337
Messaging.Sent.Direction.Response.Current=0
Messaging.Sent.Messages.To.S127.0.0.1:40000:0.Current=36339,      Delta=36337
Messaging.Sent.Messages.Total.Current=36339,      Delta=36337
Messaging.Sent.MessageSizeHistogram.Bytes=[128:255]=278, [256:511]=36061, 
Networking.Sockets.ClientToGateway.Duplex.Closed.Current=0
Networking.Sockets.ClientToGateway.Duplex.Opened.Current=1
Runtime.CpuUsage=54.522
Runtime.DOT.NET.ThreadPool.InUse.CompletionPortThreads=0
Runtime.DOT.NET.ThreadPool.InUse.WorkerThreads=2
Runtime.GC.AllocatedBytesInKbPerSec=1429.665
Runtime.GC.GenCollectonCount=gen0=196, gen1=24, gen2=4
Runtime.GC.GenSizesKb=gen0=2048.00, gen1=73.18, gen2=7047.71
Runtime.GC.LargeObjectHeapSizeKb=4545.930
Runtime.GC.NumberOfInducedGCs=0.000
Runtime.GC.PercentOfTimeInGC=0.063
Runtime.GC.PromotedFinalizationMemoryFromGen0Kb=0.000
Runtime.GC.PromotedMemoryFromGen1Kb=0.000
Runtime.GC.TotalMemoryKb=9083
Runtime.Memory.AvailableMemoryMb=8239
Runtime.Memory.TotalPhysicalMemoryMb=16384
Runtime.Threads.AsynchAgent.Messaging.GatewayClientReceiver.Current=1
Runtime.Threads.AsynchAgent.Messaging.GatewayConnection.Current=1
Runtime.Threads.AsynchAgent.TotalThreadsCreated.Current=2
Serialization.BufferPool.AllocatedBuffers.Current=250
Serialization.BufferPool.BuffersInPool=56
Serialization.BufferPool.CheckedInBuffers.Current=182400,      Delta=182143
Serialization.BufferPool.CheckedOutBuffers.Current=182594,      Delta=182304
Serialization.BufferPool.DroppedBuffers.Current=0
Serialization.BufferPool.DroppedTooLargeBuffers.Current=0
Serialization.BufferPool.InUse.AllocatedAndNotInPool_Buffers=194
Serialization.BufferPool.InUse.CheckedOutAndNotCheckedIn_Buffers=194
	
[2017-12-20 23:35:23.158 GMT    14	INFO   	101309	Messaging.GatewayManager	172.19.176.1:0]	Refreshed the live Gateway list. Found 1 gateways from Gateway listProvider: [gwy.tcp://127.0.0.1:40000/0]. Picked only known live out of them. Now has 1 live Gateways: [gwy.tcp://127.0.0.1:40000/0]. Previous refresh time was = 12/20/2017 11:34:23 PM	
[2017-12-20 23:36:23.174 GMT    26	INFO   	101309	Messaging.GatewayManager	172.19.176.1:0]	Refreshed the live Gateway list. Found 1 gateways from Gateway listProvider: [gwy.tcp://127.0.0.1:40000/0]. Picked only known live out of them. Now has 1 live Gateways: [gwy.tcp://127.0.0.1:40000/0]. Previous refresh time was = 12/20/2017 11:35:23 PM	
[2017-12-20 23:37:23.185 GMT    25	INFO   	101309	Messaging.GatewayManager	172.19.176.1:0]	Refreshed the live Gateway list. Found 1 gateways from Gateway listProvider: [gwy.tcp://127.0.0.1:40000/0]. Picked only known live out of them. Now has 1 live Gateways: [gwy.tcp://127.0.0.1:40000/0]. Previous refresh time was = 12/20/2017 11:36:23 PM	
[2017-12-20 23:37:23.562 GMT     4	INFO   	600924	OutsideRuntimeClient	172.19.176.1:0]	Log code 100924 occurred 16 additional times in the previous 00:03:23.4651721	
[2017-12-20 23:37:23.568 GMT     4	ERROR  	100924	OutsideRuntimeClient	172.19.176.1:0]	!!!!!!!!!! Unexpected target grain in request: *cli/47bb82b1. Message=OneWay S127.0.0.1:40000:0*grn/91DCB108/00000000+http://www.skunklab.io/resourceb/4ccde1a0-aa0d-45c6-b015-f0d1a04597db@1a8812a0->*cli/47bb82b1@be446a48096f1a83-1ac5-4e42-a7d3-ff06ea95eff9 #1726: global::Piraeus.GrainInterfaces.IMessageObserver:Notify()	
[2017-12-20 23:37:23.586 GMT     4	ERROR  	100924	OutsideRuntimeClient	172.19.176.1:0]	!!!!!!!!!! Unexpected target grain in request: *cli/47bb82b1. Message=OneWay S127.0.0.1:40000:0*grn/91DCB108/00000000+http://www.skunklab.io/resourceb/4ccde1a0-aa0d-45c6-b015-f0d1a04597db@1a8812a0->*cli/47bb82b1@be446a48096f1a83-1ac5-4e42-a7d3-ff06ea95eff9 #1730: global::Piraeus.GrainInterfaces.IMessageObserver:Notify()	
[2017-12-20 23:37:23.600 GMT     4	ERROR  	100924	OutsideRuntimeClient	172.19.176.1:0]	!!!!!!!!!! Unexpected target grain in request: *cli/47bb82b1. Message=OneWay S127.0.0.1:40000:0*grn/91DCB108/00000000+http://www.skunklab.io/resourceb/4ccde1a0-aa0d-45c6-b015-f0d1a04597db@1a8812a0->*cli/47bb82b1@be446a48096f1a83-1ac5-4e42-a7d3-ff06ea95eff9 #1735: global::Piraeus.GrainInterfaces.IMessageObserver:Notify()	
[2017-12-20 23:37:23.605 GMT     4	ERROR  	100924	OutsideRuntimeClient	172.19.176.1:0]	!!!!!!!!!! Unexpected target grain in request: *cli/47bb82b1. Message=OneWay S127.0.0.1:40000:0*grn/91DCB108/00000000+http://www.skunklab.io/resourceb/4ccde1a0-aa0d-45c6-b015-f0d1a04597db@1a8812a0->*cli/47bb82b1@be446a48096f1a83-1ac5-4e42-a7d3-ff06ea95eff9 #1739: global::Piraeus.GrainInterfaces.IMessageObserver:Notify()	
[2017-12-20 23:37:23.615 GMT     4	ERROR  	100924	OutsideRuntimeClient	172.19.176.1:0]	!!!!!!!!!! Unexpected target grain in request: *cli/47bb82b1. Message=OneWay S127.0.0.1:40000:0*grn/91DCB108/00000000+http://www.skunklab.io/resourceb/4ccde1a0-aa0d-45c6-b015-f0d1a04597db@1a8812a0->*cli/47bb82b1@be446a48096f1a83-1ac5-4e42-a7d3-ff06ea95eff9 #1742: global::Piraeus.GrainInterfaces.IMessageObserver:Notify()	
[2017-12-20 23:38:21.879 GMT    10	WARNING	100158	Messaging.GatewayClientReceiver/gwy.tcp://127.0.0.1:40000/0	172.19.176.1:0]	Exception receiving from gateway gwy.tcp://127.0.0.1:40000/0: An existing connection was forcibly closed by the remote host	
[2017-12-20 23:38:21.884 GMT    10	WARNING	100913	Messaging.GatewayConnection/GatewayClientSender_gwy.tcp://127.0.0.1:40000/0	172.19.176.1:0]	Marking gateway at address gwy.tcp://127.0.0.1:40000/0 as Disconnected	
[2017-12-20 23:38:21.886 GMT     8	INFO   	101309	Messaging.GatewayManager	172.19.176.1:0]	Refreshed the live Gateway list. Found 1 gateways from Gateway listProvider: [gwy.tcp://127.0.0.1:40000/0]. Picked only known live out of them. Now has 1 live Gateways: [gwy.tcp://127.0.0.1:40000/0]. Previous refresh time was = 12/20/2017 11:37:23 PM	
[2017-12-20 23:38:22.922 GMT    10	WARNING	100178	Messaging.GatewayConnection/GatewayClientSender_gwy.tcp://127.0.0.1:40000/0	172.19.176.1:0]	Unable to connect to gateway at address gwy.tcp://127.0.0.1:40000/0 on trial 0 (Exception: Could not connect to 127.0.0.1:40000: ConnectionRefused)	
[2017-12-20 23:38:23.218 GMT    25	INFO   	101309	Messaging.GatewayManager	172.19.176.1:0]	Refreshed the live Gateway list. Found 1 gateways from Gateway listProvider: [gwy.tcp://127.0.0.1:40000/0]. Picked only known live out of them. Now has 1 live Gateways: [gwy.tcp://127.0.0.1:40000/0]. Previous refresh time was = 12/20/2017 11:38:21 PM	
[2017-12-20 23:38:23.610 GMT    10	WARNING	100913	Messaging.GatewayConnection/GatewayClientSender_gwy.tcp://127.0.0.1:40000/0	172.19.176.1:0]	Marking gateway at address gwy.tcp://127.0.0.1:40000/0 as Disconnected	
[2017-12-20 23:38:24.330 GMT    24	INFO   	101309	Messaging.GatewayManager	172.19.176.1:0]	Refreshed the live Gateway list. Found 1 gateways from Gateway listProvider: [gwy.tcp://127.0.0.1:40000/0]. Picked only known live out of them. Now has 1 live Gateways: [gwy.tcp://127.0.0.1:40000/0]. Previous refresh time was = 12/20/2017 11:38:23 PM	
[2017-12-20 23:38:25.071 GMT    10	WARNING	100178	Messaging.GatewayConnection/GatewayClientSender_gwy.tcp://127.0.0.1:40000/0	172.19.176.1:0]	Unable to connect to gateway at address gwy.tcp://127.0.0.1:40000/0 on trial 1 (Exception: Could not connect to 127.0.0.1:40000: ConnectionRefused)	
[2017-12-20 23:38:25.100 GMT    10	WARNING	100913	Messaging.GatewayConnection/GatewayClientSender_gwy.tcp://127.0.0.1:40000/0	172.19.176.1:0]	Marking gateway at address gwy.tcp://127.0.0.1:40000/0 as Disconnected	
[2017-12-20 23:38:25.102 GMT    10	WARNING	100912	Messaging.GatewayConnection/GatewayClientSender_gwy.tcp://127.0.0.1:40000/0	172.19.176.1:0]	Marking gateway at address gwy.tcp://127.0.0.1:40000/0 as Dead in my client local gateway list.	
[2017-12-20 23:38:25.109 GMT    10	INFO   	100328	Messaging.GatewayClientReceiver/gwy.tcp://127.0.0.1:40000/0	172.19.176.1:0]	Stopping AsyncAgent Messaging.GatewayClientReceiver/gwy.tcp://127.0.0.1:40000/0 that runs on managed thread 10	
[2017-12-20 23:38:25.140 GMT     9	INFO   	100312	Messaging.GatewayConnection/GatewayClientSender_gwy.tcp://127.0.0.1:40000/0	172.19.176.1:0]	Stop request processed	
[2017-12-20 23:38:25.162 GMT    25	INFO   	101309	Messaging.GatewayManager	172.19.176.1:0]	Refreshed the live Gateway list. Found 1 gateways from Gateway listProvider: [gwy.tcp://127.0.0.1:40000/0]. Picked only known live out of them. Now has 0 live Gateways: []. Previous refresh time was = 12/20/2017 11:38:24 PM	
[2017-12-20 23:38:25.791 GMT     9	INFO   	100328	Messaging.GatewayConnection/GatewayClientSender_gwy.tcp://127.0.0.1:40000/0	172.19.176.1:0]	Stopping AsyncAgent Messaging.GatewayConnection/GatewayClientSender_gwy.tcp://127.0.0.1:40000/0 that runs on managed thread 9	
[2017-12-20 23:39:24.337 GMT    24	INFO   	101309	Messaging.GatewayManager	172.19.176.1:0]	Refreshed the live Gateway list. Found 1 gateways from Gateway listProvider: [gwy.tcp://127.0.0.1:40000/0]. Picked only known live out of them. Now has 0 live Gateways: []. Previous refresh time was = 12/20/2017 11:38:25 PM	
[2017-12-20 23:39:45.164 GMT     2	INFO   	600924	OutsideRuntimeClient	172.19.176.1:0]	Log code 100924 occurred 37 additional times in the previous 00:02:21.6015388	
[2017-12-20 23:39:45.165 GMT     2	ERROR  	100007	OutsideRuntimeClient	172.19.176.1:0]	!!!!!!!!!! OutsideRuntimeClient caught an UnobservedException.	
Exc level 0: System.NullReferenceException: Object reference not set to an instance of an object.
   at Piraeus.Adapters.OrleansAdapter.<RemoveEphemeralObserversAsync>d__21.MoveNext() in C:\_git\core\src\Piraeus\Piraeus.Adapters\OrleansAdapter.cs:line 415
[2017-12-20 23:39:45.168 GMT     2	ERROR  	100005	UnobservedExceptionHandler	172.19.176.1:0]	!!!!!!!!!! UnobservedExceptionsHandlerClass Caught an UnobservedTaskException event sent by [Id=413396, Status=Faulted]. Exception = 
Exc level 0: System.AggregateException: A Task's exception(s) were not observed either by Waiting on the Task or accessing its Exception property. As a result, the unobserved exception was rethrown by the finalizer thread.
Exc level 1: System.NullReferenceException: Object reference not set to an instance of an object.
   at Piraeus.Adapters.OrleansAdapter.<RemoveEphemeralObserversAsync>d__21.MoveNext() in C:\_git\core\src\Piraeus\Piraeus.Adapters\OrleansAdapter.cs:line 415	
[2017-12-20 23:39:45.170 GMT     2	ERROR  	100006	UnobservedExceptionHandler	172.19.176.1:0]	!!!!!!!!!! Exception remained UnObserved!!! The subsequent behavior depends on the ThrowUnobservedTaskExceptions setting in app config and .NET version.	
[2017-12-20 23:40:23.167 GMT    25	INFO   	100704	ClientLogStatistics	172.19.176.1:0]	Statistics: ^^^
Client.ConnectedGatewayCount=0
Messaging.Expired.AtDispatch.Current=0
Messaging.Expired.AtInvoke.Current=0
Messaging.Expired.AtReceive.Current=0
Messaging.Expired.AtRespond.Current=0
Messaging.Expired.AtSend.Current=0
Messaging.Received.BatchSize.PerSocketDirection.ClientToGateway=0.000
Messaging.Received.BatchSizeBytesHistogram.Bytes.PerSocketDirection.ClientToGateway=
Messaging.Received.Bytes.Header.Current=17180115,      Delta=6267243
Messaging.Received.Bytes.Total.Current=23077281,      Delta=8368433
Messaging.Received.Direction.OneWay.Current=359,      Delta=62
Messaging.Received.Direction.Request.Current=0
Messaging.Received.Direction.Response.Current=57293,      Delta=20947
Messaging.Received.Messages.From.S127.0.0.1:40000:0.Current=57652,      Delta=21009
Messaging.Received.Messages.Total.Current=57652,      Delta=21009
Messaging.Received.MessageSizeHistogram.Bytes=[128:255]=162, [256:511]=56968, [512:1023]=359, [1024:2047]=162, [2048:4095]=1, 
Messaging.Rerouted.OneWay.Current=0
Messaging.Rerouted.Request.Current=0
Messaging.Rerouted.Response.Current=0
Messaging.Sent.BatchSize.PerSocketDirection.ClientToGateway=0.000
Messaging.Sent.BatchSizeBytesHistogram.Bytes.PerSocketDirection.ClientToGateway=
Messaging.Sent.Bytes.Header.Current=15469344,      Delta=5662313
Messaging.Sent.Bytes.Total.Current=18302464,      Delta=6692142
Messaging.Sent.Direction.OneWay.Current=0
Messaging.Sent.Direction.Request.Current=57293,      Delta=20947
Messaging.Sent.Direction.Response.Current=0
Messaging.Sent.Messages.To.S127.0.0.1:40000:0.Current=57293,      Delta=20947
Messaging.Sent.Messages.Total.Current=57293,      Delta=20947
Messaging.Sent.MessageSizeHistogram.Bytes=[128:255]=322, [256:511]=56971, 
Networking.Sockets.ClientToGateway.Duplex.Closed.Current=3,      Delta=3
Networking.Sockets.ClientToGateway.Duplex.Opened.Current=1
Runtime.CpuUsage=8.866
Runtime.DOT.NET.ThreadPool.InUse.CompletionPortThreads=0
Runtime.DOT.NET.ThreadPool.InUse.WorkerThreads=2
Runtime.GC.AllocatedBytesInKbPerSec=696.626
Runtime.GC.GenCollectonCount=gen0=298, gen1=33, gen2=5
Runtime.GC.GenSizesKb=gen0=2048.00, gen1=179.41, gen2=7047.71
Runtime.GC.LargeObjectHeapSizeKb=4545.930
Runtime.GC.NumberOfInducedGCs=0.000
Runtime.GC.PercentOfTimeInGC=0.000
Runtime.GC.PromotedFinalizationMemoryFromGen0Kb=0.379
Runtime.GC.PromotedMemoryFromGen1Kb=0.000
Runtime.GC.TotalMemoryKb=9557
Runtime.Memory.AvailableMemoryMb=8796
Runtime.Memory.TotalPhysicalMemoryMb=16384
Runtime.Threads.AsynchAgent.Messaging.GatewayClientReceiver.Current=0,      Delta=-1
Runtime.Threads.AsynchAgent.Messaging.GatewayConnection.Current=0,      Delta=-1
Runtime.Threads.AsynchAgent.TotalThreadsCreated.Current=2
Serialization.BufferPool.AllocatedBuffers.Current=250
Serialization.BufferPool.BuffersInPool=14
Serialization.BufferPool.CheckedInBuffers.Current=287227,      Delta=104817
Serialization.BufferPool.CheckedOutBuffers.Current=287463,      Delta=104859
Serialization.BufferPool.DroppedBuffers.Current=0
Serialization.BufferPool.DroppedTooLargeBuffers.Current=0
Serialization.BufferPool.InUse.AllocatedAndNotInPool_Buffers=236
Serialization.BufferPool.InUse.CheckedOutAndNotCheckedIn_Buffers=236
	
[2017-12-20 23:40:24.354 GMT     8	INFO   	101309	Messaging.GatewayManager	172.19.176.1:0]	Refreshed the live Gateway list. Found 1 gateways from Gateway listProvider: [gwy.tcp://127.0.0.1:40000/0]. Picked only known live out of them. Now has 1 live Gateways: [gwy.tcp://127.0.0.1:40000/0]. Previous refresh time was = 12/20/2017 11:39:24 PM	
[2017-12-20 23:41:24.368 GMT     8	INFO   	101309	Messaging.GatewayManager	172.19.176.1:0]	Refreshed the live Gateway list. Found 1 gateways from Gateway listProvider: [gwy.tcp://127.0.0.1:40000/0]. Picked only known live out of them. Now has 1 live Gateways: [gwy.tcp://127.0.0.1:40000/0]. Previous refresh time was = 12/20/2017 11:40:24 PM	
[2017-12-21 02:42:21.290 GMT    24	INFO   	101309	Messaging.GatewayManager	172.19.176.1:0]	Refreshed the live Gateway list. Found 1 gateways from Gateway listProvider: [gwy.tcp://127.0.0.1:40000/0]. Picked only known live out of them. Now has 1 live Gateways: [gwy.tcp://127.0.0.1:40000/0]. Previous refresh time was = 12/20/2017 11:41:24 PM	
[2017-12-21 11:22:54.311 GMT    24	INFO   	101309	Messaging.GatewayManager	172.19.176.1:0]	Refreshed the live Gateway list. Found 1 gateways from Gateway listProvider: [gwy.tcp://127.0.0.1:40000/0]. Picked only known live out of them. Now has 1 live Gateways: [gwy.tcp://127.0.0.1:40000/0]. Previous refresh time was = 12/21/2017 2:42:21 AM	
[2017-12-21 11:23:54.321 GMT    24	INFO   	101309	Messaging.GatewayManager	172.19.176.1:0]	Refreshed the live Gateway list. Found 1 gateways from Gateway listProvider: [gwy.tcp://127.0.0.1:40000/0]. Picked only known live out of them. Now has 1 live Gateways: [gwy.tcp://127.0.0.1:40000/0]. Previous refresh time was = 12/21/2017 11:22:54 AM	
