[2017-12-21 13:07:07.923 GMT     1	INFO   	100000	AssemblyLoader.Client	]	Recursively searching for assemblies in C:\_git\core\src\Samples\Clients\Assets\LocalTcpServer\bin\Debug...	
[2017-12-21 13:07:08.544 GMT     1	INFO   	100000	AssemblyLoader.Client	]	User assembly ignored: C:\_git\core\src\Samples\Clients\Assets\LocalTcpServer\bin\Debug\BouncyCastle.Crypto.dll
	* Assembly contains no types assignable from Orleans.Providers.IProvider.	
[2017-12-21 13:07:08.576 GMT     1	INFO   	100000	AssemblyLoader.Client	]	User assembly ignored: C:\_git\core\src\Samples\Clients\Assets\LocalTcpServer\bin\Debug\Capl.dll
	* Assembly contains no types assignable from Orleans.Providers.IProvider.	
[2017-12-21 13:07:08.585 GMT     1	INFO   	100000	AssemblyLoader.Client	]	User assembly ignored: C:\_git\core\src\Samples\Clients\Assets\LocalTcpServer\bin\Debug\Microsoft.Azure.KeyVault.Core.dll
	* Assembly contains no types assignable from Orleans.Providers.IProvider.	
[2017-12-21 13:07:09.211 GMT     1	INFO   	100000	AssemblyLoader.Client	]	User assembly ignored: C:\_git\core\src\Samples\Clients\Assets\LocalTcpServer\bin\Debug\Microsoft.CodeAnalysis.CSharp.dll
	* Assembly contains no types assignable from Orleans.Providers.IProvider.	
[2017-12-21 13:07:10.009 GMT     1	INFO   	100000	AssemblyLoader.Client	]	User assembly ignored: C:\_git\core\src\Samples\Clients\Assets\LocalTcpServer\bin\Debug\Microsoft.CodeAnalysis.dll
	* Assembly contains no types assignable from Orleans.Providers.IProvider.	
[2017-12-21 13:07:10.407 GMT     1	INFO   	100000	AssemblyLoader.Client	]	User assembly ignored: C:\_git\core\src\Samples\Clients\Assets\LocalTcpServer\bin\Debug\Microsoft.Data.Edm.dll
	* Assembly contains no types assignable from Orleans.Providers.IProvider.	
[2017-12-21 13:07:10.831 GMT     1	INFO   	100000	AssemblyLoader.Client	]	User assembly ignored: C:\_git\core\src\Samples\Clients\Assets\LocalTcpServer\bin\Debug\Microsoft.Data.OData.dll
	* Assembly contains no types assignable from Orleans.Providers.IProvider.	
[2017-12-21 13:07:11.395 GMT     1	INFO   	100000	AssemblyLoader.Client	]	User assembly ignored: C:\_git\core\src\Samples\Clients\Assets\LocalTcpServer\bin\Debug\Microsoft.Data.Services.Client.dll
	* Assembly contains no types assignable from Orleans.Providers.IProvider.	
[2017-12-21 13:07:11.909 GMT     1	INFO   	100000	AssemblyLoader.Client	]	User assembly ignored: C:\_git\core\src\Samples\Clients\Assets\LocalTcpServer\bin\Debug\Microsoft.Extensions.DependencyInjection.Abstractions.dll
	* Assembly contains no types assignable from Orleans.Providers.IProvider.	
[2017-12-21 13:07:13.678 GMT     1	INFO   	100000	AssemblyLoader.Client	]	User assembly ignored: C:\_git\core\src\Samples\Clients\Assets\LocalTcpServer\bin\Debug\Microsoft.Extensions.DependencyInjection.dll
	* Assembly contains no types assignable from Orleans.Providers.IProvider.	
[2017-12-21 13:07:14.130 GMT     1	INFO   	100000	AssemblyLoader.Client	]	User assembly ignored: C:\_git\core\src\Samples\Clients\Assets\LocalTcpServer\bin\Debug\Microsoft.IdentityModel.Logging.dll
	* Assembly contains no types assignable from Orleans.Providers.IProvider.	
[2017-12-21 13:07:14.458 GMT     1	INFO   	100000	AssemblyLoader.Client	]	User assembly ignored: C:\_git\core\src\Samples\Clients\Assets\LocalTcpServer\bin\Debug\Microsoft.IdentityModel.Tokens.dll
	* Assembly contains no types assignable from Orleans.Providers.IProvider.	
[2017-12-21 13:07:14.917 GMT     1	INFO   	100000	AssemblyLoader.Client	]	User assembly ignored: C:\_git\core\src\Samples\Clients\Assets\LocalTcpServer\bin\Debug\Microsoft.Win32.Primitives.dll
	* Assembly contains no types assignable from Orleans.Providers.IProvider.	
[2017-12-21 13:07:15.359 GMT     1	INFO   	100000	AssemblyLoader.Client	]	User assembly ignored: C:\_git\core\src\Samples\Clients\Assets\LocalTcpServer\bin\Debug\Microsoft.WindowsAzure.Storage.dll
	* Assembly contains no types assignable from Orleans.Providers.IProvider.	
[2017-12-21 13:07:15.836 GMT     1	INFO   	100000	AssemblyLoader.Client	]	User assembly ignored: C:\_git\core\src\Samples\Clients\Assets\LocalTcpServer\bin\Debug\Newtonsoft.Json.dll
	* Assembly contains no types assignable from Orleans.Providers.IProvider.	
[2017-12-21 13:07:16.155 GMT     1	INFO   	100000	AssemblyLoader.Client	]	User assembly ignored: C:\_git\core\src\Samples\Clients\Assets\LocalTcpServer\bin\Debug\Orleans.dll
	* Assembly filename is excluded.	
[2017-12-21 13:07:16.545 GMT     1	INFO   	100000	AssemblyLoader.Client	]	User assembly ignored: C:\_git\core\src\Samples\Clients\Assets\LocalTcpServer\bin\Debug\OrleansCodeGenerator.dll
	* Assembly contains no types assignable from Orleans.Providers.IProvider.	
[2017-12-21 13:07:16.748 GMT     1	INFO   	100000	AssemblyLoader.Client	]	User assembly ignored: C:\_git\core\src\Samples\Clients\Assets\LocalTcpServer\bin\Debug\OrleansRuntime.dll
	* Assembly filename is excluded.	
[2017-12-21 13:07:16.824 GMT     1	INFO   	100000	AssemblyLoader.Client	]	User assembly ignored: C:\_git\core\src\Samples\Clients\Assets\LocalTcpServer\bin\Debug\Piraeus.Adapters.dll
	* Assembly contains no types assignable from Orleans.Providers.IProvider.	
[2017-12-21 13:07:16.884 GMT     1	INFO   	100000	AssemblyLoader.Client	]	User assembly ignored: C:\_git\core\src\Samples\Clients\Assets\LocalTcpServer\bin\Debug\Piraeus.Configuration.dll
	* Assembly contains no types assignable from Orleans.Providers.IProvider.	
[2017-12-21 13:07:16.942 GMT     1	INFO   	100000	AssemblyLoader.Client	]	User assembly ignored: C:\_git\core\src\Samples\Clients\Assets\LocalTcpServer\bin\Debug\Piraeus.Core.dll
	* Assembly contains no types assignable from Orleans.Providers.IProvider.	
[2017-12-21 13:07:17.028 GMT     1	INFO   	100000	AssemblyLoader.Client	]	User assembly ignored: C:\_git\core\src\Samples\Clients\Assets\LocalTcpServer\bin\Debug\Piraeus.GrainInterfaces.dll
	* Assembly contains no types assignable from Orleans.Providers.IProvider.	
[2017-12-21 13:07:17.127 GMT     1	INFO   	100000	AssemblyLoader.Client	]	User assembly ignored: C:\_git\core\src\Samples\Clients\Assets\LocalTcpServer\bin\Debug\Piraeus.Grains.dll
	* Assembly contains no types assignable from Orleans.Providers.IProvider.	
[2017-12-21 13:07:17.206 GMT     1	INFO   	100000	AssemblyLoader.Client	]	User assembly ignored: C:\_git\core\src\Samples\Clients\Assets\LocalTcpServer\bin\Debug\SkunkLab.Channels.dll
	* Assembly contains no types assignable from Orleans.Providers.IProvider.	
[2017-12-21 13:07:17.297 GMT     1	INFO   	100000	AssemblyLoader.Client	]	User assembly ignored: C:\_git\core\src\Samples\Clients\Assets\LocalTcpServer\bin\Debug\SkunkLab.Diagnostics.dll
	* Assembly contains no types assignable from Orleans.Providers.IProvider.	
[2017-12-21 13:07:17.413 GMT     1	INFO   	100000	AssemblyLoader.Client	]	User assembly ignored: C:\_git\core\src\Samples\Clients\Assets\LocalTcpServer\bin\Debug\SkunkLab.Protocols.dll
	* Assembly contains no types assignable from Orleans.Providers.IProvider.	
[2017-12-21 13:07:17.615 GMT     1	INFO   	100000	AssemblyLoader.Client	]	User assembly ignored: C:\_git\core\src\Samples\Clients\Assets\LocalTcpServer\bin\Debug\SkunkLab.Security.dll
	* Assembly contains no types assignable from Orleans.Providers.IProvider.	
[2017-12-21 13:07:17.690 GMT     1	INFO   	100000	AssemblyLoader.Client	]	User assembly ignored: C:\_git\core\src\Samples\Clients\Assets\LocalTcpServer\bin\Debug\SkunkLab.Servers.dll
	* Assembly contains no types assignable from Orleans.Providers.IProvider.	
[2017-12-21 13:07:17.814 GMT     1	INFO   	100000	AssemblyLoader.Client	]	User assembly ignored: C:\_git\core\src\Samples\Clients\Assets\LocalTcpServer\bin\Debug\StackExchange.Redis.dll
	* Assembly contains no types assignable from Orleans.Providers.IProvider.	
[2017-12-21 13:07:17.887 GMT     1	INFO   	100000	AssemblyLoader.Client	]	User assembly ignored: C:\_git\core\src\Samples\Clients\Assets\LocalTcpServer\bin\Debug\System.AppContext.dll
	* Assembly contains no types assignable from Orleans.Providers.IProvider.	
[2017-12-21 13:07:18.010 GMT     1	INFO   	100000	AssemblyLoader.Client	]	User assembly ignored: C:\_git\core\src\Samples\Clients\Assets\LocalTcpServer\bin\Debug\System.Collections.Immutable.dll
	* Assembly contains no types assignable from Orleans.Providers.IProvider.	
[2017-12-21 13:07:18.093 GMT     1	INFO   	100000	AssemblyLoader.Client	]	User assembly ignored: C:\_git\core\src\Samples\Clients\Assets\LocalTcpServer\bin\Debug\System.Console.dll
	* Assembly contains no types assignable from Orleans.Providers.IProvider.	
[2017-12-21 13:07:18.236 GMT     1	INFO   	100000	AssemblyLoader.Client	]	User assembly ignored: C:\_git\core\src\Samples\Clients\Assets\LocalTcpServer\bin\Debug\System.Diagnostics.DiagnosticSource.dll
	* Assembly contains no types assignable from Orleans.Providers.IProvider.	
[2017-12-21 13:07:18.352 GMT     1	INFO   	100000	AssemblyLoader.Client	]	User assembly ignored: C:\_git\core\src\Samples\Clients\Assets\LocalTcpServer\bin\Debug\System.Diagnostics.FileVersionInfo.dll
	* Assembly contains no types assignable from Orleans.Providers.IProvider.	
[2017-12-21 13:07:18.400 GMT     1	INFO   	100000	AssemblyLoader.Client	]	User assembly ignored: C:\_git\core\src\Samples\Clients\Assets\LocalTcpServer\bin\Debug\System.Diagnostics.StackTrace.dll
	* Assembly contains no types assignable from Orleans.Providers.IProvider.	
[2017-12-21 13:07:18.479 GMT     1	INFO   	100000	AssemblyLoader.Client	]	User assembly ignored: C:\_git\core\src\Samples\Clients\Assets\LocalTcpServer\bin\Debug\System.Globalization.Calendars.dll
	* Assembly contains no types assignable from Orleans.Providers.IProvider.	
[2017-12-21 13:07:18.592 GMT     1	INFO   	100000	AssemblyLoader.Client	]	User assembly ignored: C:\_git\core\src\Samples\Clients\Assets\LocalTcpServer\bin\Debug\System.IdentityModel.Tokens.Jwt.dll
	* Assembly contains no types assignable from Orleans.Providers.IProvider.	
[2017-12-21 13:07:18.661 GMT     1	INFO   	100000	AssemblyLoader.Client	]	User assembly ignored: C:\_git\core\src\Samples\Clients\Assets\LocalTcpServer\bin\Debug\System.IO.Compression.dll
	* Assembly contains no types assignable from Orleans.Providers.IProvider.	
[2017-12-21 13:07:18.769 GMT     1	INFO   	100000	AssemblyLoader.Client	]	User assembly ignored: C:\_git\core\src\Samples\Clients\Assets\LocalTcpServer\bin\Debug\System.IO.Compression.ZipFile.dll
	* Assembly contains no types assignable from Orleans.Providers.IProvider.	
[2017-12-21 13:07:18.944 GMT     1	INFO   	100000	AssemblyLoader.Client	]	User assembly ignored: C:\_git\core\src\Samples\Clients\Assets\LocalTcpServer\bin\Debug\System.IO.FileSystem.dll
	* Assembly contains no types assignable from Orleans.Providers.IProvider.	
[2017-12-21 13:07:19.016 GMT     1	INFO   	100000	AssemblyLoader.Client	]	User assembly ignored: C:\_git\core\src\Samples\Clients\Assets\LocalTcpServer\bin\Debug\System.IO.FileSystem.Primitives.dll
	* Assembly contains no types assignable from Orleans.Providers.IProvider.	
[2017-12-21 13:07:19.118 GMT     1	INFO   	100000	AssemblyLoader.Client	]	User assembly ignored: C:\_git\core\src\Samples\Clients\Assets\LocalTcpServer\bin\Debug\System.Net.Http.dll
	* Assembly contains no types assignable from Orleans.Providers.IProvider.	
[2017-12-21 13:07:19.243 GMT     1	INFO   	100000	AssemblyLoader.Client	]	User assembly ignored: C:\_git\core\src\Samples\Clients\Assets\LocalTcpServer\bin\Debug\System.Net.Http.Formatting.dll
	* Assembly contains no types assignable from Orleans.Providers.IProvider.	
[2017-12-21 13:07:19.343 GMT     1	INFO   	100000	AssemblyLoader.Client	]	User assembly ignored: C:\_git\core\src\Samples\Clients\Assets\LocalTcpServer\bin\Debug\System.Net.Sockets.dll
	* Assembly contains no types assignable from Orleans.Providers.IProvider.	
[2017-12-21 13:07:19.501 GMT     1	INFO   	100000	AssemblyLoader.Client	]	User assembly ignored: C:\_git\core\src\Samples\Clients\Assets\LocalTcpServer\bin\Debug\System.Reflection.Metadata.dll
	* Assembly contains no types assignable from Orleans.Providers.IProvider.	
[2017-12-21 13:07:19.548 GMT     1	INFO   	100000	AssemblyLoader.Client	]	User assembly ignored: C:\_git\core\src\Samples\Clients\Assets\LocalTcpServer\bin\Debug\System.Runtime.InteropServices.RuntimeInformation.dll
	* Assembly contains no types assignable from Orleans.Providers.IProvider.	
[2017-12-21 13:07:19.619 GMT     1	INFO   	100000	AssemblyLoader.Client	]	User assembly ignored: C:\_git\core\src\Samples\Clients\Assets\LocalTcpServer\bin\Debug\System.Security.Cryptography.Algorithms.dll
	* Assembly contains no types assignable from Orleans.Providers.IProvider.	
[2017-12-21 13:07:19.721 GMT     1	INFO   	100000	AssemblyLoader.Client	]	User assembly ignored: C:\_git\core\src\Samples\Clients\Assets\LocalTcpServer\bin\Debug\System.Security.Cryptography.Encoding.dll
	* Assembly contains no types assignable from Orleans.Providers.IProvider.	
[2017-12-21 13:07:19.805 GMT     1	INFO   	100000	AssemblyLoader.Client	]	User assembly ignored: C:\_git\core\src\Samples\Clients\Assets\LocalTcpServer\bin\Debug\System.Security.Cryptography.Primitives.dll
	* Assembly contains no types assignable from Orleans.Providers.IProvider.	
[2017-12-21 13:07:19.887 GMT     1	INFO   	100000	AssemblyLoader.Client	]	User assembly ignored: C:\_git\core\src\Samples\Clients\Assets\LocalTcpServer\bin\Debug\System.Security.Cryptography.X509Certificates.dll
	* Assembly contains no types assignable from Orleans.Providers.IProvider.	
[2017-12-21 13:07:19.964 GMT     1	INFO   	100000	AssemblyLoader.Client	]	User assembly ignored: C:\_git\core\src\Samples\Clients\Assets\LocalTcpServer\bin\Debug\System.Spatial.dll
	* Assembly contains no types assignable from Orleans.Providers.IProvider.	
[2017-12-21 13:07:20.020 GMT     1	INFO   	100000	AssemblyLoader.Client	]	User assembly ignored: C:\_git\core\src\Samples\Clients\Assets\LocalTcpServer\bin\Debug\System.Text.Encoding.CodePages.dll
	* Assembly contains no types assignable from Orleans.Providers.IProvider.	
[2017-12-21 13:07:20.104 GMT     1	INFO   	100000	AssemblyLoader.Client	]	User assembly ignored: C:\_git\core\src\Samples\Clients\Assets\LocalTcpServer\bin\Debug\System.Threading.Thread.dll
	* Assembly contains no types assignable from Orleans.Providers.IProvider.	
[2017-12-21 13:07:20.231 GMT     1	INFO   	100000	AssemblyLoader.Client	]	User assembly ignored: C:\_git\core\src\Samples\Clients\Assets\LocalTcpServer\bin\Debug\System.ValueTuple.dll
	* Assembly contains no types assignable from Orleans.Providers.IProvider.	
[2017-12-21 13:07:20.386 GMT     1	INFO   	100000	AssemblyLoader.Client	]	User assembly ignored: C:\_git\core\src\Samples\Clients\Assets\LocalTcpServer\bin\Debug\System.Web.Http.dll
	* Assembly contains no types assignable from Orleans.Providers.IProvider.	
[2017-12-21 13:07:20.487 GMT     1	INFO   	100000	AssemblyLoader.Client	]	User assembly ignored: C:\_git\core\src\Samples\Clients\Assets\LocalTcpServer\bin\Debug\System.Xml.ReaderWriter.dll
	* Assembly contains no types assignable from Orleans.Providers.IProvider.	
[2017-12-21 13:07:20.568 GMT     1	INFO   	100000	AssemblyLoader.Client	]	User assembly ignored: C:\_git\core\src\Samples\Clients\Assets\LocalTcpServer\bin\Debug\System.Xml.XmlDocument.dll
	* Assembly contains no types assignable from Orleans.Providers.IProvider.	
[2017-12-21 13:07:20.672 GMT     1	INFO   	100000	AssemblyLoader.Client	]	User assembly ignored: C:\_git\core\src\Samples\Clients\Assets\LocalTcpServer\bin\Debug\System.Xml.XPath.dll
	* Assembly contains no types assignable from Orleans.Providers.IProvider.	
[2017-12-21 13:07:20.750 GMT     1	INFO   	100000	AssemblyLoader.Client	]	User assembly ignored: C:\_git\core\src\Samples\Clients\Assets\LocalTcpServer\bin\Debug\System.Xml.XPath.XDocument.dll
	* Assembly contains no types assignable from Orleans.Providers.IProvider.	
[2017-12-21 13:07:20.862 GMT     1	INFO   	100000	AssemblyLoader.Client	]	Loading assembly C:\_git\core\src\Samples\Clients\Assets\LocalTcpServer\bin\Debug\OrleansProviders.dll...	
[2017-12-21 13:07:21.082 GMT     1	INFO   	100000	AssemblyLoader.Client	]	1 assemblies loaded.	
[2017-12-21 13:07:21.867 GMT     1	INFO   	100313	OutsideRuntimeClient	]	---------- Initializing OutsideRuntimeClient on MININT-2T87D76 at 172.19.176.1 Client Id = *cli/c58d6e86 ----------	
[2017-12-21 13:07:21.987 GMT     1	INFO   	100314	OutsideRuntimeClient	]	---------- Starting OutsideRuntimeClient with runtime Version='1.5.2.0 (Release).' in AppDomain=<AppDomain.Id=1, AppDomain.FriendlyName=LocalTcpServer.exe> Config= 
 Platform version info:
   Orleans version: 1.5.2.0 (Release).
   .NET version: 4.0.30319.42000
   OS version: Microsoft Windows NT 6.2.9200.0
   App config file: C:\_git\core\src\Samples\Clients\Assets\LocalTcpServer\bin\Debug\LocalTcpServer.exe.Config
   GC Type=Client GCLatencyMode=Interactive
   Host: MININT-2T87D76
   Processor Count: 4
Client Configuration:
   Config File Name: 
   Start time: 2017-12-21 13:07:21.980 GMT
   Gateway Provider: Config
   Gateways[1]:
      127.0.0.1:40000
   Preferred Gateway Index: -1
   GatewayListRefreshPeriod: 00:01:00
   Preferred Address Family: InterNetwork
   DNS Host Name: MININT-2T87D76
   Client Name: Client
   Tracing: 
     Default Trace Level: Info
     TraceLevelOverrides: None
     Trace to Console: True
     Trace File Name: C:\_git\core\src\Samples\Clients\Assets\LocalTcpServer\bin\Debug\Client-2017-12-21-13.06.57.245Z.log
     LargeMessageWarningThreshold: 85000
     PropagateActivityId: False
     BulkMessageLimit: 5
   Statistics: 
     MetricsTableWriteInterval: 00:00:30
     PerfCounterWriteInterval: -00:00:00.0010000
     LogWriteInterval: 00:05:00
     WriteLogStatisticsToTable: True
     StatisticsCollectionLevel: Info
   Messaging:
       Response timeout: 00:30:00
       Maximum resend count: 0
       Resend On Timeout: False
       Maximum Socket Age: 10675199.02:48:05.4775807
       Drop Expired Messages: True
       Client Sender Buckets: 8192
       Buffer Pool Buffer Size: 4096
       Buffer Pool Max Size: 10000
       Buffer Pool Preallocation Size: 250
       Fallback serializer: 
   .NET: 
       .NET thread pool sizes - Min: Worker Threads=4 Completion Port Threads=4
       .NET thread pool sizes - Max: Worker Threads=2047 Completion Port Threads=1000
   Providers:
       No providers configured.
	
[2017-12-21 13:07:22.866 GMT     4	INFO   	101309	Messaging.GatewayManager	]	Found 1 knownGateways from Gateway listProvider [gwy.tcp://127.0.0.1:40000/0]	
[2017-12-21 13:07:23.231 GMT     4	INFO   	100908	Messaging.GatewayConnection/GatewayClientSender_gwy.tcp://127.0.0.1:40000/0	172.19.176.1:0]	Connected to gateway at address gwy.tcp://127.0.0.1:40000/0 on trial 0.	
[2017-12-21 13:07:23.536 GMT    10	INFO   	100000	Messaging.GatewayConnection/GatewayClientSender_gwy.tcp://127.0.0.1:40000/0	172.19.176.1:0]	Starting AsyncAgent Messaging.GatewayConnection/GatewayClientSender_gwy.tcp://127.0.0.1:40000/0 on managed thread 10	
[2017-12-21 13:07:23.502 GMT    11	INFO   	100000	Messaging.GatewayClientReceiver/gwy.tcp://127.0.0.1:40000/0	172.19.176.1:0]	Starting AsyncAgent Messaging.GatewayClientReceiver/gwy.tcp://127.0.0.1:40000/0 on managed thread 11	
[2017-12-21 13:07:24.068 GMT     6	INFO   	100929	OutsideRuntimeClient	172.19.176.1:0]	---------- Started OutsideRuntimeClient with Global Client ID: C172.19.176.1:0:-251557642*cli/c58d6e86@b3550f85, client GUID ID: *cli/c58d6e86	
[2017-12-21 13:08:23.062 GMT     4	INFO   	101309	Messaging.GatewayManager	172.19.176.1:0]	Refreshed the live Gateway list. Found 1 gateways from Gateway listProvider: [gwy.tcp://127.0.0.1:40000/0]. Picked only known live out of them. Now has 1 live Gateways: [gwy.tcp://127.0.0.1:40000/0]. Previous refresh time was = 12/21/2017 1:07:23 PM	
[2017-12-21 13:09:23.081 GMT    17	INFO   	101309	Messaging.GatewayManager	172.19.176.1:0]	Refreshed the live Gateway list. Found 1 gateways from Gateway listProvider: [gwy.tcp://127.0.0.1:40000/0]. Picked only known live out of them. Now has 1 live Gateways: [gwy.tcp://127.0.0.1:40000/0]. Previous refresh time was = 12/21/2017 1:08:23 PM	
[2017-12-21 13:10:23.097 GMT     5	INFO   	101309	Messaging.GatewayManager	172.19.176.1:0]	Refreshed the live Gateway list. Found 1 gateways from Gateway listProvider: [gwy.tcp://127.0.0.1:40000/0]. Picked only known live out of them. Now has 1 live Gateways: [gwy.tcp://127.0.0.1:40000/0]. Previous refresh time was = 12/21/2017 1:09:23 PM	
[2017-12-21 13:11:23.122 GMT     4	INFO   	101309	Messaging.GatewayManager	172.19.176.1:0]	Refreshed the live Gateway list. Found 1 gateways from Gateway listProvider: [gwy.tcp://127.0.0.1:40000/0]. Picked only known live out of them. Now has 1 live Gateways: [gwy.tcp://127.0.0.1:40000/0]. Previous refresh time was = 12/21/2017 1:10:23 PM	
[2017-12-21 13:12:23.176 GMT     6	INFO   	101309	Messaging.GatewayManager	172.19.176.1:0]	Refreshed the live Gateway list. Found 1 gateways from Gateway listProvider: [gwy.tcp://127.0.0.1:40000/0]. Picked only known live out of them. Now has 1 live Gateways: [gwy.tcp://127.0.0.1:40000/0]. Previous refresh time was = 12/21/2017 1:11:23 PM	
[2017-12-21 13:12:24.169 GMT     9	INFO   	100704	ClientLogStatistics	172.19.176.1:0]	Statistics: ^^^
Client.ConnectedGatewayCount=1
Messaging.Expired.AtDispatch.Current=0
Messaging.Expired.AtInvoke.Current=0
Messaging.Expired.AtReceive.Current=0
Messaging.Expired.AtRespond.Current=0
Messaging.Expired.AtSend.Current=0
Messaging.Received.BatchSize.PerSocketDirection.ClientToGateway=0.000
Messaging.Received.BatchSizeBytesHistogram.Bytes.PerSocketDirection.ClientToGateway=
Messaging.Received.Bytes.Header.Current=6363839
Messaging.Received.Bytes.Total.Current=8529714
Messaging.Received.Direction.OneWay.Current=30
Messaging.Received.Direction.Request.Current=0
Messaging.Received.Direction.Response.Current=21324
Messaging.Received.Messages.From.S127.0.0.1:40000:0.Current=21354
Messaging.Received.Messages.Total.Current=21354
Messaging.Received.MessageSizeHistogram.Bytes=[128:255]=58, [256:511]=21207, [512:1023]=30, [1024:2047]=58, [2048:4095]=1, 
Messaging.Rerouted.OneWay.Current=0
Messaging.Rerouted.Request.Current=0
Messaging.Rerouted.Response.Current=0
Messaging.Sent.BatchSize.PerSocketDirection.ClientToGateway=0.000
Messaging.Sent.BatchSizeBytesHistogram.Bytes.PerSocketDirection.ClientToGateway=
Messaging.Sent.Bytes.Header.Current=5757913
Messaging.Sent.Bytes.Total.Current=6811935
Messaging.Sent.Direction.OneWay.Current=0
Messaging.Sent.Direction.Request.Current=21324
Messaging.Sent.Direction.Response.Current=0
Messaging.Sent.Messages.To.S127.0.0.1:40000:0.Current=21324
Messaging.Sent.Messages.Total.Current=21324
Messaging.Sent.MessageSizeHistogram.Bytes=[128:255]=116, [256:511]=21208, 
Networking.Sockets.ClientToGateway.Duplex.Closed.Current=0
Networking.Sockets.ClientToGateway.Duplex.Opened.Current=1
Runtime.CpuUsage=73.485
Runtime.DOT.NET.ThreadPool.InUse.CompletionPortThreads=0
Runtime.DOT.NET.ThreadPool.InUse.WorkerThreads=2
Runtime.GC.AllocatedBytesInKbPerSec=0.000
Runtime.GC.GenCollectonCount=gen0=134, gen1=19, gen2=4
Runtime.GC.GenSizesKb=gen0=2048.00, gen1=30.18, gen2=7223.36
Runtime.GC.LargeObjectHeapSizeKb=4597.234
Runtime.GC.NumberOfInducedGCs=0.000
Runtime.GC.PercentOfTimeInGC=0.038
Runtime.GC.PromotedFinalizationMemoryFromGen0Kb=0.000
Runtime.GC.PromotedMemoryFromGen1Kb=0.000
Runtime.GC.TotalMemoryKb=10281
Runtime.Memory.AvailableMemoryMb=8301
Runtime.Memory.TotalPhysicalMemoryMb=16384
Runtime.Threads.AsynchAgent.Messaging.GatewayClientReceiver.Current=1
Runtime.Threads.AsynchAgent.Messaging.GatewayConnection.Current=1
Runtime.Threads.AsynchAgent.TotalThreadsCreated.Current=2
Serialization.BufferPool.AllocatedBuffers.Current=250
Serialization.BufferPool.BuffersInPool=217
Serialization.BufferPool.CheckedInBuffers.Current=106979
Serialization.BufferPool.CheckedOutBuffers.Current=107012
Serialization.BufferPool.DroppedBuffers.Current=0
Serialization.BufferPool.DroppedTooLargeBuffers.Current=0
Serialization.BufferPool.InUse.AllocatedAndNotInPool_Buffers=33
Serialization.BufferPool.InUse.CheckedOutAndNotCheckedIn_Buffers=33
	
[2017-12-21 13:13:02.720 GMT     4	ERROR  	100927	OutsideRuntimeClient	172.19.176.1:0]	!!!!!!!!!! Exception during invocation of notification method -1372484765, interface -1543216846. Ignoring exception because this is a one way request.	
Exc level 0: System.NullReferenceException: Object reference not set to an instance of an object.
   at SkunkLab.Protocols.Mqtt.MqttSession.GetQoS(String topic) in C:\_git\core\src\SkunkLab\SkunkLab.Protocols\SkunkLab.Protocols\Mqtt\MqttSession.cs:line 111
   at Piraeus.Adapters.ProtocolTransition.ConvertToMqtt(MqttSession session, EventMessage message) in C:\_git\core\src\Piraeus\Piraeus.Adapters\ProtocolTransition.cs:line 24
   at Piraeus.Adapters.MqttProtocolAdapter.Adapter_OnObserve(Object sender, ObserveMessageEventArgs e) in C:\_git\core\src\Piraeus\Piraeus.Adapters\MqttProtocolAdapter.cs:line 90
   at Piraeus.Adapters.OrleansAdapter.Observer_OnNotify(Object sender, MessageNotificationArgs e) in C:\_git\core\src\Piraeus\Piraeus.Adapters\OrleansAdapter.cs:line 280
   at Piraeus.Grains.MessageObserver.Notify(EventMessage message) in C:\_git\core\src\Piraeus\Piraeus.Grains\MessageObserver.cs:line 17
   at Piraeus.GrainInterfaces.OrleansCodeGenMessageObserverMethodInvoker.Invoke(IAddressable grain, InvokeMethodRequest request) in C:\_git\core\src\Piraeus\Piraeus.GrainInterfaces\obj\Release\Piraeus.GrainInterfaces.orleans.g.cs:line 478
   at Orleans.OutsideRuntimeClient.<LocalObjectMessagePumpAsync>d__69.MoveNext()
[2017-12-21 13:13:02.774 GMT     4	ERROR  	100927	OutsideRuntimeClient	172.19.176.1:0]	!!!!!!!!!! Exception during invocation of notification method -1372484765, interface -1543216846. Ignoring exception because this is a one way request.	
Exc level 0: System.NullReferenceException: Object reference not set to an instance of an object.
   at SkunkLab.Protocols.Mqtt.MqttSession.GetQoS(String topic) in C:\_git\core\src\SkunkLab\SkunkLab.Protocols\SkunkLab.Protocols\Mqtt\MqttSession.cs:line 111
   at Piraeus.Adapters.ProtocolTransition.ConvertToMqtt(MqttSession session, EventMessage message) in C:\_git\core\src\Piraeus\Piraeus.Adapters\ProtocolTransition.cs:line 24
   at Piraeus.Adapters.MqttProtocolAdapter.Adapter_OnObserve(Object sender, ObserveMessageEventArgs e) in C:\_git\core\src\Piraeus\Piraeus.Adapters\MqttProtocolAdapter.cs:line 90
   at Piraeus.Adapters.OrleansAdapter.Observer_OnNotify(Object sender, MessageNotificationArgs e) in C:\_git\core\src\Piraeus\Piraeus.Adapters\OrleansAdapter.cs:line 280
   at Piraeus.Grains.MessageObserver.Notify(EventMessage message) in C:\_git\core\src\Piraeus\Piraeus.Grains\MessageObserver.cs:line 17
   at Piraeus.GrainInterfaces.OrleansCodeGenMessageObserverMethodInvoker.Invoke(IAddressable grain, InvokeMethodRequest request) in C:\_git\core\src\Piraeus\Piraeus.GrainInterfaces\obj\Release\Piraeus.GrainInterfaces.orleans.g.cs:line 478
   at Orleans.OutsideRuntimeClient.<LocalObjectMessagePumpAsync>d__69.MoveNext()
[2017-12-21 13:13:02.806 GMT     4	ERROR  	100927	OutsideRuntimeClient	172.19.176.1:0]	!!!!!!!!!! Exception during invocation of notification method -1372484765, interface -1543216846. Ignoring exception because this is a one way request.	
Exc level 0: System.NullReferenceException: Object reference not set to an instance of an object.
   at SkunkLab.Protocols.Mqtt.MqttSession.GetQoS(String topic) in C:\_git\core\src\SkunkLab\SkunkLab.Protocols\SkunkLab.Protocols\Mqtt\MqttSession.cs:line 111
   at Piraeus.Adapters.ProtocolTransition.ConvertToMqtt(MqttSession session, EventMessage message) in C:\_git\core\src\Piraeus\Piraeus.Adapters\ProtocolTransition.cs:line 24
   at Piraeus.Adapters.MqttProtocolAdapter.Adapter_OnObserve(Object sender, ObserveMessageEventArgs e) in C:\_git\core\src\Piraeus\Piraeus.Adapters\MqttProtocolAdapter.cs:line 90
   at Piraeus.Adapters.OrleansAdapter.Observer_OnNotify(Object sender, MessageNotificationArgs e) in C:\_git\core\src\Piraeus\Piraeus.Adapters\OrleansAdapter.cs:line 280
   at Piraeus.Grains.MessageObserver.Notify(EventMessage message) in C:\_git\core\src\Piraeus\Piraeus.Grains\MessageObserver.cs:line 17
   at Piraeus.GrainInterfaces.OrleansCodeGenMessageObserverMethodInvoker.Invoke(IAddressable grain, InvokeMethodRequest request) in C:\_git\core\src\Piraeus\Piraeus.GrainInterfaces\obj\Release\Piraeus.GrainInterfaces.orleans.g.cs:line 478
   at Orleans.OutsideRuntimeClient.<LocalObjectMessagePumpAsync>d__69.MoveNext()
[2017-12-21 13:13:02.833 GMT     4	ERROR  	100927	OutsideRuntimeClient	172.19.176.1:0]	!!!!!!!!!! Exception during invocation of notification method -1372484765, interface -1543216846. Ignoring exception because this is a one way request.	
Exc level 0: System.NullReferenceException: Object reference not set to an instance of an object.
   at SkunkLab.Protocols.Mqtt.MqttSession.GetQoS(String topic) in C:\_git\core\src\SkunkLab\SkunkLab.Protocols\SkunkLab.Protocols\Mqtt\MqttSession.cs:line 111
   at Piraeus.Adapters.ProtocolTransition.ConvertToMqtt(MqttSession session, EventMessage message) in C:\_git\core\src\Piraeus\Piraeus.Adapters\ProtocolTransition.cs:line 24
   at Piraeus.Adapters.MqttProtocolAdapter.Adapter_OnObserve(Object sender, ObserveMessageEventArgs e) in C:\_git\core\src\Piraeus\Piraeus.Adapters\MqttProtocolAdapter.cs:line 90
   at Piraeus.Adapters.OrleansAdapter.Observer_OnNotify(Object sender, MessageNotificationArgs e) in C:\_git\core\src\Piraeus\Piraeus.Adapters\OrleansAdapter.cs:line 280
   at Piraeus.Grains.MessageObserver.Notify(EventMessage message) in C:\_git\core\src\Piraeus\Piraeus.Grains\MessageObserver.cs:line 17
   at Piraeus.GrainInterfaces.OrleansCodeGenMessageObserverMethodInvoker.Invoke(IAddressable grain, InvokeMethodRequest request) in C:\_git\core\src\Piraeus\Piraeus.GrainInterfaces\obj\Release\Piraeus.GrainInterfaces.orleans.g.cs:line 478
   at Orleans.OutsideRuntimeClient.<LocalObjectMessagePumpAsync>d__69.MoveNext()
[2017-12-21 13:13:02.868 GMT     4	ERROR  	100927	OutsideRuntimeClient	172.19.176.1:0]	!!!!!!!!!! Exception during invocation of notification method -1372484765, interface -1543216846. Ignoring exception because this is a one way request.	
Exc level 0: System.NullReferenceException: Object reference not set to an instance of an object.
   at SkunkLab.Protocols.Mqtt.MqttSession.GetQoS(String topic) in C:\_git\core\src\SkunkLab\SkunkLab.Protocols\SkunkLab.Protocols\Mqtt\MqttSession.cs:line 111
   at Piraeus.Adapters.ProtocolTransition.ConvertToMqtt(MqttSession session, EventMessage message) in C:\_git\core\src\Piraeus\Piraeus.Adapters\ProtocolTransition.cs:line 24
   at Piraeus.Adapters.MqttProtocolAdapter.Adapter_OnObserve(Object sender, ObserveMessageEventArgs e) in C:\_git\core\src\Piraeus\Piraeus.Adapters\MqttProtocolAdapter.cs:line 90
   at Piraeus.Adapters.OrleansAdapter.Observer_OnNotify(Object sender, MessageNotificationArgs e) in C:\_git\core\src\Piraeus\Piraeus.Adapters\OrleansAdapter.cs:line 280
   at Piraeus.Grains.MessageObserver.Notify(EventMessage message) in C:\_git\core\src\Piraeus\Piraeus.Grains\MessageObserver.cs:line 17
   at Piraeus.GrainInterfaces.OrleansCodeGenMessageObserverMethodInvoker.Invoke(IAddressable grain, InvokeMethodRequest request) in C:\_git\core\src\Piraeus\Piraeus.GrainInterfaces\obj\Release\Piraeus.GrainInterfaces.orleans.g.cs:line 478
   at Orleans.OutsideRuntimeClient.<LocalObjectMessagePumpAsync>d__69.MoveNext()
[2017-12-21 13:13:23.258 GMT     4	INFO   	101309	Messaging.GatewayManager	172.19.176.1:0]	Refreshed the live Gateway list. Found 1 gateways from Gateway listProvider: [gwy.tcp://127.0.0.1:40000/0]. Picked only known live out of them. Now has 1 live Gateways: [gwy.tcp://127.0.0.1:40000/0]. Previous refresh time was = 12/21/2017 1:12:23 PM	
