C:\Program Files (x86)\Microsoft Visual Studio\2017\Enterprise\MSBuild\15.0\bin\Microsoft.Common.CurrentVersion.targets(2041,5): warning MSB3277: Found conflicts between different versions of "Microsoft.WindowsAzure.Storage" that could not be resolved.  These reference conflicts are listed in the build log when log verbosity is set to detailed. [C:\_git\core\src\SkunkLab\SkunkLab.Channels\SkunkLab.Channels\SkunkLab.Channels.csproj]
WebSocket\WebSocketServerChannel.cs(120,36): warning CS1998: This async method lacks 'await' operators and will run synchronously. Consider using the 'await' operator to await non-blocking API calls, or 'await Task.Run(...)' to do CPU-bound work on a background thread. [C:\_git\core\src\SkunkLab\SkunkLab.Channels\SkunkLab.Channels\SkunkLab.Channels.csproj]
Udp\UdpServerChannel.cs(125,36): warning CS1998: This async method lacks 'await' operators and will run synchronously. Consider using the 'await' operator to await non-blocking API calls, or 'await Task.Run(...)' to do CPU-bound work on a background thread. [C:\_git\core\src\SkunkLab\SkunkLab.Channels\SkunkLab.Channels\SkunkLab.Channels.csproj]
Tcp\TcpServerChannel2.cs(75,67): warning CS0067: The event 'TcpServerChannel2.OnRetry' is never used [C:\_git\core\src\SkunkLab\SkunkLab.Channels\SkunkLab.Channels\SkunkLab.Channels.csproj]
Http\HttpClientChannel.cs(134,67): warning CS0067: The event 'HttpClientChannel.OnRetry' is never used [C:\_git\core\src\SkunkLab\SkunkLab.Channels\SkunkLab.Channels\SkunkLab.Channels.csproj]
Tcp\TcpClientChannel.cs(171,70): warning CS0067: The event 'TcpClientChannel.OnObserve' is never used [C:\_git\core\src\SkunkLab\SkunkLab.Channels\SkunkLab.Channels\SkunkLab.Channels.csproj]
Udp\UdpServerChannel.cs(35,66): warning CS0067: The event 'UdpServerChannel.OnSent' is never used [C:\_git\core\src\SkunkLab\SkunkLab.Channels\SkunkLab.Channels\SkunkLab.Channels.csproj]
WebSocket\WebSocketServerChannel.cs(47,67): warning CS0067: The event 'WebSocketServerChannel.OnStateChange' is never used [C:\_git\core\src\SkunkLab\SkunkLab.Channels\SkunkLab.Channels\SkunkLab.Channels.csproj]
Http\HttpServerChannel.cs(99,67): warning CS0067: The event 'HttpServerChannel.OnRetry' is never used [C:\_git\core\src\SkunkLab\SkunkLab.Channels\SkunkLab.Channels\SkunkLab.Channels.csproj]
WebSocket\WebSocketClientChannel.cs(76,70): warning CS0067: The event 'WebSocketClientChannel.OnObserve' is never used [C:\_git\core\src\SkunkLab\SkunkLab.Channels\SkunkLab.Channels\SkunkLab.Channels.csproj]
Udp\UdpServerChannel.cs(21,27): warning CS0649: Field 'UdpServerChannel.listener' is never assigned to, and will always have its default value null [C:\_git\core\src\SkunkLab\SkunkLab.Channels\SkunkLab.Channels\SkunkLab.Channels.csproj]
Udp\UdpServerChannel.cs(34,67): warning CS0067: The event 'UdpServerChannel.OnRetry' is never used [C:\_git\core\src\SkunkLab\SkunkLab.Channels\SkunkLab.Channels\SkunkLab.Channels.csproj]
Tcp\TcpClientChannel2.cs(178,67): warning CS0067: The event 'TcpClientChannel2.OnRetry' is never used [C:\_git\core\src\SkunkLab\SkunkLab.Channels\SkunkLab.Channels\SkunkLab.Channels.csproj]
WebSocket\WebSocketClientChannel.cs(74,67): warning CS0067: The event 'WebSocketClientChannel.OnRetry' is never used [C:\_git\core\src\SkunkLab\SkunkLab.Channels\SkunkLab.Channels\SkunkLab.Channels.csproj]
Udp\UdpServerChannel.cs(23,28): warning CS0169: The field 'UdpServerChannel.localEP' is never used [C:\_git\core\src\SkunkLab\SkunkLab.Channels\SkunkLab.Channels\SkunkLab.Channels.csproj]
Udp\UdpServerChannel.cs(30,67): warning CS0067: The event 'UdpServerChannel.OnClose' is never used [C:\_git\core\src\SkunkLab\SkunkLab.Channels\SkunkLab.Channels\SkunkLab.Channels.csproj]
Udp\UdpClientChannel.cs(80,67): warning CS0067: The event 'UdpClientChannel.OnRetry' is never used [C:\_git\core\src\SkunkLab\SkunkLab.Channels\SkunkLab.Channels\SkunkLab.Channels.csproj]
WebSocket\WebSocketServerChannel.cs(50,70): warning CS0067: The event 'WebSocketServerChannel.OnObserve' is never used [C:\_git\core\src\SkunkLab\SkunkLab.Channels\SkunkLab.Channels\SkunkLab.Channels.csproj]
WebSocket\WebSocketServerChannel.cs(48,67): warning CS0067: The event 'WebSocketServerChannel.OnRetry' is never used [C:\_git\core\src\SkunkLab\SkunkLab.Channels\SkunkLab.Channels\SkunkLab.Channels.csproj]
Tcp\TcpServerChannel.cs(72,67): warning CS0067: The event 'TcpServerChannel.OnRetry' is never used [C:\_git\core\src\SkunkLab\SkunkLab.Channels\SkunkLab.Channels\SkunkLab.Channels.csproj]
Http\HttpClientChannel.cs(136,70): warning CS0067: The event 'HttpClientChannel.OnObserve' is never used [C:\_git\core\src\SkunkLab\SkunkLab.Channels\SkunkLab.Channels\SkunkLab.Channels.csproj]
Tcp\TcpClientChannel.cs(169,67): warning CS0067: The event 'TcpClientChannel.OnRetry' is never used [C:\_git\core\src\SkunkLab\SkunkLab.Channels\SkunkLab.Channels\SkunkLab.Channels.csproj]
