[2018-01-02 22:38:06.758 GMT     1	INFO   	100000	AssemblyLoader.Client	]	Recursively searching for assemblies in C:\_git\core\src\Samples\Clients\Assets\LocalServer\bin\Debug...	
[2018-01-02 22:38:07.000 GMT     1	INFO   	100000	AssemblyLoader.Client	]	User assembly ignored: C:\_git\core\src\Samples\Clients\Assets\LocalServer\bin\Debug\BouncyCastle.Crypto.dll
	* Assembly contains no types assignable from Orleans.Providers.IProvider.	
[2018-01-02 22:38:07.019 GMT     1	INFO   	100000	AssemblyLoader.Client	]	User assembly ignored: C:\_git\core\src\Samples\Clients\Assets\LocalServer\bin\Debug\Capl.dll
	* Assembly contains no types assignable from Orleans.Providers.IProvider.	
[2018-01-02 22:38:07.023 GMT     1	INFO   	100000	AssemblyLoader.Client	]	User assembly ignored: C:\_git\core\src\Samples\Clients\Assets\LocalServer\bin\Debug\Microsoft.Azure.KeyVault.Core.dll
	* Assembly contains no types assignable from Orleans.Providers.IProvider.	
[2018-01-02 22:38:07.465 GMT     1	INFO   	100000	AssemblyLoader.Client	]	User assembly ignored: C:\_git\core\src\Samples\Clients\Assets\LocalServer\bin\Debug\Microsoft.CodeAnalysis.CSharp.dll
	* Assembly contains no types assignable from Orleans.Providers.IProvider.	
[2018-01-02 22:38:07.795 GMT     1	INFO   	100000	AssemblyLoader.Client	]	User assembly ignored: C:\_git\core\src\Samples\Clients\Assets\LocalServer\bin\Debug\Microsoft.CodeAnalysis.dll
	* Assembly contains no types assignable from Orleans.Providers.IProvider.	
[2018-01-02 22:38:07.831 GMT     1	INFO   	100000	AssemblyLoader.Client	]	User assembly ignored: C:\_git\core\src\Samples\Clients\Assets\LocalServer\bin\Debug\Microsoft.Data.Edm.dll
	* Assembly contains no types assignable from Orleans.Providers.IProvider.	
[2018-01-02 22:38:07.904 GMT     1	INFO   	100000	AssemblyLoader.Client	]	User assembly ignored: C:\_git\core\src\Samples\Clients\Assets\LocalServer\bin\Debug\Microsoft.Data.OData.dll
	* Assembly contains no types assignable from Orleans.Providers.IProvider.	
[2018-01-02 22:38:07.958 GMT     1	INFO   	100000	AssemblyLoader.Client	]	User assembly ignored: C:\_git\core\src\Samples\Clients\Assets\LocalServer\bin\Debug\Microsoft.Data.Services.Client.dll
	* Assembly contains no types assignable from Orleans.Providers.IProvider.	
[2018-01-02 22:38:07.966 GMT     1	INFO   	100000	AssemblyLoader.Client	]	User assembly ignored: C:\_git\core\src\Samples\Clients\Assets\LocalServer\bin\Debug\Microsoft.Extensions.DependencyInjection.Abstractions.dll
	* Assembly contains no types assignable from Orleans.Providers.IProvider.	
[2018-01-02 22:38:07.986 GMT     1	INFO   	100000	AssemblyLoader.Client	]	User assembly ignored: C:\_git\core\src\Samples\Clients\Assets\LocalServer\bin\Debug\Microsoft.Extensions.DependencyInjection.dll
	* Assembly contains no types assignable from Orleans.Providers.IProvider.	
[2018-01-02 22:38:07.990 GMT     1	INFO   	100000	AssemblyLoader.Client	]	User assembly ignored: C:\_git\core\src\Samples\Clients\Assets\LocalServer\bin\Debug\Microsoft.IdentityModel.Logging.dll
	* Assembly contains no types assignable from Orleans.Providers.IProvider.	
[2018-01-02 22:38:07.998 GMT     1	INFO   	100000	AssemblyLoader.Client	]	User assembly ignored: C:\_git\core\src\Samples\Clients\Assets\LocalServer\bin\Debug\Microsoft.IdentityModel.Tokens.dll
	* Assembly contains no types assignable from Orleans.Providers.IProvider.	
[2018-01-02 22:38:08.003 GMT     1	INFO   	100000	AssemblyLoader.Client	]	User assembly ignored: C:\_git\core\src\Samples\Clients\Assets\LocalServer\bin\Debug\Microsoft.Win32.Primitives.dll
	* Assembly contains no types assignable from Orleans.Providers.IProvider.	
[2018-01-02 22:38:08.058 GMT     1	INFO   	100000	AssemblyLoader.Client	]	User assembly ignored: C:\_git\core\src\Samples\Clients\Assets\LocalServer\bin\Debug\Microsoft.WindowsAzure.Storage.dll
	* Assembly contains no types assignable from Orleans.Providers.IProvider.	
[2018-01-02 22:38:08.104 GMT     1	INFO   	100000	AssemblyLoader.Client	]	User assembly ignored: C:\_git\core\src\Samples\Clients\Assets\LocalServer\bin\Debug\Newtonsoft.Json.dll
	* Assembly contains no types assignable from Orleans.Providers.IProvider.	
[2018-01-02 22:38:08.114 GMT     1	INFO   	100000	AssemblyLoader.Client	]	User assembly ignored: C:\_git\core\src\Samples\Clients\Assets\LocalServer\bin\Debug\Orleans.dll
	* Assembly filename is excluded.	
[2018-01-02 22:38:08.123 GMT     1	INFO   	100000	AssemblyLoader.Client	]	User assembly ignored: C:\_git\core\src\Samples\Clients\Assets\LocalServer\bin\Debug\OrleansCodeGenerator.dll
	* Assembly contains no types assignable from Orleans.Providers.IProvider.	
[2018-01-02 22:38:08.139 GMT     1	INFO   	100000	AssemblyLoader.Client	]	User assembly ignored: C:\_git\core\src\Samples\Clients\Assets\LocalServer\bin\Debug\OrleansRuntime.dll
	* Assembly filename is excluded.	
[2018-01-02 22:38:08.205 GMT     1	INFO   	100000	AssemblyLoader.Client	]	User assembly ignored: C:\_git\core\src\Samples\Clients\Assets\LocalServer\bin\Debug\Piraeus.Adapters.dll
	* Assembly contains no types assignable from Orleans.Providers.IProvider.	
[2018-01-02 22:38:08.237 GMT     1	INFO   	100000	AssemblyLoader.Client	]	User assembly ignored: C:\_git\core\src\Samples\Clients\Assets\LocalServer\bin\Debug\Piraeus.Configuration.dll
	* Assembly contains no types assignable from Orleans.Providers.IProvider.	
[2018-01-02 22:38:08.241 GMT     1	INFO   	100000	AssemblyLoader.Client	]	User assembly ignored: C:\_git\core\src\Samples\Clients\Assets\LocalServer\bin\Debug\Piraeus.Core.dll
	* Assembly contains no types assignable from Orleans.Providers.IProvider.	
[2018-01-02 22:38:08.249 GMT     1	INFO   	100000	AssemblyLoader.Client	]	User assembly ignored: C:\_git\core\src\Samples\Clients\Assets\LocalServer\bin\Debug\Piraeus.GrainInterfaces.dll
	* Assembly contains no types assignable from Orleans.Providers.IProvider.	
[2018-01-02 22:38:08.262 GMT     1	INFO   	100000	AssemblyLoader.Client	]	User assembly ignored: C:\_git\core\src\Samples\Clients\Assets\LocalServer\bin\Debug\Piraeus.Grains.dll
	* Assembly contains no types assignable from Orleans.Providers.IProvider.	
[2018-01-02 22:38:08.286 GMT     1	INFO   	100000	AssemblyLoader.Client	]	User assembly ignored: C:\_git\core\src\Samples\Clients\Assets\LocalServer\bin\Debug\SkunkLab.Channels.dll
	* Assembly contains no types assignable from Orleans.Providers.IProvider.	
[2018-01-02 22:38:08.296 GMT     1	INFO   	100000	AssemblyLoader.Client	]	User assembly ignored: C:\_git\core\src\Samples\Clients\Assets\LocalServer\bin\Debug\SkunkLab.Diagnostics.dll
	* Assembly contains no types assignable from Orleans.Providers.IProvider.	
[2018-01-02 22:38:08.306 GMT     1	INFO   	100000	AssemblyLoader.Client	]	User assembly ignored: C:\_git\core\src\Samples\Clients\Assets\LocalServer\bin\Debug\SkunkLab.Protocols.dll
	* Assembly contains no types assignable from Orleans.Providers.IProvider.	
[2018-01-02 22:38:08.324 GMT     1	INFO   	100000	AssemblyLoader.Client	]	User assembly ignored: C:\_git\core\src\Samples\Clients\Assets\LocalServer\bin\Debug\SkunkLab.Security.dll
	* Assembly contains no types assignable from Orleans.Providers.IProvider.	
[2018-01-02 22:38:08.332 GMT     1	INFO   	100000	AssemblyLoader.Client	]	User assembly ignored: C:\_git\core\src\Samples\Clients\Assets\LocalServer\bin\Debug\SkunkLab.Servers.dll
	* Assembly contains no types assignable from Orleans.Providers.IProvider.	
[2018-01-02 22:38:08.368 GMT     1	INFO   	100000	AssemblyLoader.Client	]	User assembly ignored: C:\_git\core\src\Samples\Clients\Assets\LocalServer\bin\Debug\StackExchange.Redis.dll
	* Assembly contains no types assignable from Orleans.Providers.IProvider.	
[2018-01-02 22:38:08.377 GMT     1	INFO   	100000	AssemblyLoader.Client	]	User assembly ignored: C:\_git\core\src\Samples\Clients\Assets\LocalServer\bin\Debug\System.AppContext.dll
	* Assembly contains no types assignable from Orleans.Providers.IProvider.	
[2018-01-02 22:38:08.401 GMT     1	INFO   	100000	AssemblyLoader.Client	]	User assembly ignored: C:\_git\core\src\Samples\Clients\Assets\LocalServer\bin\Debug\System.Collections.Immutable.dll
	* Assembly contains no types assignable from Orleans.Providers.IProvider.	
[2018-01-02 22:38:08.409 GMT     1	INFO   	100000	AssemblyLoader.Client	]	User assembly ignored: C:\_git\core\src\Samples\Clients\Assets\LocalServer\bin\Debug\System.Console.dll
	* Assembly contains no types assignable from Orleans.Providers.IProvider.	
[2018-01-02 22:38:08.417 GMT     1	INFO   	100000	AssemblyLoader.Client	]	User assembly ignored: C:\_git\core\src\Samples\Clients\Assets\LocalServer\bin\Debug\System.Diagnostics.DiagnosticSource.dll
	* Assembly contains no types assignable from Orleans.Providers.IProvider.	
[2018-01-02 22:38:08.421 GMT     1	INFO   	100000	AssemblyLoader.Client	]	User assembly ignored: C:\_git\core\src\Samples\Clients\Assets\LocalServer\bin\Debug\System.Diagnostics.FileVersionInfo.dll
	* Assembly contains no types assignable from Orleans.Providers.IProvider.	
[2018-01-02 22:38:08.425 GMT     1	INFO   	100000	AssemblyLoader.Client	]	User assembly ignored: C:\_git\core\src\Samples\Clients\Assets\LocalServer\bin\Debug\System.Diagnostics.StackTrace.dll
	* Assembly contains no types assignable from Orleans.Providers.IProvider.	
[2018-01-02 22:38:08.432 GMT     1	INFO   	100000	AssemblyLoader.Client	]	User assembly ignored: C:\_git\core\src\Samples\Clients\Assets\LocalServer\bin\Debug\System.Globalization.Calendars.dll
	* Assembly contains no types assignable from Orleans.Providers.IProvider.	
[2018-01-02 22:38:08.437 GMT     1	INFO   	100000	AssemblyLoader.Client	]	User assembly ignored: C:\_git\core\src\Samples\Clients\Assets\LocalServer\bin\Debug\System.IdentityModel.Tokens.Jwt.dll
	* Assembly contains no types assignable from Orleans.Providers.IProvider.	
[2018-01-02 22:38:08.443 GMT     1	INFO   	100000	AssemblyLoader.Client	]	User assembly ignored: C:\_git\core\src\Samples\Clients\Assets\LocalServer\bin\Debug\System.IO.Compression.dll
	* Assembly contains no types assignable from Orleans.Providers.IProvider.	
[2018-01-02 22:38:08.448 GMT     1	INFO   	100000	AssemblyLoader.Client	]	User assembly ignored: C:\_git\core\src\Samples\Clients\Assets\LocalServer\bin\Debug\System.IO.Compression.ZipFile.dll
	* Assembly contains no types assignable from Orleans.Providers.IProvider.	
[2018-01-02 22:38:08.452 GMT     1	INFO   	100000	AssemblyLoader.Client	]	User assembly ignored: C:\_git\core\src\Samples\Clients\Assets\LocalServer\bin\Debug\System.IO.FileSystem.dll
	* Assembly contains no types assignable from Orleans.Providers.IProvider.	
[2018-01-02 22:38:08.456 GMT     1	INFO   	100000	AssemblyLoader.Client	]	User assembly ignored: C:\_git\core\src\Samples\Clients\Assets\LocalServer\bin\Debug\System.IO.FileSystem.Primitives.dll
	* Assembly contains no types assignable from Orleans.Providers.IProvider.	
[2018-01-02 22:38:08.481 GMT     1	INFO   	100000	AssemblyLoader.Client	]	User assembly ignored: C:\_git\core\src\Samples\Clients\Assets\LocalServer\bin\Debug\System.Net.Http.dll
	* Assembly contains no types assignable from Orleans.Providers.IProvider.	
[2018-01-02 22:38:08.518 GMT     1	INFO   	100000	AssemblyLoader.Client	]	User assembly ignored: C:\_git\core\src\Samples\Clients\Assets\LocalServer\bin\Debug\System.Net.Http.Formatting.dll
	* Assembly contains no types assignable from Orleans.Providers.IProvider.	
[2018-01-02 22:38:08.574 GMT     1	INFO   	100000	AssemblyLoader.Client	]	User assembly ignored: C:\_git\core\src\Samples\Clients\Assets\LocalServer\bin\Debug\System.Net.Sockets.dll
	* Assembly contains no types assignable from Orleans.Providers.IProvider.	
[2018-01-02 22:38:08.678 GMT     1	INFO   	100000	AssemblyLoader.Client	]	User assembly ignored: C:\_git\core\src\Samples\Clients\Assets\LocalServer\bin\Debug\System.Reflection.Metadata.dll
	* Assembly contains no types assignable from Orleans.Providers.IProvider.	
[2018-01-02 22:38:08.785 GMT     1	INFO   	100000	AssemblyLoader.Client	]	User assembly ignored: C:\_git\core\src\Samples\Clients\Assets\LocalServer\bin\Debug\System.Runtime.InteropServices.RuntimeInformation.dll
	* Assembly contains no types assignable from Orleans.Providers.IProvider.	
[2018-01-02 22:38:08.808 GMT     1	INFO   	100000	AssemblyLoader.Client	]	User assembly ignored: C:\_git\core\src\Samples\Clients\Assets\LocalServer\bin\Debug\System.Security.Cryptography.Algorithms.dll
	* Assembly contains no types assignable from Orleans.Providers.IProvider.	
[2018-01-02 22:38:08.821 GMT     1	INFO   	100000	AssemblyLoader.Client	]	User assembly ignored: C:\_git\core\src\Samples\Clients\Assets\LocalServer\bin\Debug\System.Security.Cryptography.Encoding.dll
	* Assembly contains no types assignable from Orleans.Providers.IProvider.	
[2018-01-02 22:38:08.854 GMT     1	INFO   	100000	AssemblyLoader.Client	]	User assembly ignored: C:\_git\core\src\Samples\Clients\Assets\LocalServer\bin\Debug\System.Security.Cryptography.Primitives.dll
	* Assembly contains no types assignable from Orleans.Providers.IProvider.	
[2018-01-02 22:38:08.858 GMT     1	INFO   	100000	AssemblyLoader.Client	]	User assembly ignored: C:\_git\core\src\Samples\Clients\Assets\LocalServer\bin\Debug\System.Security.Cryptography.X509Certificates.dll
	* Assembly contains no types assignable from Orleans.Providers.IProvider.	
[2018-01-02 22:38:08.871 GMT     1	INFO   	100000	AssemblyLoader.Client	]	User assembly ignored: C:\_git\core\src\Samples\Clients\Assets\LocalServer\bin\Debug\System.Spatial.dll
	* Assembly contains no types assignable from Orleans.Providers.IProvider.	
[2018-01-02 22:38:08.881 GMT     1	INFO   	100000	AssemblyLoader.Client	]	User assembly ignored: C:\_git\core\src\Samples\Clients\Assets\LocalServer\bin\Debug\System.Text.Encoding.CodePages.dll
	* Assembly contains no types assignable from Orleans.Providers.IProvider.	
[2018-01-02 22:38:08.890 GMT     1	INFO   	100000	AssemblyLoader.Client	]	User assembly ignored: C:\_git\core\src\Samples\Clients\Assets\LocalServer\bin\Debug\System.Threading.Thread.dll
	* Assembly contains no types assignable from Orleans.Providers.IProvider.	
[2018-01-02 22:38:08.900 GMT     1	INFO   	100000	AssemblyLoader.Client	]	User assembly ignored: C:\_git\core\src\Samples\Clients\Assets\LocalServer\bin\Debug\System.ValueTuple.dll
	* Assembly contains no types assignable from Orleans.Providers.IProvider.	
[2018-01-02 22:38:08.961 GMT     1	INFO   	100000	AssemblyLoader.Client	]	User assembly ignored: C:\_git\core\src\Samples\Clients\Assets\LocalServer\bin\Debug\System.Web.Http.dll
	* Assembly contains no types assignable from Orleans.Providers.IProvider.	
[2018-01-02 22:38:09.003 GMT     1	INFO   	100000	AssemblyLoader.Client	]	User assembly ignored: C:\_git\core\src\Samples\Clients\Assets\LocalServer\bin\Debug\System.Web.Http.WebHost.dll
	* Assembly contains no types assignable from Orleans.Providers.IProvider.	
[2018-01-02 22:38:09.009 GMT     1	INFO   	100000	AssemblyLoader.Client	]	User assembly ignored: C:\_git\core\src\Samples\Clients\Assets\LocalServer\bin\Debug\System.Xml.ReaderWriter.dll
	* Assembly contains no types assignable from Orleans.Providers.IProvider.	
[2018-01-02 22:38:09.041 GMT     1	INFO   	100000	AssemblyLoader.Client	]	User assembly ignored: C:\_git\core\src\Samples\Clients\Assets\LocalServer\bin\Debug\System.Xml.XmlDocument.dll
	* Assembly contains no types assignable from Orleans.Providers.IProvider.	
[2018-01-02 22:38:09.045 GMT     1	INFO   	100000	AssemblyLoader.Client	]	User assembly ignored: C:\_git\core\src\Samples\Clients\Assets\LocalServer\bin\Debug\System.Xml.XPath.dll
	* Assembly contains no types assignable from Orleans.Providers.IProvider.	
[2018-01-02 22:38:09.053 GMT     1	INFO   	100000	AssemblyLoader.Client	]	User assembly ignored: C:\_git\core\src\Samples\Clients\Assets\LocalServer\bin\Debug\System.Xml.XPath.XDocument.dll
	* Assembly contains no types assignable from Orleans.Providers.IProvider.	
[2018-01-02 22:38:09.062 GMT     1	INFO   	100000	AssemblyLoader.Client	]	Loading assembly C:\_git\core\src\Samples\Clients\Assets\LocalServer\bin\Debug\OrleansProviders.dll...	
[2018-01-02 22:38:09.131 GMT     1	INFO   	100000	AssemblyLoader.Client	]	1 assemblies loaded.	
[2018-01-02 22:38:09.394 GMT     1	INFO   	100313	OutsideRuntimeClient	]	---------- Initializing OutsideRuntimeClient on MININT-2T87D76 at 172.18.177.55 Client Id = *cli/922cb6bf ----------	
[2018-01-02 22:38:09.460 GMT     1	INFO   	100314	OutsideRuntimeClient	]	---------- Starting OutsideRuntimeClient with runtime Version='1.5.2.0 (Release).' in AppDomain=<AppDomain.Id=1, AppDomain.FriendlyName=LocalServer.exe> Config= 
 Platform version info:
   Orleans version: 1.5.2.0 (Release).
   .NET version: 4.0.30319.42000
   OS version: Microsoft Windows NT 6.2.9200.0
   App config file: C:\_git\core\src\Samples\Clients\Assets\LocalServer\bin\Debug\LocalServer.exe.Config
   GC Type=Client GCLatencyMode=Interactive
   Host: MININT-2T87D76
   Processor Count: 4
Client Configuration:
   Config File Name: 
   Start time: 2018-01-02 22:38:09.450 GMT
   Gateway Provider: Config
   Gateways[1]:
      127.0.0.1:40000
   Preferred Gateway Index: -1
   GatewayListRefreshPeriod: 00:01:00
   Preferred Address Family: InterNetwork
   DNS Host Name: MININT-2T87D76
   Client Name: Client
   Tracing: 
     Default Trace Level: Info
     TraceLevelOverrides: None
     Trace to Console: True
     Trace File Name: C:\_git\core\src\Samples\Clients\Assets\LocalServer\bin\Debug\Client-2018-01-02-22.38.03.501Z.log
     LargeMessageWarningThreshold: 85000
     PropagateActivityId: False
     BulkMessageLimit: 5
   Statistics: 
     MetricsTableWriteInterval: 00:00:30
     PerfCounterWriteInterval: -00:00:00.0010000
     LogWriteInterval: 00:05:00
     WriteLogStatisticsToTable: True
     StatisticsCollectionLevel: Info
   Messaging:
       Response timeout: 00:30:00
       Maximum resend count: 0
       Resend On Timeout: False
       Maximum Socket Age: 10675199.02:48:05.4775807
       Drop Expired Messages: True
       Client Sender Buckets: 8192
       Buffer Pool Buffer Size: 4096
       Buffer Pool Max Size: 10000
       Buffer Pool Preallocation Size: 250
       Fallback serializer: 
   .NET: 
       .NET thread pool sizes - Min: Worker Threads=4 Completion Port Threads=4
       .NET thread pool sizes - Max: Worker Threads=2047 Completion Port Threads=1000
   Providers:
       No providers configured.
	
[2018-01-02 22:38:09.872 GMT     4	INFO   	101309	Messaging.GatewayManager	]	Found 1 knownGateways from Gateway listProvider [gwy.tcp://127.0.0.1:40000/0]	
[2018-01-02 22:38:10.131 GMT     4	INFO   	100908	Messaging.GatewayConnection/GatewayClientSender_gwy.tcp://127.0.0.1:40000/0	172.18.177.55:0]	Connected to gateway at address gwy.tcp://127.0.0.1:40000/0 on trial 0.	
[2018-01-02 22:38:10.229 GMT     9	INFO   	100000	Messaging.GatewayConnection/GatewayClientSender_gwy.tcp://127.0.0.1:40000/0	172.18.177.55:0]	Starting AsyncAgent Messaging.GatewayConnection/GatewayClientSender_gwy.tcp://127.0.0.1:40000/0 on managed thread 9	
[2018-01-02 22:38:10.186 GMT    10	INFO   	100000	Messaging.GatewayClientReceiver/gwy.tcp://127.0.0.1:40000/0	172.18.177.55:0]	Starting AsyncAgent Messaging.GatewayClientReceiver/gwy.tcp://127.0.0.1:40000/0 on managed thread 10	
[2018-01-02 22:38:10.652 GMT     4	INFO   	100929	OutsideRuntimeClient	172.18.177.55:0]	---------- Started OutsideRuntimeClient with Global Client ID: C172.18.177.55:0:-252628689*cli/922cb6bf@222484a2, client GUID ID: *cli/922cb6bf	
[2018-01-02 22:39:09.964 GMT     6	INFO   	101309	Messaging.GatewayManager	172.18.177.55:0]	Refreshed the live Gateway list. Found 1 gateways from Gateway listProvider: [gwy.tcp://127.0.0.1:40000/0]. Picked only known live out of them. Now has 1 live Gateways: [gwy.tcp://127.0.0.1:40000/0]. Previous refresh time was = 1/2/2018 10:38:09 PM	
[2018-01-02 22:40:09.970 GMT     4	INFO   	101309	Messaging.GatewayManager	172.18.177.55:0]	Refreshed the live Gateway list. Found 1 gateways from Gateway listProvider: [gwy.tcp://127.0.0.1:40000/0]. Picked only known live out of them. Now has 1 live Gateways: [gwy.tcp://127.0.0.1:40000/0]. Previous refresh time was = 1/2/2018 10:39:09 PM	
