[2017-12-31 22:22:16.546 GMT     1	INFO   	100000	AssemblyLoader.Client	]	Recursively searching for assemblies in C:\_git\core\src\Samples\Clients\Assets\LocalServer\bin\Debug...	
[2017-12-31 22:22:18.811 GMT     1	INFO   	100000	AssemblyLoader.Client	]	User assembly ignored: C:\_git\core\src\Samples\Clients\Assets\LocalServer\bin\Debug\BouncyCastle.Crypto.dll
	* Assembly contains no types assignable from Orleans.Providers.IProvider.	
[2017-12-31 22:22:18.835 GMT     1	INFO   	100000	AssemblyLoader.Client	]	User assembly ignored: C:\_git\core\src\Samples\Clients\Assets\LocalServer\bin\Debug\Capl.dll
	* Assembly contains no types assignable from Orleans.Providers.IProvider.	
[2017-12-31 22:22:18.841 GMT     1	INFO   	100000	AssemblyLoader.Client	]	User assembly ignored: C:\_git\core\src\Samples\Clients\Assets\LocalServer\bin\Debug\Microsoft.Azure.KeyVault.Core.dll
	* Assembly contains no types assignable from Orleans.Providers.IProvider.	
[2017-12-31 22:22:19.683 GMT     1	INFO   	100000	AssemblyLoader.Client	]	User assembly ignored: C:\_git\core\src\Samples\Clients\Assets\LocalServer\bin\Debug\Microsoft.CodeAnalysis.CSharp.dll
	* Assembly contains no types assignable from Orleans.Providers.IProvider.	
[2017-12-31 22:22:19.906 GMT     1	INFO   	100000	AssemblyLoader.Client	]	User assembly ignored: C:\_git\core\src\Samples\Clients\Assets\LocalServer\bin\Debug\Microsoft.CodeAnalysis.dll
	* Assembly contains no types assignable from Orleans.Providers.IProvider.	
[2017-12-31 22:22:19.943 GMT     1	INFO   	100000	AssemblyLoader.Client	]	User assembly ignored: C:\_git\core\src\Samples\Clients\Assets\LocalServer\bin\Debug\Microsoft.Data.Edm.dll
	* Assembly contains no types assignable from Orleans.Providers.IProvider.	
[2017-12-31 22:22:19.992 GMT     1	INFO   	100000	AssemblyLoader.Client	]	User assembly ignored: C:\_git\core\src\Samples\Clients\Assets\LocalServer\bin\Debug\Microsoft.Data.OData.dll
	* Assembly contains no types assignable from Orleans.Providers.IProvider.	
[2017-12-31 22:22:20.021 GMT     1	INFO   	100000	AssemblyLoader.Client	]	User assembly ignored: C:\_git\core\src\Samples\Clients\Assets\LocalServer\bin\Debug\Microsoft.Data.Services.Client.dll
	* Assembly contains no types assignable from Orleans.Providers.IProvider.	
[2017-12-31 22:22:20.030 GMT     1	INFO   	100000	AssemblyLoader.Client	]	User assembly ignored: C:\_git\core\src\Samples\Clients\Assets\LocalServer\bin\Debug\Microsoft.Extensions.DependencyInjection.Abstractions.dll
	* Assembly contains no types assignable from Orleans.Providers.IProvider.	
[2017-12-31 22:22:20.049 GMT     1	INFO   	100000	AssemblyLoader.Client	]	User assembly ignored: C:\_git\core\src\Samples\Clients\Assets\LocalServer\bin\Debug\Microsoft.Extensions.DependencyInjection.dll
	* Assembly contains no types assignable from Orleans.Providers.IProvider.	
[2017-12-31 22:22:20.055 GMT     1	INFO   	100000	AssemblyLoader.Client	]	User assembly ignored: C:\_git\core\src\Samples\Clients\Assets\LocalServer\bin\Debug\Microsoft.IdentityModel.Logging.dll
	* Assembly contains no types assignable from Orleans.Providers.IProvider.	
[2017-12-31 22:22:20.066 GMT     1	INFO   	100000	AssemblyLoader.Client	]	User assembly ignored: C:\_git\core\src\Samples\Clients\Assets\LocalServer\bin\Debug\Microsoft.IdentityModel.Tokens.dll
	* Assembly contains no types assignable from Orleans.Providers.IProvider.	
[2017-12-31 22:22:20.070 GMT     1	INFO   	100000	AssemblyLoader.Client	]	User assembly ignored: C:\_git\core\src\Samples\Clients\Assets\LocalServer\bin\Debug\Microsoft.Win32.Primitives.dll
	* Assembly contains no types assignable from Orleans.Providers.IProvider.	
[2017-12-31 22:22:20.125 GMT     1	INFO   	100000	AssemblyLoader.Client	]	User assembly ignored: C:\_git\core\src\Samples\Clients\Assets\LocalServer\bin\Debug\Microsoft.WindowsAzure.Storage.dll
	* Assembly contains no types assignable from Orleans.Providers.IProvider.	
[2017-12-31 22:22:20.227 GMT     1	INFO   	100000	AssemblyLoader.Client	]	User assembly ignored: C:\_git\core\src\Samples\Clients\Assets\LocalServer\bin\Debug\Newtonsoft.Json.dll
	* Assembly contains no types assignable from Orleans.Providers.IProvider.	
[2017-12-31 22:22:20.260 GMT     1	INFO   	100000	AssemblyLoader.Client	]	User assembly ignored: C:\_git\core\src\Samples\Clients\Assets\LocalServer\bin\Debug\Orleans.dll
	* Assembly filename is excluded.	
[2017-12-31 22:22:20.286 GMT     1	INFO   	100000	AssemblyLoader.Client	]	User assembly ignored: C:\_git\core\src\Samples\Clients\Assets\LocalServer\bin\Debug\OrleansCodeGenerator.dll
	* Assembly contains no types assignable from Orleans.Providers.IProvider.	
[2017-12-31 22:22:20.329 GMT     1	INFO   	100000	AssemblyLoader.Client	]	User assembly ignored: C:\_git\core\src\Samples\Clients\Assets\LocalServer\bin\Debug\OrleansRuntime.dll
	* Assembly filename is excluded.	
[2017-12-31 22:22:20.367 GMT     1	INFO   	100000	AssemblyLoader.Client	]	User assembly ignored: C:\_git\core\src\Samples\Clients\Assets\LocalServer\bin\Debug\Piraeus.Adapters.dll
	* Assembly contains no types assignable from Orleans.Providers.IProvider.	
[2017-12-31 22:22:20.424 GMT     1	INFO   	100000	AssemblyLoader.Client	]	User assembly ignored: C:\_git\core\src\Samples\Clients\Assets\LocalServer\bin\Debug\Piraeus.Configuration.dll
	* Assembly contains no types assignable from Orleans.Providers.IProvider.	
[2017-12-31 22:22:20.814 GMT     1	INFO   	100000	AssemblyLoader.Client	]	User assembly ignored: C:\_git\core\src\Samples\Clients\Assets\LocalServer\bin\Debug\Piraeus.Core.dll
	* Assembly contains no types assignable from Orleans.Providers.IProvider.	
[2017-12-31 22:22:21.217 GMT     1	INFO   	100000	AssemblyLoader.Client	]	User assembly ignored: C:\_git\core\src\Samples\Clients\Assets\LocalServer\bin\Debug\Piraeus.GrainInterfaces.dll
	* Assembly contains no types assignable from Orleans.Providers.IProvider.	
[2017-12-31 22:22:21.583 GMT     1	INFO   	100000	AssemblyLoader.Client	]	User assembly ignored: C:\_git\core\src\Samples\Clients\Assets\LocalServer\bin\Debug\Piraeus.Grains.dll
	* Assembly contains no types assignable from Orleans.Providers.IProvider.	
[2017-12-31 22:22:22.018 GMT     1	INFO   	100000	AssemblyLoader.Client	]	User assembly ignored: C:\_git\core\src\Samples\Clients\Assets\LocalServer\bin\Debug\SkunkLab.Channels.dll
	* Assembly contains no types assignable from Orleans.Providers.IProvider.	
[2017-12-31 22:22:22.135 GMT     1	INFO   	100000	AssemblyLoader.Client	]	User assembly ignored: C:\_git\core\src\Samples\Clients\Assets\LocalServer\bin\Debug\SkunkLab.Diagnostics.dll
	* Assembly contains no types assignable from Orleans.Providers.IProvider.	
[2017-12-31 22:22:22.473 GMT     1	INFO   	100000	AssemblyLoader.Client	]	User assembly ignored: C:\_git\core\src\Samples\Clients\Assets\LocalServer\bin\Debug\SkunkLab.Protocols.dll
	* Assembly contains no types assignable from Orleans.Providers.IProvider.	
[2017-12-31 22:22:22.781 GMT     1	INFO   	100000	AssemblyLoader.Client	]	User assembly ignored: C:\_git\core\src\Samples\Clients\Assets\LocalServer\bin\Debug\SkunkLab.Security.dll
	* Assembly contains no types assignable from Orleans.Providers.IProvider.	
[2017-12-31 22:22:22.859 GMT     1	INFO   	100000	AssemblyLoader.Client	]	User assembly ignored: C:\_git\core\src\Samples\Clients\Assets\LocalServer\bin\Debug\SkunkLab.Servers.dll
	* Assembly contains no types assignable from Orleans.Providers.IProvider.	
[2017-12-31 22:22:22.901 GMT     1	INFO   	100000	AssemblyLoader.Client	]	User assembly ignored: C:\_git\core\src\Samples\Clients\Assets\LocalServer\bin\Debug\StackExchange.Redis.dll
	* Assembly contains no types assignable from Orleans.Providers.IProvider.	
[2017-12-31 22:22:22.914 GMT     1	INFO   	100000	AssemblyLoader.Client	]	User assembly ignored: C:\_git\core\src\Samples\Clients\Assets\LocalServer\bin\Debug\System.AppContext.dll
	* Assembly contains no types assignable from Orleans.Providers.IProvider.	
[2017-12-31 22:22:22.974 GMT     1	INFO   	100000	AssemblyLoader.Client	]	User assembly ignored: C:\_git\core\src\Samples\Clients\Assets\LocalServer\bin\Debug\System.Collections.Immutable.dll
	* Assembly contains no types assignable from Orleans.Providers.IProvider.	
[2017-12-31 22:22:23.010 GMT     1	INFO   	100000	AssemblyLoader.Client	]	User assembly ignored: C:\_git\core\src\Samples\Clients\Assets\LocalServer\bin\Debug\System.Console.dll
	* Assembly contains no types assignable from Orleans.Providers.IProvider.	
[2017-12-31 22:22:23.088 GMT     1	INFO   	100000	AssemblyLoader.Client	]	User assembly ignored: C:\_git\core\src\Samples\Clients\Assets\LocalServer\bin\Debug\System.Diagnostics.DiagnosticSource.dll
	* Assembly contains no types assignable from Orleans.Providers.IProvider.	
[2017-12-31 22:22:23.106 GMT     1	INFO   	100000	AssemblyLoader.Client	]	User assembly ignored: C:\_git\core\src\Samples\Clients\Assets\LocalServer\bin\Debug\System.Diagnostics.FileVersionInfo.dll
	* Assembly contains no types assignable from Orleans.Providers.IProvider.	
[2017-12-31 22:22:23.183 GMT     1	INFO   	100000	AssemblyLoader.Client	]	User assembly ignored: C:\_git\core\src\Samples\Clients\Assets\LocalServer\bin\Debug\System.Diagnostics.StackTrace.dll
	* Assembly contains no types assignable from Orleans.Providers.IProvider.	
[2017-12-31 22:22:23.197 GMT     1	INFO   	100000	AssemblyLoader.Client	]	User assembly ignored: C:\_git\core\src\Samples\Clients\Assets\LocalServer\bin\Debug\System.Globalization.Calendars.dll
	* Assembly contains no types assignable from Orleans.Providers.IProvider.	
[2017-12-31 22:22:23.238 GMT     1	INFO   	100000	AssemblyLoader.Client	]	User assembly ignored: C:\_git\core\src\Samples\Clients\Assets\LocalServer\bin\Debug\System.IdentityModel.Tokens.Jwt.dll
	* Assembly contains no types assignable from Orleans.Providers.IProvider.	
[2017-12-31 22:22:23.286 GMT     1	INFO   	100000	AssemblyLoader.Client	]	User assembly ignored: C:\_git\core\src\Samples\Clients\Assets\LocalServer\bin\Debug\System.IO.Compression.dll
	* Assembly contains no types assignable from Orleans.Providers.IProvider.	
[2017-12-31 22:22:23.327 GMT     1	INFO   	100000	AssemblyLoader.Client	]	User assembly ignored: C:\_git\core\src\Samples\Clients\Assets\LocalServer\bin\Debug\System.IO.Compression.ZipFile.dll
	* Assembly contains no types assignable from Orleans.Providers.IProvider.	
[2017-12-31 22:22:23.340 GMT     1	INFO   	100000	AssemblyLoader.Client	]	User assembly ignored: C:\_git\core\src\Samples\Clients\Assets\LocalServer\bin\Debug\System.IO.FileSystem.dll
	* Assembly contains no types assignable from Orleans.Providers.IProvider.	
[2017-12-31 22:22:23.359 GMT     1	INFO   	100000	AssemblyLoader.Client	]	User assembly ignored: C:\_git\core\src\Samples\Clients\Assets\LocalServer\bin\Debug\System.IO.FileSystem.Primitives.dll
	* Assembly contains no types assignable from Orleans.Providers.IProvider.	
[2017-12-31 22:22:23.426 GMT     1	INFO   	100000	AssemblyLoader.Client	]	User assembly ignored: C:\_git\core\src\Samples\Clients\Assets\LocalServer\bin\Debug\System.Net.Http.dll
	* Assembly contains no types assignable from Orleans.Providers.IProvider.	
[2017-12-31 22:22:23.466 GMT     1	INFO   	100000	AssemblyLoader.Client	]	User assembly ignored: C:\_git\core\src\Samples\Clients\Assets\LocalServer\bin\Debug\System.Net.Http.Formatting.dll
	* Assembly contains no types assignable from Orleans.Providers.IProvider.	
[2017-12-31 22:22:23.487 GMT     1	INFO   	100000	AssemblyLoader.Client	]	User assembly ignored: C:\_git\core\src\Samples\Clients\Assets\LocalServer\bin\Debug\System.Net.Sockets.dll
	* Assembly contains no types assignable from Orleans.Providers.IProvider.	
[2017-12-31 22:22:23.553 GMT     1	INFO   	100000	AssemblyLoader.Client	]	User assembly ignored: C:\_git\core\src\Samples\Clients\Assets\LocalServer\bin\Debug\System.Reflection.Metadata.dll
	* Assembly contains no types assignable from Orleans.Providers.IProvider.	
[2017-12-31 22:22:23.580 GMT     1	INFO   	100000	AssemblyLoader.Client	]	User assembly ignored: C:\_git\core\src\Samples\Clients\Assets\LocalServer\bin\Debug\System.Runtime.InteropServices.RuntimeInformation.dll
	* Assembly contains no types assignable from Orleans.Providers.IProvider.	
[2017-12-31 22:22:23.624 GMT     1	INFO   	100000	AssemblyLoader.Client	]	User assembly ignored: C:\_git\core\src\Samples\Clients\Assets\LocalServer\bin\Debug\System.Security.Cryptography.Algorithms.dll
	* Assembly contains no types assignable from Orleans.Providers.IProvider.	
[2017-12-31 22:22:23.705 GMT     1	INFO   	100000	AssemblyLoader.Client	]	User assembly ignored: C:\_git\core\src\Samples\Clients\Assets\LocalServer\bin\Debug\System.Security.Cryptography.Encoding.dll
	* Assembly contains no types assignable from Orleans.Providers.IProvider.	
[2017-12-31 22:22:23.730 GMT     1	INFO   	100000	AssemblyLoader.Client	]	User assembly ignored: C:\_git\core\src\Samples\Clients\Assets\LocalServer\bin\Debug\System.Security.Cryptography.Primitives.dll
	* Assembly contains no types assignable from Orleans.Providers.IProvider.	
[2017-12-31 22:22:23.764 GMT     1	INFO   	100000	AssemblyLoader.Client	]	User assembly ignored: C:\_git\core\src\Samples\Clients\Assets\LocalServer\bin\Debug\System.Security.Cryptography.X509Certificates.dll
	* Assembly contains no types assignable from Orleans.Providers.IProvider.	
[2017-12-31 22:22:23.791 GMT     1	INFO   	100000	AssemblyLoader.Client	]	User assembly ignored: C:\_git\core\src\Samples\Clients\Assets\LocalServer\bin\Debug\System.Spatial.dll
	* Assembly contains no types assignable from Orleans.Providers.IProvider.	
[2017-12-31 22:22:23.809 GMT     1	INFO   	100000	AssemblyLoader.Client	]	User assembly ignored: C:\_git\core\src\Samples\Clients\Assets\LocalServer\bin\Debug\System.Text.Encoding.CodePages.dll
	* Assembly contains no types assignable from Orleans.Providers.IProvider.	
[2017-12-31 22:22:23.816 GMT     1	INFO   	100000	AssemblyLoader.Client	]	User assembly ignored: C:\_git\core\src\Samples\Clients\Assets\LocalServer\bin\Debug\System.Threading.Thread.dll
	* Assembly contains no types assignable from Orleans.Providers.IProvider.	
[2017-12-31 22:22:23.828 GMT     1	INFO   	100000	AssemblyLoader.Client	]	User assembly ignored: C:\_git\core\src\Samples\Clients\Assets\LocalServer\bin\Debug\System.ValueTuple.dll
	* Assembly contains no types assignable from Orleans.Providers.IProvider.	
[2017-12-31 22:22:23.902 GMT     1	INFO   	100000	AssemblyLoader.Client	]	User assembly ignored: C:\_git\core\src\Samples\Clients\Assets\LocalServer\bin\Debug\System.Web.Http.dll
	* Assembly contains no types assignable from Orleans.Providers.IProvider.	
[2017-12-31 22:22:23.932 GMT     1	INFO   	100000	AssemblyLoader.Client	]	User assembly ignored: C:\_git\core\src\Samples\Clients\Assets\LocalServer\bin\Debug\System.Web.Http.WebHost.dll
	* Assembly contains no types assignable from Orleans.Providers.IProvider.	
[2017-12-31 22:22:23.939 GMT     1	INFO   	100000	AssemblyLoader.Client	]	User assembly ignored: C:\_git\core\src\Samples\Clients\Assets\LocalServer\bin\Debug\System.Xml.ReaderWriter.dll
	* Assembly contains no types assignable from Orleans.Providers.IProvider.	
[2017-12-31 22:22:23.949 GMT     1	INFO   	100000	AssemblyLoader.Client	]	User assembly ignored: C:\_git\core\src\Samples\Clients\Assets\LocalServer\bin\Debug\System.Xml.XmlDocument.dll
	* Assembly contains no types assignable from Orleans.Providers.IProvider.	
[2017-12-31 22:22:23.954 GMT     1	INFO   	100000	AssemblyLoader.Client	]	User assembly ignored: C:\_git\core\src\Samples\Clients\Assets\LocalServer\bin\Debug\System.Xml.XPath.dll
	* Assembly contains no types assignable from Orleans.Providers.IProvider.	
[2017-12-31 22:22:23.966 GMT     1	INFO   	100000	AssemblyLoader.Client	]	User assembly ignored: C:\_git\core\src\Samples\Clients\Assets\LocalServer\bin\Debug\System.Xml.XPath.XDocument.dll
	* Assembly contains no types assignable from Orleans.Providers.IProvider.	
[2017-12-31 22:22:23.983 GMT     1	INFO   	100000	AssemblyLoader.Client	]	Loading assembly C:\_git\core\src\Samples\Clients\Assets\LocalServer\bin\Debug\OrleansProviders.dll...	
[2017-12-31 22:22:24.046 GMT     1	INFO   	100000	AssemblyLoader.Client	]	1 assemblies loaded.	
[2017-12-31 22:22:24.291 GMT     1	INFO   	100313	OutsideRuntimeClient	]	---------- Initializing OutsideRuntimeClient on MININT-2T87D76 at 172.19.82.88 Client Id = *cli/6a2cb3a1 ----------	
[2017-12-31 22:22:24.337 GMT     1	INFO   	100314	OutsideRuntimeClient	]	---------- Starting OutsideRuntimeClient with runtime Version='1.5.2.0 (Release).' in AppDomain=<AppDomain.Id=1, AppDomain.FriendlyName=LocalServer.exe> Config= 
 Platform version info:
   Orleans version: 1.5.2.0 (Release).
   .NET version: 4.0.30319.42000
   OS version: Microsoft Windows NT 6.2.9200.0
   App config file: C:\_git\core\src\Samples\Clients\Assets\LocalServer\bin\Debug\LocalServer.exe.Config
   GC Type=Client GCLatencyMode=Interactive
   Host: MININT-2T87D76
   Processor Count: 4
Client Configuration:
   Config File Name: 
   Start time: 2017-12-31 22:22:24.328 GMT
   Gateway Provider: Config
   Gateways[1]:
      127.0.0.1:40000
   Preferred Gateway Index: -1
   GatewayListRefreshPeriod: 00:01:00
   Preferred Address Family: InterNetwork
   DNS Host Name: MININT-2T87D76
   Client Name: Client
   Tracing: 
     Default Trace Level: Info
     TraceLevelOverrides: None
     Trace to Console: True
     Trace File Name: C:\_git\core\src\Samples\Clients\Assets\LocalServer\bin\Debug\Client-2017-12-31-22.22.04.074Z.log
     LargeMessageWarningThreshold: 85000
     PropagateActivityId: False
     BulkMessageLimit: 5
   Statistics: 
     MetricsTableWriteInterval: 00:00:30
     PerfCounterWriteInterval: -00:00:00.0010000
     LogWriteInterval: 00:05:00
     WriteLogStatisticsToTable: True
     StatisticsCollectionLevel: Info
   Messaging:
       Response timeout: 00:30:00
       Maximum resend count: 0
       Resend On Timeout: False
       Maximum Socket Age: 10675199.02:48:05.4775807
       Drop Expired Messages: True
       Client Sender Buckets: 8192
       Buffer Pool Buffer Size: 4096
       Buffer Pool Max Size: 10000
       Buffer Pool Preallocation Size: 250
       Fallback serializer: 
   .NET: 
       .NET thread pool sizes - Min: Worker Threads=4 Completion Port Threads=4
       .NET thread pool sizes - Max: Worker Threads=2047 Completion Port Threads=1000
   Providers:
       No providers configured.
	
[2017-12-31 22:22:24.557 GMT     4	INFO   	101309	Messaging.GatewayManager	]	Found 1 knownGateways from Gateway listProvider [gwy.tcp://127.0.0.1:40000/0]	
[2017-12-31 22:22:24.718 GMT     4	INFO   	100908	Messaging.GatewayConnection/GatewayClientSender_gwy.tcp://127.0.0.1:40000/0	172.19.82.88:0]	Connected to gateway at address gwy.tcp://127.0.0.1:40000/0 on trial 0.	
[2017-12-31 22:22:24.883 GMT     9	INFO   	100000	Messaging.GatewayConnection/GatewayClientSender_gwy.tcp://127.0.0.1:40000/0	172.19.82.88:0]	Starting AsyncAgent Messaging.GatewayConnection/GatewayClientSender_gwy.tcp://127.0.0.1:40000/0 on managed thread 9	
[2017-12-31 22:22:24.868 GMT    10	INFO   	100000	Messaging.GatewayClientReceiver/gwy.tcp://127.0.0.1:40000/0	172.19.82.88:0]	Starting AsyncAgent Messaging.GatewayClientReceiver/gwy.tcp://127.0.0.1:40000/0 on managed thread 10	
[2017-12-31 22:22:25.197 GMT     4	INFO   	100929	OutsideRuntimeClient	172.19.82.88:0]	---------- Started OutsideRuntimeClient with Global Client ID: C172.19.82.88:0:-252454944*cli/6a2cb3a1@e8da8abf, client GUID ID: *cli/6a2cb3a1	
